#
# There is insufficient memory for the Java Runtime Environment to continue.
# Native memory allocation (malloc) failed to allocate 1773776 bytes. Error detail: Chunk::new
# Possible reasons:
#   The system is out of physical RAM or swap space
#   This process is running with CompressedOops enabled, and the Java Heap may be blocking the growth of the native heap
# Possible solutions:
#   Reduce memory load on the system
#   Increase physical memory or swap space
#   Check if swap backing store is full
#   Decrease Java heap size (-Xmx/-Xms)
#   Decrease number of Java threads
#   Decrease Java thread stack sizes (-Xss)
#   Set larger code cache with -XX:ReservedCodeCacheSize=
#   JVM is running with Unscaled Compressed Oops mode in which the Java heap is
#     placed in the first 4GB address space. The Java Heap base address is the
#     maximum limit for the native heap growth. Please use -XX:HeapBaseMinAddress
#     to set the Java Heap base and to place the Java Heap above 4GB virtual address.
# This output file may be truncated or incomplete.
#
#  Out of Memory Error (arena.cpp:191), pid=3360, tid=7020
#
# JRE version: OpenJDK Runtime Environment Temurin-17.0.13+11 (17.0.13+11) (build 17.0.13+11)
# Java VM: OpenJDK 64-Bit Server VM Temurin-17.0.13+11 (17.0.13+11, mixed mode, tiered, compressed oops, compressed class ptrs, parallel gc, windows-amd64)
# No core dump will be written. Minidumps are not enabled by default on client versions of Windows
#

---------------  S U M M A R Y ------------

Command Line: --add-modules=ALL-SYSTEM --add-opens=java.base/java.util=ALL-UNNAMED --add-opens=java.base/java.lang=ALL-UNNAMED --add-opens=java.base/sun.nio.fs=ALL-UNNAMED -Declipse.application=org.eclipse.jdt.ls.core.id1 -Dosgi.bundles.defaultStartLevel=4 -Declipse.product=org.eclipse.jdt.ls.core.product -Djava.import.generatesMetadataFilesAtProjectRoot=false -DDetectVMInstallationsJob.disabled=true -Dfile.encoding=utf8 -XX:+UseParallelGC -XX:GCTimeRatio=4 -XX:AdaptiveSizePolicyWeight=90 -Dsun.zip.disableMemoryMapping=true -Xmx1G -Xms100m -Xlog:disable -javaagent:c:\Users\bappa\.vscode\extensions\redhat.java-1.38.0-win32-x64\lombok\lombok-1.18.34.jar c:\Users\bappa\.vscode\extensions\redhat.java-1.38.0-win32-x64\server\plugins\org.eclipse.equinox.launcher_1.6.900.v20240613-2009.jar -configuration c:\Users\bappa\AppData\Roaming\Code\User\globalStorage\redhat.java\1.38.0\config_ss_win -data c:\Users\bappa\AppData\Roaming\Code\User\workspaceStorage\55f1f0157f34b30c8333bbaa32d77949\redhat.java\ss_ws --pipe=\\.\pipe\lsp-d16e1dde165b79151f299c98f651624b-sock

Host: Intel(R) Core(TM) i5-1035G1 CPU @ 1.00GHz, 8 cores, 7G,  Windows 11 , 64 bit Build 26100 (10.0.26100.2454)
Time: Tue Dec 24 11:33:59 2024 India Standard Time elapsed time: 39.445599 seconds (0d 0h 0m 39s)

---------------  T H R E A D  ---------------

Current thread (0x000002917f423520):  JavaThread "C2 CompilerThread0" daemon [_thread_in_native, id=7020, stack(0x000000f9e4000000,0x000000f9e4100000)]


Current CompileTask:
C2:  39445 5522   !   4       org.eclipse.osgi.internal.loader.BundleLoader::findClass0 (470 bytes)

Stack: [0x000000f9e4000000,0x000000f9e4100000]
Native frames: (J=compiled Java code, j=interpreted, Vv=VM code, C=native code)
V  [jvm.dll+0x682a19]
V  [jvm.dll+0x839538]
V  [jvm.dll+0x83afe3]
V  [jvm.dll+0x83b653]
V  [jvm.dll+0x24704f]
V  [jvm.dll+0xace34]
V  [jvm.dll+0xad4cc]
V  [jvm.dll+0x36592f]
V  [jvm.dll+0x32fbd8]
V  [jvm.dll+0x32f05a]
V  [jvm.dll+0x21804f]
V  [jvm.dll+0x21748f]
V  [jvm.dll+0x1a3070]
V  [jvm.dll+0x22788c]
V  [jvm.dll+0x2259eb]
V  [jvm.dll+0x7eec98]
V  [jvm.dll+0x7e8ffc]
V  [jvm.dll+0x6818f7]
C  [ucrtbase.dll+0x14ea0]
C  [KERNEL32.DLL+0x2e8d7]
C  [ntdll.dll+0xdfbcc]


---------------  P R O C E S S  ---------------

Threads class SMR info:
_java_thread_list=0x00000291167cbba0, length=42, elements={
0x000002917950d930, 0x000002917f3e4010, 0x000002917f3e6d00, 0x000002917e38e480,
0x000002917f406030, 0x000002917f407c10, 0x000002917f4097f0, 0x000002917f423520,
0x000002917f425d60, 0x000002917f4295a0, 0x0000029179571de0, 0x000002911373d8b0,
0x0000029113e5cda0, 0x0000029113e5c890, 0x0000029113e5d7c0, 0x0000029113e5d2b0,
0x0000029113e5be70, 0x0000029113e5aa30, 0x0000029113e5b960, 0x0000029113e5c380,
0x0000029113e5dcd0, 0x0000029113e5a520, 0x0000029115ca4690, 0x0000029115ca2d40,
0x0000029115ca3250, 0x0000029115ca4ba0, 0x0000029115ca3760, 0x0000029115ca5ad0,
0x0000029115ca2830, 0x0000029115ca3c70, 0x0000029115ca4180, 0x0000029115ca55c0,
0x0000029115ca2320, 0x0000029115ca7420, 0x0000029115ca7930, 0x0000029115ca64f0,
0x0000029115ca9280, 0x0000029115ca6a00, 0x0000029115ca8860, 0x0000029115ca8d70,
0x0000029115ca9790, 0x000002911400c970
}

Java Threads: ( => current thread )
  0x000002917950d930 JavaThread "main" [_thread_blocked, id=17676, stack(0x000000f9e3700000,0x000000f9e3800000)]
  0x000002917f3e4010 JavaThread "Reference Handler" daemon [_thread_blocked, id=576, stack(0x000000f9e3a00000,0x000000f9e3b00000)]
  0x000002917f3e6d00 JavaThread "Finalizer" daemon [_thread_blocked, id=2928, stack(0x000000f9e3b00000,0x000000f9e3c00000)]
  0x000002917e38e480 JavaThread "Signal Dispatcher" daemon [_thread_blocked, id=15816, stack(0x000000f9e3c00000,0x000000f9e3d00000)]
  0x000002917f406030 JavaThread "Attach Listener" daemon [_thread_blocked, id=17604, stack(0x000000f9e3d00000,0x000000f9e3e00000)]
  0x000002917f407c10 JavaThread "Service Thread" daemon [_thread_blocked, id=16052, stack(0x000000f9e3e00000,0x000000f9e3f00000)]
  0x000002917f4097f0 JavaThread "Monitor Deflation Thread" daemon [_thread_blocked, id=15280, stack(0x000000f9e3f00000,0x000000f9e4000000)]
=>0x000002917f423520 JavaThread "C2 CompilerThread0" daemon [_thread_in_native, id=7020, stack(0x000000f9e4000000,0x000000f9e4100000)]
  0x000002917f425d60 JavaThread "C1 CompilerThread0" daemon [_thread_blocked, id=984, stack(0x000000f9e4100000,0x000000f9e4200000)]
  0x000002917f4295a0 JavaThread "Sweeper thread" daemon [_thread_blocked, id=13560, stack(0x000000f9e4200000,0x000000f9e4300000)]
  0x0000029179571de0 JavaThread "Common-Cleaner" daemon [_thread_blocked, id=3456, stack(0x000000f9e4300000,0x000000f9e4400000)]
  0x000002911373d8b0 JavaThread "Notification Thread" daemon [_thread_blocked, id=14492, stack(0x000000f9e4500000,0x000000f9e4600000)]
  0x0000029113e5cda0 JavaThread "Active Thread: Equinox Container: b438b438-08d0-46de-9023-addb774c91e9" [_thread_blocked, id=1096, stack(0x000000f9e4d00000,0x000000f9e4e00000)]
  0x0000029113e5c890 JavaThread "Framework Event Dispatcher: Equinox Container: b438b438-08d0-46de-9023-addb774c91e9" daemon [_thread_blocked, id=4408, stack(0x000000f9e4e00000,0x000000f9e4f00000)]
  0x0000029113e5d7c0 JavaThread "Start Level: Equinox Container: b438b438-08d0-46de-9023-addb774c91e9" daemon [_thread_blocked, id=17636, stack(0x000000f9e4f00000,0x000000f9e5000000)]
  0x0000029113e5d2b0 JavaThread "SCR Component Actor" daemon [_thread_blocked, id=8428, stack(0x000000f9e5000000,0x000000f9e5100000)]
  0x0000029113e5be70 JavaThread "Worker-JM" [_thread_blocked, id=19056, stack(0x000000f9e5300000,0x000000f9e5400000)]
  0x0000029113e5aa30 JavaThread "JNA Cleaner" daemon [_thread_blocked, id=7008, stack(0x000000f9e5200000,0x000000f9e5300000)]
  0x0000029113e5b960 JavaThread "Worker-0" [_thread_blocked, id=6488, stack(0x000000f9e5400000,0x000000f9e5500000)]
  0x0000029113e5c380 JavaThread "Worker-1" [_thread_blocked, id=9056, stack(0x000000f9e5500000,0x000000f9e5600000)]
  0x0000029113e5dcd0 JavaThread "Thread-2" daemon [_thread_in_native, id=10712, stack(0x000000f9e5a00000,0x000000f9e5b00000)]
  0x0000029113e5a520 JavaThread "Thread-3" daemon [_thread_in_native, id=13800, stack(0x000000f9e5b00000,0x000000f9e5c00000)]
  0x0000029115ca4690 JavaThread "Thread-4" daemon [_thread_in_native, id=16944, stack(0x000000f9e5c00000,0x000000f9e5d00000)]
  0x0000029115ca2d40 JavaThread "Thread-5" daemon [_thread_in_native, id=16528, stack(0x000000f9e5d00000,0x000000f9e5e00000)]
  0x0000029115ca3250 JavaThread "Thread-6" daemon [_thread_in_native, id=12492, stack(0x000000f9e5e00000,0x000000f9e5f00000)]
  0x0000029115ca4ba0 JavaThread "Thread-7" daemon [_thread_in_native, id=16400, stack(0x000000f9e5f00000,0x000000f9e6000000)]
  0x0000029115ca3760 JavaThread "Thread-8" daemon [_thread_in_native, id=5148, stack(0x000000f9e6000000,0x000000f9e6100000)]
  0x0000029115ca5ad0 JavaThread "Thread-9" daemon [_thread_in_native, id=14732, stack(0x000000f9e6100000,0x000000f9e6200000)]
  0x0000029115ca2830 JavaThread "Thread-10" daemon [_thread_in_native, id=13336, stack(0x000000f9e6200000,0x000000f9e6300000)]
  0x0000029115ca3c70 JavaThread "pool-2-thread-1" [_thread_blocked, id=15520, stack(0x000000f9e6300000,0x000000f9e6400000)]
  0x0000029115ca4180 JavaThread "Worker-2" [_thread_blocked, id=14864, stack(0x000000f9e6400000,0x000000f9e6500000)]
  0x0000029115ca55c0 JavaThread "WorkspaceEventsHandler" [_thread_blocked, id=16224, stack(0x000000f9e6500000,0x000000f9e6600000)]
  0x0000029115ca2320 JavaThread "pool-1-thread-1" [_thread_blocked, id=3884, stack(0x000000f9e6600000,0x000000f9e6700000)]
  0x0000029115ca7420 JavaThread "ForkJoinPool.commonPool-worker-1" daemon [_thread_blocked, id=2716, stack(0x000000f9e4400000,0x000000f9e4500000)]
  0x0000029115ca7930 JavaThread "ForkJoinPool.commonPool-worker-2" daemon [_thread_blocked, id=18324, stack(0x000000f9e5600000,0x000000f9e5700000)]
  0x0000029115ca64f0 JavaThread "ForkJoinPool.commonPool-worker-3" daemon [_thread_blocked, id=1816, stack(0x000000f9e5700000,0x000000f9e5800000)]
  0x0000029115ca9280 JavaThread "ForkJoinPool.commonPool-worker-4" daemon [_thread_blocked, id=16952, stack(0x000000f9e6700000,0x000000f9e6800000)]
  0x0000029115ca6a00 JavaThread "ForkJoinPool.commonPool-worker-5" daemon [_thread_blocked, id=8136, stack(0x000000f9e6800000,0x000000f9e6900000)]
  0x0000029115ca8860 JavaThread "pool-3-thread-1" [_thread_blocked, id=4040, stack(0x000000f9e6900000,0x000000f9e6a00000)]
  0x0000029115ca8d70 JavaThread "Framework stop - Equinox Container: b438b438-08d0-46de-9023-addb774c91e9" [_thread_in_vm, id=8220, stack(0x000000f9e6a00000,0x000000f9e6b00000)]
  0x0000029115ca9790 JavaThread "SCR Component Registry" daemon [_thread_new, id=11984, stack(0x0000000000000000,0x0000000000000000)]
  0x000002911400c970 JavaThread "C2 CompilerThread1" daemon [_thread_in_vm, id=7972, stack(0x000000f9e6c00000,0x000000f9e6d00000)]

Other Threads:
  0x0000029179596b10 VMThread "VM Thread" [stack: 0x000000f9e3900000,0x000000f9e3a00000] [id=14768]
  0x000002917f78e470 WatcherThread [stack: 0x000000f9e4600000,0x000000f9e4700000] [id=16352]
  0x0000029179521080 GCTaskThread "GC Thread#0" [stack: 0x000000f9e3800000,0x000000f9e3900000] [id=15132]
  0x0000029113c49750 GCTaskThread "GC Thread#1" [stack: 0x000000f9e4700000,0x000000f9e4800000] [id=11340]
  0x0000029114035010 GCTaskThread "GC Thread#2" [stack: 0x000000f9e4800000,0x000000f9e4900000] [id=7828]
  0x00000291140352d0 GCTaskThread "GC Thread#3" [stack: 0x000000f9e4900000,0x000000f9e4a00000] [id=7924]
  0x0000029114035590 GCTaskThread "GC Thread#4" [stack: 0x000000f9e4a00000,0x000000f9e4b00000] [id=18936]
  0x0000029114035850 GCTaskThread "GC Thread#5" [stack: 0x000000f9e4b00000,0x000000f9e4c00000] [id=3552]
  0x0000029114035b10 GCTaskThread "GC Thread#6" [stack: 0x000000f9e4c00000,0x000000f9e4d00000] [id=4468]
  0x00000291140a5210 GCTaskThread "GC Thread#7" [stack: 0x000000f9e5100000,0x000000f9e5200000] [id=11600]

Threads with active compile tasks:
C2 CompilerThread0    39507 5522   !   4       org.eclipse.osgi.internal.loader.BundleLoader::findClass0 (470 bytes)
C2 CompilerThread1    39507 5527       4       org.eclipse.osgi.internal.loader.ModuleClassLoader::loadClass (36 bytes)

VM state: not at safepoint (normal execution)

VM Mutex/Monitor currently owned by a thread: None

Heap address: 0x00000000c0000000, size: 1024 MB, Compressed Oops mode: 32-bit

CDS archive(s) not mapped
Compressed class space mapped at: 0x0000000100000000-0x0000000140000000, reserved size: 1073741824
Narrow klass base: 0x0000000000000000, Narrow klass shift: 3, Narrow klass range: 0x140000000

GC Precious Log:
 CPUs: 8 total, 8 available
 Memory: 7997M
 Large Page Support: Disabled
 NUMA Support: Disabled
 Compressed Oops: Enabled (32-bit)
 Alignments: Space 512K, Generation 512K, Heap 2M
 Heap Min Capacity: 100M
 Heap Initial Capacity: 100M
 Heap Max Capacity: 1G
 Pre-touch: Disabled
 Parallel Workers: 8

Heap:
 PSYoungGen      total 26112K, used 20079K [0x00000000eab00000, 0x00000000ec980000, 0x0000000100000000)
  eden space 22016K, 86% used [0x00000000eab00000,0x00000000ebdae180,0x00000000ec080000)
  from space 4096K, 23% used [0x00000000ec380000,0x00000000ec46da80,0x00000000ec780000)
  to   space 2048K, 0% used [0x00000000ec780000,0x00000000ec780000,0x00000000ec980000)
 ParOldGen       total 68608K, used 52230K [0x00000000c0000000, 0x00000000c4300000, 0x00000000eab00000)
  object space 68608K, 76% used [0x00000000c0000000,0x00000000c3301840,0x00000000c4300000)
 Metaspace       used 49809K, committed 50688K, reserved 1114112K
  class space    used 5101K, committed 5504K, reserved 1048576K

Card table byte_map: [0x0000029178ea0000,0x00000291790b0000] _byte_map_base: 0x00000291788a0000

Marking Bits: (ParMarkBitMap*) 0x00007ffd66d86940
 Begin Bits: [0x000002917c190000, 0x000002917d190000)
 End Bits:   [0x000002917d190000, 0x000002917e190000)

Polling page: 0x00000291774d0000

Metaspace:

Usage:
  Non-class:     43.66 MB used.
      Class:      4.98 MB used.
       Both:     48.64 MB used.

Virtual space:
  Non-class space:       64.00 MB reserved,      44.12 MB ( 69%) committed,  1 nodes.
      Class space:        1.00 GB reserved,       5.38 MB ( <1%) committed,  1 nodes.
             Both:        1.06 GB reserved,      49.50 MB (  5%) committed. 

Chunk freelists:
   Non-Class:  3.58 MB
       Class:  10.48 MB
        Both:  14.06 MB

MaxMetaspaceSize: unlimited
CompressedClassSpaceSize: 1.00 GB
Initial GC threshold: 21.00 MB
Current GC threshold: 58.38 MB
CDS: off
MetaspaceReclaimPolicy: balanced
 - commit_granule_bytes: 65536.
 - commit_granule_words: 8192.
 - virtual_space_node_default_size: 8388608.
 - enlarge_chunks_in_place: 1.
 - new_chunks_are_fully_committed: 0.
 - uncommit_free_chunks: 1.
 - use_allocation_guard: 0.
 - handle_deallocations: 1.


Internal statistics:

num_allocs_failed_limit: 6.
num_arena_births: 576.
num_arena_deaths: 14.
num_vsnodes_births: 2.
num_vsnodes_deaths: 0.
num_space_committed: 792.
num_space_uncommitted: 0.
num_chunks_returned_to_freelist: 20.
num_chunks_taken_from_freelist: 2364.
num_chunk_merges: 11.
num_chunk_splits: 1503.
num_chunks_enlarged: 898.
num_inconsistent_stats: 0.

CodeHeap 'non-profiled nmethods': size=120000Kb used=3474Kb max_used=3552Kb free=116525Kb
 bounds [0x0000029107ad0000, 0x0000029107e90000, 0x000002910f000000]
CodeHeap 'profiled nmethods': size=120000Kb used=9349Kb max_used=10309Kb free=110651Kb
 bounds [0x0000029100000000, 0x0000029100a60000, 0x0000029107530000]
CodeHeap 'non-nmethods': size=5760Kb used=1356Kb max_used=1436Kb free=4403Kb
 bounds [0x0000029107530000, 0x00000291077a0000, 0x0000029107ad0000]
 total_blobs=5390 nmethods=4702 adapters=601
 compilation: enabled
              stopped_count=0, restarted_count=0
 full_count=0

Compilation events (20 events):
Event: 38.259 Thread 0x000002917f425d60 5547   !   3       java.text.SimpleDateFormat::zeroPaddingNumber (270 bytes)
Event: 38.263 Thread 0x000002917f425d60 nmethod 5547 0x0000029100017990 code [0x0000029100017d40, 0x0000029100019798]
Event: 38.300 Thread 0x000002917f425d60 5549       3       org.eclipse.core.internal.jobs.InternalJob::internalGetState (9 bytes)
Event: 38.301 Thread 0x000002917f425d60 nmethod 5549 0x00000291003fff90 code [0x0000029100400120, 0x0000029100400238]
Event: 38.301 Thread 0x000002917f425d60 5550       3       org.eclipse.core.runtime.jobs.Job::getJobGroup (5 bytes)
Event: 38.301 Thread 0x000002917f425d60 nmethod 5550 0x0000029100017610 code [0x00000291000177a0, 0x00000291000178b8]
Event: 38.355 Thread 0x000002917f425d60 5551       3       com.sun.org.apache.xerces.internal.util.ParserConfigurationSettings::addRecognizedFeatures (56 bytes)
Event: 38.356 Thread 0x000002917f425d60 nmethod 5551 0x0000029100614790 code [0x0000029100614960, 0x0000029100614d78]
Event: 38.358 Thread 0x000002917f425d60 5552       3       com.sun.org.apache.xerces.internal.impl.XMLDocumentScannerImpl::getFeatureDefault (40 bytes)
Event: 38.359 Thread 0x000002917f425d60 nmethod 5552 0x0000029100614010 code [0x00000291006141e0, 0x0000029100614498]
Event: 38.364 Thread 0x000002917f425d60 5553       3       java.util.Dictionary::<init> (5 bytes)
Event: 38.364 Thread 0x000002917f425d60 nmethod 5553 0x0000029100017290 code [0x0000029100017420, 0x0000029100017578]
Event: 38.364 Thread 0x000002917f425d60 5554       3       com.sun.org.apache.xml.internal.serializer.WriterToUTF8Buffered::write (296 bytes)
Event: 38.366 Thread 0x000002917f425d60 nmethod 5554 0x000002910067be10 code [0x000002910067c000, 0x000002910067c648]
Event: 38.372 Thread 0x000002917f425d60 5555       1       org.eclipse.core.internal.jobs.JobManager::isActive (5 bytes)
Event: 38.372 Thread 0x000002917f425d60 nmethod 5555 0x0000029107c03790 code [0x0000029107c03920, 0x0000029107c039f8]
Event: 38.400 Thread 0x000002917f425d60 5556       3       java.util.LinkedHashMap::<init> (11 bytes)
Event: 38.401 Thread 0x000002917f425d60 nmethod 5556 0x0000029100697410 code [0x00000291006975e0, 0x00000291006977a8]
Event: 38.402 Thread 0x000002917f425d60 5557       3       org.eclipse.core.runtime.ServiceCaller$ReferenceAndService::bundleChanged (32 bytes)
Event: 38.403 Thread 0x000002917f425d60 nmethod 5557 0x000002910069b390 code [0x000002910069b5a0, 0x000002910069bcc8]

GC Heap History (20 events):
Event: 24.695 GC heap before
{Heap before GC invocations=18 (full 2):
 PSYoungGen      total 22528K, used 22418K [0x00000000eab00000, 0x00000000ec400000, 0x0000000100000000)
  eden space 22016K, 100% used [0x00000000eab00000,0x00000000ec080000,0x00000000ec080000)
  from space 512K, 78% used [0x00000000ec100000,0x00000000ec1648a0,0x00000000ec180000)
  to   space 1536K, 0% used [0x00000000ec280000,0x00000000ec280000,0x00000000ec400000)
 ParOldGen       total 68608K, used 22196K [0x00000000c0000000, 0x00000000c4300000, 0x00000000eab00000)
  object space 68608K, 32% used [0x00000000c0000000,0x00000000c15ad3f0,0x00000000c4300000)
 Metaspace       used 44708K, committed 45568K, reserved 1114112K
  class space    used 4563K, committed 4928K, reserved 1048576K
}
Event: 24.708 GC heap after
{Heap after GC invocations=18 (full 2):
 PSYoungGen      total 23552K, used 1120K [0x00000000eab00000, 0x00000000ec400000, 0x0000000100000000)
  eden space 22016K, 0% used [0x00000000eab00000,0x00000000eab00000,0x00000000ec080000)
  from space 1536K, 72% used [0x00000000ec280000,0x00000000ec398020,0x00000000ec400000)
  to   space 1536K, 0% used [0x00000000ec100000,0x00000000ec100000,0x00000000ec280000)
 ParOldGen       total 68608K, used 22468K [0x00000000c0000000, 0x00000000c4300000, 0x00000000eab00000)
  object space 68608K, 32% used [0x00000000c0000000,0x00000000c15f13f0,0x00000000c4300000)
 Metaspace       used 44708K, committed 45568K, reserved 1114112K
  class space    used 4563K, committed 4928K, reserved 1048576K
}
Event: 24.963 GC heap before
{Heap before GC invocations=19 (full 2):
 PSYoungGen      total 23552K, used 23136K [0x00000000eab00000, 0x00000000ec400000, 0x0000000100000000)
  eden space 22016K, 100% used [0x00000000eab00000,0x00000000ec080000,0x00000000ec080000)
  from space 1536K, 72% used [0x00000000ec280000,0x00000000ec398020,0x00000000ec400000)
  to   space 1536K, 0% used [0x00000000ec100000,0x00000000ec100000,0x00000000ec280000)
 ParOldGen       total 68608K, used 22468K [0x00000000c0000000, 0x00000000c4300000, 0x00000000eab00000)
  object space 68608K, 32% used [0x00000000c0000000,0x00000000c15f13f0,0x00000000c4300000)
 Metaspace       used 44725K, committed 45568K, reserved 1114112K
  class space    used 4567K, committed 4928K, reserved 1048576K
}
Event: 24.972 GC heap after
{Heap after GC invocations=19 (full 2):
 PSYoungGen      total 23552K, used 1536K [0x00000000eab00000, 0x00000000ec780000, 0x0000000100000000)
  eden space 22016K, 0% used [0x00000000eab00000,0x00000000eab00000,0x00000000ec080000)
  from space 1536K, 100% used [0x00000000ec100000,0x00000000ec280000,0x00000000ec280000)
  to   space 3584K, 0% used [0x00000000ec400000,0x00000000ec400000,0x00000000ec780000)
 ParOldGen       total 68608K, used 23777K [0x00000000c0000000, 0x00000000c4300000, 0x00000000eab00000)
  object space 68608K, 34% used [0x00000000c0000000,0x00000000c1738520,0x00000000c4300000)
 Metaspace       used 44725K, committed 45568K, reserved 1114112K
  class space    used 4567K, committed 4928K, reserved 1048576K
}
Event: 25.885 GC heap before
{Heap before GC invocations=20 (full 2):
 PSYoungGen      total 23552K, used 23552K [0x00000000eab00000, 0x00000000ec780000, 0x0000000100000000)
  eden space 22016K, 100% used [0x00000000eab00000,0x00000000ec080000,0x00000000ec080000)
  from space 1536K, 100% used [0x00000000ec100000,0x00000000ec280000,0x00000000ec280000)
  to   space 3584K, 0% used [0x00000000ec400000,0x00000000ec400000,0x00000000ec780000)
 ParOldGen       total 68608K, used 23777K [0x00000000c0000000, 0x00000000c4300000, 0x00000000eab00000)
  object space 68608K, 34% used [0x00000000c0000000,0x00000000c1738520,0x00000000c4300000)
 Metaspace       used 44801K, committed 45632K, reserved 1114112K
  class space    used 4572K, committed 4928K, reserved 1048576K
}
Event: 25.899 GC heap after
{Heap after GC invocations=20 (full 2):
 PSYoungGen      total 25088K, used 2596K [0x00000000eab00000, 0x00000000ec700000, 0x0000000100000000)
  eden space 22016K, 0% used [0x00000000eab00000,0x00000000eab00000,0x00000000ec080000)
  from space 3072K, 84% used [0x00000000ec400000,0x00000000ec689010,0x00000000ec700000)
  to   space 3072K, 0% used [0x00000000ec100000,0x00000000ec100000,0x00000000ec400000)
 ParOldGen       total 68608K, used 25345K [0x00000000c0000000, 0x00000000c4300000, 0x00000000eab00000)
  object space 68608K, 36% used [0x00000000c0000000,0x00000000c18c0520,0x00000000c4300000)
 Metaspace       used 44801K, committed 45632K, reserved 1114112K
  class space    used 4572K, committed 4928K, reserved 1048576K
}
Event: 26.158 GC heap before
{Heap before GC invocations=21 (full 2):
 PSYoungGen      total 25088K, used 24612K [0x00000000eab00000, 0x00000000ec700000, 0x0000000100000000)
  eden space 22016K, 100% used [0x00000000eab00000,0x00000000ec080000,0x00000000ec080000)
  from space 3072K, 84% used [0x00000000ec400000,0x00000000ec689010,0x00000000ec700000)
  to   space 3072K, 0% used [0x00000000ec100000,0x00000000ec100000,0x00000000ec400000)
 ParOldGen       total 68608K, used 25345K [0x00000000c0000000, 0x00000000c4300000, 0x00000000eab00000)
  object space 68608K, 36% used [0x00000000c0000000,0x00000000c18c0520,0x00000000c4300000)
 Metaspace       used 44805K, committed 45632K, reserved 1114112K
  class space    used 4572K, committed 4928K, reserved 1048576K
}
Event: 26.167 GC heap after
{Heap after GC invocations=21 (full 2):
 PSYoungGen      total 24576K, used 2112K [0x00000000eab00000, 0x00000000ec580000, 0x0000000100000000)
  eden space 22016K, 0% used [0x00000000eab00000,0x00000000eab00000,0x00000000ec080000)
  from space 2560K, 82% used [0x00000000ec100000,0x00000000ec310000,0x00000000ec380000)
  to   space 2048K, 0% used [0x00000000ec380000,0x00000000ec380000,0x00000000ec580000)
 ParOldGen       total 68608K, used 27805K [0x00000000c0000000, 0x00000000c4300000, 0x00000000eab00000)
  object space 68608K, 40% used [0x00000000c0000000,0x00000000c1b27530,0x00000000c4300000)
 Metaspace       used 44805K, committed 45632K, reserved 1114112K
  class space    used 4572K, committed 4928K, reserved 1048576K
}
Event: 27.969 GC heap before
{Heap before GC invocations=22 (full 2):
 PSYoungGen      total 24576K, used 24128K [0x00000000eab00000, 0x00000000ec580000, 0x0000000100000000)
  eden space 22016K, 100% used [0x00000000eab00000,0x00000000ec080000,0x00000000ec080000)
  from space 2560K, 82% used [0x00000000ec100000,0x00000000ec310000,0x00000000ec380000)
  to   space 2048K, 0% used [0x00000000ec380000,0x00000000ec380000,0x00000000ec580000)
 ParOldGen       total 68608K, used 27805K [0x00000000c0000000, 0x00000000c4300000, 0x00000000eab00000)
  object space 68608K, 40% used [0x00000000c0000000,0x00000000c1b27530,0x00000000c4300000)
 Metaspace       used 46067K, committed 46848K, reserved 1114112K
  class space    used 4765K, committed 5120K, reserved 1048576K
}
Event: 27.980 GC heap after
{Heap after GC invocations=22 (full 2):
 PSYoungGen      total 24064K, used 2021K [0x00000000eab00000, 0x00000000ec580000, 0x0000000100000000)
  eden space 22016K, 0% used [0x00000000eab00000,0x00000000eab00000,0x00000000ec080000)
  from space 2048K, 98% used [0x00000000ec380000,0x00000000ec579518,0x00000000ec580000)
  to   space 2560K, 0% used [0x00000000ec080000,0x00000000ec080000,0x00000000ec300000)
 ParOldGen       total 68608K, used 29765K [0x00000000c0000000, 0x00000000c4300000, 0x00000000eab00000)
  object space 68608K, 43% used [0x00000000c0000000,0x00000000c1d11530,0x00000000c4300000)
 Metaspace       used 46067K, committed 46848K, reserved 1114112K
  class space    used 4765K, committed 5120K, reserved 1048576K
}
Event: 29.206 GC heap before
{Heap before GC invocations=23 (full 2):
 PSYoungGen      total 24064K, used 24037K [0x00000000eab00000, 0x00000000ec580000, 0x0000000100000000)
  eden space 22016K, 100% used [0x00000000eab00000,0x00000000ec080000,0x00000000ec080000)
  from space 2048K, 98% used [0x00000000ec380000,0x00000000ec579518,0x00000000ec580000)
  to   space 2560K, 0% used [0x00000000ec080000,0x00000000ec080000,0x00000000ec300000)
 ParOldGen       total 68608K, used 29765K [0x00000000c0000000, 0x00000000c4300000, 0x00000000eab00000)
  object space 68608K, 43% used [0x00000000c0000000,0x00000000c1d11530,0x00000000c4300000)
 Metaspace       used 46283K, committed 47104K, reserved 1114112K
  class space    used 4773K, committed 5120K, reserved 1048576K
}
Event: 29.230 GC heap after
{Heap after GC invocations=23 (full 2):
 PSYoungGen      total 24576K, used 2547K [0x00000000eab00000, 0x00000000ed580000, 0x0000000100000000)
  eden space 22016K, 0% used [0x00000000eab00000,0x00000000eab00000,0x00000000ec080000)
  from space 2560K, 99% used [0x00000000ec080000,0x00000000ec2fcd60,0x00000000ec300000)
  to   space 10752K, 0% used [0x00000000ecb00000,0x00000000ecb00000,0x00000000ed580000)
 ParOldGen       total 68608K, used 36264K [0x00000000c0000000, 0x00000000c4300000, 0x00000000eab00000)
  object space 68608K, 52% used [0x00000000c0000000,0x00000000c236a208,0x00000000c4300000)
 Metaspace       used 46283K, committed 47104K, reserved 1114112K
  class space    used 4773K, committed 5120K, reserved 1048576K
}
Event: 30.138 GC heap before
{Heap before GC invocations=24 (full 2):
 PSYoungGen      total 24576K, used 24563K [0x00000000eab00000, 0x00000000ed580000, 0x0000000100000000)
  eden space 22016K, 100% used [0x00000000eab00000,0x00000000ec080000,0x00000000ec080000)
  from space 2560K, 99% used [0x00000000ec080000,0x00000000ec2fcd60,0x00000000ec300000)
  to   space 10752K, 0% used [0x00000000ecb00000,0x00000000ecb00000,0x00000000ed580000)
 ParOldGen       total 68608K, used 36264K [0x00000000c0000000, 0x00000000c4300000, 0x00000000eab00000)
  object space 68608K, 52% used [0x00000000c0000000,0x00000000c236a208,0x00000000c4300000)
 Metaspace       used 46302K, committed 47104K, reserved 1114112K
  class space    used 4773K, committed 5120K, reserved 1048576K
}
Event: 30.157 GC heap after
{Heap after GC invocations=24 (full 2):
 PSYoungGen      total 29184K, used 6686K [0x00000000eab00000, 0x00000000ed200000, 0x0000000100000000)
  eden space 22016K, 0% used [0x00000000eab00000,0x00000000eab00000,0x00000000ec080000)
  from space 7168K, 93% used [0x00000000ecb00000,0x00000000ed187ab0,0x00000000ed200000)
  to   space 7680K, 0% used [0x00000000ec300000,0x00000000ec300000,0x00000000eca80000)
 ParOldGen       total 68608K, used 38947K [0x00000000c0000000, 0x00000000c4300000, 0x00000000eab00000)
  object space 68608K, 56% used [0x00000000c0000000,0x00000000c2608f20,0x00000000c4300000)
 Metaspace       used 46302K, committed 47104K, reserved 1114112K
  class space    used 4773K, committed 5120K, reserved 1048576K
}
Event: 32.400 GC heap before
{Heap before GC invocations=25 (full 2):
 PSYoungGen      total 29184K, used 28702K [0x00000000eab00000, 0x00000000ed200000, 0x0000000100000000)
  eden space 22016K, 100% used [0x00000000eab00000,0x00000000ec080000,0x00000000ec080000)
  from space 7168K, 93% used [0x00000000ecb00000,0x00000000ed187ab0,0x00000000ed200000)
  to   space 7680K, 0% used [0x00000000ec300000,0x00000000ec300000,0x00000000eca80000)
 ParOldGen       total 68608K, used 38947K [0x00000000c0000000, 0x00000000c4300000, 0x00000000eab00000)
  object space 68608K, 56% used [0x00000000c0000000,0x00000000c2608f20,0x00000000c4300000)
 Metaspace       used 46864K, committed 47744K, reserved 1114112K
  class space    used 4848K, committed 5248K, reserved 1048576K
}
Event: 32.428 GC heap after
{Heap after GC invocations=25 (full 2):
 PSYoungGen      total 28160K, used 5729K [0x00000000eab00000, 0x00000000ecd80000, 0x0000000100000000)
  eden space 22016K, 0% used [0x00000000eab00000,0x00000000eab00000,0x00000000ec080000)
  from space 6144K, 93% used [0x00000000ec300000,0x00000000ec8987d8,0x00000000ec900000)
  to   space 4608K, 0% used [0x00000000ec900000,0x00000000ec900000,0x00000000ecd80000)
 ParOldGen       total 68608K, used 45488K [0x00000000c0000000, 0x00000000c4300000, 0x00000000eab00000)
  object space 68608K, 66% used [0x00000000c0000000,0x00000000c2c6c030,0x00000000c4300000)
 Metaspace       used 46864K, committed 47744K, reserved 1114112K
  class space    used 4848K, committed 5248K, reserved 1048576K
}
Event: 33.298 GC heap before
{Heap before GC invocations=26 (full 2):
 PSYoungGen      total 28160K, used 27595K [0x00000000eab00000, 0x00000000ecd80000, 0x0000000100000000)
  eden space 22016K, 99% used [0x00000000eab00000,0x00000000ec05a648,0x00000000ec080000)
  from space 6144K, 93% used [0x00000000ec300000,0x00000000ec8987d8,0x00000000ec900000)
  to   space 4608K, 0% used [0x00000000ec900000,0x00000000ec900000,0x00000000ecd80000)
 ParOldGen       total 68608K, used 45488K [0x00000000c0000000, 0x00000000c4300000, 0x00000000eab00000)
  object space 68608K, 66% used [0x00000000c0000000,0x00000000c2c6c030,0x00000000c4300000)
 Metaspace       used 47691K, committed 48576K, reserved 1114112K
  class space    used 4909K, committed 5312K, reserved 1048576K
}
Event: 33.319 GC heap after
{Heap after GC invocations=26 (full 2):
 PSYoungGen      total 24576K, used 2430K [0x00000000eab00000, 0x00000000ecb80000, 0x0000000100000000)
  eden space 22016K, 0% used [0x00000000eab00000,0x00000000eab00000,0x00000000ec080000)
  from space 2560K, 94% used [0x00000000ec900000,0x00000000ecb5f978,0x00000000ecb80000)
  to   space 4096K, 0% used [0x00000000ec380000,0x00000000ec380000,0x00000000ec780000)
 ParOldGen       total 68608K, used 50655K [0x00000000c0000000, 0x00000000c4300000, 0x00000000eab00000)
  object space 68608K, 73% used [0x00000000c0000000,0x00000000c3177fb8,0x00000000c4300000)
 Metaspace       used 47691K, committed 48576K, reserved 1114112K
  class space    used 4909K, committed 5312K, reserved 1048576K
}
Event: 33.657 GC heap before
{Heap before GC invocations=27 (full 2):
 PSYoungGen      total 24576K, used 24446K [0x00000000eab00000, 0x00000000ecb80000, 0x0000000100000000)
  eden space 22016K, 100% used [0x00000000eab00000,0x00000000ec080000,0x00000000ec080000)
  from space 2560K, 94% used [0x00000000ec900000,0x00000000ecb5f978,0x00000000ecb80000)
  to   space 4096K, 0% used [0x00000000ec380000,0x00000000ec380000,0x00000000ec780000)
 ParOldGen       total 68608K, used 50655K [0x00000000c0000000, 0x00000000c4300000, 0x00000000eab00000)
  object space 68608K, 73% used [0x00000000c0000000,0x00000000c3177fb8,0x00000000c4300000)
 Metaspace       used 47907K, committed 48832K, reserved 1114112K
  class space    used 4911K, committed 5312K, reserved 1048576K
}
Event: 33.663 GC heap after
{Heap after GC invocations=27 (full 2):
 PSYoungGen      total 26112K, used 950K [0x00000000eab00000, 0x00000000ec980000, 0x0000000100000000)
  eden space 22016K, 0% used [0x00000000eab00000,0x00000000eab00000,0x00000000ec080000)
  from space 4096K, 23% used [0x00000000ec380000,0x00000000ec46da80,0x00000000ec780000)
  to   space 2048K, 0% used [0x00000000ec780000,0x00000000ec780000,0x00000000ec980000)
 ParOldGen       total 68608K, used 52230K [0x00000000c0000000, 0x00000000c4300000, 0x00000000eab00000)
  object space 68608K, 76% used [0x00000000c0000000,0x00000000c3301840,0x00000000c4300000)
 Metaspace       used 47907K, committed 48832K, reserved 1114112K
  class space    used 4911K, committed 5312K, reserved 1048576K
}

Dll operation events (10 events):
Event: 0.022 Loaded shared library c:\Users\bappa\.vscode\extensions\redhat.java-1.38.0-win32-x64\jre\17.0.13-win32-x86_64\bin\java.dll
Event: 0.339 Loaded shared library c:\Users\bappa\.vscode\extensions\redhat.java-1.38.0-win32-x64\jre\17.0.13-win32-x86_64\bin\zip.dll
Event: 0.345 Loaded shared library C:\Users\bappa\.vscode\extensions\redhat.java-1.38.0-win32-x64\jre\17.0.13-win32-x86_64\bin\instrument.dll
Event: 0.377 Loaded shared library C:\Users\bappa\.vscode\extensions\redhat.java-1.38.0-win32-x64\jre\17.0.13-win32-x86_64\bin\net.dll
Event: 0.382 Loaded shared library C:\Users\bappa\.vscode\extensions\redhat.java-1.38.0-win32-x64\jre\17.0.13-win32-x86_64\bin\nio.dll
Event: 0.402 Loaded shared library C:\Users\bappa\.vscode\extensions\redhat.java-1.38.0-win32-x64\jre\17.0.13-win32-x86_64\bin\zip.dll
Event: 0.442 Loaded shared library C:\Users\bappa\.vscode\extensions\redhat.java-1.38.0-win32-x64\jre\17.0.13-win32-x86_64\bin\jimage.dll
Event: 0.584 Loaded shared library c:\Users\bappa\.vscode\extensions\redhat.java-1.38.0-win32-x64\jre\17.0.13-win32-x86_64\bin\verify.dll
Event: 3.251 Loaded shared library C:\Users\bappa\AppData\Roaming\Code\User\globalStorage\redhat.java\1.38.0\config_ss_win\org.eclipse.equinox.launcher\org.eclipse.equinox.launcher.win32.win32.x86_64_1.2.1100.v20240722-2106\eclipse_11904.dll
Event: 5.229 Loaded shared library C:\Users\bappa\AppData\Local\Temp\jna-93505986\jna18112303370104616699.dll

Deoptimization events (20 events):
Event: 37.653 Thread 0x0000029115ca9790 Uncommon trap: trap_request=0xffffff45 fr.pc=0x0000029107d041a4 relative=0x0000000000000724
Event: 37.653 Thread 0x0000029115ca9790 Uncommon trap: reason=unstable_if action=reinterpret pc=0x0000029107d041a4 method=java.util.HashMap.putVal(ILjava/lang/Object;Ljava/lang/Object;ZZ)Ljava/lang/Object; @ 236 c2
Event: 37.653 Thread 0x0000029115ca9790 DEOPT PACKING pc=0x0000029107d041a4 sp=0x000000f9e6afe540
Event: 37.653 Thread 0x0000029115ca9790 DEOPT UNPACKING pc=0x0000029107589ea3 sp=0x000000f9e6afe4b8 mode 2
Event: 37.766 Thread 0x0000029115ca4180 Uncommon trap: trap_request=0xffffff45 fr.pc=0x0000029107e0eee0 relative=0x0000000000000de0
Event: 37.766 Thread 0x0000029115ca4180 Uncommon trap: reason=unstable_if action=reinterpret pc=0x0000029107e0eee0 method=org.eclipse.core.runtime.Path.toString()Ljava/lang/String; @ 101 c2
Event: 37.766 Thread 0x0000029115ca4180 DEOPT PACKING pc=0x0000029107e0eee0 sp=0x000000f9e64ff220
Event: 37.766 Thread 0x0000029115ca4180 DEOPT UNPACKING pc=0x0000029107589ea3 sp=0x000000f9e64ff1e8 mode 2
Event: 37.777 Thread 0x0000029115ca4180 Uncommon trap: trap_request=0xffffff45 fr.pc=0x0000029107c31ab0 relative=0x0000000000000190
Event: 37.777 Thread 0x0000029115ca4180 Uncommon trap: reason=unstable_if action=reinterpret pc=0x0000029107c31ab0 method=jdk.internal.org.objectweb.asm.Frame.push(I)V @ 26 c2
Event: 37.777 Thread 0x0000029115ca4180 DEOPT PACKING pc=0x0000029107c31ab0 sp=0x000000f9e64fd590
Event: 37.777 Thread 0x0000029115ca4180 DEOPT UNPACKING pc=0x0000029107589ea3 sp=0x000000f9e64fd518 mode 2
Event: 38.201 Thread 0x0000029115ca2320 Uncommon trap: trap_request=0x0000002e fr.pc=0x0000029107d04fcc relative=0x000000000000034c
Event: 38.206 Thread 0x0000029115ca2320 Uncommon trap: reason=unloaded action=reinterpret pc=0x0000029107d04fcc method=org.eclipse.jdt.ls.core.internal.ConnectionStreamFactory$NamedPipeInputStream.read()I @ 119 c2
Event: 38.206 Thread 0x0000029115ca2320 DEOPT PACKING pc=0x0000029107d04fcc sp=0x000000f9e66feec0
Event: 38.206 Thread 0x0000029115ca2320 DEOPT UNPACKING pc=0x0000029107589ea3 sp=0x000000f9e66fee70 mode 2
Event: 38.362 Thread 0x0000029115ca8d70 Uncommon trap: trap_request=0xffffffde fr.pc=0x0000029107c8f670 relative=0x0000000000000a10
Event: 38.362 Thread 0x0000029115ca8d70 Uncommon trap: reason=class_check action=maybe_recompile pc=0x0000029107c8f670 method=java.util.Spliterators$1Adapter.hasNext()Z @ 12 c2
Event: 38.362 Thread 0x0000029115ca8d70 DEOPT PACKING pc=0x0000029107c8f670 sp=0x000000f9e6afe300
Event: 38.362 Thread 0x0000029115ca8d70 DEOPT UNPACKING pc=0x0000029107589ea3 sp=0x000000f9e6afe2c8 mode 2

Classes loaded (20 events):
Event: 37.633 Loading class java/util/stream/Nodes$CollectorTask done
Event: 37.633 Loading class java/util/stream/Nodes$CollectorTask$OfRef done
Event: 37.634 Loading class java/util/function/LongFunction
Event: 37.635 Loading class java/util/function/LongFunction done
Event: 37.638 Loading class java/util/stream/Nodes$ConcNode
Event: 37.638 Loading class java/util/stream/Nodes$AbstractConcNode
Event: 37.639 Loading class java/util/stream/Nodes$AbstractConcNode done
Event: 37.639 Loading class java/util/stream/Nodes$ConcNode done
Event: 37.643 Loading class java/util/zip/Deflater
Event: 37.644 Loading class java/util/zip/Deflater done
Event: 37.648 Loading class java/util/zip/Deflater$DeflaterZStreamRef
Event: 37.648 Loading class java/util/zip/Deflater$DeflaterZStreamRef done
Event: 37.656 Loading class java/util/stream/Nodes$ToArrayTask$OfRef
Event: 37.656 Loading class java/util/stream/Nodes$ToArrayTask
Event: 37.657 Loading class java/util/stream/Nodes$ToArrayTask done
Event: 37.657 Loading class java/util/stream/Nodes$ToArrayTask$OfRef done
Event: 38.207 Loading class java/lang/Throwable$WrappedPrintWriter
Event: 38.207 Loading class java/lang/Throwable$PrintStreamOrWriter
Event: 38.208 Loading class java/lang/Throwable$PrintStreamOrWriter done
Event: 38.208 Loading class java/lang/Throwable$WrappedPrintWriter done

Classes unloaded (7 events):
Event: 4.774 Thread 0x0000029179596b10 Unloading class 0x0000000100221400 'java/lang/invoke/LambdaForm$MH+0x0000000100221400'
Event: 4.774 Thread 0x0000029179596b10 Unloading class 0x0000000100221000 'java/lang/invoke/LambdaForm$MH+0x0000000100221000'
Event: 4.774 Thread 0x0000029179596b10 Unloading class 0x0000000100220c00 'java/lang/invoke/LambdaForm$MH+0x0000000100220c00'
Event: 4.775 Thread 0x0000029179596b10 Unloading class 0x0000000100220800 'java/lang/invoke/LambdaForm$MH+0x0000000100220800'
Event: 4.775 Thread 0x0000029179596b10 Unloading class 0x0000000100220400 'java/lang/invoke/LambdaForm$BMH+0x0000000100220400'
Event: 4.775 Thread 0x0000029179596b10 Unloading class 0x0000000100220000 'java/lang/invoke/LambdaForm$DMH+0x0000000100220000'
Event: 4.775 Thread 0x0000029179596b10 Unloading class 0x000000010021c400 'java/lang/invoke/LambdaForm$DMH+0x000000010021c400'

Classes redefined (0 events):
No events

Internal exceptions (20 events):
Event: 32.682 Thread 0x0000029115ca6a00 Exception <a 'java/lang/ArrayIndexOutOfBoundsException'{0x00000000eaeddc58}: Index 81 out of bounds for length 81> (0x00000000eaeddc58) 
thrown [s\src\hotspot\share\interpreter\interpreterRuntime.cpp, line 428]
Event: 32.682 Thread 0x0000029115ca6a00 Exception <a 'java/lang/ArrayIndexOutOfBoundsException'{0x00000000eaeddfe0}: Index 81 out of bounds for length 81> (0x00000000eaeddfe0) 
thrown [s\src\hotspot\share\interpreter\interpreterRuntime.cpp, line 428]
Event: 32.682 Thread 0x0000029115ca6a00 Exception <a 'java/lang/ArrayIndexOutOfBoundsException'{0x00000000eaede368}: Index 82 out of bounds for length 81> (0x00000000eaede368) 
thrown [s\src\hotspot\share\interpreter\interpreterRuntime.cpp, line 428]
Event: 32.874 Thread 0x0000029115ca2320 Implicit null exception at 0x0000029107dcedd0 to 0x0000029107dd065c
Event: 32.969 Thread 0x0000029115ca7930 Exception <a 'java/lang/NoSuchMethodError'{0x00000000eb506f00}: 'int java.lang.invoke.DirectMethodHandle$Holder.invokeInterface(java.lang.Object, java.lang.Object)'> (0x00000000eb506f00) 
thrown [s\src\hotspot\share\interpreter\linkResolver.cpp, line 759]
Event: 32.970 Thread 0x0000029115ca7930 Exception <a 'java/lang/IncompatibleClassChangeError'{0x00000000eb50a490}: Found class java.lang.Object, but interface was expected> (0x00000000eb50a490) 
thrown [s\src\hotspot\share\interpreter\linkResolver.cpp, line 826]
Event: 33.609 Thread 0x0000029115ca6a00 Exception <a 'java/lang/ArrayIndexOutOfBoundsException'{0x00000000ebb839e0}: Index 91 out of bounds for length 90> (0x00000000ebb839e0) 
thrown [s\src\hotspot\share\interpreter\interpreterRuntime.cpp, line 428]
Event: 37.185 Thread 0x0000029115ca7930 Exception <a 'java/lang/ArrayIndexOutOfBoundsException'{0x00000000eb7bf5d8}: Index 90 out of bounds for length 90> (0x00000000eb7bf5d8) 
thrown [s\src\hotspot\share\interpreter\interpreterRuntime.cpp, line 428]
Event: 37.185 Thread 0x0000029115ca7930 Exception <a 'java/lang/ArrayIndexOutOfBoundsException'{0x00000000eb7bf960}: Index 90 out of bounds for length 90> (0x00000000eb7bf960) 
thrown [s\src\hotspot\share\interpreter\interpreterRuntime.cpp, line 428]
Event: 37.186 Thread 0x0000029115ca7930 Exception <a 'java/lang/ArrayIndexOutOfBoundsException'{0x00000000eb7bfce8}: Index 91 out of bounds for length 90> (0x00000000eb7bfce8) 
thrown [s\src\hotspot\share\interpreter\interpreterRuntime.cpp, line 428]
Event: 37.526 Thread 0x0000029115ca4180 Implicit null exception at 0x0000029107e1f7da to 0x0000029107e2062c
Event: 37.787 Thread 0x0000029115ca4180 Exception <a 'java/lang/NoSuchMethodError'{0x00000000ebb9d9d0}: 'java.lang.Object java.lang.invoke.DirectMethodHandle$Holder.newInvokeSpecial(java.lang.Object, java.lang.Object, java.lang.Object, java.lang.Object, java.lang.Object, java.lang.Object, java.lang.Object, java.lang.Object, java.lang.Object, java.lang.Object)'> (0x00000000ebb9d9d0) 
thrown [s\src\hotspot\share\interpreter\linkResolver.cpp, line 759]
Event: 37.800 Thread 0x0000029115ca4180 Exception <a 'java/lang/NoSuchMethodError'{0x00000000ebba2ee8}: 'java.lang.Object java.lang.invoke.DirectMethodHandle$Holder.invokeSpecial(java.lang.Object, java.lang.Object, java.lang.Object, java.lang.Object, java.lang.Object, java.lang.Object, java.lang.Object, java.lang.Object, java.lang.Object, java.lang.Object, java.lang.Object)'> (0x00000000ebba2ee8) 
thrown [s\src\hotspot\share\interpreter\linkResolver.cpp, line 759]
Event: 37.801 Thread 0x0000029115ca4180 Exception <a 'java/lang/NoSuchMethodError'{0x00000000ebba84b8}: 'java.lang.Object java.lang.invoke.Invokers$Holder.linkToTargetMethod(java.lang.Object, java.lang.Object, java.lang.Object, java.lang.Object, java.lang.Object, java.lang.Object, java.lang.Object, java.lang.Object, java.lang.Object, java.lang.Object)'> (0x00000000ebba84b8) 
thrown [s\src\hotspot\share\interpreter\linkResolver.cpp, line 759]
Event: 37.876 Thread 0x0000029115ca4180 Exception <a 'sun/nio/fs/WindowsException'{0x00000000ebc3e9f8}> (0x00000000ebc3e9f8) 
thrown [s\src\hotspot\share\prims\jni.cpp, line 516]
Event: 38.201 Thread 0x0000029115ca2320 Exception <a 'java/io/IOException'{0x00000000eba9f3f8}> (0x00000000eba9f3f8) 
thrown [s\src\hotspot\share\prims\jni.cpp, line 516]
Event: 38.274 Thread 0x0000029115ca8d70 Exception <a 'sun/nio/fs/WindowsException'{0x00000000ebd0d120}> (0x00000000ebd0d120) 
thrown [s\src\hotspot\share\prims\jni.cpp, line 516]
Event: 38.274 Thread 0x0000029115ca8d70 Exception <a 'sun/nio/fs/WindowsException'{0x00000000ebd0d9a0}> (0x00000000ebd0d9a0) 
thrown [s\src\hotspot\share\prims\jni.cpp, line 516]
Event: 38.353 Thread 0x0000029115ca8d70 Exception <a 'sun/nio/fs/WindowsException'{0x00000000ebd0e5b8}> (0x00000000ebd0e5b8) 
thrown [s\src\hotspot\share\prims\jni.cpp, line 516]
Event: 38.354 Thread 0x0000029115ca8d70 Exception <a 'sun/nio/fs/WindowsException'{0x00000000ebd0ebf0}> (0x00000000ebd0ebf0) 
thrown [s\src\hotspot\share\prims\jni.cpp, line 516]

VM Operations (20 events):
Event: 32.400 Executing VM operation: ParallelGCFailedAllocation
Event: 32.428 Executing VM operation: ParallelGCFailedAllocation done
Event: 32.718 Executing VM operation: HandshakeAllThreads
Event: 32.720 Executing VM operation: HandshakeAllThreads done
Event: 32.885 Executing VM operation: HandshakeAllThreads
Event: 32.885 Executing VM operation: HandshakeAllThreads done
Event: 32.908 Executing VM operation: HandshakeAllThreads
Event: 32.908 Executing VM operation: HandshakeAllThreads done
Event: 32.909 Executing VM operation: HandshakeAllThreads
Event: 32.909 Executing VM operation: HandshakeAllThreads done
Event: 33.293 Executing VM operation: ParallelGCFailedAllocation
Event: 33.319 Executing VM operation: ParallelGCFailedAllocation done
Event: 33.657 Executing VM operation: ParallelGCFailedAllocation
Event: 33.663 Executing VM operation: ParallelGCFailedAllocation done
Event: 35.670 Executing VM operation: Cleanup
Event: 35.670 Executing VM operation: Cleanup done
Event: 37.680 Executing VM operation: Cleanup
Event: 37.700 Executing VM operation: Cleanup done
Event: 38.708 Executing VM operation: Cleanup
Event: 38.708 Executing VM operation: Cleanup done

Memory protections (0 events):
No events

Nmethod flushes (20 events):
Event: 32.734 Thread 0x000002917f4295a0 flushing  nmethod 0x000002910093e010
Event: 32.734 Thread 0x000002917f4295a0 flushing  nmethod 0x0000029100949a10
Event: 32.734 Thread 0x000002917f4295a0 flushing  nmethod 0x000002910094f210
Event: 32.734 Thread 0x000002917f4295a0 flushing  nmethod 0x000002910094f990
Event: 32.735 Thread 0x000002917f4295a0 flushing  nmethod 0x0000029100954b90
Event: 32.735 Thread 0x000002917f4295a0 flushing  nmethod 0x0000029100958210
Event: 32.735 Thread 0x000002917f4295a0 flushing  nmethod 0x0000029100958b10
Event: 32.735 Thread 0x000002917f4295a0 flushing  nmethod 0x0000029100959390
Event: 32.735 Thread 0x000002917f4295a0 flushing  nmethod 0x0000029100959d10
Event: 32.735 Thread 0x000002917f4295a0 flushing  nmethod 0x000002910095af90
Event: 32.735 Thread 0x000002917f4295a0 flushing  nmethod 0x000002910095c590
Event: 32.735 Thread 0x000002917f4295a0 flushing  nmethod 0x000002910095fd10
Event: 32.735 Thread 0x000002917f4295a0 flushing  nmethod 0x0000029100962990
Event: 32.735 Thread 0x000002917f4295a0 flushing  nmethod 0x0000029100966a10
Event: 32.735 Thread 0x000002917f4295a0 flushing  nmethod 0x0000029100969310
Event: 32.735 Thread 0x000002917f4295a0 flushing  nmethod 0x000002910096a810
Event: 32.737 Thread 0x000002917f4295a0 flushing  nmethod 0x000002910099ee10
Event: 32.737 Thread 0x000002917f4295a0 flushing  nmethod 0x00000291009c2c10
Event: 32.737 Thread 0x000002917f4295a0 flushing  nmethod 0x00000291009eed10
Event: 32.737 Thread 0x000002917f4295a0 flushing  nmethod 0x00000291009f1210

Events (20 events):
Event: 28.288 Thread 0x000002917f425d60 Thread added: 0x0000029116030260
Event: 29.283 Thread 0x000002917f425d60 Thread added: 0x000002911602e180
Event: 31.788 Thread 0x000002911602e180 Thread exited: 0x000002911602e180
Event: 32.936 Thread 0x0000029116030260 Thread added: 0x000002917f6d8250
Event: 34.889 Thread 0x000002917f6d8250 Thread exited: 0x000002917f6d8250
Event: 34.891 Thread 0x0000029116030260 Thread exited: 0x0000029116030260
Event: 35.114 Thread 0x000002917f425d60 Thread added: 0x0000029116030260
Event: 37.100 Thread 0x0000029116030260 Thread exited: 0x0000029116030260
Event: 37.523 Thread 0x0000029115ca2320 Thread added: 0x0000029115ca8860
Event: 37.536 Thread 0x0000029115ca4180 Thread added: 0x0000029115ca9790
Event: 37.640 Thread 0x0000029115ca9790 Thread added: 0x0000029115ca8d70
Event: 37.657 Thread 0x0000029115ca9790 Thread added: 0x0000029115ca5fe0
Event: 37.708 Thread 0x0000029115ca5fe0 Thread exited: 0x0000029115ca5fe0
Event: 37.708 Thread 0x0000029115ca9790 Thread exited: 0x0000029115ca9790
Event: 37.753 Thread 0x0000029115ca8d70 Thread exited: 0x0000029115ca8d70
Event: 37.814 Thread 0x0000029115ca4180 Thread added: 0x0000029115ca8d70
Event: 37.819 Thread 0x0000029115ca8d70 Thread added: 0x0000029115ca9790
Event: 37.839 Thread 0x0000029115ca9790 Thread exited: 0x0000029115ca9790
Event: 37.839 Thread 0x0000029115ca8d70 Thread exited: 0x0000029115ca8d70
Event: 38.208 Thread 0x000002917950d930 Thread added: 0x0000029115ca8d70


Dynamic libraries:
0x00007ff781fc0000 - 0x00007ff781fce000 	c:\Users\bappa\.vscode\extensions\redhat.java-1.38.0-win32-x64\jre\17.0.13-win32-x86_64\bin\java.exe
0x00007ffde0c00000 - 0x00007ffde0e63000 	C:\WINDOWS\SYSTEM32\ntdll.dll
0x00007ffddf760000 - 0x00007ffddf828000 	C:\WINDOWS\System32\KERNEL32.DLL
0x00007ffdde480000 - 0x00007ffdde832000 	C:\WINDOWS\System32\KERNELBASE.dll
0x00007ffdd8df0000 - 0x00007ffdd8e8c000 	C:\WINDOWS\SYSTEM32\apphelp.dll
0x00007ffdde060000 - 0x00007ffdde1ab000 	C:\WINDOWS\System32\ucrtbase.dll
0x00007ffdd7020000 - 0x00007ffdd703e000 	c:\Users\bappa\.vscode\extensions\redhat.java-1.38.0-win32-x64\jre\17.0.13-win32-x86_64\bin\VCRUNTIME140.dll
0x00007ffdd5670000 - 0x00007ffdd5687000 	c:\Users\bappa\.vscode\extensions\redhat.java-1.38.0-win32-x64\jre\17.0.13-win32-x86_64\bin\jli.dll
0x00007ffdded10000 - 0x00007ffddeed8000 	C:\WINDOWS\System32\USER32.dll
0x00007ffdc9470000 - 0x00007ffdc9700000 	C:\WINDOWS\WinSxS\amd64_microsoft.windows.common-controls_6595b64144ccf1df_6.0.26100.2454_none_3e0b68a2e331ad60\COMCTL32.dll
0x00007ffdde900000 - 0x00007ffdde927000 	C:\WINDOWS\System32\win32u.dll
0x00007ffddfbd0000 - 0x00007ffddfc79000 	C:\WINDOWS\System32\msvcrt.dll
0x00007ffddf830000 - 0x00007ffddf85a000 	C:\WINDOWS\System32\GDI32.dll
0x00007ffdde930000 - 0x00007ffddea5b000 	C:\WINDOWS\System32\gdi32full.dll
0x00007ffdde3d0000 - 0x00007ffdde473000 	C:\WINDOWS\System32\msvcp_win.dll
0x00007ffde0ae0000 - 0x00007ffde0b0f000 	C:\WINDOWS\System32\IMM32.DLL
0x00007ffdda030000 - 0x00007ffdda03c000 	c:\Users\bappa\.vscode\extensions\redhat.java-1.38.0-win32-x64\jre\17.0.13-win32-x86_64\bin\vcruntime140_1.dll
0x00007ffdb0340000 - 0x00007ffdb03cd000 	c:\Users\bappa\.vscode\extensions\redhat.java-1.38.0-win32-x64\jre\17.0.13-win32-x86_64\bin\msvcp140.dll
0x00007ffd661e0000 - 0x00007ffd66e4b000 	c:\Users\bappa\.vscode\extensions\redhat.java-1.38.0-win32-x64\jre\17.0.13-win32-x86_64\bin\server\jvm.dll
0x00007ffde0a10000 - 0x00007ffde0ac4000 	C:\WINDOWS\System32\ADVAPI32.dll
0x00007ffde0110000 - 0x00007ffde01b6000 	C:\WINDOWS\System32\sechost.dll
0x00007ffddf530000 - 0x00007ffddf646000 	C:\WINDOWS\System32\RPCRT4.dll
0x00007ffde08d0000 - 0x00007ffde0944000 	C:\WINDOWS\System32\WS2_32.dll
0x00007ffddde60000 - 0x00007ffdddeae000 	C:\WINDOWS\SYSTEM32\POWRPROF.dll
0x00007ffdd5740000 - 0x00007ffdd574b000 	C:\WINDOWS\SYSTEM32\VERSION.dll
0x00007ffdc5fc0000 - 0x00007ffdc5ff6000 	C:\WINDOWS\SYSTEM32\WINMM.dll
0x00007ffddde40000 - 0x00007ffddde54000 	C:\WINDOWS\SYSTEM32\UMPDC.dll
0x00007ffddce10000 - 0x00007ffddce2a000 	C:\WINDOWS\SYSTEM32\kernel.appcore.dll
0x00007ffdd8b10000 - 0x00007ffdd8b1a000 	c:\Users\bappa\.vscode\extensions\redhat.java-1.38.0-win32-x64\jre\17.0.13-win32-x86_64\bin\jimage.dll
0x00007ffddb9d0000 - 0x00007ffddbc11000 	C:\WINDOWS\SYSTEM32\DBGHELP.DLL
0x00007ffddf190000 - 0x00007ffddf50e000 	C:\WINDOWS\System32\combase.dll
0x00007ffddeee0000 - 0x00007ffddefb6000 	C:\WINDOWS\System32\OLEAUT32.dll
0x00007ffdc5f80000 - 0x00007ffdc5fb9000 	C:\WINDOWS\SYSTEM32\dbgcore.DLL
0x00007ffdde330000 - 0x00007ffdde3c9000 	C:\WINDOWS\System32\bcryptPrimitives.dll
0x00007ffdd6f90000 - 0x00007ffdd6f9e000 	c:\Users\bappa\.vscode\extensions\redhat.java-1.38.0-win32-x64\jre\17.0.13-win32-x86_64\bin\instrument.dll
0x00007ffdc6460000 - 0x00007ffdc6485000 	c:\Users\bappa\.vscode\extensions\redhat.java-1.38.0-win32-x64\jre\17.0.13-win32-x86_64\bin\java.dll
0x00007ffdcaae0000 - 0x00007ffdcaaf8000 	c:\Users\bappa\.vscode\extensions\redhat.java-1.38.0-win32-x64\jre\17.0.13-win32-x86_64\bin\zip.dll
0x00007ffde01c0000 - 0x00007ffde08c0000 	C:\WINDOWS\System32\SHELL32.dll
0x00007ffddbd20000 - 0x00007ffddc551000 	C:\WINDOWS\SYSTEM32\windows.storage.dll
0x00007ffddefc0000 - 0x00007ffddf09a000 	C:\WINDOWS\System32\SHCORE.dll
0x00007ffde09b0000 - 0x00007ffde0a0d000 	C:\WINDOWS\System32\shlwapi.dll
0x00007ffdddee0000 - 0x00007ffdddf0e000 	C:\WINDOWS\SYSTEM32\profapi.dll
0x00007ffdc9810000 - 0x00007ffdc9829000 	C:\Users\bappa\.vscode\extensions\redhat.java-1.38.0-win32-x64\jre\17.0.13-win32-x86_64\bin\net.dll
0x00007ffdd8fa0000 - 0x00007ffdd90c6000 	C:\WINDOWS\SYSTEM32\WINHTTP.dll
0x00007ffddd310000 - 0x00007ffddd378000 	C:\WINDOWS\system32\mswsock.dll
0x00007ffdc6410000 - 0x00007ffdc6426000 	C:\Users\bappa\.vscode\extensions\redhat.java-1.38.0-win32-x64\jre\17.0.13-win32-x86_64\bin\nio.dll
0x00007ffdd6ef0000 - 0x00007ffdd6f00000 	c:\Users\bappa\.vscode\extensions\redhat.java-1.38.0-win32-x64\jre\17.0.13-win32-x86_64\bin\verify.dll
0x00007ffdb5610000 - 0x00007ffdb5655000 	C:\Users\bappa\AppData\Roaming\Code\User\globalStorage\redhat.java\1.38.0\config_ss_win\org.eclipse.equinox.launcher\org.eclipse.equinox.launcher.win32.win32.x86_64_1.2.1100.v20240722-2106\eclipse_11904.dll
0x00007ffddfa30000 - 0x00007ffddfbc9000 	C:\WINDOWS\System32\ole32.dll
0x00007ffddd5b0000 - 0x00007ffddd5cc000 	C:\WINDOWS\SYSTEM32\CRYPTSP.dll
0x00007ffddcd70000 - 0x00007ffddcda8000 	C:\WINDOWS\system32\rsaenh.dll
0x00007ffddd3b0000 - 0x00007ffddd3db000 	C:\WINDOWS\SYSTEM32\USERENV.dll
0x00007ffddd7f0000 - 0x00007ffddd816000 	C:\WINDOWS\SYSTEM32\bcrypt.dll
0x00007ffddd5d0000 - 0x00007ffddd5dc000 	C:\WINDOWS\SYSTEM32\CRYPTBASE.dll
0x00007ffddc8a0000 - 0x00007ffddc8d2000 	C:\WINDOWS\SYSTEM32\IPHLPAPI.DLL
0x00007ffddebc0000 - 0x00007ffddebca000 	C:\WINDOWS\System32\NSI.dll
0x00007ffdd8f70000 - 0x00007ffdd8f8e000 	C:\WINDOWS\SYSTEM32\dhcpcsvc6.DLL
0x00007ffdd8f40000 - 0x00007ffdd8f65000 	C:\WINDOWS\SYSTEM32\dhcpcsvc.DLL
0x00007ffddc940000 - 0x00007ffddca65000 	C:\WINDOWS\SYSTEM32\DNSAPI.dll
0x00007ffdb1070000 - 0x00007ffdb10b9000 	C:\Users\bappa\AppData\Local\Temp\jna-93505986\jna18112303370104616699.dll
0x00007ffde0ad0000 - 0x00007ffde0ad8000 	C:\WINDOWS\System32\PSAPI.DLL
0x00007ffddcf30000 - 0x00007ffddcf65000 	C:\WINDOWS\SYSTEM32\ntmarta.dll

dbghelp: loaded successfully - version: 4.0.5 - missing functions: none
symbol engine: initialized successfully - sym options: 0x614 - pdb path: .;c:\Users\bappa\.vscode\extensions\redhat.java-1.38.0-win32-x64\jre\17.0.13-win32-x86_64\bin;C:\WINDOWS\SYSTEM32;C:\WINDOWS\WinSxS\amd64_microsoft.windows.common-controls_6595b64144ccf1df_6.0.26100.2454_none_3e0b68a2e331ad60;c:\Users\bappa\.vscode\extensions\redhat.java-1.38.0-win32-x64\jre\17.0.13-win32-x86_64\bin\server;C:\Users\bappa\AppData\Roaming\Code\User\globalStorage\redhat.java\1.38.0\config_ss_win\org.eclipse.equinox.launcher\org.eclipse.equinox.launcher.win32.win32.x86_64_1.2.1100.v20240722-2106;C:\Users\bappa\AppData\Local\Temp\jna-93505986

VM Arguments:
jvm_args: --add-modules=ALL-SYSTEM --add-opens=java.base/java.util=ALL-UNNAMED --add-opens=java.base/java.lang=ALL-UNNAMED --add-opens=java.base/sun.nio.fs=ALL-UNNAMED -Declipse.application=org.eclipse.jdt.ls.core.id1 -Dosgi.bundles.defaultStartLevel=4 -Declipse.product=org.eclipse.jdt.ls.core.product -Djava.import.generatesMetadataFilesAtProjectRoot=false -DDetectVMInstallationsJob.disabled=true -Dfile.encoding=utf8 -XX:+UseParallelGC -XX:GCTimeRatio=4 -XX:AdaptiveSizePolicyWeight=90 -Dsun.zip.disableMemoryMapping=true -Xmx1G -Xms100m -Xlog:disable -javaagent:c:\Users\bappa\.vscode\extensions\redhat.java-1.38.0-win32-x64\lombok\lombok-1.18.34.jar 
java_command: c:\Users\bappa\.vscode\extensions\redhat.java-1.38.0-win32-x64\server\plugins\org.eclipse.equinox.launcher_1.6.900.v20240613-2009.jar -configuration c:\Users\bappa\AppData\Roaming\Code\User\globalStorage\redhat.java\1.38.0\config_ss_win -data c:\Users\bappa\AppData\Roaming\Code\User\workspaceStorage\55f1f0157f34b30c8333bbaa32d77949\redhat.java\ss_ws --pipe=\\.\pipe\lsp-d16e1dde165b79151f299c98f651624b-sock
java_class_path (initial): c:\Users\bappa\.vscode\extensions\redhat.java-1.38.0-win32-x64\server\plugins\org.eclipse.equinox.launcher_1.6.900.v20240613-2009.jar
Launcher Type: SUN_STANDARD

[Global flags]
    uintx AdaptiveSizePolicyWeight                 = 90                                        {product} {command line}
     intx CICompilerCount                          = 4                                         {product} {ergonomic}
    uintx GCTimeRatio                              = 4                                         {product} {command line}
   size_t InitialHeapSize                          = 104857600                                 {product} {command line}
   size_t MaxHeapSize                              = 1073741824                                {product} {command line}
   size_t MaxNewSize                               = 357564416                                 {product} {ergonomic}
   size_t MinHeapDeltaBytes                        = 524288                                    {product} {ergonomic}
   size_t MinHeapSize                              = 104857600                                 {product} {command line}
   size_t NewSize                                  = 34603008                                  {product} {ergonomic}
    uintx NonNMethodCodeHeapSize                   = 5839372                                {pd product} {ergonomic}
    uintx NonProfiledCodeHeapSize                  = 122909434                              {pd product} {ergonomic}
   size_t OldSize                                  = 70254592                                  {product} {ergonomic}
    uintx ProfiledCodeHeapSize                     = 122909434                              {pd product} {ergonomic}
    uintx ReservedCodeCacheSize                    = 251658240                              {pd product} {ergonomic}
     bool SegmentedCodeCache                       = true                                      {product} {ergonomic}
   size_t SoftMaxHeapSize                          = 1073741824                             {manageable} {ergonomic}
     bool UseCompressedClassPointers               = true                           {product lp64_product} {ergonomic}
     bool UseCompressedOops                        = true                           {product lp64_product} {ergonomic}
     bool UseLargePagesIndividualAllocation        = false                                  {pd product} {ergonomic}
     bool UseParallelGC                            = true                                      {product} {command line}

Logging:
Log output configuration:
 #0: stdout all=off uptime,level,tags
 #1: stderr all=off uptime,level,tags

Environment Variables:
PATH=C:\Program Files\Common Files\Oracle\Java\javapath;C:\WINDOWS\system32;C:\WINDOWS;C:\WINDOWS\System32\Wbem;C:\WINDOWS\System32\WindowsPowerShell\v1.0\;C:\WINDOWS\System32\OpenSSH\;C:\MinGW\bin;C:\Program Files\Git\cmd;C:\Program Files\MongoDB\mongosh-2.3.1-win32-x64\bin;C:\Users\bappa\AppData\Roaming\nvm;C:\Program Files\nodejs;C:\Users\bappa\Downloads\apache-maven-3.9.9-bin\apache-maven-3.9.9\bin;C:\Users\bappa\AppData\Local\Microsoft\WindowsApps;C:\Users\bappa\AppData\Local\Programs\Microsoft VS Code\bin;C:\MinGW\bin;C:\Users\bappa\AppData\Roaming\npm;C:\Program Files\Java\jdk-23\bin;C:\Program Files\CMake\bin;C:\Users\bappa\AppData\Roaming\nvm;C:\Program Files\nodejs;;C:\Program Files\JetBrains\IntelliJ IDEA Community Edition 2024.3.1\bin;
USERNAME=bappa
OS=Windows_NT
PROCESSOR_IDENTIFIER=Intel64 Family 6 Model 126 Stepping 5, GenuineIntel
TMP=C:\Users\bappa\AppData\Local\Temp
TEMP=C:\Users\bappa\AppData\Local\Temp



Periodic native trim disabled


---------------  S Y S T E M  ---------------

OS:
 Windows 11 , 64 bit Build 26100 (10.0.26100.2454)
OS uptime: 1 days 1:33 hours

CPU: total 8 (initial active 8) (4 cores per cpu, 2 threads per core) family 6 model 126 stepping 5 microcode 0xa0, cx8, cmov, fxsr, ht, mmx, 3dnowpref, sse, sse2, sse3, ssse3, sse4.1, sse4.2, popcnt, lzcnt, tsc, tscinvbit, avx, avx2, aes, erms, clmul, bmi1, bmi2, adx, avx512f, avx512dq, avx512cd, avx512bw, avx512vl, sha, fma, vzeroupper, avx512_vpopcntdq, avx512_vpclmulqdq, avx512_vaes, avx512_vnni, clflush, clflushopt, avx512_vbmi2, avx512_vbmi
Processor Information for all 8 processors :
  Max Mhz: 1201, Current Mhz: 600, Mhz Limit: 1201

Memory: 4k page, system-wide physical 7997M (1181M free)
TotalPageFile size 10045M (AvailPageFile size 10M)
current process WorkingSet (physical memory assigned to process): 236M, peak: 271M
current process commit charge ("private bytes"): 290M, peak: 322M

vm_info: OpenJDK 64-Bit Server VM (17.0.13+11) for windows-amd64 JRE (17.0.13+11), built on Oct 16 2024 00:10:08 by "admin" with MS VC++ 17.7 (VS2022)

END.
