#
# There is insufficient memory for the Java Runtime Environment to continue.
# Native memory allocation (malloc) failed to allocate 1526416 bytes. Error detail: Chunk::new
# Possible reasons:
#   The system is out of physical RAM or swap space
#   This process is running with CompressedOops enabled, and the Java Heap may be blocking the growth of the native heap
# Possible solutions:
#   Reduce memory load on the system
#   Increase physical memory or swap space
#   Check if swap backing store is full
#   Decrease Java heap size (-Xmx/-Xms)
#   Decrease number of Java threads
#   Decrease Java thread stack sizes (-Xss)
#   Set larger code cache with -XX:ReservedCodeCacheSize=
#   JVM is running with Unscaled Compressed Oops mode in which the Java heap is
#     placed in the first 4GB address space. The Java Heap base address is the
#     maximum limit for the native heap growth. Please use -XX:HeapBaseMinAddress
#     to set the Java Heap base and to place the Java Heap above 4GB virtual address.
# This output file may be truncated or incomplete.
#
#  Out of Memory Error (arena.cpp:191), pid=5760, tid=13280
#
# JRE version: OpenJDK Runtime Environment Temurin-17.0.13+11 (17.0.13+11) (build 17.0.13+11)
# Java VM: OpenJDK 64-Bit Server VM Temurin-17.0.13+11 (17.0.13+11, mixed mode, tiered, compressed oops, compressed class ptrs, g1 gc, windows-amd64)
# No core dump will be written. Minidumps are not enabled by default on client versions of Windows
#

---------------  S U M M A R Y ------------

Command Line: -Dcom.sun.management.jmxremote -Dcom.sun.management.jmxremote.port=54701 -Dcom.sun.management.jmxremote.authenticate=false -Dcom.sun.management.jmxremote.ssl=false -Dspring.jmx.enabled=true -Djava.rmi.server.hostname=localhost -Dspring.application.admin.enabled=true -Dspring.boot.project.name=portfolio -XX:+ShowCodeDetailsInExceptionMessages -Dmanagement.endpoints.jmx.exposure.include=* com.my.portfolio.PortfolioApplication

Host: Intel(R) Core(TM) i5-1035G1 CPU @ 1.00GHz, 8 cores, 7G,  Windows 11 , 64 bit Build 26100 (10.0.26100.2454)
Time: Tue Dec 24 12:22:34 2024 India Standard Time elapsed time: 30.375466 seconds (0d 0h 0m 30s)

---------------  T H R E A D  ---------------

Current thread (0x0000021ee2321b60):  JavaThread "C2 CompilerThread1" daemon [_thread_in_native, id=13280, stack(0x0000008824100000,0x0000008824200000)]


Current CompileTask:
C2:  30375 7212   !   4       java.lang.reflect.Executable::declaredAnnotations (85 bytes)

Stack: [0x0000008824100000,0x0000008824200000]
Native frames: (J=compiled Java code, j=interpreted, Vv=VM code, C=native code)
V  [jvm.dll+0x682a19]
V  [jvm.dll+0x839538]
V  [jvm.dll+0x83afe3]
V  [jvm.dll+0x83b653]
V  [jvm.dll+0x24704f]
V  [jvm.dll+0xace34]
V  [jvm.dll+0xad4cc]
V  [jvm.dll+0x36592f]
V  [jvm.dll+0x1ba793]
V  [jvm.dll+0x2181a7]
V  [jvm.dll+0x21748f]
V  [jvm.dll+0x1a3070]
V  [jvm.dll+0x22788c]
V  [jvm.dll+0x2259eb]
V  [jvm.dll+0x7eec98]
V  [jvm.dll+0x7e8ffc]
V  [jvm.dll+0x6818f7]
C  [ucrtbase.dll+0x14ea0]
C  [KERNEL32.DLL+0x2e8d7]
C  [ntdll.dll+0xdfbcc]


---------------  P R O C E S S  ---------------

Threads class SMR info:
_java_thread_list=0x0000021ee4aa5050, length=41, elements={
0x0000021ee1016020, 0x0000021ee1016500, 0x0000021ee103c7c0, 0x0000021ee103cea0,
0x0000021ee103f490, 0x0000021ee1043980, 0x0000021ee104e5b0, 0x0000021ee1054090,
0x0000021ee10545b0, 0x0000021ee115ed70, 0x0000021ee12794b0, 0x0000021ee1a08900,
0x0000021ee19d47b0, 0x0000021ee15380b0, 0x0000021ee2a70500, 0x0000021ee2a6f0c0,
0x0000021ee2a6cd50, 0x0000021ee2a6d260, 0x0000021ee2a6dc80, 0x0000021ee2a6e6a0,
0x0000021ee2a6fae0, 0x0000021ee2a6ebb0, 0x0000021ee2a6e190, 0x0000021ee6999520,
0x0000021ee6999f40, 0x0000021ee699b380, 0x0000021ee699b890, 0x0000021ee699a450,
0x0000021ee6999010, 0x0000021ee699a960, 0x0000021ee699ae70, 0x0000021ee69980e0,
0x0000021ee69985f0, 0x0000021ee699f550, 0x0000021ee699dc00, 0x0000021ee699e110,
0x0000021ee699d1e0, 0x0000021ee699bda0, 0x0000021ee699f040, 0x0000021ee2321b60,
0x0000021ee23230a0
}

Java Threads: ( => current thread )
  0x0000021ee1016020 JavaThread "Reference Handler" daemon [_thread_blocked, id=18268, stack(0x0000008822800000,0x0000008822900000)]
  0x0000021ee1016500 JavaThread "Finalizer" daemon [_thread_blocked, id=18696, stack(0x0000008822900000,0x0000008822a00000)]
  0x0000021ee103c7c0 JavaThread "Signal Dispatcher" daemon [_thread_blocked, id=17108, stack(0x0000008822a00000,0x0000008822b00000)]
  0x0000021ee103cea0 JavaThread "Attach Listener" daemon [_thread_blocked, id=5404, stack(0x0000008822b00000,0x0000008822c00000)]
  0x0000021ee103f490 JavaThread "Service Thread" daemon [_thread_blocked, id=3684, stack(0x0000008822c00000,0x0000008822d00000)]
  0x0000021ee1043980 JavaThread "Monitor Deflation Thread" daemon [_thread_blocked, id=13964, stack(0x0000008822d00000,0x0000008822e00000)]
  0x0000021ee104e5b0 JavaThread "C2 CompilerThread0" daemon [_thread_in_native, id=4568, stack(0x0000008822e00000,0x0000008822f00000)]
  0x0000021ee1054090 JavaThread "C1 CompilerThread0" daemon [_thread_in_vm, id=18652, stack(0x0000008822f00000,0x0000008823000000)]
  0x0000021ee10545b0 JavaThread "Sweeper thread" daemon [_thread_blocked, id=15516, stack(0x0000008823000000,0x0000008823100000)]
  0x0000021ee115ed70 JavaThread "Common-Cleaner" daemon [_thread_blocked, id=19444, stack(0x0000008823100000,0x0000008823200000)]
  0x0000021ee12794b0 JavaThread "Notification Thread" daemon [_thread_blocked, id=3208, stack(0x0000008823200000,0x0000008823300000)]
  0x0000021ee1a08900 JavaThread "RMI TCP Accept-0" daemon [_thread_in_native, id=16976, stack(0x0000008823300000,0x0000008823400000)]
  0x0000021ee19d47b0 JavaThread "RMI TCP Accept-54701" daemon [_thread_in_native, id=14784, stack(0x0000008823400000,0x0000008823500000)]
  0x0000021ee15380b0 JavaThread "RMI TCP Accept-0" daemon [_thread_in_native, id=14024, stack(0x0000008823500000,0x0000008823600000)]
  0x0000021ee2a70500 JavaThread "RMI TCP Connection(1)-127.0.0.1" daemon [_thread_in_native, id=16536, stack(0x0000008824500000,0x0000008824600000)]
  0x0000021ee2a6f0c0 JavaThread "RMI Scheduler(0)" daemon [_thread_blocked, id=2164, stack(0x0000008824600000,0x0000008824700000)]
  0x0000021ee2a6cd50 JavaThread "RMI TCP Connection(2)-127.0.0.1" daemon [_thread_blocked, id=15912, stack(0x0000008824700000,0x0000008824800000)]
  0x0000021ee2a6d260 JavaThread "JMX server connection timeout 27" daemon [_thread_blocked, id=3932, stack(0x0000008824800000,0x0000008824900000)]
  0x0000021ee2a6dc80 JavaThread "Catalina-utility-1" [_thread_blocked, id=16432, stack(0x0000008824200000,0x0000008824300000)]
  0x0000021ee2a6e6a0 JavaThread "Catalina-utility-2" [_thread_blocked, id=15348, stack(0x0000008824a00000,0x0000008824b00000)]
  0x0000021ee2a6fae0 JavaThread "container-0" [_thread_blocked, id=1920, stack(0x0000008824b00000,0x0000008824c00000)]
  0x0000021ee2a6ebb0 JavaThread "mysql-cj-abandoned-connection-cleanup" daemon [_thread_blocked, id=324, stack(0x0000008824c00000,0x0000008824d00000)]
  0x0000021ee2a6e190 JavaThread "HikariPool-1 housekeeper" daemon [_thread_blocked, id=10164, stack(0x0000008824900000,0x0000008824a00000)]
  0x0000021ee6999520 JavaThread "File Watcher" daemon [_thread_in_native, id=19324, stack(0x0000008824e00000,0x0000008824f00000)]
  0x0000021ee6999f40 JavaThread "Live Reload Server" daemon [_thread_in_native, id=16016, stack(0x0000008825000000,0x0000008825100000)]
  0x0000021ee699b380 JavaThread "http-nio-8080-exec-1" daemon [_thread_blocked, id=5224, stack(0x0000008825100000,0x0000008825200000)]
  0x0000021ee699b890 JavaThread "http-nio-8080-exec-2" daemon [_thread_blocked, id=1648, stack(0x0000008825200000,0x0000008825300000)]
  0x0000021ee699a450 JavaThread "http-nio-8080-exec-3" daemon [_thread_blocked, id=10868, stack(0x0000008825300000,0x0000008825400000)]
  0x0000021ee6999010 JavaThread "http-nio-8080-exec-4" daemon [_thread_blocked, id=840, stack(0x0000008825400000,0x0000008825500000)]
  0x0000021ee699a960 JavaThread "http-nio-8080-exec-5" daemon [_thread_blocked, id=7868, stack(0x0000008825500000,0x0000008825600000)]
  0x0000021ee699ae70 JavaThread "http-nio-8080-exec-6" daemon [_thread_blocked, id=11980, stack(0x0000008825600000,0x0000008825700000)]
  0x0000021ee69980e0 JavaThread "http-nio-8080-exec-7" daemon [_thread_blocked, id=17800, stack(0x0000008825700000,0x0000008825800000)]
  0x0000021ee69985f0 JavaThread "http-nio-8080-exec-8" daemon [_thread_blocked, id=10564, stack(0x0000008825800000,0x0000008825900000)]
  0x0000021ee699f550 JavaThread "http-nio-8080-exec-9" daemon [_thread_blocked, id=5888, stack(0x0000008825900000,0x0000008825a00000)]
  0x0000021ee699dc00 JavaThread "http-nio-8080-exec-10" daemon [_thread_blocked, id=4100, stack(0x0000008825a00000,0x0000008825b00000)]
  0x0000021ee699e110 JavaThread "http-nio-8080-Poller" daemon [_thread_in_native, id=5468, stack(0x0000008825b00000,0x0000008825c00000)]
  0x0000021ee699d1e0 JavaThread "http-nio-8080-Acceptor" daemon [_thread_in_native, id=9568, stack(0x0000008825c00000,0x0000008825d00000)]
  0x0000021ee699bda0 JavaThread "DestroyJavaVM" [_thread_blocked, id=13640, stack(0x0000008822100000,0x0000008822200000)]
  0x0000021ee699f040 JavaThread "RMI TCP Connection(3)-127.0.0.1" daemon [_thread_in_native, id=10980, stack(0x0000008824000000,0x0000008824100000)]
=>0x0000021ee2321b60 JavaThread "C2 CompilerThread1" daemon [_thread_in_native, id=13280, stack(0x0000008824100000,0x0000008824200000)]
  0x0000021ee23230a0 JavaThread "C2 CompilerThread2" daemon [_thread_blocked, id=18984, stack(0x0000008824400000,0x0000008824500000)]

Other Threads:
  0x0000021edcfe16c0 VMThread "VM Thread" [stack: 0x0000008822700000,0x0000008822800000] [id=16584]
  0x0000021ee1538590 WatcherThread [stack: 0x0000008823600000,0x0000008823700000] [id=19400]
  0x0000021ec1bcdd60 GCTaskThread "GC Thread#0" [stack: 0x0000008822200000,0x0000008822300000] [id=18904]
  0x0000021ee24af660 GCTaskThread "GC Thread#1" [stack: 0x0000008823800000,0x0000008823900000] [id=16792]
  0x0000021ee24ae320 GCTaskThread "GC Thread#2" [stack: 0x0000008823900000,0x0000008823a00000] [id=18376]
  0x0000021ee24ae8a0 GCTaskThread "GC Thread#3" [stack: 0x0000008823a00000,0x0000008823b00000] [id=4508]
  0x0000021ee24aeb60 GCTaskThread "GC Thread#4" [stack: 0x0000008823b00000,0x0000008823c00000] [id=13564]
  0x0000021ee24aee20 GCTaskThread "GC Thread#5" [stack: 0x0000008823c00000,0x0000008823d00000] [id=6568]
  0x0000021ee24af920 GCTaskThread "GC Thread#6" [stack: 0x0000008823d00000,0x0000008823e00000] [id=8612]
  0x0000021ee24afbe0 GCTaskThread "GC Thread#7" [stack: 0x0000008824300000,0x0000008824400000] [id=5868]
  0x0000021ec1bde810 ConcurrentGCThread "G1 Main Marker" [stack: 0x0000008822300000,0x0000008822400000] [id=14076]
  0x0000021ec1bdfda0 ConcurrentGCThread "G1 Conc#0" [stack: 0x0000008822400000,0x0000008822500000] [id=12284]
  0x0000021ee24ae5e0 ConcurrentGCThread "G1 Conc#1" [stack: 0x0000008823700000,0x0000008823800000] [id=14728]
  0x0000021ec1c0e1e0 ConcurrentGCThread "G1 Refine#0" [stack: 0x0000008822500000,0x0000008822600000] [id=6724]
  0x0000021ee21e7210 ConcurrentGCThread "G1 Refine#1" [stack: 0x0000008823e00000,0x0000008823f00000] [id=14612]
  0x0000021ee26aded0 ConcurrentGCThread "G1 Refine#2" [stack: 0x0000008823f00000,0x0000008824000000] [id=576]
  0x0000021ec1c0e6c0 ConcurrentGCThread "G1 Service" [stack: 0x0000008822600000,0x0000008822700000] [id=12456]

Threads with active compile tasks:
C2 CompilerThread0    30423 7309   !   4       jdk.internal.loader.BuiltinClassLoader::findClassOnClassPathOrNull (64 bytes)
C1 CompilerThread0    30423 7398       3       sun.rmi.server.LoaderHandler::getRMIContextClassLoader (7 bytes)
C2 CompilerThread1    30423 7212   !   4       java.lang.reflect.Executable::declaredAnnotations (85 bytes)
C2 CompilerThread2    30423 7364 %     4       org.unbescape.html.HtmlEscapeSymbols::<init> @ 366 (637 bytes)

VM state: not at safepoint (normal execution)

VM Mutex/Monitor currently owned by a thread:  ([mutex/lock_event])
[0x0000021ec1989300] CodeCache_lock - owner thread: 0x0000021ee1054090
[0x0000021ec1b682b0] Compile_lock - owner thread: 0x0000021ee1054090
[0x0000021ec1b69030] MethodCompileQueue_lock - owner thread: 0x0000021ee1054090

Heap address: 0x0000000083000000, size: 2000 MB, Compressed Oops mode: 32-bit

CDS archive(s) not mapped
Compressed class space mapped at: 0x0000000100000000-0x0000000140000000, reserved size: 1073741824
Narrow klass base: 0x0000000000000000, Narrow klass shift: 3, Narrow klass range: 0x140000000

GC Precious Log:
 CPUs: 8 total, 8 available
 Memory: 7997M
 Large Page Support: Disabled
 NUMA Support: Disabled
 Compressed Oops: Enabled (32-bit)
 Heap Region Size: 1M
 Heap Min Capacity: 8M
 Heap Initial Capacity: 126M
 Heap Max Capacity: 2000M
 Pre-touch: Disabled
 Parallel Workers: 8
 Concurrent Workers: 2
 Concurrent Refinement Workers: 8
 Periodic GC: Disabled

Heap:
 garbage-first heap   total 67584K, used 43305K [0x0000000083000000, 0x0000000100000000)
  region size 1024K, 9 young (9216K), 3 survivors (3072K)
 Metaspace       used 76295K, committed 76928K, reserved 1179648K
  class space    used 9928K, committed 10240K, reserved 1048576K

Heap Regions: E=young(eden), S=young(survivor), O=old, HS=humongous(starts), HC=humongous(continues), CS=collection set, F=free, OA=open archive, CA=closed archive, TAMS=top-at-mark-start (previous, next)
|   0|0x0000000083000000, 0x0000000083100000, 0x0000000083100000|100%|HS|  |TAMS 0x0000000083100000, 0x0000000083000000| Complete 
|   1|0x0000000083100000, 0x0000000083200000, 0x0000000083200000|100%|HS|  |TAMS 0x0000000083200000, 0x0000000083100000| Complete 
|   2|0x0000000083200000, 0x0000000083300000, 0x0000000083300000|100%| O|  |TAMS 0x0000000083300000, 0x0000000083200000| Untracked 
|   3|0x0000000083300000, 0x0000000083400000, 0x0000000083400000|100%| O|  |TAMS 0x0000000083400000, 0x0000000083300000| Untracked 
|   4|0x0000000083400000, 0x0000000083500000, 0x0000000083500000|100%| O|  |TAMS 0x0000000083500000, 0x0000000083400000| Untracked 
|   5|0x0000000083500000, 0x0000000083600000, 0x0000000083600000|100%| O|  |TAMS 0x0000000083600000, 0x0000000083500000| Untracked 
|   6|0x0000000083600000, 0x0000000083700000, 0x0000000083700000|100%| O|  |TAMS 0x0000000083700000, 0x0000000083600000| Untracked 
|   7|0x0000000083700000, 0x0000000083800000, 0x0000000083800000|100%| O|  |TAMS 0x0000000083800000, 0x0000000083700000| Untracked 
|   8|0x0000000083800000, 0x0000000083900000, 0x0000000083900000|100%| O|  |TAMS 0x0000000083900000, 0x0000000083800000| Untracked 
|   9|0x0000000083900000, 0x0000000083a00000, 0x0000000083a00000|100%| O|  |TAMS 0x0000000083a00000, 0x0000000083900000| Untracked 
|  10|0x0000000083a00000, 0x0000000083b00000, 0x0000000083b00000|100%| O|  |TAMS 0x0000000083b00000, 0x0000000083a00000| Untracked 
|  11|0x0000000083b00000, 0x0000000083c00000, 0x0000000083c00000|100%| O|  |TAMS 0x0000000083c00000, 0x0000000083b00000| Untracked 
|  12|0x0000000083c00000, 0x0000000083d00000, 0x0000000083d00000|100%| O|  |TAMS 0x0000000083d00000, 0x0000000083c00000| Untracked 
|  13|0x0000000083d00000, 0x0000000083e00000, 0x0000000083e00000|100%| O|  |TAMS 0x0000000083d00000, 0x0000000083d00000| Untracked 
|  14|0x0000000083e00000, 0x0000000083f00000, 0x0000000083f00000|100%| O|  |TAMS 0x0000000083f00000, 0x0000000083e00000| Untracked 
|  15|0x0000000083f00000, 0x0000000084000000, 0x0000000084000000|100%| O|  |TAMS 0x0000000084000000, 0x0000000083f00000| Untracked 
|  16|0x0000000084000000, 0x0000000084100000, 0x0000000084100000|100%| O|  |TAMS 0x0000000084100000, 0x0000000084000000| Untracked 
|  17|0x0000000084100000, 0x0000000084200000, 0x0000000084200000|100%| O|  |TAMS 0x0000000084200000, 0x0000000084100000| Untracked 
|  18|0x0000000084200000, 0x0000000084300000, 0x0000000084300000|100%| O|  |TAMS 0x0000000084300000, 0x0000000084200000| Untracked 
|  19|0x0000000084300000, 0x0000000084400000, 0x0000000084400000|100%| O|  |TAMS 0x0000000084400000, 0x0000000084300000| Untracked 
|  20|0x0000000084400000, 0x0000000084500000, 0x0000000084500000|100%| O|  |TAMS 0x0000000084500000, 0x0000000084400000| Untracked 
|  21|0x0000000084500000, 0x0000000084600000, 0x0000000084600000|100%| O|  |TAMS 0x0000000084600000, 0x0000000084500000| Untracked 
|  22|0x0000000084600000, 0x0000000084700000, 0x0000000084700000|100%| O|  |TAMS 0x0000000084700000, 0x0000000084600000| Untracked 
|  23|0x0000000084700000, 0x0000000084800000, 0x0000000084800000|100%| O|  |TAMS 0x0000000084800000, 0x0000000084700000| Untracked 
|  24|0x0000000084800000, 0x0000000084900000, 0x0000000084900000|100%| O|  |TAMS 0x0000000084900000, 0x0000000084800000| Untracked 
|  25|0x0000000084900000, 0x0000000084a00000, 0x0000000084a00000|100%| O|  |TAMS 0x0000000084a00000, 0x0000000084900000| Untracked 
|  26|0x0000000084a00000, 0x0000000084a00000, 0x0000000084b00000|  0%| F|  |TAMS 0x0000000084a00000, 0x0000000084a00000| Untracked 
|  27|0x0000000084b00000, 0x0000000084c00000, 0x0000000084c00000|100%| O|  |TAMS 0x0000000084c00000, 0x0000000084b00000| Untracked 
|  28|0x0000000084c00000, 0x0000000084d00000, 0x0000000084d00000|100%| O|  |TAMS 0x0000000084d00000, 0x0000000084c00000| Untracked 
|  29|0x0000000084d00000, 0x0000000084e00000, 0x0000000084e00000|100%| O|  |TAMS 0x0000000084e00000, 0x0000000084d00000| Untracked 
|  30|0x0000000084e00000, 0x0000000084f00000, 0x0000000084f00000|100%| O|  |TAMS 0x0000000084f00000, 0x0000000084e00000| Untracked 
|  31|0x0000000084f00000, 0x0000000085000000, 0x0000000085000000|100%| O|  |TAMS 0x0000000085000000, 0x0000000084f00000| Untracked 
|  32|0x0000000085000000, 0x0000000085100000, 0x0000000085100000|100%| O|  |TAMS 0x0000000085028000, 0x0000000085000000| Untracked 
|  33|0x0000000085100000, 0x0000000085200000, 0x0000000085200000|100%| O|  |TAMS 0x0000000085100000, 0x0000000085100000| Untracked 
|  34|0x0000000085200000, 0x0000000085300000, 0x0000000085300000|100%| O|  |TAMS 0x0000000085200000, 0x0000000085200000| Untracked 
|  35|0x0000000085300000, 0x000000008534a600, 0x0000000085400000| 29%| O|  |TAMS 0x0000000085300000, 0x0000000085300000| Untracked 
|  36|0x0000000085400000, 0x0000000085400000, 0x0000000085500000|  0%| F|  |TAMS 0x0000000085400000, 0x0000000085400000| Untracked 
|  37|0x0000000085500000, 0x0000000085500000, 0x0000000085600000|  0%| F|  |TAMS 0x0000000085500000, 0x0000000085500000| Untracked 
|  38|0x0000000085600000, 0x0000000085600000, 0x0000000085700000|  0%| F|  |TAMS 0x0000000085600000, 0x0000000085600000| Untracked 
|  39|0x0000000085700000, 0x0000000085700000, 0x0000000085800000|  0%| F|  |TAMS 0x0000000085700000, 0x0000000085700000| Untracked 
|  40|0x0000000085800000, 0x0000000085800000, 0x0000000085900000|  0%| F|  |TAMS 0x0000000085800000, 0x0000000085800000| Untracked 
|  41|0x0000000085900000, 0x0000000085900000, 0x0000000085a00000|  0%| F|  |TAMS 0x0000000085900000, 0x0000000085900000| Untracked 
|  42|0x0000000085a00000, 0x0000000085a00000, 0x0000000085b00000|  0%| F|  |TAMS 0x0000000085a00000, 0x0000000085a00000| Untracked 
|  43|0x0000000085b00000, 0x0000000085c00000, 0x0000000085c00000|100%| S|CS|TAMS 0x0000000085b00000, 0x0000000085b00000| Complete 
|  44|0x0000000085c00000, 0x0000000085c00000, 0x0000000085d00000|  0%| F|  |TAMS 0x0000000085c00000, 0x0000000085c00000| Untracked 
|  45|0x0000000085d00000, 0x0000000085d00000, 0x0000000085e00000|  0%| F|  |TAMS 0x0000000085d00000, 0x0000000085d00000| Untracked 
|  46|0x0000000085e00000, 0x0000000085f00000, 0x0000000085f00000|100%| S|CS|TAMS 0x0000000085e00000, 0x0000000085e00000| Complete 
|  47|0x0000000085f00000, 0x0000000086000000, 0x0000000086000000|100%| S|CS|TAMS 0x0000000085f00000, 0x0000000085f00000| Complete 
|  48|0x0000000086000000, 0x0000000086000000, 0x0000000086100000|  0%| F|  |TAMS 0x0000000086000000, 0x0000000086000000| Untracked 
|  49|0x0000000086100000, 0x0000000086100000, 0x0000000086200000|  0%| F|  |TAMS 0x0000000086100000, 0x0000000086100000| Untracked 
|  50|0x0000000086200000, 0x0000000086200000, 0x0000000086300000|  0%| F|  |TAMS 0x0000000086200000, 0x0000000086200000| Untracked 
|  51|0x0000000086300000, 0x0000000086300000, 0x0000000086400000|  0%| F|  |TAMS 0x0000000086300000, 0x0000000086300000| Untracked 
|  52|0x0000000086400000, 0x0000000086400000, 0x0000000086500000|  0%| F|  |TAMS 0x0000000086400000, 0x0000000086400000| Untracked 
|  53|0x0000000086500000, 0x0000000086500000, 0x0000000086600000|  0%| F|  |TAMS 0x0000000086500000, 0x0000000086500000| Untracked 
|  54|0x0000000086600000, 0x0000000086600000, 0x0000000086700000|  0%| F|  |TAMS 0x0000000086600000, 0x0000000086600000| Untracked 
|  55|0x0000000086700000, 0x0000000086700000, 0x0000000086800000|  0%| F|  |TAMS 0x0000000086700000, 0x0000000086700000| Untracked 
|  56|0x0000000086800000, 0x0000000086800000, 0x0000000086900000|  0%| F|  |TAMS 0x0000000086800000, 0x0000000086800000| Untracked 
|  57|0x0000000086900000, 0x0000000086900000, 0x0000000086a00000|  0%| F|  |TAMS 0x0000000086900000, 0x0000000086900000| Untracked 
|  58|0x0000000086a00000, 0x0000000086a00000, 0x0000000086b00000|  0%| F|  |TAMS 0x0000000086a00000, 0x0000000086a00000| Untracked 
|  59|0x0000000086b00000, 0x0000000086b00000, 0x0000000086c00000|  0%| F|  |TAMS 0x0000000086b00000, 0x0000000086b00000| Untracked 
|  60|0x0000000086c00000, 0x0000000086cc0660, 0x0000000086d00000| 75%| E|  |TAMS 0x0000000086c00000, 0x0000000086c00000| Complete 
|  61|0x0000000086d00000, 0x0000000086e00000, 0x0000000086e00000|100%| E|CS|TAMS 0x0000000086d00000, 0x0000000086d00000| Complete 
|  62|0x0000000086e00000, 0x0000000086f00000, 0x0000000086f00000|100%| E|CS|TAMS 0x0000000086e00000, 0x0000000086e00000| Complete 
| 119|0x000000008a700000, 0x000000008a800000, 0x000000008a800000|100%| E|CS|TAMS 0x000000008a700000, 0x000000008a700000| Complete 
| 120|0x000000008a800000, 0x000000008a900000, 0x000000008a900000|100%| E|CS|TAMS 0x000000008a800000, 0x000000008a800000| Complete 
| 125|0x000000008ad00000, 0x000000008ae00000, 0x000000008ae00000|100%| E|CS|TAMS 0x000000008ad00000, 0x000000008ad00000| Complete 

Card table byte_map: [0x0000021ed5f10000,0x0000021ed6300000] _byte_map_base: 0x0000021ed5af8000

Marking Bits (Prev, Next): (CMBitMap*) 0x0000021ec1bce380, (CMBitMap*) 0x0000021ec1bce3c0
 Prev Bits: [0x0000021ed66f0000, 0x0000021ed8630000)
 Next Bits: [0x0000021ed8630000, 0x0000021eda570000)

Polling page: 0x0000021ec1920000

Metaspace:

Usage:
  Non-class:     64.81 MB used.
      Class:      9.70 MB used.
       Both:     74.51 MB used.

Virtual space:
  Non-class space:      128.00 MB reserved,      65.12 MB ( 51%) committed,  2 nodes.
      Class space:        1.00 GB reserved,      10.00 MB ( <1%) committed,  1 nodes.
             Both:        1.12 GB reserved,      75.12 MB (  7%) committed. 

Chunk freelists:
   Non-Class:  14.75 MB
       Class:  6.03 MB
        Both:  20.78 MB

MaxMetaspaceSize: unlimited
CompressedClassSpaceSize: 1.00 GB
Initial GC threshold: 21.00 MB
Current GC threshold: 111.88 MB
CDS: off
MetaspaceReclaimPolicy: balanced
 - commit_granule_bytes: 65536.
 - commit_granule_words: 8192.
 - virtual_space_node_default_size: 8388608.
 - enlarge_chunks_in_place: 1.
 - new_chunks_are_fully_committed: 0.
 - uncommit_free_chunks: 1.
 - use_allocation_guard: 0.
 - handle_deallocations: 1.


Internal statistics:

num_allocs_failed_limit: 6.
num_arena_births: 1000.
num_arena_deaths: 0.
num_vsnodes_births: 3.
num_vsnodes_deaths: 0.
num_space_committed: 1202.
num_space_uncommitted: 0.
num_chunks_returned_to_freelist: 6.
num_chunks_taken_from_freelist: 3492.
num_chunk_merges: 6.
num_chunk_splits: 2415.
num_chunks_enlarged: 1756.
num_inconsistent_stats: 0.

CodeHeap 'non-profiled nmethods': size=120000Kb used=5117Kb max_used=5117Kb free=114882Kb
 bounds [0x0000021ecdc70000, 0x0000021ece170000, 0x0000021ed51a0000]
CodeHeap 'profiled nmethods': size=120000Kb used=13311Kb max_used=13311Kb free=106688Kb
 bounds [0x0000021ec61a0000, 0x0000021ec6ea0000, 0x0000021ecd6d0000]
CodeHeap 'non-nmethods': size=5760Kb used=1352Kb max_used=1455Kb free=4407Kb
 bounds [0x0000021ecd6d0000, 0x0000021ecd940000, 0x0000021ecdc70000]
 total_blobs=7305 nmethods=6633 adapters=583
 compilation: enabled
              stopped_count=0, restarted_count=0
 full_count=0

Compilation events (20 events):
Event: 28.912 Thread 0x0000021ee1054090 7351       3       org.unbescape.html.HtmlEscapeSymbols$Reference::<init> (7 bytes)
Event: 28.912 Thread 0x0000021ee1054090 nmethod 7351 0x0000021ec6e6eb10 code [0x0000021ec6e6ed00, 0x0000021ec6e6f178]
Event: 28.913 Thread 0x0000021ee1054090 7352       3       org.unbescape.html.HtmlEscapeSymbols$Reference::<init> (18 bytes)
Event: 28.913 Thread 0x0000021ee1054090 nmethod 7352 0x0000021ec6e6f310 code [0x0000021ec6e6f4e0, 0x0000021ec6e6f8f8]
Event: 28.917 Thread 0x0000021ee1054090 7353       3       java.util.TimSort::mergeAt (358 bytes)
Event: 28.919 Thread 0x0000021ee1054090 nmethod 7353 0x0000021ec6e6fa90 code [0x0000021ec6e6fca0, 0x0000021ec6e70298]
Event: 28.919 Thread 0x0000021ee1054090 7354       3       java.util.TimSort::mergeHi (732 bytes)
Event: 28.922 Thread 0x0000021ee1054090 nmethod 7354 0x0000021ec6e70590 code [0x0000021ec6e70920, 0x0000021ec6e72cf8]
Event: 28.926 Thread 0x0000021ee1054090 7358       3       java.io.File::length (33 bytes)
Event: 28.927 Thread 0x0000021ee1054090 nmethod 7358 0x0000021ec6e73490 code [0x0000021ec6e73680, 0x0000021ec6e73a68]
Event: 28.928 Thread 0x0000021ee1054090 7359       3       java.io.File::lastModified (33 bytes)
Event: 28.929 Thread 0x0000021ee1054090 nmethod 7359 0x0000021ec6e73c10 code [0x0000021ec6e73e00, 0x0000021ec6e741e8]
Event: 28.929 Thread 0x0000021ee1054090 7360       3       org.springframework.boot.devtools.filewatch.FileSnapshot::<init> (64 bytes)
Event: 28.932 Thread 0x0000021ee1054090 nmethod 7360 0x0000021ec6e74390 code [0x0000021ec6e74740, 0x0000021ec6e75f88]
Event: 28.932 Thread 0x0000021ee1054090 7362 %     3       org.unbescape.html.HtmlEscapeSymbols::<init> @ 366 (637 bytes)
Event: 28.939 Thread 0x0000021ee1054090 nmethod 7362% 0x0000021ec6e76690 code [0x0000021ec6e76cc0, 0x0000021ec6e7a7f8]
Event: 28.939 Thread 0x0000021ee1054090 7363       3       org.unbescape.html.HtmlEscapeSymbols::<init> (637 bytes)
Event: 28.949 Thread 0x0000021ee1054090 nmethod 7363 0x0000021ec6e7bb90 code [0x0000021ec6e7c2c0, 0x0000021ec6e81018]
Event: 28.967 Thread 0x0000021ee1054090 7365       3       org.unbescape.html.HtmlEscapeSymbols::positionInList (48 bytes)
Event: 28.968 Thread 0x0000021ee1054090 nmethod 7365 0x0000021ec6e82d10 code [0x0000021ec6e82f00, 0x0000021ec6e83498]

GC Heap History (20 events):
Event: 17.828 GC heap before
{Heap before GC invocations=31 (full 0):
 garbage-first heap   total 55296K, used 39977K [0x0000000083000000, 0x0000000100000000)
  region size 1024K, 12 young (12288K), 2 survivors (2048K)
 Metaspace       used 65268K, committed 65856K, reserved 1114112K
  class space    used 8486K, committed 8768K, reserved 1048576K
}
Event: 17.834 GC heap after
{Heap after GC invocations=32 (full 0):
 garbage-first heap   total 55296K, used 30427K [0x0000000083000000, 0x0000000100000000)
  region size 1024K, 2 young (2048K), 2 survivors (2048K)
 Metaspace       used 65268K, committed 65856K, reserved 1114112K
  class space    used 8486K, committed 8768K, reserved 1048576K
}
Event: 17.894 GC heap before
{Heap before GC invocations=32 (full 0):
 garbage-first heap   total 55296K, used 31451K [0x0000000083000000, 0x0000000100000000)
  region size 1024K, 3 young (3072K), 2 survivors (2048K)
 Metaspace       used 65288K, committed 65856K, reserved 1114112K
  class space    used 8489K, committed 8768K, reserved 1048576K
}
Event: 17.900 GC heap after
{Heap after GC invocations=33 (full 0):
 garbage-first heap   total 55296K, used 30560K [0x0000000083000000, 0x0000000100000000)
  region size 1024K, 1 young (1024K), 1 survivors (1024K)
 Metaspace       used 65288K, committed 65856K, reserved 1114112K
  class space    used 8489K, committed 8768K, reserved 1048576K
}
Event: 18.559 GC heap before
{Heap before GC invocations=33 (full 0):
 garbage-first heap   total 55296K, used 44896K [0x0000000083000000, 0x0000000100000000)
  region size 1024K, 15 young (15360K), 1 survivors (1024K)
 Metaspace       used 66254K, committed 66816K, reserved 1114112K
  class space    used 8625K, committed 8896K, reserved 1048576K
}
Event: 18.564 GC heap after
{Heap after GC invocations=34 (full 0):
 garbage-first heap   total 55296K, used 31517K [0x0000000083000000, 0x0000000100000000)
  region size 1024K, 2 young (2048K), 2 survivors (2048K)
 Metaspace       used 66254K, committed 66816K, reserved 1114112K
  class space    used 8625K, committed 8896K, reserved 1048576K
}
Event: 19.239 GC heap before
{Heap before GC invocations=35 (full 0):
 garbage-first heap   total 56320K, used 43805K [0x0000000083000000, 0x0000000100000000)
  region size 1024K, 15 young (15360K), 2 survivors (2048K)
 Metaspace       used 66878K, committed 67392K, reserved 1114112K
  class space    used 8715K, committed 8960K, reserved 1048576K
}
Event: 19.246 GC heap after
{Heap after GC invocations=36 (full 0):
 garbage-first heap   total 67584K, used 32402K [0x0000000083000000, 0x0000000100000000)
  region size 1024K, 1 young (1024K), 1 survivors (1024K)
 Metaspace       used 66878K, committed 67392K, reserved 1114112K
  class space    used 8715K, committed 8960K, reserved 1048576K
}
Event: 19.342 GC heap before
{Heap before GC invocations=36 (full 0):
 garbage-first heap   total 67584K, used 34450K [0x0000000083000000, 0x0000000100000000)
  region size 1024K, 3 young (3072K), 1 survivors (1024K)
 Metaspace       used 66971K, committed 67456K, reserved 1114112K
  class space    used 8729K, committed 8960K, reserved 1048576K
}
Event: 19.349 GC heap after
{Heap after GC invocations=37 (full 0):
 garbage-first heap   total 67584K, used 32149K [0x0000000083000000, 0x0000000100000000)
  region size 1024K, 1 young (1024K), 1 survivors (1024K)
 Metaspace       used 66971K, committed 67456K, reserved 1114112K
  class space    used 8729K, committed 8960K, reserved 1048576K
}
Event: 20.261 GC heap before
{Heap before GC invocations=37 (full 0):
 garbage-first heap   total 67584K, used 53653K [0x0000000083000000, 0x0000000100000000)
  region size 1024K, 22 young (22528K), 1 survivors (1024K)
 Metaspace       used 67983K, committed 68544K, reserved 1114112K
  class space    used 8880K, committed 9152K, reserved 1048576K
}
Event: 20.269 GC heap after
{Heap after GC invocations=38 (full 0):
 garbage-first heap   total 67584K, used 33376K [0x0000000083000000, 0x0000000100000000)
  region size 1024K, 2 young (2048K), 2 survivors (2048K)
 Metaspace       used 67983K, committed 68544K, reserved 1114112K
  class space    used 8880K, committed 9152K, reserved 1048576K
}
Event: 21.214 GC heap before
{Heap before GC invocations=39 (full 0):
 garbage-first heap   total 67584K, used 54880K [0x0000000083000000, 0x0000000100000000)
  region size 1024K, 23 young (23552K), 2 survivors (2048K)
 Metaspace       used 69227K, committed 69824K, reserved 1114112K
  class space    used 9020K, committed 9280K, reserved 1048576K
}
Event: 21.221 GC heap after
{Heap after GC invocations=40 (full 0):
 garbage-first heap   total 67584K, used 35135K [0x0000000083000000, 0x0000000100000000)
  region size 1024K, 3 young (3072K), 3 survivors (3072K)
 Metaspace       used 69227K, committed 69824K, reserved 1114112K
  class space    used 9020K, committed 9280K, reserved 1048576K
}
Event: 21.244 GC heap before
{Heap before GC invocations=40 (full 0):
 garbage-first heap   total 67584K, used 36159K [0x0000000083000000, 0x0000000100000000)
  region size 1024K, 4 young (4096K), 3 survivors (3072K)
 Metaspace       used 69230K, committed 69824K, reserved 1114112K
  class space    used 9020K, committed 9280K, reserved 1048576K
}
Event: 21.253 GC heap after
{Heap after GC invocations=41 (full 0):
 garbage-first heap   total 67584K, used 35366K [0x0000000083000000, 0x0000000100000000)
  region size 1024K, 1 young (1024K), 1 survivors (1024K)
 Metaspace       used 69230K, committed 69824K, reserved 1114112K
  class space    used 9020K, committed 9280K, reserved 1048576K
}
Event: 22.962 GC heap before
{Heap before GC invocations=41 (full 0):
 garbage-first heap   total 67584K, used 53798K [0x0000000083000000, 0x0000000100000000)
  region size 1024K, 20 young (20480K), 1 survivors (1024K)
 Metaspace       used 71511K, committed 72128K, reserved 1114112K
  class space    used 9371K, committed 9664K, reserved 1048576K
}
Event: 22.969 GC heap after
{Heap after GC invocations=42 (full 0):
 garbage-first heap   total 67584K, used 36165K [0x0000000083000000, 0x0000000100000000)
  region size 1024K, 2 young (2048K), 2 survivors (2048K)
 Metaspace       used 71511K, committed 72128K, reserved 1114112K
  class space    used 9371K, committed 9664K, reserved 1048576K
}
Event: 28.634 GC heap before
{Heap before GC invocations=42 (full 0):
 garbage-first heap   total 67584K, used 53573K [0x0000000083000000, 0x0000000100000000)
  region size 1024K, 20 young (20480K), 2 survivors (2048K)
 Metaspace       used 75263K, committed 75904K, reserved 1179648K
  class space    used 9815K, committed 10112K, reserved 1048576K
}
Event: 28.641 GC heap after
{Heap after GC invocations=43 (full 0):
 garbage-first heap   total 67584K, used 38185K [0x0000000083000000, 0x0000000100000000)
  region size 1024K, 3 young (3072K), 3 survivors (3072K)
 Metaspace       used 75263K, committed 75904K, reserved 1179648K
  class space    used 9815K, committed 10112K, reserved 1048576K
}

Dll operation events (10 events):
Event: 0.017 Loaded shared library C:\Users\bappa\.vscode\extensions\redhat.java-1.38.0-win32-x64\jre\17.0.13-win32-x86_64\bin\java.dll
Event: 0.386 Loaded shared library C:\Users\bappa\.vscode\extensions\redhat.java-1.38.0-win32-x64\jre\17.0.13-win32-x86_64\bin\jimage.dll
Event: 0.414 Loaded shared library C:\Users\bappa\.vscode\extensions\redhat.java-1.38.0-win32-x64\jre\17.0.13-win32-x86_64\bin\net.dll
Event: 0.419 Loaded shared library C:\Users\bappa\.vscode\extensions\redhat.java-1.38.0-win32-x64\jre\17.0.13-win32-x86_64\bin\nio.dll
Event: 0.428 Loaded shared library C:\Users\bappa\.vscode\extensions\redhat.java-1.38.0-win32-x64\jre\17.0.13-win32-x86_64\bin\zip.dll
Event: 0.614 Loaded shared library C:\Users\bappa\.vscode\extensions\redhat.java-1.38.0-win32-x64\jre\17.0.13-win32-x86_64\bin\management.dll
Event: 0.648 Loaded shared library C:\Users\bappa\.vscode\extensions\redhat.java-1.38.0-win32-x64\jre\17.0.13-win32-x86_64\bin\management_ext.dll
Event: 1.183 Loaded shared library C:\Users\bappa\.vscode\extensions\redhat.java-1.38.0-win32-x64\jre\17.0.13-win32-x86_64\bin\extnet.dll
Event: 3.798 Loaded shared library C:\Users\bappa\.vscode\extensions\redhat.java-1.38.0-win32-x64\jre\17.0.13-win32-x86_64\bin\sunmscapi.dll
Event: 12.011 Loaded shared library C:\Users\bappa\.vscode\extensions\redhat.java-1.38.0-win32-x64\jre\17.0.13-win32-x86_64\bin\verify.dll

Deoptimization events (20 events):
Event: 28.509 Thread 0x0000021ee699b380 Uncommon trap: reason=unstable_if action=reinterpret pc=0x0000021ece151aac method=org.thymeleaf.engine.AttributeName.equals(Ljava/lang/Object;)Z @ 2 c2
Event: 28.509 Thread 0x0000021ee699b380 DEOPT PACKING pc=0x0000021ece151aac sp=0x00000088251fd170
Event: 28.509 Thread 0x0000021ee699b380 DEOPT UNPACKING pc=0x0000021ecd72a1a3 sp=0x00000088251fd080 mode 2
Event: 28.509 Thread 0x0000021ee699b380 Uncommon trap: trap_request=0xffffff45 fr.pc=0x0000021ece15203c relative=0x000000000000009c
Event: 28.509 Thread 0x0000021ee699b380 Uncommon trap: reason=unstable_if action=reinterpret pc=0x0000021ece15203c method=org.thymeleaf.engine.AttributeName.equals(Ljava/lang/Object;)Z @ 2 c2
Event: 28.509 Thread 0x0000021ee699b380 DEOPT PACKING pc=0x0000021ece15203c sp=0x00000088251fd0d0
Event: 28.509 Thread 0x0000021ee699b380 DEOPT UNPACKING pc=0x0000021ecd72a1a3 sp=0x00000088251fd070 mode 2
Event: 28.703 Thread 0x0000021ee699b380 Uncommon trap: trap_request=0xffffffc6 fr.pc=0x0000021ecdd793fc relative=0x00000000000008fc
Event: 28.703 Thread 0x0000021ee699b380 Uncommon trap: reason=bimorphic_or_optimized_type_check action=maybe_recompile pc=0x0000021ecdd793fc method=java.io.BufferedInputStream.read1([BII)I @ 39 c2
Event: 28.703 Thread 0x0000021ee699b380 DEOPT PACKING pc=0x0000021ecdd793fc sp=0x00000088251fcc10
Event: 28.703 Thread 0x0000021ee699b380 DEOPT UNPACKING pc=0x0000021ecd72a1a3 sp=0x00000088251fcb48 mode 2
Event: 28.741 Thread 0x0000021ee699b380 Uncommon trap: trap_request=0xffffff45 fr.pc=0x0000021ecdcb140c relative=0x000000000000018c
Event: 28.741 Thread 0x0000021ee699b380 Uncommon trap: reason=unstable_if action=reinterpret pc=0x0000021ecdcb140c method=java.lang.StringCoding.hasNegatives([BII)Z @ 12 c2
Event: 28.741 Thread 0x0000021ee699b380 DEOPT PACKING pc=0x0000021ecdcb140c sp=0x00000088251fc990
Event: 28.742 Thread 0x0000021ee699b380 DEOPT UNPACKING pc=0x0000021ecd72a1a3 sp=0x00000088251fc920 mode 2
Event: 28.816 Thread 0x0000021ee699b380 Uncommon trap: trap_request=0xffffff45 fr.pc=0x0000021ece14eef0 relative=0x0000000000000510
Event: 28.816 Thread 0x0000021ee699b380 Uncommon trap: reason=unstable_if action=reinterpret pc=0x0000021ece14eef0 method=org.thymeleaf.util.ProcessorComparators$ProcessorPrecedenceComparator.compare(Lorg/thymeleaf/processor/IProcessor;Lorg/thymeleaf/processor/IProcessor;)I @ 2 c2
Event: 28.816 Thread 0x0000021ee699b380 DEOPT PACKING pc=0x0000021ece14eef0 sp=0x00000088251fcaa0
Event: 28.816 Thread 0x0000021ee699b380 DEOPT UNPACKING pc=0x0000021ecd72a1a3 sp=0x00000088251fc9b0 mode 2
Event: 29.085 Thread 0x0000021ee2a6cd50 Uncommon trap: trap_request=0xffffffde fr.pc=0x0000021ece1524d8 relative=0x0000000000000158

Classes loaded (20 events):
Event: 27.707 Loading class sun/nio/ch/SelectionKeyImpl
Event: 27.707 Loading class java/nio/channels/spi/AbstractSelectionKey
Event: 27.707 Loading class java/nio/channels/SelectionKey
Event: 27.707 Loading class java/nio/channels/SelectionKey done
Event: 27.707 Loading class java/nio/channels/spi/AbstractSelectionKey done
Event: 27.707 Loading class sun/nio/ch/SelectionKeyImpl done
Event: 27.708 Loading class java/lang/invoke/ConstantBootstraps
Event: 27.708 Loading class java/lang/invoke/ConstantBootstraps done
Event: 27.806 Loading class sun/nio/cs/ThreadLocalCoders
Event: 27.806 Loading class sun/nio/cs/ThreadLocalCoders done
Event: 27.806 Loading class sun/nio/cs/ThreadLocalCoders$1
Event: 27.806 Loading class sun/nio/cs/ThreadLocalCoders$Cache
Event: 27.806 Loading class sun/nio/cs/ThreadLocalCoders$Cache done
Event: 27.806 Loading class sun/nio/cs/ThreadLocalCoders$1 done
Event: 27.807 Loading class sun/nio/cs/ThreadLocalCoders$2
Event: 27.807 Loading class sun/nio/cs/ThreadLocalCoders$2 done
Event: 27.920 Loading class java/util/concurrent/ArrayBlockingQueue
Event: 27.921 Loading class java/util/concurrent/ArrayBlockingQueue done
Event: 27.922 Loading class java/util/concurrent/ArrayBlockingQueue$Itr
Event: 27.923 Loading class java/util/concurrent/ArrayBlockingQueue$Itr done

Classes unloaded (0 events):
No events

Classes redefined (0 events):
No events

Internal exceptions (20 events):
Event: 24.238 Thread 0x0000021ee2a6cd50 Exception <a 'java/lang/ClassNotFoundException'{0x000000008a7a8728}: org/springframework/boot/actuate/endpoint/jmx/DataEndpointMBean> (0x000000008a7a8728) 
thrown [s\src\hotspot\share\classfile\systemDictionary.cpp, line 256]
Event: 24.238 Thread 0x0000021ee2a6cd50 Exception <a 'java/lang/ClassNotFoundException'{0x000000008a7a8ae0}: org/springframework/context/support/LiveBeansView> (0x000000008a7a8ae0) 
thrown [s\src\hotspot\share\classfile\systemDictionary.cpp, line 256]
Event: 24.239 Thread 0x0000021ee2a6cd50 Exception <a 'java/lang/ClassNotFoundException'{0x000000008a7a8e90}: org/springframework/boot/actuate/endpoint/jmx/EndpointMBean> (0x000000008a7a8e90) 
thrown [s\src\hotspot\share\classfile\systemDictionary.cpp, line 256]
Event: 24.239 Thread 0x0000021ee2a6cd50 Exception <a 'java/lang/ClassNotFoundException'{0x000000008a7a9240}: org/springframework/boot/actuate/endpoint/jmx/DataEndpointMBean> (0x000000008a7a9240) 
thrown [s\src\hotspot\share\classfile\systemDictionary.cpp, line 256]
Event: 24.239 Thread 0x0000021ee2a6cd50 Exception <a 'java/lang/ClassNotFoundException'{0x000000008a7a95e8}: org/springframework/context/support/LiveBeansView> (0x000000008a7a95e8) 
thrown [s\src\hotspot\share\classfile\systemDictionary.cpp, line 256]
Event: 24.247 Thread 0x0000021ee2a6cd50 Exception <a 'java/lang/ClassNotFoundException'{0x000000008a7f6638}: org/springframework/boot/actuate/endpoint/jmx/EndpointMBean> (0x000000008a7f6638) 
thrown [s\src\hotspot\share\classfile\systemDictionary.cpp, line 256]
Event: 24.255 Thread 0x0000021ee2a6cd50 Exception <a 'java/lang/ClassNotFoundException'{0x0000000086e40438}: org/springframework/boot/actuate/endpoint/jmx/DataEndpointMBean> (0x0000000086e40438) 
thrown [s\src\hotspot\share\classfile\systemDictionary.cpp, line 256]
Event: 24.262 Thread 0x0000021ee2a6cd50 Exception <a 'java/lang/ClassNotFoundException'{0x0000000086e8a220}: org/springframework/context/support/LiveBeansView> (0x0000000086e8a220) 
thrown [s\src\hotspot\share\classfile\systemDictionary.cpp, line 256]
Event: 24.263 Thread 0x0000021ee2a6cd50 Exception <a 'java/lang/ClassNotFoundException'{0x0000000086e8d588}: org/springframework/boot/actuate/endpoint/jmx/EndpointMBean> (0x0000000086e8d588) 
thrown [s\src\hotspot\share\classfile\systemDictionary.cpp, line 256]
Event: 24.263 Thread 0x0000021ee2a6cd50 Exception <a 'java/lang/ClassNotFoundException'{0x0000000086e8d958}: org/springframework/boot/actuate/endpoint/jmx/DataEndpointMBean> (0x0000000086e8d958) 
thrown [s\src\hotspot\share\classfile\systemDictionary.cpp, line 256]
Event: 24.263 Thread 0x0000021ee2a6cd50 Exception <a 'java/lang/ClassNotFoundException'{0x0000000086e8dd20}: org/springframework/context/support/LiveBeansView> (0x0000000086e8dd20) 
thrown [s\src\hotspot\share\classfile\systemDictionary.cpp, line 256]
Event: 24.263 Thread 0x0000021ee2a6cd50 Exception <a 'java/lang/ClassNotFoundException'{0x0000000086e8e0d8}: org/springframework/boot/actuate/endpoint/jmx/EndpointMBean> (0x0000000086e8e0d8) 
thrown [s\src\hotspot\share\classfile\systemDictionary.cpp, line 256]
Event: 24.263 Thread 0x0000021ee2a6cd50 Exception <a 'java/lang/ClassNotFoundException'{0x0000000086e8e490}: org/springframework/boot/actuate/endpoint/jmx/DataEndpointMBean> (0x0000000086e8e490) 
thrown [s\src\hotspot\share\classfile\systemDictionary.cpp, line 256]
Event: 24.263 Thread 0x0000021ee2a6cd50 Exception <a 'java/lang/ClassNotFoundException'{0x0000000086e8e840}: org/springframework/context/support/LiveBeansView> (0x0000000086e8e840) 
thrown [s\src\hotspot\share\classfile\systemDictionary.cpp, line 256]
Event: 24.264 Thread 0x0000021ee2a6cd50 Exception <a 'java/lang/ClassNotFoundException'{0x0000000086e8ebf8}: org/springframework/boot/actuate/endpoint/jmx/EndpointMBean> (0x0000000086e8ebf8) 
thrown [s\src\hotspot\share\classfile\systemDictionary.cpp, line 256]
Event: 24.264 Thread 0x0000021ee2a6cd50 Exception <a 'java/lang/ClassNotFoundException'{0x0000000086e8efb0}: org/springframework/boot/actuate/endpoint/jmx/DataEndpointMBean> (0x0000000086e8efb0) 
thrown [s\src\hotspot\share\classfile\systemDictionary.cpp, line 256]
Event: 24.264 Thread 0x0000021ee2a6cd50 Exception <a 'java/lang/ClassNotFoundException'{0x0000000086e8f360}: org/springframework/context/support/LiveBeansView> (0x0000000086e8f360) 
thrown [s\src\hotspot\share\classfile\systemDictionary.cpp, line 256]
Event: 24.274 Thread 0x0000021ee2a6cd50 Exception <a 'java/lang/NoSuchMethodError'{0x0000000086e96d48}: 'double java.lang.invoke.DirectMethodHandle$Holder.invokeSpecialIFC(java.lang.Object, java.lang.Object)'> (0x0000000086e96d48) 
thrown [s\src\hotspot\share\interpreter\linkResolver.cpp, line 759]
Event: 27.792 Thread 0x0000021ee699b380 Exception <a 'java/lang/NoSuchMethodError'{0x0000000086c68100}: 'java.lang.Object java.lang.invoke.DirectMethodHandle$Holder.invokeSpecial(java.lang.Object, java.lang.Object, java.lang.Object, java.lang.Object, java.lang.Object, long)'> (0x0000000086c68100) 
thrown [s\src\hotspot\share\interpreter\linkResolver.cpp, line 759]
Event: 27.796 Thread 0x0000021ee699b380 Exception <a 'java/lang/NoSuchMethodError'{0x0000000086c6bb40}: 'java.lang.Object java.lang.invoke.Invokers$Holder.linkToTargetMethod(java.lang.Object, java.lang.Object, java.lang.Object, long, java.lang.Object)'> (0x0000000086c6bb40) 
thrown [s\src\hotspot\share\interpreter\linkResolver.cpp, line 759]

VM Operations (20 events):
Event: 22.812 Executing VM operation: HandshakeAllThreads
Event: 22.812 Executing VM operation: HandshakeAllThreads done
Event: 22.962 Executing VM operation: G1CollectForAllocation
Event: 22.969 Executing VM operation: G1CollectForAllocation done
Event: 23.972 Executing VM operation: Cleanup
Event: 23.972 Executing VM operation: Cleanup done
Event: 24.973 Executing VM operation: Cleanup
Event: 24.973 Executing VM operation: Cleanup done
Event: 27.851 Executing VM operation: HandshakeAllThreads
Event: 27.851 Executing VM operation: HandshakeAllThreads done
Event: 27.851 Executing VM operation: Cleanup
Event: 27.851 Executing VM operation: Cleanup done
Event: 28.101 Executing VM operation: HandshakeAllThreads
Event: 28.101 Executing VM operation: HandshakeAllThreads done
Event: 28.106 Executing VM operation: HandshakeAllThreads
Event: 28.106 Executing VM operation: HandshakeAllThreads done
Event: 28.140 Executing VM operation: HandshakeAllThreads
Event: 28.140 Executing VM operation: HandshakeAllThreads done
Event: 28.634 Executing VM operation: G1CollectForAllocation
Event: 28.641 Executing VM operation: G1CollectForAllocation done

Memory protections (0 events):
No events

Nmethod flushes (20 events):
Event: 13.447 Thread 0x0000021ee10545b0 flushing  nmethod 0x0000021ec6aed510
Event: 13.447 Thread 0x0000021ee10545b0 flushing  nmethod 0x0000021ec6aedb10
Event: 13.447 Thread 0x0000021ee10545b0 flushing  nmethod 0x0000021ec6aee710
Event: 13.447 Thread 0x0000021ee10545b0 flushing  nmethod 0x0000021ec6af0710
Event: 13.447 Thread 0x0000021ee10545b0 flushing  nmethod 0x0000021ec6af0d90
Event: 13.447 Thread 0x0000021ee10545b0 flushing  nmethod 0x0000021ec6af1290
Event: 13.447 Thread 0x0000021ee10545b0 flushing  nmethod 0x0000021ec6af1690
Event: 13.447 Thread 0x0000021ee10545b0 flushing  nmethod 0x0000021ec6af2010
Event: 13.447 Thread 0x0000021ee10545b0 flushing  nmethod 0x0000021ec6afc110
Event: 13.447 Thread 0x0000021ee10545b0 flushing  nmethod 0x0000021ec6b02d90
Event: 13.447 Thread 0x0000021ee10545b0 flushing  nmethod 0x0000021ec6b4cb90
Event: 13.448 Thread 0x0000021ee10545b0 flushing  nmethod 0x0000021ec6b71310
Event: 13.448 Thread 0x0000021ee10545b0 flushing  nmethod 0x0000021ec6be4910
Event: 13.448 Thread 0x0000021ee10545b0 flushing  nmethod 0x0000021ec6c00610
Event: 13.449 Thread 0x0000021ee10545b0 flushing  nmethod 0x0000021ec6c1e090
Event: 13.449 Thread 0x0000021ee10545b0 flushing  nmethod 0x0000021ec6c1f610
Event: 13.449 Thread 0x0000021ee10545b0 flushing  nmethod 0x0000021ec6c1fe90
Event: 20.099 Thread 0x0000021ee10545b0 flushing  nmethod 0x0000021ecdd73b10
Event: 20.102 Thread 0x0000021ee10545b0 flushing  nmethod 0x0000021ec61fee90
Event: 20.109 Thread 0x0000021ee10545b0 flushing  nmethod 0x0000021ec65b0f90

Events (20 events):
Event: 21.514 Thread 0x0000021ee24b2030 Thread added: 0x0000021ee699ae70
Event: 21.514 Thread 0x0000021ee24b2030 Thread added: 0x0000021ee69980e0
Event: 21.515 Thread 0x0000021ee24b2030 Thread added: 0x0000021ee69985f0
Event: 21.515 Thread 0x0000021ee24b2030 Thread added: 0x0000021ee699f550
Event: 21.515 Thread 0x0000021ee24b2030 Thread added: 0x0000021ee699dc00
Event: 21.545 Thread 0x0000021ee24b2030 Thread added: 0x0000021ee699e110
Event: 21.548 Thread 0x0000021ee24b2030 Thread added: 0x0000021ee699d1e0
Event: 21.645 Thread 0x0000021ee24b2030 Thread exited: 0x0000021ee24b2030
Event: 21.650 Thread 0x0000021ee1bea950 Thread exited: 0x0000021ee1bea950
Event: 21.650 Thread 0x0000021ec1b69b50 Thread exited: 0x0000021ec1b69b50
Event: 21.651 Thread 0x0000021ee699bda0 Thread added: 0x0000021ee699bda0
Event: 22.710 Thread 0x0000021ee1a08900 Thread added: 0x0000021ee699f040
Event: 24.087 Thread 0x0000021ee4d25de0 Thread exited: 0x0000021ee4d25de0
Event: 24.087 Thread 0x0000021ee2c1bd00 Thread exited: 0x0000021ee2c1bd00
Event: 24.150 Thread 0x0000021ee1054090 Thread added: 0x0000021ee23230a0
Event: 24.260 Thread 0x0000021ee1054090 Thread added: 0x0000021ee23210c0
Event: 24.716 Thread 0x0000021ee23230a0 Thread exited: 0x0000021ee23230a0
Event: 24.716 Thread 0x0000021ee23210c0 Thread exited: 0x0000021ee23210c0
Event: 27.793 Thread 0x0000021ee1054090 Thread added: 0x0000021ee2321b60
Event: 28.134 Thread 0x0000021ee1054090 Thread added: 0x0000021ee23230a0


Dynamic libraries:
0x00007ff781fc0000 - 0x00007ff781fce000 	C:\Users\bappa\.vscode\extensions\redhat.java-1.38.0-win32-x64\jre\17.0.13-win32-x86_64\bin\java.exe
0x00007ffde0c00000 - 0x00007ffde0e63000 	C:\WINDOWS\SYSTEM32\ntdll.dll
0x00007ffddf760000 - 0x00007ffddf828000 	C:\WINDOWS\System32\KERNEL32.DLL
0x00007ffdde480000 - 0x00007ffdde832000 	C:\WINDOWS\System32\KERNELBASE.dll
0x00007ffdde060000 - 0x00007ffdde1ab000 	C:\WINDOWS\System32\ucrtbase.dll
0x00007ffdd5670000 - 0x00007ffdd5687000 	C:\Users\bappa\.vscode\extensions\redhat.java-1.38.0-win32-x64\jre\17.0.13-win32-x86_64\bin\jli.dll
0x00007ffdcaae0000 - 0x00007ffdcaafe000 	C:\Users\bappa\.vscode\extensions\redhat.java-1.38.0-win32-x64\jre\17.0.13-win32-x86_64\bin\VCRUNTIME140.dll
0x00007ffdded10000 - 0x00007ffddeed8000 	C:\WINDOWS\System32\USER32.dll
0x00007ffdc9470000 - 0x00007ffdc9700000 	C:\WINDOWS\WinSxS\amd64_microsoft.windows.common-controls_6595b64144ccf1df_6.0.26100.2454_none_3e0b68a2e331ad60\COMCTL32.dll
0x00007ffdde900000 - 0x00007ffdde927000 	C:\WINDOWS\System32\win32u.dll
0x00007ffddfbd0000 - 0x00007ffddfc79000 	C:\WINDOWS\System32\msvcrt.dll
0x00007ffddf830000 - 0x00007ffddf85a000 	C:\WINDOWS\System32\GDI32.dll
0x00007ffdde930000 - 0x00007ffddea5b000 	C:\WINDOWS\System32\gdi32full.dll
0x00007ffdde3d0000 - 0x00007ffdde473000 	C:\WINDOWS\System32\msvcp_win.dll
0x00007ffde0ae0000 - 0x00007ffde0b0f000 	C:\WINDOWS\System32\IMM32.DLL
0x00007ffdda030000 - 0x00007ffdda03c000 	C:\Users\bappa\.vscode\extensions\redhat.java-1.38.0-win32-x64\jre\17.0.13-win32-x86_64\bin\vcruntime140_1.dll
0x00007ffdb0290000 - 0x00007ffdb031d000 	C:\Users\bappa\.vscode\extensions\redhat.java-1.38.0-win32-x64\jre\17.0.13-win32-x86_64\bin\msvcp140.dll
0x00007ffd678e0000 - 0x00007ffd6854b000 	C:\Users\bappa\.vscode\extensions\redhat.java-1.38.0-win32-x64\jre\17.0.13-win32-x86_64\bin\server\jvm.dll
0x00007ffde0a10000 - 0x00007ffde0ac4000 	C:\WINDOWS\System32\ADVAPI32.dll
0x00007ffde0110000 - 0x00007ffde01b6000 	C:\WINDOWS\System32\sechost.dll
0x00007ffddf530000 - 0x00007ffddf646000 	C:\WINDOWS\System32\RPCRT4.dll
0x00007ffde08d0000 - 0x00007ffde0944000 	C:\WINDOWS\System32\WS2_32.dll
0x00007ffddde60000 - 0x00007ffdddeae000 	C:\WINDOWS\SYSTEM32\POWRPROF.dll
0x00007ffdd5740000 - 0x00007ffdd574b000 	C:\WINDOWS\SYSTEM32\VERSION.dll
0x00007ffdc5fc0000 - 0x00007ffdc5ff6000 	C:\WINDOWS\SYSTEM32\WINMM.dll
0x00007ffddde40000 - 0x00007ffddde54000 	C:\WINDOWS\SYSTEM32\UMPDC.dll
0x00007ffddce10000 - 0x00007ffddce2a000 	C:\WINDOWS\SYSTEM32\kernel.appcore.dll
0x00007ffdd8a00000 - 0x00007ffdd8a0a000 	C:\Users\bappa\.vscode\extensions\redhat.java-1.38.0-win32-x64\jre\17.0.13-win32-x86_64\bin\jimage.dll
0x00007ffddb9d0000 - 0x00007ffddbc11000 	C:\WINDOWS\SYSTEM32\DBGHELP.DLL
0x00007ffddf190000 - 0x00007ffddf50e000 	C:\WINDOWS\System32\combase.dll
0x00007ffddeee0000 - 0x00007ffddefb6000 	C:\WINDOWS\System32\OLEAUT32.dll
0x00007ffdc5f80000 - 0x00007ffdc5fb9000 	C:\WINDOWS\SYSTEM32\dbgcore.DLL
0x00007ffdde330000 - 0x00007ffdde3c9000 	C:\WINDOWS\System32\bcryptPrimitives.dll
0x00007ffdc6080000 - 0x00007ffdc60a5000 	C:\Users\bappa\.vscode\extensions\redhat.java-1.38.0-win32-x64\jre\17.0.13-win32-x86_64\bin\java.dll
0x00007ffdc9810000 - 0x00007ffdc9828000 	C:\Users\bappa\.vscode\extensions\redhat.java-1.38.0-win32-x64\jre\17.0.13-win32-x86_64\bin\zip.dll
0x00007ffde01c0000 - 0x00007ffde08c0000 	C:\WINDOWS\System32\SHELL32.dll
0x00007ffddbd20000 - 0x00007ffddc551000 	C:\WINDOWS\SYSTEM32\windows.storage.dll
0x00007ffddefc0000 - 0x00007ffddf09a000 	C:\WINDOWS\System32\SHCORE.dll
0x00007ffde09b0000 - 0x00007ffde0a0d000 	C:\WINDOWS\System32\shlwapi.dll
0x00007ffdddee0000 - 0x00007ffdddf0e000 	C:\WINDOWS\SYSTEM32\profapi.dll
0x00007ffdc97c0000 - 0x00007ffdc97d9000 	C:\Users\bappa\.vscode\extensions\redhat.java-1.38.0-win32-x64\jre\17.0.13-win32-x86_64\bin\net.dll
0x00007ffdd8fa0000 - 0x00007ffdd90c6000 	C:\WINDOWS\SYSTEM32\WINHTTP.dll
0x00007ffddd310000 - 0x00007ffddd378000 	C:\WINDOWS\system32\mswsock.dll
0x00007ffdc2310000 - 0x00007ffdc2326000 	C:\Users\bappa\.vscode\extensions\redhat.java-1.38.0-win32-x64\jre\17.0.13-win32-x86_64\bin\nio.dll
0x00007ffdd9910000 - 0x00007ffdd991a000 	C:\Users\bappa\.vscode\extensions\redhat.java-1.38.0-win32-x64\jre\17.0.13-win32-x86_64\bin\management.dll
0x00007ffdd89a0000 - 0x00007ffdd89ab000 	C:\Users\bappa\.vscode\extensions\redhat.java-1.38.0-win32-x64\jre\17.0.13-win32-x86_64\bin\management_ext.dll
0x00007ffde0ad0000 - 0x00007ffde0ad8000 	C:\WINDOWS\System32\PSAPI.DLL
0x00007ffdbfac0000 - 0x00007ffdbfad8000 	C:\WINDOWS\system32\napinsp.dll
0x00007ffddc940000 - 0x00007ffddca65000 	C:\WINDOWS\SYSTEM32\DNSAPI.dll
0x00007ffddc8a0000 - 0x00007ffddc8d2000 	C:\WINDOWS\SYSTEM32\IPHLPAPI.DLL
0x00007ffddebc0000 - 0x00007ffddebca000 	C:\WINDOWS\System32\NSI.dll
0x00007ffdbf500000 - 0x00007ffdbf512000 	C:\WINDOWS\System32\winrnr.dll
0x00007ffdbf4d0000 - 0x00007ffdbf4f2000 	C:\WINDOWS\system32\nlansp_c.dll
0x00007ffdbf4b0000 - 0x00007ffdbf4c6000 	C:\WINDOWS\system32\wshbth.dll
0x00007ffdd0d10000 - 0x00007ffdd0d1b000 	C:\Windows\System32\rasadhlp.dll
0x00007ffdd61a0000 - 0x00007ffdd6225000 	C:\WINDOWS\System32\fwpuclnt.dll
0x00007ffddd5b0000 - 0x00007ffddd5cc000 	C:\WINDOWS\SYSTEM32\CRYPTSP.dll
0x00007ffddcd70000 - 0x00007ffddcda8000 	C:\WINDOWS\system32\rsaenh.dll
0x00007ffddd3b0000 - 0x00007ffddd3db000 	C:\WINDOWS\SYSTEM32\USERENV.dll
0x00007ffddd7f0000 - 0x00007ffddd816000 	C:\WINDOWS\SYSTEM32\bcrypt.dll
0x00007ffddd5d0000 - 0x00007ffddd5dc000 	C:\WINDOWS\SYSTEM32\CRYPTBASE.dll
0x00007ffdd8f70000 - 0x00007ffdd8f8e000 	C:\WINDOWS\SYSTEM32\dhcpcsvc6.DLL
0x00007ffdd8f40000 - 0x00007ffdd8f65000 	C:\WINDOWS\SYSTEM32\dhcpcsvc.DLL
0x00007ffdd8990000 - 0x00007ffdd8999000 	C:\Users\bappa\.vscode\extensions\redhat.java-1.38.0-win32-x64\jre\17.0.13-win32-x86_64\bin\extnet.dll
0x00007ffdda1a0000 - 0x00007ffdda1ae000 	C:\Users\bappa\.vscode\extensions\redhat.java-1.38.0-win32-x64\jre\17.0.13-win32-x86_64\bin\sunmscapi.dll
0x00007ffdde1b0000 - 0x00007ffdde326000 	C:\WINDOWS\System32\CRYPT32.dll
0x00007ffddd7b0000 - 0x00007ffddd7e0000 	C:\WINDOWS\SYSTEM32\ncrypt.dll
0x00007ffddd760000 - 0x00007ffddd79f000 	C:\WINDOWS\SYSTEM32\NTASN1.dll
0x00007ffdd6f90000 - 0x00007ffdd6fa0000 	C:\Users\bappa\.vscode\extensions\redhat.java-1.38.0-win32-x64\jre\17.0.13-win32-x86_64\bin\verify.dll
0x00007ffdd65a0000 - 0x00007ffdd65a8000 	C:\WINDOWS\system32\wshunix.dll

dbghelp: loaded successfully - version: 4.0.5 - missing functions: none
symbol engine: initialized successfully - sym options: 0x614 - pdb path: .;C:\Users\bappa\.vscode\extensions\redhat.java-1.38.0-win32-x64\jre\17.0.13-win32-x86_64\bin;C:\WINDOWS\SYSTEM32;C:\WINDOWS\WinSxS\amd64_microsoft.windows.common-controls_6595b64144ccf1df_6.0.26100.2454_none_3e0b68a2e331ad60;C:\Users\bappa\.vscode\extensions\redhat.java-1.38.0-win32-x64\jre\17.0.13-win32-x86_64\bin\server

VM Arguments:
jvm_args: -Dcom.sun.management.jmxremote -Dcom.sun.management.jmxremote.port=54701 -Dcom.sun.management.jmxremote.authenticate=false -Dcom.sun.management.jmxremote.ssl=false -Dspring.jmx.enabled=true -Djava.rmi.server.hostname=localhost -Dspring.application.admin.enabled=true -Dspring.boot.project.name=portfolio -XX:+ShowCodeDetailsInExceptionMessages -Dmanagement.endpoints.jmx.exposure.include=* 
java_command: com.my.portfolio.PortfolioApplication
java_class_path (initial): E:\SpringBootProject\portfolio\target\classes;C:\Users\bappa\.m2\repository\org\springframework\boot\spring-boot-starter-actuator\3.4.1\spring-boot-starter-actuator-3.4.1.jar;C:\Users\bappa\.m2\repository\org\springframework\boot\spring-boot-starter\3.4.1\spring-boot-starter-3.4.1.jar;C:\Users\bappa\.m2\repository\org\springframework\boot\spring-boot-starter-logging\3.4.1\spring-boot-starter-logging-3.4.1.jar;C:\Users\bappa\.m2\repository\ch\qos\logback\logback-classic\1.5.12\logback-classic-1.5.12.jar;C:\Users\bappa\.m2\repository\ch\qos\logback\logback-core\1.5.12\logback-core-1.5.12.jar;C:\Users\bappa\.m2\repository\org\apache\logging\log4j\log4j-to-slf4j\2.24.3\log4j-to-slf4j-2.24.3.jar;C:\Users\bappa\.m2\repository\org\apache\logging\log4j\log4j-api\2.24.3\log4j-api-2.24.3.jar;C:\Users\bappa\.m2\repository\org\slf4j\jul-to-slf4j\2.0.16\jul-to-slf4j-2.0.16.jar;C:\Users\bappa\.m2\repository\jakarta\annotation\jakarta.annotation-api\2.1.1\jakarta.annotation-api-2.1.1.jar;C:\Users\bappa\.m2\repository\org\yaml\snakeyaml\2.3\snakeyaml-2.3.jar;C:\Users\bappa\.m2\repository\org\springframework\boot\spring-boot-actuator-autoconfigure\3.4.1\spring-boot-actuator-autoconfigure-3.4.1.jar;C:\Users\bappa\.m2\repository\org\springframework\boot\spring-boot-actuator\3.4.1\spring-boot-actuator-3.4.1.jar;C:\Users\bappa\.m2\repository\com\fasterxml\jackson\core\jackson-databind\2.18.2\jackson-databind-2.18.2.jar;C:\Users\bappa\.m2\repository\com\fasterxml\jackson\core\jackson-annotations\2.18.2\jackson-annotations-2.18.2.jar;C:\Users\bappa\.m2\repository\com\fasterxml\jackson\core\jackson-core\2.18.2\jackson-core-2.18.2.jar;C:\Users\bappa\.m2\repository\com\fasterxml\jackson\datatype\jackson-datatype-jsr310\2.18.2\jackson-datatype-jsr310-2.18.2.jar;C:\Users\bappa\.m2\repository\io\micrometer\micrometer-observation\1.14.2\micrometer-observation-1.14.2.jar;C:\Users\bappa\.m2\repository\io\micrometer\micrometer-commons\1.14.2\micrometer-commons-1.14.2.ja
Launcher Type: SUN_STANDARD

[Global flags]
     intx CICompilerCount                          = 4                                         {product} {ergonomic}
     uint ConcGCThreads                            = 2                                         {product} {ergonomic}
     uint G1ConcRefinementThreads                  = 8                                         {product} {ergonomic}
   size_t G1HeapRegionSize                         = 1048576                                   {product} {ergonomic}
    uintx GCDrainStackTargetSize                   = 64                                        {product} {ergonomic}
   size_t InitialHeapSize                          = 132120576                                 {product} {ergonomic}
     bool ManagementServer                         = true                                      {product} {command line}
   size_t MarkStackSize                            = 4194304                                   {product} {ergonomic}
   size_t MaxHeapSize                              = 2097152000                                {product} {ergonomic}
   size_t MaxNewSize                               = 1258291200                                {product} {ergonomic}
   size_t MinHeapDeltaBytes                        = 1048576                                   {product} {ergonomic}
   size_t MinHeapSize                              = 8388608                                   {product} {ergonomic}
    uintx NonNMethodCodeHeapSize                   = 5839372                                {pd product} {ergonomic}
    uintx NonProfiledCodeHeapSize                  = 122909434                              {pd product} {ergonomic}
    uintx ProfiledCodeHeapSize                     = 122909434                              {pd product} {ergonomic}
    uintx ReservedCodeCacheSize                    = 251658240                              {pd product} {ergonomic}
     bool SegmentedCodeCache                       = true                                      {product} {ergonomic}
     bool ShowCodeDetailsInExceptionMessages       = true                                   {manageable} {command line}
   size_t SoftMaxHeapSize                          = 2097152000                             {manageable} {ergonomic}
     bool UseCompressedClassPointers               = true                           {product lp64_product} {ergonomic}
     bool UseCompressedOops                        = true                           {product lp64_product} {ergonomic}
     bool UseG1GC                                  = true                                      {product} {ergonomic}
     bool UseLargePagesIndividualAllocation        = false                                  {pd product} {ergonomic}

Logging:
Log output configuration:
 #0: stdout all=warning uptime,level,tags
 #1: stderr all=off uptime,level,tags

Environment Variables:
PATH=C:\Program Files\Common Files\Oracle\Java\javapath;C:\WINDOWS\system32;C:\WINDOWS;C:\WINDOWS\System32\Wbem;C:\WINDOWS\System32\WindowsPowerShell\v1.0\;C:\WINDOWS\System32\OpenSSH\;C:\MinGW\bin;C:\Program Files\Git\cmd;C:\Program Files\MongoDB\mongosh-2.3.1-win32-x64\bin;C:\Users\bappa\AppData\Roaming\nvm;C:\Program Files\nodejs;C:\Users\bappa\Downloads\apache-maven-3.9.9-bin\apache-maven-3.9.9\bin;C:\Users\bappa\AppData\Local\Microsoft\WindowsApps;C:\Users\bappa\AppData\Local\Programs\Microsoft VS Code\bin;C:\MinGW\bin;C:\Users\bappa\AppData\Roaming\npm;C:\Program Files\Java\jdk-23\bin;C:\Program Files\CMake\bin;C:\Users\bappa\AppData\Roaming\nvm;C:\Program Files\nodejs;;C:\Program Files\JetBrains\IntelliJ IDEA Community Edition 2024.3.1\bin;
USERNAME=bappa
LANG=en_US.UTF-8
OS=Windows_NT
PROCESSOR_IDENTIFIER=Intel64 Family 6 Model 126 Stepping 5, GenuineIntel
TMP=C:\Users\bappa\AppData\Local\Temp
TEMP=C:\Users\bappa\AppData\Local\Temp



Periodic native trim disabled


---------------  S Y S T E M  ---------------

OS:
 Windows 11 , 64 bit Build 26100 (10.0.26100.2454)
OS uptime: 1 days 2:22 hours

CPU: total 8 (initial active 8) (4 cores per cpu, 2 threads per core) family 6 model 126 stepping 5 microcode 0xa0, cx8, cmov, fxsr, ht, mmx, 3dnowpref, sse, sse2, sse3, ssse3, sse4.1, sse4.2, popcnt, lzcnt, tsc, tscinvbit, avx, avx2, aes, erms, clmul, bmi1, bmi2, adx, avx512f, avx512dq, avx512cd, avx512bw, avx512vl, sha, fma, vzeroupper, avx512_vpopcntdq, avx512_vpclmulqdq, avx512_vaes, avx512_vnni, clflush, clflushopt, avx512_vbmi2, avx512_vbmi
Processor Information for all 8 processors :
  Max Mhz: 1201, Current Mhz: 600, Mhz Limit: 1201

Memory: 4k page, system-wide physical 7997M (1391M free)
TotalPageFile size 10045M (AvailPageFile size 5M)
current process WorkingSet (physical memory assigned to process): 287M, peak: 301M
current process commit charge ("private bytes"): 317M, peak: 330M

vm_info: OpenJDK 64-Bit Server VM (17.0.13+11) for windows-amd64 JRE (17.0.13+11), built on Oct 16 2024 00:10:08 by "admin" with MS VC++ 17.7 (VS2022)

END.
