#
# There is insufficient memory for the Java Runtime Environment to continue.
# Native memory allocation (malloc) failed to allocate 1048576 bytes. Error detail: AllocateHeap
# Possible reasons:
#   The system is out of physical RAM or swap space
#   This process is running with CompressedOops enabled, and the Java Heap may be blocking the growth of the native heap
# Possible solutions:
#   Reduce memory load on the system
#   Increase physical memory or swap space
#   Check if swap backing store is full
#   Decrease Java heap size (-Xmx/-Xms)
#   Decrease number of Java threads
#   Decrease Java thread stack sizes (-Xss)
#   Set larger code cache with -XX:ReservedCodeCacheSize=
#   JVM is running with Unscaled Compressed Oops mode in which the Java heap is
#     placed in the first 4GB address space. The Java Heap base address is the
#     maximum limit for the native heap growth. Please use -XX:HeapBaseMinAddress
#     to set the Java Heap base and to place the Java Heap above 4GB virtual address.
# This output file may be truncated or incomplete.
#
#  Out of Memory Error (allocation.cpp:44), pid=1940, tid=17456
#
# JRE version:  (17.0.13+11) (build )
# Java VM: OpenJDK 64-Bit Server VM (17.0.13+11, mixed mode, sharing, tiered, compressed oops, compressed class ptrs, g1 gc, windows-amd64)
# No core dump will be written. Minidumps are not enabled by default on client versions of Windows
#

---------------  S U M M A R Y ------------

Command Line: -Dcom.sun.management.jmxremote -Dcom.sun.management.jmxremote.port=54019 -Dcom.sun.management.jmxremote.authenticate=false -Dcom.sun.management.jmxremote.ssl=false -Dspring.jmx.enabled=true -Djava.rmi.server.hostname=localhost -Dspring.application.admin.enabled=true -Dspring.boot.project.name=portfolio -XX:+ShowCodeDetailsInExceptionMessages com.my.portfolio.PortfolioApplication

Host: Intel(R) Core(TM) i5-1035G1 CPU @ 1.00GHz, 8 cores, 7G,  Windows 11 , 64 bit Build 26100 (10.0.26100.2454)
Time: Tue Dec 24 10:59:56 2024 India Standard Time elapsed time: 1.094997 seconds (0d 0h 0m 1s)

---------------  T H R E A D  ---------------

Current thread (0x000002fcf190ba60):  JavaThread "Unknown thread" [_thread_in_vm, id=17456, stack(0x000000fd9e000000,0x000000fd9e100000)]

Stack: [0x000000fd9e000000,0x000000fd9e100000]
Native frames: (J=compiled Java code, j=interpreted, Vv=VM code, C=native code)
V  [jvm.dll+0x682a19]
V  [jvm.dll+0x839538]
V  [jvm.dll+0x83afe3]
V  [jvm.dll+0x83b653]
V  [jvm.dll+0x24704f]
V  [jvm.dll+0xa7543]
V  [jvm.dll+0x2e5222]
V  [jvm.dll+0x2dcd4b]
V  [jvm.dll+0x80b44b]
V  [jvm.dll+0x36b491]
V  [jvm.dll+0x7e9e3f]
V  [jvm.dll+0x3f1d7f]
V  [jvm.dll+0x3f38b1]
C  [jli.dll+0x5278]
C  [ucrtbase.dll+0x14ea0]
C  [KERNEL32.DLL+0x2e8d7]
C  [ntdll.dll+0xdfbcc]


---------------  P R O C E S S  ---------------

Threads class SMR info:
_java_thread_list=0x00007ffd60e97f58, length=0, elements={
}

Java Threads: ( => current thread )

Other Threads:
  0x000002fcf196fef0 GCTaskThread "GC Thread#0" [stack: 0x000000fd9e100000,0x000000fd9e200000] [id=14000]

[error occurred during error reporting (printing all threads), id 0xc0000005, EXCEPTION_ACCESS_VIOLATION (0xc0000005) at pc=0x00007ffd60649f00]

VM state: not at safepoint (not fully initialized)

VM Mutex/Monitor currently owned by a thread:  ([mutex/lock_event])
[0x000002fcf1907470] Heap_lock - owner thread: 0x000002fcf190ba60

Heap address: 0x0000000083000000, size: 2000 MB, Compressed Oops mode: 32-bit

CDS archive(s) mapped at: [0x0000000000000000-0x0000000000000000-0x0000000000000000), size 0, SharedBaseAddress: 0x0000000800000000, ArchiveRelocationMode: 1.
Narrow klass base: 0x0000000000000000, Narrow klass shift: 0, Narrow klass range: 0x0

GC Precious Log:
<Empty>

Heap:
 garbage-first heap   total 0K, used 0K [0x0000000083000000, 0x0000000100000000)
  region size 1024K, 0 young (0K), 0 survivors (0K)

[error occurred during error reporting (printing heap information), id 0xc0000005, EXCEPTION_ACCESS_VIOLATION (0xc0000005) at pc=0x00007ffd60a3c179]

GC Heap History (0 events):
No events

Dll operation events (1 events):
Event: 0.020 Loaded shared library C:\Users\bappa\.vscode\extensions\redhat.java-1.38.0-win32-x64\jre\17.0.13-win32-x86_64\bin\java.dll

Deoptimization events (0 events):
No events

Classes loaded (0 events):
No events

Classes unloaded (0 events):
No events

Classes redefined (0 events):
No events

Internal exceptions (0 events):
No events

VM Operations (0 events):
No events

Memory protections (0 events):
No events

Nmethod flushes (0 events):
No events

Events (0 events):
No events


Dynamic libraries:
0x00007ff781fc0000 - 0x00007ff781fce000 	C:\Users\bappa\.vscode\extensions\redhat.java-1.38.0-win32-x64\jre\17.0.13-win32-x86_64\bin\java.exe
0x00007ffde0c00000 - 0x00007ffde0e63000 	C:\WINDOWS\SYSTEM32\ntdll.dll
0x00007ffddf760000 - 0x00007ffddf828000 	C:\WINDOWS\System32\KERNEL32.DLL
0x00007ffdde480000 - 0x00007ffdde832000 	C:\WINDOWS\System32\KERNELBASE.dll
0x00007ffdde060000 - 0x00007ffdde1ab000 	C:\WINDOWS\System32\ucrtbase.dll
0x00007ffdd7020000 - 0x00007ffdd7037000 	C:\Users\bappa\.vscode\extensions\redhat.java-1.38.0-win32-x64\jre\17.0.13-win32-x86_64\bin\jli.dll
0x00007ffdcaae0000 - 0x00007ffdcaafe000 	C:\Users\bappa\.vscode\extensions\redhat.java-1.38.0-win32-x64\jre\17.0.13-win32-x86_64\bin\VCRUNTIME140.dll
0x00007ffdded10000 - 0x00007ffddeed8000 	C:\WINDOWS\System32\USER32.dll
0x00007ffdc9470000 - 0x00007ffdc9700000 	C:\WINDOWS\WinSxS\amd64_microsoft.windows.common-controls_6595b64144ccf1df_6.0.26100.2454_none_3e0b68a2e331ad60\COMCTL32.dll
0x00007ffdde900000 - 0x00007ffdde927000 	C:\WINDOWS\System32\win32u.dll
0x00007ffddfbd0000 - 0x00007ffddfc79000 	C:\WINDOWS\System32\msvcrt.dll
0x00007ffddf830000 - 0x00007ffddf85a000 	C:\WINDOWS\System32\GDI32.dll
0x00007ffdde930000 - 0x00007ffddea5b000 	C:\WINDOWS\System32\gdi32full.dll
0x00007ffdde3d0000 - 0x00007ffdde473000 	C:\WINDOWS\System32\msvcp_win.dll
0x00007ffde0ae0000 - 0x00007ffde0b0f000 	C:\WINDOWS\System32\IMM32.DLL
0x00007ffdd6ef0000 - 0x00007ffdd6efc000 	C:\Users\bappa\.vscode\extensions\redhat.java-1.38.0-win32-x64\jre\17.0.13-win32-x86_64\bin\vcruntime140_1.dll
0x00007ffdb0080000 - 0x00007ffdb010d000 	C:\Users\bappa\.vscode\extensions\redhat.java-1.38.0-win32-x64\jre\17.0.13-win32-x86_64\bin\msvcp140.dll
0x00007ffd60360000 - 0x00007ffd60fcb000 	C:\Users\bappa\.vscode\extensions\redhat.java-1.38.0-win32-x64\jre\17.0.13-win32-x86_64\bin\server\jvm.dll
0x00007ffde0a10000 - 0x00007ffde0ac4000 	C:\WINDOWS\System32\ADVAPI32.dll
0x00007ffde0110000 - 0x00007ffde01b6000 	C:\WINDOWS\System32\sechost.dll
0x00007ffddf530000 - 0x00007ffddf646000 	C:\WINDOWS\System32\RPCRT4.dll
0x00007ffde08d0000 - 0x00007ffde0944000 	C:\WINDOWS\System32\WS2_32.dll
0x00007ffdc5fc0000 - 0x00007ffdc5ff6000 	C:\WINDOWS\SYSTEM32\WINMM.dll
0x00007ffddde60000 - 0x00007ffdddeae000 	C:\WINDOWS\SYSTEM32\POWRPROF.dll
0x00007ffdd5740000 - 0x00007ffdd574b000 	C:\WINDOWS\SYSTEM32\VERSION.dll
0x00007ffddde40000 - 0x00007ffddde54000 	C:\WINDOWS\SYSTEM32\UMPDC.dll
0x00007ffddce10000 - 0x00007ffddce2a000 	C:\WINDOWS\SYSTEM32\kernel.appcore.dll
0x00007ffdd60f0000 - 0x00007ffdd60fa000 	C:\Users\bappa\.vscode\extensions\redhat.java-1.38.0-win32-x64\jre\17.0.13-win32-x86_64\bin\jimage.dll
0x00007ffddb9d0000 - 0x00007ffddbc11000 	C:\WINDOWS\SYSTEM32\DBGHELP.DLL
0x00007ffddf190000 - 0x00007ffddf50e000 	C:\WINDOWS\System32\combase.dll
0x00007ffddeee0000 - 0x00007ffddefb6000 	C:\WINDOWS\System32\OLEAUT32.dll
0x00007ffdc5f80000 - 0x00007ffdc5fb9000 	C:\WINDOWS\SYSTEM32\dbgcore.DLL
0x00007ffdde330000 - 0x00007ffdde3c9000 	C:\WINDOWS\System32\bcryptPrimitives.dll
0x00007ffdb5790000 - 0x00007ffdb57b5000 	C:\Users\bappa\.vscode\extensions\redhat.java-1.38.0-win32-x64\jre\17.0.13-win32-x86_64\bin\java.dll

dbghelp: loaded successfully - version: 4.0.5 - missing functions: none
symbol engine: initialized successfully - sym options: 0x614 - pdb path: .;C:\Users\bappa\.vscode\extensions\redhat.java-1.38.0-win32-x64\jre\17.0.13-win32-x86_64\bin;C:\WINDOWS\SYSTEM32;C:\WINDOWS\WinSxS\amd64_microsoft.windows.common-controls_6595b64144ccf1df_6.0.26100.2454_none_3e0b68a2e331ad60;C:\Users\bappa\.vscode\extensions\redhat.java-1.38.0-win32-x64\jre\17.0.13-win32-x86_64\bin\server

VM Arguments:
jvm_args: -Dcom.sun.management.jmxremote -Dcom.sun.management.jmxremote.port=54019 -Dcom.sun.management.jmxremote.authenticate=false -Dcom.sun.management.jmxremote.ssl=false -Dspring.jmx.enabled=true -Djava.rmi.server.hostname=localhost -Dspring.application.admin.enabled=true -Dspring.boot.project.name=portfolio -XX:+ShowCodeDetailsInExceptionMessages 
java_command: com.my.portfolio.PortfolioApplication
java_class_path (initial): E:\SpringBootProject\portfolio\target\classes;C:\Users\bappa\.m2\repository\org\springframework\boot\spring-boot-starter-data-jpa\3.4.1\spring-boot-starter-data-jpa-3.4.1.jar;C:\Users\bappa\.m2\repository\org\springframework\boot\spring-boot-starter\3.4.1\spring-boot-starter-3.4.1.jar;C:\Users\bappa\.m2\repository\org\springframework\boot\spring-boot-starter-logging\3.4.1\spring-boot-starter-logging-3.4.1.jar;C:\Users\bappa\.m2\repository\ch\qos\logback\logback-classic\1.5.12\logback-classic-1.5.12.jar;C:\Users\bappa\.m2\repository\ch\qos\logback\logback-core\1.5.12\logback-core-1.5.12.jar;C:\Users\bappa\.m2\repository\org\apache\logging\log4j\log4j-to-slf4j\2.24.3\log4j-to-slf4j-2.24.3.jar;C:\Users\bappa\.m2\repository\org\apache\logging\log4j\log4j-api\2.24.3\log4j-api-2.24.3.jar;C:\Users\bappa\.m2\repository\org\slf4j\jul-to-slf4j\2.0.16\jul-to-slf4j-2.0.16.jar;C:\Users\bappa\.m2\repository\jakarta\annotation\jakarta.annotation-api\2.1.1\jakarta.annotation-api-2.1.1.jar;C:\Users\bappa\.m2\repository\org\yaml\snakeyaml\2.3\snakeyaml-2.3.jar;C:\Users\bappa\.m2\repository\org\springframework\boot\spring-boot-starter-jdbc\3.4.1\spring-boot-starter-jdbc-3.4.1.jar;C:\Users\bappa\.m2\repository\com\zaxxer\HikariCP\5.1.0\HikariCP-5.1.0.jar;C:\Users\bappa\.m2\repository\org\springframework\spring-jdbc\6.2.1\spring-jdbc-6.2.1.jar;C:\Users\bappa\.m2\repository\org\hibernate\orm\hibernate-core\6.6.4.Final\hibernate-core-6.6.4.Final.jar;C:\Users\bappa\.m2\repository\jakarta\persistence\jakarta.persistence-api\3.1.0\jakarta.persistence-api-3.1.0.jar;C:\Users\bappa\.m2\repository\jakarta\transaction\jakarta.transaction-api\2.0.1\jakarta.transaction-api-2.0.1.jar;C:\Users\bappa\.m2\repository\org\jboss\logging\jboss-logging\3.6.1.Final\jboss-logging-3.6.1.Final.jar;C:\Users\bappa\.m2\repository\org\hibernate\common\hibernate-commons-annotations\7.0.3.Final\hibernate-commons-annotations-7.0.3.Final.jar;C:\Users\bappa\.m2\repository\io\smallrye\jandex\
Launcher Type: SUN_STANDARD

[Global flags]
     intx CICompilerCount                          = 4                                         {product} {ergonomic}
     uint ConcGCThreads                            = 2                                         {product} {ergonomic}
     uint G1ConcRefinementThreads                  = 8                                         {product} {ergonomic}
   size_t G1HeapRegionSize                         = 1048576                                   {product} {ergonomic}
    uintx GCDrainStackTargetSize                   = 64                                        {product} {ergonomic}
   size_t InitialHeapSize                          = 132120576                                 {product} {ergonomic}
     bool ManagementServer                         = true                                      {product} {command line}
   size_t MarkStackSize                            = 4194304                                   {product} {ergonomic}
   size_t MaxHeapSize                              = 2097152000                                {product} {ergonomic}
   size_t MinHeapDeltaBytes                        = 1048576                                   {product} {ergonomic}
   size_t MinHeapSize                              = 8388608                                   {product} {ergonomic}
    uintx NonNMethodCodeHeapSize                   = 5839372                                {pd product} {ergonomic}
    uintx NonProfiledCodeHeapSize                  = 122909434                              {pd product} {ergonomic}
    uintx ProfiledCodeHeapSize                     = 122909434                              {pd product} {ergonomic}
    uintx ReservedCodeCacheSize                    = 251658240                              {pd product} {ergonomic}
     bool SegmentedCodeCache                       = true                                      {product} {ergonomic}
     bool ShowCodeDetailsInExceptionMessages       = true                                   {manageable} {command line}
   size_t SoftMaxHeapSize                          = 2097152000                             {manageable} {ergonomic}
     bool UseCompressedClassPointers               = true                           {product lp64_product} {ergonomic}
     bool UseCompressedOops                        = true                           {product lp64_product} {ergonomic}
     bool UseG1GC                                  = true                                      {product} {ergonomic}
     bool UseLargePagesIndividualAllocation        = false                                  {pd product} {ergonomic}

Logging:
Log output configuration:
 #0: stdout all=warning uptime,level,tags
 #1: stderr all=off uptime,level,tags

Environment Variables:
PATH=C:\Program Files\Common Files\Oracle\Java\javapath;C:\WINDOWS\system32;C:\WINDOWS;C:\WINDOWS\System32\Wbem;C:\WINDOWS\System32\WindowsPowerShell\v1.0\;C:\WINDOWS\System32\OpenSSH\;C:\MinGW\bin;C:\Program Files\Git\cmd;C:\Program Files\MongoDB\mongosh-2.3.1-win32-x64\bin;C:\Users\bappa\AppData\Roaming\nvm;C:\Program Files\nodejs;C:\Users\bappa\Downloads\apache-maven-3.9.9-bin\apache-maven-3.9.9\bin;C:\Users\bappa\AppData\Local\Microsoft\WindowsApps;C:\Users\bappa\AppData\Local\Programs\Microsoft VS Code\bin;C:\MinGW\bin;C:\Users\bappa\AppData\Roaming\npm;C:\Program Files\Java\jdk-23\bin;C:\Program Files\CMake\bin;C:\Users\bappa\AppData\Roaming\nvm;C:\Program Files\nodejs;;C:\Program Files\JetBrains\IntelliJ IDEA Community Edition 2024.3.1\bin;
USERNAME=bappa
LANG=en_US.UTF-8
OS=Windows_NT
PROCESSOR_IDENTIFIER=Intel64 Family 6 Model 126 Stepping 5, GenuineIntel
TMP=C:\Users\bappa\AppData\Local\Temp
TEMP=C:\Users\bappa\AppData\Local\Temp



Periodic native trim disabled


---------------  S Y S T E M  ---------------

OS:
 Windows 11 , 64 bit Build 26100 (10.0.26100.2454)
OS uptime: 1 days 0:59 hours

CPU: total 8 (initial active 8) (4 cores per cpu, 2 threads per core) family 6 model 126 stepping 5 microcode 0xa0, cx8, cmov, fxsr, ht, mmx, 3dnowpref, sse, sse2, sse3, ssse3, sse4.1, sse4.2, popcnt, lzcnt, tsc, tscinvbit, avx, avx2, aes, erms, clmul, bmi1, bmi2, adx, avx512f, avx512dq, avx512cd, avx512bw, avx512vl, sha, fma, vzeroupper, avx512_vpopcntdq, avx512_vpclmulqdq, avx512_vaes, avx512_vnni, clflush, clflushopt, avx512_vbmi2, avx512_vbmi
Processor Information for all 8 processors :
  Max Mhz: 1201, Current Mhz: 600, Mhz Limit: 1201

Memory: 4k page, system-wide physical 7997M (869M free)
TotalPageFile size 10045M (AvailPageFile size 15M)
current process WorkingSet (physical memory assigned to process): 12M, peak: 12M
current process commit charge ("private bytes"): 52M, peak: 53M

vm_info: OpenJDK 64-Bit Server VM (17.0.13+11) for windows-amd64 JRE (17.0.13+11), built on Oct 16 2024 00:10:08 by "admin" with MS VC++ 17.7 (VS2022)

END.
