#
# There is insufficient memory for the Java Runtime Environment to continue.
# Native memory allocation (mmap) failed to map 65536 bytes. Error detail: Failed to commit metaspace.
# Possible reasons:
#   The system is out of physical RAM or swap space
#   This process is running with CompressedOops enabled, and the Java Heap may be blocking the growth of the native heap
# Possible solutions:
#   Reduce memory load on the system
#   Increase physical memory or swap space
#   Check if swap backing store is full
#   Decrease Java heap size (-Xmx/-Xms)
#   Decrease number of Java threads
#   Decrease Java thread stack sizes (-Xss)
#   Set larger code cache with -XX:ReservedCodeCacheSize=
#   JVM is running with Unscaled Compressed Oops mode in which the Java heap is
#     placed in the first 4GB address space. The Java Heap base address is the
#     maximum limit for the native heap growth. Please use -XX:HeapBaseMinAddress
#     to set the Java Heap base and to place the Java Heap above 4GB virtual address.
# This output file may be truncated or incomplete.
#
#  Out of Memory Error (virtualSpaceNode.cpp:110), pid=8368, tid=12160
#
# JRE version: OpenJDK Runtime Environment Temurin-17.0.13+11 (17.0.13+11) (build 17.0.13+11)
# Java VM: OpenJDK 64-Bit Server VM Temurin-17.0.13+11 (17.0.13+11, mixed mode, tiered, compressed oops, compressed class ptrs, parallel gc, windows-amd64)
# No core dump will be written. Minidumps are not enabled by default on client versions of Windows
#

---------------  S U M M A R Y ------------

Command Line: --add-modules=ALL-SYSTEM --add-opens=java.base/java.util=ALL-UNNAMED --add-opens=java.base/java.lang=ALL-UNNAMED --add-opens=java.base/sun.nio.fs=ALL-UNNAMED -Declipse.application=org.eclipse.jdt.ls.core.id1 -Dosgi.bundles.defaultStartLevel=4 -Declipse.product=org.eclipse.jdt.ls.core.product -Djava.import.generatesMetadataFilesAtProjectRoot=false -DDetectVMInstallationsJob.disabled=true -Dfile.encoding=utf8 -XX:+UseParallelGC -XX:GCTimeRatio=4 -XX:AdaptiveSizePolicyWeight=90 -Dsun.zip.disableMemoryMapping=true -Xmx1G -Xms100m -Xlog:disable -javaagent:c:\Users\bappa\.vscode\extensions\redhat.java-1.38.0-win32-x64\lombok\lombok-1.18.34.jar -XX:+HeapDumpOnOutOfMemoryError -XX:HeapDumpPath=c:\Users\bappa\AppData\Roaming\Code\User\workspaceStorage\55f1f0157f34b30c8333bbaa32d77949\redhat.java -Daether.dependencyCollector.impl=bf c:\Users\bappa\.vscode\extensions\redhat.java-1.38.0-win32-x64\server\plugins\org.eclipse.equinox.launcher_1.6.900.v20240613-2009.jar -configuration c:\Users\bappa\AppData\Roaming\Code\User\globalStorage\redhat.java\1.38.0\config_win -data c:\Users\bappa\AppData\Roaming\Code\User\workspaceStorage\55f1f0157f34b30c8333bbaa32d77949\redhat.java\jdt_ws --pipe=\\.\pipe\lsp-54d973f5c4bdddde6b8c7c6e3e31b1af-sock

Host: Intel(R) Core(TM) i5-1035G1 CPU @ 1.00GHz, 8 cores, 7G,  Windows 11 , 64 bit Build 26100 (10.0.26100.2454)
Time: Thu Jan  2 20:52:03 2025 India Standard Time elapsed time: 7.565325 seconds (0d 0h 0m 7s)

---------------  T H R E A D  ---------------

Current thread (0x0000022ee719af40):  JavaThread "main" [_thread_in_vm, id=12160, stack(0x0000008e79f00000,0x0000008e7a000000)]

Stack: [0x0000008e79f00000,0x0000008e7a000000]
Native frames: (J=compiled Java code, j=interpreted, Vv=VM code, C=native code)
V  [jvm.dll+0x682a19]
V  [jvm.dll+0x839538]
V  [jvm.dll+0x83afe3]
V  [jvm.dll+0x83b653]
V  [jvm.dll+0x24704f]
V  [jvm.dll+0x83530d]
V  [jvm.dll+0x62762e]
V  [jvm.dll+0x62769a]
V  [jvm.dll+0x629ec3]
V  [jvm.dll+0x627ff6]
V  [jvm.dll+0x23addf]
V  [jvm.dll+0x631ef5]
V  [jvm.dll+0x1e8b31]
V  [jvm.dll+0x1e913a]
V  [jvm.dll+0x1e9b2d]
V  [jvm.dll+0x1df251]
V  [jvm.dll+0x54611b]
V  [jvm.dll+0x1efdda]
V  [jvm.dll+0x7b243b]
V  [jvm.dll+0x7b3859]
V  [jvm.dll+0x7b3bb8]
V  [jvm.dll+0x23eb4b]
V  [jvm.dll+0x3814de]
C  0x0000022ef13aafa5

The last pc belongs to new (printed below).
Java frames: (J=compiled Java code, j=interpreted, Vv=VM code)
j  sun.nio.ch.FileChannelImpl.fileLockTable()Lsun/nio/ch/FileLockTable;+31 java.base@17.0.13
j  sun.nio.ch.FileChannelImpl.tryLock(JJZ)Ljava/nio/channels/FileLock;+59 java.base@17.0.13
j  org.eclipse.osgi.internal.location.Locker_JavaNio.lock()Z+28
j  org.eclipse.osgi.storagemanager.StorageManager.lock(Z)Z+54
j  org.eclipse.osgi.storagemanager.StorageManager.open(Z)V+50
j  org.eclipse.osgi.storage.Storage.getChildStorageManager()Lorg/eclipse/osgi/storagemanager/StorageManager;+57
j  org.eclipse.osgi.storage.Storage.getInfoInputStream()Ljava/io/InputStream;+1
j  org.eclipse.osgi.storage.Storage.<init>(Lorg/eclipse/osgi/internal/framework/EquinoxContainer;[Ljava/lang/String;)V+525
j  org.eclipse.osgi.storage.Storage.createStorage(Lorg/eclipse/osgi/internal/framework/EquinoxContainer;)Lorg/eclipse/osgi/storage/Storage;+11
j  org.eclipse.osgi.internal.framework.EquinoxContainer.<init>(Ljava/util/Map;Lorg/osgi/framework/connect/ModuleConnector;)V+146
j  org.eclipse.osgi.launch.Equinox.<init>(Ljava/util/Map;Lorg/osgi/framework/connect/ModuleConnector;)V+10
j  org.eclipse.osgi.launch.Equinox.<init>(Ljava/util/Map;)V+3
j  org.eclipse.core.runtime.adaptor.EclipseStarter.startup([Ljava/lang/String;Ljava/lang/Runnable;)Lorg/osgi/framework/BundleContext;+28
j  org.eclipse.core.runtime.adaptor.EclipseStarter.run([Ljava/lang/String;Ljava/lang/Runnable;)Ljava/lang/Object;+21
v  ~StubRoutines::call_stub
j  jdk.internal.reflect.NativeMethodAccessorImpl.invoke0(Ljava/lang/reflect/Method;Ljava/lang/Object;[Ljava/lang/Object;)Ljava/lang/Object;+0 java.base@17.0.13
j  jdk.internal.reflect.NativeMethodAccessorImpl.invoke(Ljava/lang/Object;[Ljava/lang/Object;)Ljava/lang/Object;+133 java.base@17.0.13
j  jdk.internal.reflect.DelegatingMethodAccessorImpl.invoke(Ljava/lang/Object;[Ljava/lang/Object;)Ljava/lang/Object;+6 java.base@17.0.13
j  java.lang.reflect.Method.invoke(Ljava/lang/Object;[Ljava/lang/Object;)Ljava/lang/Object;+59 java.base@17.0.13
j  org.eclipse.equinox.launcher.Main.invokeFramework([Ljava/lang/String;[Ljava/net/URL;)V+202
j  org.eclipse.equinox.launcher.Main.basicRun([Ljava/lang/String;)V+159
j  org.eclipse.equinox.launcher.Main.run([Ljava/lang/String;)I+4
j  org.eclipse.equinox.launcher.Main.main([Ljava/lang/String;)V+10
v  ~StubRoutines::call_stub
new  187 new  [0x0000022ef13aae20, 0x0000022ef13ab040]  544 bytes
[MachCode]
  0x0000022ef13aae20: 4883 ec08 | c5fa 1104 | 24eb 1f48 | 83ec 10c5 | fb11 0424 | eb14 4883 | ec10 4889 | 0424 48c7 
  0x0000022ef13aae40: 4424 0800 | 0000 00eb | 0150 410f | b755 010f | cac1 ea10 | 488b 4de8 | 488b 4908 | 488b 4908 
  0x0000022ef13aae60: 488b 4108 | 807c 1004 | 070f 85d6 | 0000 0066 | 8b54 d148 | 488b 4928 | 488b 4cd1 | 0851 80b9 
  0x0000022ef13aae80: 3301 0000 | 040f 85b9 | 0000 008b | 5108 f7c2 | 0100 0000 | 0f85 aa00 | 0000 498b | 8708 0100 
  0x0000022ef13aaea0: 0048 8d1c | 1049 3b9f | 1801 0000 | 0f87 9200 | 0000 4989 | 9f08 0100 | 00e9 0000 | 0000 4883 
  0x0000022ef13aaec0: ea10 0f84 | 0f00 0000 | 33c9 c1ea | 0348 894c | d008 48ff | ca75 f648 | c700 0100 | 0000 5933 
  0x0000022ef13aaee0: f689 700c | 48c1 e903 | 8948 0849 | ba7f c657 | a0fa 7f00 | 0041 803a | 000f 8440 | 0000 0050 
  0x0000022ef13aaf00: 488b c848 | 83ec 20f7 | c40f 0000 | 000f 841a | 0000 0048 | 83ec 0849 | ba80 860d | a0fa 7f00 
  0x0000022ef13aaf20: 0041 ffd2 | 4883 c408 | e90d 0000 | 0049 ba80 | 860d a0fa | 7f00 0041 | ffd2 4883 | c420 58e9 
  0x0000022ef13aaf40: cd00 0000 | 5948 8b55 | e848 8b52 | 0848 8b52 | 0845 0fb7 | 4501 410f | c841 c1e8 | 10e8 0500 
  0x0000022ef13aaf60: 0000 e9aa | 0000 0048 | 8d44 2408 | 4c89 6dc0 | 498b cfc5 | f877 4989 | afa8 0200 | 0049 8987 
  0x0000022ef13aaf80: 9802 0000 | 4883 ec20 | f7c4 0f00 | 0000 0f84 | 1a00 0000 | 4883 ec08 | 49ba 9014 | d79f fa7f 
  0x0000022ef13aafa0: 0000 41ff | d248 83c4 | 08e9 0d00 | 0000 49ba | 9014 d79f | fa7f 0000 | 41ff d248 | 83c4 2049 
  0x0000022ef13aafc0: c787 9802 | 0000 0000 | 0000 49c7 | 87a8 0200 | 0000 0000 | 0049 c787 | a002 0000 | 0000 0000 
  0x0000022ef13aafe0: c5f8 7749 | 817f 0800 | 0000 000f | 8405 0000 | 00e9 0a5f | feff 498b | 87f0 0200 | 0049 c787 
  0x0000022ef13ab000: f002 0000 | 0000 0000 | 4c8b 6dc0 | 4c8b 75c8 | c341 0fb6 | 5d03 4983 | c503 49ba | 0037 5aa0 
  0x0000022ef13ab020: fa7f 0000 | 41ff 24da | 0000 0000 | 0000 0000 | 0000 0000 | 0000 0000 | 0000 0000 | 0000 0000 
[/MachCode]

---------------  P R O C E S S  ---------------

Threads class SMR info:
_java_thread_list=0x0000022e855a7a40, length=12, elements={
0x0000022ee719af40, 0x0000022efb7ad9c0, 0x0000022efb7aea30, 0x0000022e8527ff30,
0x0000022e85280a00, 0x0000022e852814d0, 0x0000022e85283eb0, 0x0000022e85284ab0,
0x0000022e852b7f40, 0x0000022e852d4fc0, 0x0000022ee71fdc60, 0x0000022e855b15a0
}

Java Threads: ( => current thread )
=>0x0000022ee719af40 JavaThread "main" [_thread_in_vm, id=12160, stack(0x0000008e79f00000,0x0000008e7a000000)]
  0x0000022efb7ad9c0 JavaThread "Reference Handler" daemon [_thread_blocked, id=15840, stack(0x0000008e7a200000,0x0000008e7a300000)]
  0x0000022efb7aea30 JavaThread "Finalizer" daemon [_thread_blocked, id=9504, stack(0x0000008e7a300000,0x0000008e7a400000)]
  0x0000022e8527ff30 JavaThread "Signal Dispatcher" daemon [_thread_blocked, id=15188, stack(0x0000008e7a400000,0x0000008e7a500000)]
  0x0000022e85280a00 JavaThread "Attach Listener" daemon [_thread_blocked, id=7020, stack(0x0000008e7a500000,0x0000008e7a600000)]
  0x0000022e852814d0 JavaThread "Service Thread" daemon [_thread_blocked, id=2660, stack(0x0000008e7a600000,0x0000008e7a700000)]
  0x0000022e85283eb0 JavaThread "Monitor Deflation Thread" daemon [_thread_blocked, id=17360, stack(0x0000008e7a700000,0x0000008e7a800000)]
  0x0000022e85284ab0 JavaThread "C2 CompilerThread0" daemon [_thread_blocked, id=6624, stack(0x0000008e7a800000,0x0000008e7a900000)]
  0x0000022e852b7f40 JavaThread "C1 CompilerThread0" daemon [_thread_blocked, id=14500, stack(0x0000008e7a900000,0x0000008e7aa00000)]
  0x0000022e852d4fc0 JavaThread "Sweeper thread" daemon [_thread_blocked, id=15928, stack(0x0000008e7aa00000,0x0000008e7ab00000)]
  0x0000022ee71fdc60 JavaThread "Common-Cleaner" daemon [_thread_blocked, id=9184, stack(0x0000008e7ab00000,0x0000008e7ac00000)]
  0x0000022e855b15a0 JavaThread "Notification Thread" daemon [_thread_blocked, id=4408, stack(0x0000008e7ad00000,0x0000008e7ae00000)]

Other Threads:
  0x0000022ee724e900 VMThread "VM Thread" [stack: 0x0000008e7a100000,0x0000008e7a200000] [id=12936] _threads_hazard_ptr=0x0000022e855a7a40
  0x0000022e855a1d70 WatcherThread [stack: 0x0000008e7ae00000,0x0000008e7af00000] [id=1648]
  0x0000022ee71aea90 GCTaskThread "GC Thread#0" [stack: 0x0000008e7a000000,0x0000008e7a100000] [id=15896]
  0x0000022e864aa090 GCTaskThread "GC Thread#1" [stack: 0x0000008e7ac00000,0x0000008e7ad00000] [id=14048]
  0x0000022e864aa760 GCTaskThread "GC Thread#2" [stack: 0x0000008e7af00000,0x0000008e7b000000] [id=14696]
  0x0000022e869d6050 GCTaskThread "GC Thread#3" [stack: 0x0000008e7b000000,0x0000008e7b100000] [id=14492]
  0x0000022e869d6310 GCTaskThread "GC Thread#4" [stack: 0x0000008e7b100000,0x0000008e7b200000] [id=14360]
  0x0000022e867a7010 GCTaskThread "GC Thread#5" [stack: 0x0000008e7b200000,0x0000008e7b300000] [id=9956]
  0x0000022e867a72d0 GCTaskThread "GC Thread#6" [stack: 0x0000008e7b300000,0x0000008e7b400000] [id=6148]

Threads with active compile tasks:

VM state: synchronizing (normal execution)

VM Mutex/Monitor currently owned by a thread:  ([mutex/lock_event])
[0x0000022ee57b9960] Metaspace_lock - owner thread: 0x0000022ee719af40
[0x0000022ee57baad0] Threads_lock - owner thread: 0x0000022ee724e900

Heap address: 0x00000000c0000000, size: 1024 MB, Compressed Oops mode: 32-bit

CDS archive(s) not mapped
Compressed class space mapped at: 0x0000000100000000-0x0000000140000000, reserved size: 1073741824
Narrow klass base: 0x0000000000000000, Narrow klass shift: 3, Narrow klass range: 0x140000000

GC Precious Log:
 CPUs: 8 total, 8 available
 Memory: 7997M
 Large Page Support: Disabled
 NUMA Support: Disabled
 Compressed Oops: Enabled (32-bit)
 Alignments: Space 512K, Generation 512K, Heap 2M
 Heap Min Capacity: 100M
 Heap Initial Capacity: 100M
 Heap Max Capacity: 1G
 Pre-touch: Disabled
 Parallel Workers: 8

Heap:
 PSYoungGen      total 29696K, used 4445K [0x00000000eab00000, 0x00000000ecc00000, 0x0000000100000000)
  eden space 25600K, 4% used [0x00000000eab00000,0x00000000eac3e2c0,0x00000000ec400000)
  from space 4096K, 77% used [0x00000000ec400000,0x00000000ec719508,0x00000000ec800000)
  to   space 4096K, 0% used [0x00000000ec800000,0x00000000ec800000,0x00000000ecc00000)
 ParOldGen       total 68608K, used 16K [0x00000000c0000000, 0x00000000c4300000, 0x00000000eab00000)
  object space 68608K, 0% used [0x00000000c0000000,0x00000000c0004000,0x00000000c4300000)
 Metaspace       used 11161K, committed 11328K, reserved 1114112K
  class space    used 1117K, committed 1216K, reserved 1048576K

Card table byte_map: [0x0000022ef9040000,0x0000022ef9250000] _byte_map_base: 0x0000022ef8a40000

Marking Bits: (ParMarkBitMap*) 0x00007ffaa0596940
 Begin Bits: [0x0000022ef93b0000, 0x0000022efa3b0000)
 End Bits:   [0x0000022efa3b0000, 0x0000022efb3b0000)

Polling page: 0x0000022ee5920000

Metaspace:

Usage:
  Non-class:      9.81 MB used.
      Class:      1.09 MB used.
       Both:     10.90 MB used.

Virtual space:
  Non-class space:       64.00 MB reserved,       9.88 MB ( 15%) committed,  1 nodes.
      Class space:        1.00 GB reserved,       1.19 MB ( <1%) committed,  1 nodes.
             Both:        1.06 GB reserved,      11.06 MB (  1%) committed. 

Chunk freelists:
   Non-Class:  6.11 MB
       Class:  14.68 MB
        Both:  20.79 MB

MaxMetaspaceSize: unlimited
CompressedClassSpaceSize: 1.00 GB
Initial GC threshold: 21.00 MB
Current GC threshold: 21.00 MB
CDS: off
MetaspaceReclaimPolicy: balanced
 - commit_granule_bytes: 65536.
 - commit_granule_words: 8192.
 - virtual_space_node_default_size: 8388608.
 - enlarge_chunks_in_place: 1.
 - new_chunks_are_fully_committed: 0.
 - uncommit_free_chunks: 1.
 - use_allocation_guard: 0.
 - handle_deallocations: 1.


Internal statistics:

num_allocs_failed_limit: 0.
num_arena_births: 30.
num_arena_deaths: 0.
num_vsnodes_births: 2.
num_vsnodes_deaths: 0.
num_space_committed: 177.
num_space_uncommitted: 0.
num_chunks_returned_to_freelist: 0.
num_chunks_taken_from_freelist: 103.
num_chunk_merges: 0.
num_chunk_splits: 72.
num_chunks_enlarged: 61.
num_inconsistent_stats: 0.

CodeHeap 'non-profiled nmethods': size=120000Kb used=410Kb max_used=410Kb free=119589Kb
 bounds [0x0000022ef1930000, 0x0000022ef1ba0000, 0x0000022ef8e60000]
CodeHeap 'profiled nmethods': size=120000Kb used=1637Kb max_used=1637Kb free=118362Kb
 bounds [0x0000022ee9e60000, 0x0000022eea0d0000, 0x0000022ef1390000]
CodeHeap 'non-nmethods': size=5760Kb used=1155Kb max_used=1177Kb free=4604Kb
 bounds [0x0000022ef1390000, 0x0000022ef1600000, 0x0000022ef1930000]
 total_blobs=1438 nmethods=1004 adapters=349
 compilation: enabled
              stopped_count=0, restarted_count=0
 full_count=0

Compilation events (20 events):
Event: 5.073 Thread 0x0000022e852b7f40 nmethod 995 0x0000022ee9ff5790 code [0x0000022ee9ff5940, 0x0000022ee9ff5bc8]
Event: 5.073 Thread 0x0000022e852b7f40  996       3       java.lang.SecurityManager$$Lambda$48/0x0000000100144d18::test (8 bytes)
Event: 5.073 Thread 0x0000022e852b7f40 nmethod 996 0x0000022ee9ff5c90 code [0x0000022ee9ff5e40, 0x0000022ee9ff6068]
Event: 5.073 Thread 0x0000022e852b7f40  997       3       java.lang.SecurityManager::lambda$nonExportedPkgs$2 (13 bytes)
Event: 5.074 Thread 0x0000022e852b7f40 nmethod 997 0x0000022ee9ff6110 code [0x0000022ee9ff62c0, 0x0000022ee9ff65a8]
Event: 5.074 Thread 0x0000022e852b7f40  999       3       java.util.HashMap::remove (26 bytes)
Event: 5.075 Thread 0x0000022e852b7f40 nmethod 999 0x0000022ee9ff6690 code [0x0000022ee9ff6860, 0x0000022ee9ff6bb8]
Event: 5.075 Thread 0x0000022e852b7f40 1000       1       java.util.ImmutableCollections$SetN::size (5 bytes)
Event: 5.075 Thread 0x0000022e85284ab0 nmethod 998 0x0000022ef1996510 code [0x0000022ef1996680, 0x0000022ef1996738]
Event: 5.075 Thread 0x0000022e852b7f40 nmethod 1000 0x0000022ef1996810 code [0x0000022ef19969a0, 0x0000022ef1996a78]
Event: 5.075 Thread 0x0000022e852b7f40 1002       3       java.util.stream.ReferencePipeline$StatelessOp::<init> (29 bytes)
Event: 5.076 Thread 0x0000022e852b7f40 nmethod 1002 0x0000022ee9ff6d10 code [0x0000022ee9ff6ec0, 0x0000022ee9ff7088]
Event: 5.076 Thread 0x0000022e852b7f40 1003       3       java.util.stream.ReferencePipeline::<init> (7 bytes)
Event: 5.076 Thread 0x0000022e852b7f40 nmethod 1003 0x0000022ee9ff7190 code [0x0000022ee9ff7320, 0x0000022ee9ff7468]
Event: 5.076 Thread 0x0000022e852b7f40 1004       3       java.util.stream.Sink$ChainedReference::end (10 bytes)
Event: 5.076 Thread 0x0000022e852b7f40 nmethod 1004 0x0000022ee9ff7510 code [0x0000022ee9ff76c0, 0x0000022ee9ff7888]
Event: 5.076 Thread 0x0000022e852b7f40 1005       3       sun.net.util.IPAddressUtil::scan (92 bytes)
Event: 5.079 Thread 0x0000022e852b7f40 nmethod 1005 0x0000022ee9ff7990 code [0x0000022ee9ff7c00, 0x0000022ee9ff86f8]
Event: 5.082 Thread 0x0000022e852b7f40 1006       3       jdk.internal.loader.BuiltinClassLoader::findLoadedModule (33 bytes)
Event: 5.083 Thread 0x0000022e852b7f40 nmethod 1006 0x0000022ee9ff8c90 code [0x0000022ee9ff8ea0, 0x0000022ee9ff94b8]

GC Heap History (2 events):
Event: 5.008 GC heap before
{Heap before GC invocations=1 (full 0):
 PSYoungGen      total 29696K, used 25600K [0x00000000eab00000, 0x00000000ecc00000, 0x0000000100000000)
  eden space 25600K, 100% used [0x00000000eab00000,0x00000000ec400000,0x00000000ec400000)
  from space 4096K, 0% used [0x00000000ec800000,0x00000000ec800000,0x00000000ecc00000)
  to   space 4096K, 0% used [0x00000000ec400000,0x00000000ec400000,0x00000000ec800000)
 ParOldGen       total 68608K, used 0K [0x00000000c0000000, 0x00000000c4300000, 0x00000000eab00000)
  object space 68608K, 0% used [0x00000000c0000000,0x00000000c0000000,0x00000000c4300000)
 Metaspace       used 10932K, committed 11072K, reserved 1114112K
  class space    used 1084K, committed 1152K, reserved 1048576K
}
Event: 5.025 GC heap after
{Heap after GC invocations=1 (full 0):
 PSYoungGen      total 29696K, used 3173K [0x00000000eab00000, 0x00000000ecc00000, 0x0000000100000000)
  eden space 25600K, 0% used [0x00000000eab00000,0x00000000eab00000,0x00000000ec400000)
  from space 4096K, 77% used [0x00000000ec400000,0x00000000ec719508,0x00000000ec800000)
  to   space 4096K, 0% used [0x00000000ec800000,0x00000000ec800000,0x00000000ecc00000)
 ParOldGen       total 68608K, used 16K [0x00000000c0000000, 0x00000000c4300000, 0x00000000eab00000)
  object space 68608K, 0% used [0x00000000c0000000,0x00000000c0004000,0x00000000c4300000)
 Metaspace       used 10932K, committed 11072K, reserved 1114112K
  class space    used 1084K, committed 1152K, reserved 1048576K
}

Dll operation events (8 events):
Event: 0.071 Loaded shared library c:\Users\bappa\.vscode\extensions\redhat.java-1.38.0-win32-x64\jre\17.0.13-win32-x86_64\bin\java.dll
Event: 0.696 Loaded shared library c:\Users\bappa\.vscode\extensions\redhat.java-1.38.0-win32-x64\jre\17.0.13-win32-x86_64\bin\zip.dll
Event: 0.705 Loaded shared library C:\Users\bappa\.vscode\extensions\redhat.java-1.38.0-win32-x64\jre\17.0.13-win32-x86_64\bin\instrument.dll
Event: 0.742 Loaded shared library C:\Users\bappa\.vscode\extensions\redhat.java-1.38.0-win32-x64\jre\17.0.13-win32-x86_64\bin\net.dll
Event: 0.748 Loaded shared library C:\Users\bappa\.vscode\extensions\redhat.java-1.38.0-win32-x64\jre\17.0.13-win32-x86_64\bin\nio.dll
Event: 0.770 Loaded shared library C:\Users\bappa\.vscode\extensions\redhat.java-1.38.0-win32-x64\jre\17.0.13-win32-x86_64\bin\zip.dll
Event: 0.821 Loaded shared library C:\Users\bappa\.vscode\extensions\redhat.java-1.38.0-win32-x64\jre\17.0.13-win32-x86_64\bin\jimage.dll
Event: 0.966 Loaded shared library c:\Users\bappa\.vscode\extensions\redhat.java-1.38.0-win32-x64\jre\17.0.13-win32-x86_64\bin\verify.dll

Deoptimization events (20 events):
Event: 4.888 Thread 0x0000022ee719af40 DEOPT PACKING pc=0x0000022ef196ecb4 sp=0x0000008e79ffe430
Event: 4.888 Thread 0x0000022ee719af40 DEOPT UNPACKING pc=0x0000022ef13e9ea3 sp=0x0000008e79ffe378 mode 2
Event: 4.889 Thread 0x0000022ee719af40 Uncommon trap: trap_request=0xffffff45 fr.pc=0x0000022ef1981d40 relative=0x0000000000000280
Event: 4.889 Thread 0x0000022ee719af40 Uncommon trap: reason=unstable_if action=reinterpret pc=0x0000022ef1981d40 method=java.util.HashMap.hash(Ljava/lang/Object;)I @ 1 c2
Event: 4.889 Thread 0x0000022ee719af40 DEOPT PACKING pc=0x0000022ef1981d40 sp=0x0000008e79ffe3e0
Event: 4.889 Thread 0x0000022ee719af40 DEOPT UNPACKING pc=0x0000022ef13e9ea3 sp=0x0000008e79ffe278 mode 2
Event: 4.889 Thread 0x0000022ee719af40 Uncommon trap: trap_request=0xffffff45 fr.pc=0x0000022ef19827c0 relative=0x0000000000000280
Event: 4.889 Thread 0x0000022ee719af40 Uncommon trap: reason=unstable_if action=reinterpret pc=0x0000022ef19827c0 method=java.util.HashMap.hash(Ljava/lang/Object;)I @ 1 c2
Event: 4.889 Thread 0x0000022ee719af40 DEOPT PACKING pc=0x0000022ef19827c0 sp=0x0000008e79ffe470
Event: 4.889 Thread 0x0000022ee719af40 DEOPT UNPACKING pc=0x0000022ef13e9ea3 sp=0x0000008e79ffe388 mode 2
Event: 4.889 Thread 0x0000022ee719af40 Uncommon trap: trap_request=0xffffffde fr.pc=0x0000022ef196ecb4 relative=0x0000000000000554
Event: 4.889 Thread 0x0000022ee719af40 Uncommon trap: reason=class_check action=maybe_recompile pc=0x0000022ef196ecb4 method=java.util.Collections$UnmodifiableCollection$1.<init>(Ljava/util/Collections$UnmodifiableCollection;)V @ 17 c2
Event: 4.889 Thread 0x0000022ee719af40 DEOPT PACKING pc=0x0000022ef196ecb4 sp=0x0000008e79ffe430
Event: 4.889 Thread 0x0000022ee719af40 DEOPT UNPACKING pc=0x0000022ef13e9ea3 sp=0x0000008e79ffe378 mode 2
Event: 4.889 Thread 0x0000022ee719af40 Uncommon trap: trap_request=0xffffff45 fr.pc=0x0000022ef197d714 relative=0x0000000000000094
Event: 4.889 Thread 0x0000022ee719af40 Uncommon trap: reason=unstable_if action=reinterpret pc=0x0000022ef197d714 method=java.util.HashMap.hash(Ljava/lang/Object;)I @ 1 c2
Event: 4.889 Thread 0x0000022ee719af40 DEOPT PACKING pc=0x0000022ef197d714 sp=0x0000008e79ffe2e0
Event: 4.889 Thread 0x0000022ee719af40 DEOPT UNPACKING pc=0x0000022ef13e9ea3 sp=0x0000008e79ffe278 mode 2
Event: 4.936 Thread 0x0000022ee719af40 DEOPT PACKING pc=0x0000022ee9ea9b8a sp=0x0000008e79ff9e40
Event: 4.936 Thread 0x0000022ee719af40 DEOPT UNPACKING pc=0x0000022ef13ea9e3 sp=0x0000008e79ff92a0 mode 0

Classes loaded (20 events):
Event: 5.095 Loading class sun/nio/ch/FileChannelImpl done
Event: 5.095 Loading class java/nio/file/attribute/FileAttribute
Event: 5.095 Loading class java/nio/file/attribute/FileAttribute done
Event: 5.095 Loading class sun/nio/ch/IOUtil
Event: 5.096 Loading class sun/nio/ch/IOUtil done
Event: 5.100 Loading class sun/nio/ch/NativeThreadSet
Event: 5.100 Loading class sun/nio/ch/NativeThreadSet done
Event: 5.100 Loading class sun/nio/ch/FileDispatcherImpl
Event: 5.101 Loading class sun/nio/ch/FileDispatcher
Event: 5.101 Loading class sun/nio/ch/NativeDispatcher
Event: 5.101 Loading class sun/nio/ch/NativeDispatcher done
Event: 5.101 Loading class sun/nio/ch/FileDispatcher done
Event: 5.101 Loading class sun/nio/ch/FileDispatcherImpl done
Event: 5.101 Loading class sun/nio/ch/FileLockImpl
Event: 5.101 Loading class java/nio/channels/FileLock
Event: 5.102 Loading class java/nio/channels/FileLock done
Event: 5.102 Loading class sun/nio/ch/FileLockImpl done
Event: 5.102 Loading class sun/nio/ch/NativeThread
Event: 5.102 Loading class sun/nio/ch/NativeThread done
Event: 5.102 Loading class sun/nio/ch/FileLockTable

Classes unloaded (0 events):
No events

Classes redefined (0 events):
No events

Internal exceptions (20 events):
Event: 4.018 Thread 0x0000022ee719af40 Exception <a 'java/io/FileNotFoundException'{0x00000000eb8a34d0}> (0x00000000eb8a34d0) 
thrown [s\src\hotspot\share\prims\jni.cpp, line 516]
Event: 4.019 Thread 0x0000022ee719af40 Exception <a 'java/io/FileNotFoundException'{0x00000000eb8a41f0}> (0x00000000eb8a41f0) 
thrown [s\src\hotspot\share\prims\jni.cpp, line 516]
Event: 4.020 Thread 0x0000022ee719af40 Exception <a 'java/io/FileNotFoundException'{0x00000000eb8a4ef0}> (0x00000000eb8a4ef0) 
thrown [s\src\hotspot\share\prims\jni.cpp, line 516]
Event: 4.020 Thread 0x0000022ee719af40 Exception <a 'java/io/FileNotFoundException'{0x00000000eb8a5bc0}> (0x00000000eb8a5bc0) 
thrown [s\src\hotspot\share\prims\jni.cpp, line 516]
Event: 4.040 Thread 0x0000022ee719af40 Implicit null exception at 0x0000022ef19574f2 to 0x0000022ef1957a68
Event: 4.050 Thread 0x0000022ee719af40 Exception <a 'java/io/FileNotFoundException'{0x00000000eb8e0200}> (0x00000000eb8e0200) 
thrown [s\src\hotspot\share\prims\jni.cpp, line 516]
Event: 4.606 Thread 0x0000022ee719af40 Exception <a 'java/lang/ClassNotFoundException'{0x00000000ec124f70}: sun/net/www/protocol/c/Handler> (0x00000000ec124f70) 
thrown [s\src\hotspot\share\classfile\systemDictionary.cpp, line 256]
Event: 4.608 Thread 0x0000022ee719af40 Exception <a 'java/lang/ClassNotFoundException'{0x00000000ec1262a0}: sun/net/www/protocol/e/Handler> (0x00000000ec1262a0) 
thrown [s\src\hotspot\share\classfile\systemDictionary.cpp, line 256]
Event: 4.611 Thread 0x0000022ee719af40 Exception <a 'java/lang/ClassNotFoundException'{0x00000000ec127410}: sun/net/www/protocol/c/Handler> (0x00000000ec127410) 
thrown [s\src\hotspot\share\classfile\systemDictionary.cpp, line 256]
Event: 4.683 Thread 0x0000022ee719af40 Exception <a 'java/io/FileNotFoundException'{0x00000000ec14e8b0}> (0x00000000ec14e8b0) 
thrown [s\src\hotspot\share\prims\jni.cpp, line 516]
Event: 4.888 Thread 0x0000022ee719af40 Implicit null exception at 0x0000022ef197b25b to 0x0000022ef197bba8
Event: 4.889 Thread 0x0000022ee719af40 Implicit null exception at 0x0000022ef1981b0c to 0x0000022ef1981d24
Event: 4.889 Thread 0x0000022ee719af40 Implicit null exception at 0x0000022ef198258c to 0x0000022ef19827a4
Event: 4.889 Thread 0x0000022ee719af40 Implicit null exception at 0x0000022ef197d68f to 0x0000022ef197d705
Event: 5.045 Thread 0x0000022ee719af40 Exception <a 'java/lang/NoSuchMethodError'{0x00000000eab296a8}: 'int java.lang.invoke.DirectMethodHandle$Holder.invokeStaticInit(java.lang.Object, java.lang.Object, java.lang.Object, java.lang.Object)'> (0x00000000eab296a8) 
thrown [s\src\hotspot\share\interpreter\linkResolver.cpp, line 759]
Event: 5.050 Thread 0x0000022ee719af40 Exception <a 'java/lang/NoSuchMethodError'{0x00000000eab33e10}: 'java.lang.Object java.lang.invoke.DirectMethodHandle$Holder.invokeInterface(java.lang.Object, java.lang.Object)'> (0x00000000eab33e10) 
thrown [s\src\hotspot\share\interpreter\linkResolver.cpp, line 759]
Event: 5.051 Thread 0x0000022ee719af40 Exception <a 'java/lang/IncompatibleClassChangeError'{0x00000000eab37608}: Found class java.lang.Object, but interface was expected> (0x00000000eab37608) 
thrown [s\src\hotspot\share\interpreter\linkResolver.cpp, line 826]
Event: 5.053 Thread 0x0000022ee719af40 Exception <a 'java/lang/NoSuchMethodError'{0x00000000eab3bae8}: 'void java.lang.invoke.DirectMethodHandle$Holder.invokeStatic(java.lang.Object, java.lang.Object)'> (0x00000000eab3bae8) 
thrown [s\src\hotspot\share\interpreter\linkResolver.cpp, line 759]
Event: 5.054 Thread 0x0000022ee719af40 Exception <a 'java/lang/NoSuchMethodError'{0x00000000eab3f2e8}: 'void java.lang.invoke.DirectMethodHandle$Holder.invokeStaticInit(java.lang.Object, java.lang.Object)'> (0x00000000eab3f2e8) 
thrown [s\src\hotspot\share\interpreter\linkResolver.cpp, line 759]
Event: 5.058 Thread 0x0000022ee719af40 Exception <a 'java/lang/NoSuchMethodError'{0x00000000eab46808}: 'int java.lang.invoke.DirectMethodHandle$Holder.invokeStaticInit(java.lang.Object, java.lang.Object)'> (0x00000000eab46808) 
thrown [s\src\hotspot\share\interpreter\linkResolver.cpp, line 759]

VM Operations (17 events):
Event: 0.635 Executing VM operation: HandshakeAllThreads
Event: 0.635 Executing VM operation: HandshakeAllThreads done
Event: 1.633 Executing VM operation: Cleanup
Event: 1.633 Executing VM operation: Cleanup done
Event: 2.649 Executing VM operation: Cleanup
Event: 2.650 Executing VM operation: Cleanup done
Event: 3.660 Executing VM operation: Cleanup
Event: 3.699 Executing VM operation: Cleanup done
Event: 3.873 Executing VM operation: HandshakeAllThreads
Event: 3.873 Executing VM operation: HandshakeAllThreads done
Event: 3.931 Executing VM operation: HandshakeAllThreads
Event: 3.931 Executing VM operation: HandshakeAllThreads done
Event: 4.940 Executing VM operation: Cleanup
Event: 4.941 Executing VM operation: Cleanup done
Event: 5.007 Executing VM operation: ParallelGCFailedAllocation
Event: 5.025 Executing VM operation: ParallelGCFailedAllocation done
Event: 6.026 Executing VM operation: Cleanup

Memory protections (0 events):
No events

Nmethod flushes (0 events):
No events

Events (20 events):
Event: 0.179 Thread 0x0000022ee719af40 Thread added: 0x0000022ee719af40
Event: 0.219 Thread 0x0000022ee719af40 Thread added: 0x0000022efb7ad9c0
Event: 0.221 Thread 0x0000022ee719af40 Thread added: 0x0000022efb7aea30
Event: 0.289 Thread 0x0000022ee719af40 Thread added: 0x0000022e8527ff30
Event: 0.289 Thread 0x0000022ee719af40 Thread added: 0x0000022e85280a00
Event: 0.289 Thread 0x0000022ee719af40 Thread added: 0x0000022e852814d0
Event: 0.289 Thread 0x0000022ee719af40 Thread added: 0x0000022e85283eb0
Event: 0.289 Thread 0x0000022ee719af40 Thread added: 0x0000022e85284ab0
Event: 0.291 Thread 0x0000022ee719af40 Thread added: 0x0000022e852b7f40
Event: 0.294 Thread 0x0000022ee719af40 Thread added: 0x0000022e852d4fc0
Event: 0.553 Thread 0x0000022ee719af40 Thread added: 0x0000022ee71fdc60
Event: 0.663 Thread 0x0000022e85284ab0 Thread added: 0x0000022e853be330
Event: 0.775 Thread 0x0000022e853be330 Thread exited: 0x0000022e853be330
Event: 0.958 Thread 0x0000022e852b7f40 Thread added: 0x0000022e8559afb0
Event: 1.180 Thread 0x0000022ee719af40 Thread added: 0x0000022e855b15a0
Event: 2.429 Thread 0x0000022e8559afb0 Thread exited: 0x0000022e8559afb0
Event: 2.594 Thread 0x0000022e852b7f40 Thread added: 0x0000022e863fccb0
Event: 2.638 Thread 0x0000022e852b7f40 Thread added: 0x0000022e863fc1a0
Event: 4.212 Thread 0x0000022e863fc1a0 Thread exited: 0x0000022e863fc1a0
Event: 4.843 Thread 0x0000022e863fccb0 Thread exited: 0x0000022e863fccb0


Dynamic libraries:
0x00007ff74ff30000 - 0x00007ff74ff3e000 	c:\Users\bappa\.vscode\extensions\redhat.java-1.38.0-win32-x64\jre\17.0.13-win32-x86_64\bin\java.exe
0x00007ffb21a60000 - 0x00007ffb21cc3000 	C:\WINDOWS\SYSTEM32\ntdll.dll
0x00007ffb200f0000 - 0x00007ffb201b8000 	C:\WINDOWS\System32\KERNEL32.DLL
0x00007ffb1f310000 - 0x00007ffb1f6c2000 	C:\WINDOWS\System32\KERNELBASE.dll
0x00007ffb1f770000 - 0x00007ffb1f8bb000 	C:\WINDOWS\System32\ucrtbase.dll
0x00007ffb165a0000 - 0x00007ffb165be000 	c:\Users\bappa\.vscode\extensions\redhat.java-1.38.0-win32-x64\jre\17.0.13-win32-x86_64\bin\VCRUNTIME140.dll
0x00007ffb163c0000 - 0x00007ffb163d7000 	c:\Users\bappa\.vscode\extensions\redhat.java-1.38.0-win32-x64\jre\17.0.13-win32-x86_64\bin\jli.dll
0x00007ffb20880000 - 0x00007ffb20a48000 	C:\WINDOWS\System32\USER32.dll
0x00007ffb09720000 - 0x00007ffb099b0000 	C:\WINDOWS\WinSxS\amd64_microsoft.windows.common-controls_6595b64144ccf1df_6.0.26100.2454_none_3e0b68a2e331ad60\COMCTL32.dll
0x00007ffb1ee30000 - 0x00007ffb1ee57000 	C:\WINDOWS\System32\win32u.dll
0x00007ffb20040000 - 0x00007ffb200e9000 	C:\WINDOWS\System32\msvcrt.dll
0x00007ffb215e0000 - 0x00007ffb2160a000 	C:\WINDOWS\System32\GDI32.dll
0x00007ffb1f130000 - 0x00007ffb1f25b000 	C:\WINDOWS\System32\gdi32full.dll
0x00007ffb1f260000 - 0x00007ffb1f303000 	C:\WINDOWS\System32\msvcp_win.dll
0x00007ffb219e0000 - 0x00007ffb21a0f000 	C:\WINDOWS\System32\IMM32.DLL
0x00007ffb17e20000 - 0x00007ffb17e2c000 	c:\Users\bappa\.vscode\extensions\redhat.java-1.38.0-win32-x64\jre\17.0.13-win32-x86_64\bin\vcruntime140_1.dll
0x00007ffaf1e20000 - 0x00007ffaf1ead000 	c:\Users\bappa\.vscode\extensions\redhat.java-1.38.0-win32-x64\jre\17.0.13-win32-x86_64\bin\msvcp140.dll
0x00007ffa9f9f0000 - 0x00007ffaa065b000 	c:\Users\bappa\.vscode\extensions\redhat.java-1.38.0-win32-x64\jre\17.0.13-win32-x86_64\bin\server\jvm.dll
0x00007ffb203b0000 - 0x00007ffb20464000 	C:\WINDOWS\System32\ADVAPI32.dll
0x00007ffb207d0000 - 0x00007ffb20876000 	C:\WINDOWS\System32\sechost.dll
0x00007ffb218c0000 - 0x00007ffb219d6000 	C:\WINDOWS\System32\RPCRT4.dll
0x00007ffb1f990000 - 0x00007ffb1fa04000 	C:\WINDOWS\System32\WS2_32.dll
0x00007ffafa010000 - 0x00007ffafa046000 	C:\WINDOWS\SYSTEM32\WINMM.dll
0x00007ffb1ece0000 - 0x00007ffb1ed2e000 	C:\WINDOWS\SYSTEM32\POWRPROF.dll
0x00007ffb16c10000 - 0x00007ffb16c1b000 	C:\WINDOWS\SYSTEM32\VERSION.dll
0x00007ffb1eca0000 - 0x00007ffb1ecb4000 	C:\WINDOWS\SYSTEM32\UMPDC.dll
0x00007ffb1dc70000 - 0x00007ffb1dc8a000 	C:\WINDOWS\SYSTEM32\kernel.appcore.dll
0x00007ffb16ce0000 - 0x00007ffb16cea000 	c:\Users\bappa\.vscode\extensions\redhat.java-1.38.0-win32-x64\jre\17.0.13-win32-x86_64\bin\jimage.dll
0x00007ffb1c830000 - 0x00007ffb1ca71000 	C:\WINDOWS\SYSTEM32\DBGHELP.DLL
0x00007ffb20a50000 - 0x00007ffb20dce000 	C:\WINDOWS\System32\combase.dll
0x00007ffb21610000 - 0x00007ffb216e6000 	C:\WINDOWS\System32\OLEAUT32.dll
0x00007ffb02dd0000 - 0x00007ffb02e09000 	C:\WINDOWS\SYSTEM32\dbgcore.DLL
0x00007ffb1f6d0000 - 0x00007ffb1f769000 	C:\WINDOWS\System32\bcryptPrimitives.dll
0x00007ffb16530000 - 0x00007ffb1653e000 	c:\Users\bappa\.vscode\extensions\redhat.java-1.38.0-win32-x64\jre\17.0.13-win32-x86_64\bin\instrument.dll
0x00007ffb0b240000 - 0x00007ffb0b265000 	c:\Users\bappa\.vscode\extensions\redhat.java-1.38.0-win32-x64\jre\17.0.13-win32-x86_64\bin\java.dll
0x00007ffb04cb0000 - 0x00007ffb04cc8000 	c:\Users\bappa\.vscode\extensions\redhat.java-1.38.0-win32-x64\jre\17.0.13-win32-x86_64\bin\zip.dll
0x00007ffb20df0000 - 0x00007ffb214f0000 	C:\WINDOWS\System32\SHELL32.dll
0x00007ffb1cb80000 - 0x00007ffb1d3b1000 	C:\WINDOWS\SYSTEM32\windows.storage.dll
0x00007ffb21500000 - 0x00007ffb215da000 	C:\WINDOWS\System32\SHCORE.dll
0x00007ffb20470000 - 0x00007ffb204cd000 	C:\WINDOWS\System32\shlwapi.dll
0x00007ffb1ed40000 - 0x00007ffb1ed6e000 	C:\WINDOWS\SYSTEM32\profapi.dll
0x00007ffb04a70000 - 0x00007ffb04a89000 	C:\Users\bappa\.vscode\extensions\redhat.java-1.38.0-win32-x64\jre\17.0.13-win32-x86_64\bin\net.dll
0x00007ffb19cc0000 - 0x00007ffb19de6000 	C:\WINDOWS\SYSTEM32\WINHTTP.dll
0x00007ffb1e170000 - 0x00007ffb1e1d8000 	C:\WINDOWS\system32\mswsock.dll
0x00007ffb045f0000 - 0x00007ffb04606000 	C:\Users\bappa\.vscode\extensions\redhat.java-1.38.0-win32-x64\jre\17.0.13-win32-x86_64\bin\nio.dll
0x00007ffb15c60000 - 0x00007ffb15c70000 	c:\Users\bappa\.vscode\extensions\redhat.java-1.38.0-win32-x64\jre\17.0.13-win32-x86_64\bin\verify.dll

dbghelp: loaded successfully - version: 4.0.5 - missing functions: none
symbol engine: initialized successfully - sym options: 0x614 - pdb path: .;c:\Users\bappa\.vscode\extensions\redhat.java-1.38.0-win32-x64\jre\17.0.13-win32-x86_64\bin;C:\WINDOWS\SYSTEM32;C:\WINDOWS\WinSxS\amd64_microsoft.windows.common-controls_6595b64144ccf1df_6.0.26100.2454_none_3e0b68a2e331ad60;c:\Users\bappa\.vscode\extensions\redhat.java-1.38.0-win32-x64\jre\17.0.13-win32-x86_64\bin\server

VM Arguments:
jvm_args: --add-modules=ALL-SYSTEM --add-opens=java.base/java.util=ALL-UNNAMED --add-opens=java.base/java.lang=ALL-UNNAMED --add-opens=java.base/sun.nio.fs=ALL-UNNAMED -Declipse.application=org.eclipse.jdt.ls.core.id1 -Dosgi.bundles.defaultStartLevel=4 -Declipse.product=org.eclipse.jdt.ls.core.product -Djava.import.generatesMetadataFilesAtProjectRoot=false -DDetectVMInstallationsJob.disabled=true -Dfile.encoding=utf8 -XX:+UseParallelGC -XX:GCTimeRatio=4 -XX:AdaptiveSizePolicyWeight=90 -Dsun.zip.disableMemoryMapping=true -Xmx1G -Xms100m -Xlog:disable -javaagent:c:\Users\bappa\.vscode\extensions\redhat.java-1.38.0-win32-x64\lombok\lombok-1.18.34.jar -XX:+HeapDumpOnOutOfMemoryError -XX:HeapDumpPath=c:\Users\bappa\AppData\Roaming\Code\User\workspaceStorage\55f1f0157f34b30c8333bbaa32d77949\redhat.java -Daether.dependencyCollector.impl=bf 
java_command: c:\Users\bappa\.vscode\extensions\redhat.java-1.38.0-win32-x64\server\plugins\org.eclipse.equinox.launcher_1.6.900.v20240613-2009.jar -configuration c:\Users\bappa\AppData\Roaming\Code\User\globalStorage\redhat.java\1.38.0\config_win -data c:\Users\bappa\AppData\Roaming\Code\User\workspaceStorage\55f1f0157f34b30c8333bbaa32d77949\redhat.java\jdt_ws --pipe=\\.\pipe\lsp-54d973f5c4bdddde6b8c7c6e3e31b1af-sock
java_class_path (initial): c:\Users\bappa\.vscode\extensions\redhat.java-1.38.0-win32-x64\server\plugins\org.eclipse.equinox.launcher_1.6.900.v20240613-2009.jar
Launcher Type: SUN_STANDARD

[Global flags]
    uintx AdaptiveSizePolicyWeight                 = 90                                        {product} {command line}
     intx CICompilerCount                          = 4                                         {product} {ergonomic}
    uintx GCTimeRatio                              = 4                                         {product} {command line}
     bool HeapDumpOnOutOfMemoryError               = true                                   {manageable} {command line}
    ccstr HeapDumpPath                             = c:\Users\bappa\AppData\Roaming\Code\User\workspaceStorage\55f1f0157f34b30c8333bbaa32d77949\redhat.java         {manageable} {command line}
   size_t InitialHeapSize                          = 104857600                                 {product} {command line}
   size_t MaxHeapSize                              = 1073741824                                {product} {command line}
   size_t MaxNewSize                               = 357564416                                 {product} {ergonomic}
   size_t MinHeapDeltaBytes                        = 524288                                    {product} {ergonomic}
   size_t MinHeapSize                              = 104857600                                 {product} {command line}
   size_t NewSize                                  = 34603008                                  {product} {ergonomic}
    uintx NonNMethodCodeHeapSize                   = 5839372                                {pd product} {ergonomic}
    uintx NonProfiledCodeHeapSize                  = 122909434                              {pd product} {ergonomic}
   size_t OldSize                                  = 70254592                                  {product} {ergonomic}
    uintx ProfiledCodeHeapSize                     = 122909434                              {pd product} {ergonomic}
    uintx ReservedCodeCacheSize                    = 251658240                              {pd product} {ergonomic}
     bool SegmentedCodeCache                       = true                                      {product} {ergonomic}
   size_t SoftMaxHeapSize                          = 1073741824                             {manageable} {ergonomic}
     bool UseCompressedClassPointers               = true                           {product lp64_product} {ergonomic}
     bool UseCompressedOops                        = true                           {product lp64_product} {ergonomic}
     bool UseLargePagesIndividualAllocation        = false                                  {pd product} {ergonomic}
     bool UseParallelGC                            = true                                      {product} {command line}

Logging:
Log output configuration:
 #0: stdout all=off uptime,level,tags
 #1: stderr all=off uptime,level,tags

Environment Variables:
PATH=C:\Program Files\Common Files\Oracle\Java\javapath;C:\WINDOWS\system32;C:\WINDOWS;C:\WINDOWS\System32\Wbem;C:\WINDOWS\System32\WindowsPowerShell\v1.0\;C:\WINDOWS\System32\OpenSSH\;C:\MinGW\bin;C:\Program Files\MongoDB\mongosh-2.3.1-win32-x64\bin;C:\Users\bappa\AppData\Roaming\nvm;C:\Program Files\nodejs;C:\Users\bappa\Downloads\apache-maven-3.9.9-bin\apache-maven-3.9.9\bin;C:\Program Files\Git\cmd;C:\Program Files\Git\bin;C:\Users\bappa\AppData\Local\Microsoft\WindowsApps;C:\Users\bappa\AppData\Local\Programs\Microsoft VS Code\bin;C:\MinGW\bin;C:\Users\bappa\AppData\Roaming\npm;C:\Program Files\Java\jdk-23\bin;C:\Program Files\CMake\bin;C:\Users\bappa\AppData\Roaming\nvm;C:\Program Files\nodejs;;C:\Program Files\JetBrains\IntelliJ IDEA Community Edition 2024.3.1\bin;
USERNAME=bappa
OS=Windows_NT
PROCESSOR_IDENTIFIER=Intel64 Family 6 Model 126 Stepping 5, GenuineIntel
TMP=C:\Users\bappa\AppData\Local\Temp
TEMP=C:\Users\bappa\AppData\Local\Temp



Periodic native trim disabled


---------------  S Y S T E M  ---------------

OS:
 Windows 11 , 64 bit Build 26100 (10.0.26100.2454)
OS uptime: 0 days 10:44 hours

CPU: total 8 (initial active 8) (4 cores per cpu, 2 threads per core) family 6 model 126 stepping 5 microcode 0xa0, cx8, cmov, fxsr, ht, mmx, 3dnowpref, sse, sse2, sse3, ssse3, sse4.1, sse4.2, popcnt, lzcnt, tsc, tscinvbit, avx, avx2, aes, erms, clmul, bmi1, bmi2, adx, avx512f, avx512dq, avx512cd, avx512bw, avx512vl, sha, fma, vzeroupper, avx512_vpopcntdq, avx512_vpclmulqdq, avx512_vaes, avx512_vnni, clflush, clflushopt, avx512_vbmi2, avx512_vbmi
Processor Information for all 8 processors :
  Max Mhz: 1201, Current Mhz: 600, Mhz Limit: 1201

Memory: 4k page, system-wide physical 7997M (1343M free)
TotalPageFile size 10045M (AvailPageFile size 3M)
current process WorkingSet (physical memory assigned to process): 72M, peak: 79M
current process commit charge ("private bytes"): 195M, peak: 201M

vm_info: OpenJDK 64-Bit Server VM (17.0.13+11) for windows-amd64 JRE (17.0.13+11), built on Oct 16 2024 00:10:08 by "admin" with MS VC++ 17.7 (VS2022)

END.
