#
# There is insufficient memory for the Java Runtime Environment to continue.
# Native memory allocation (malloc) failed to allocate 1106416 bytes. Error detail: Chunk::new
# Possible reasons:
#   The system is out of physical RAM or swap space
#   This process is running with CompressedOops enabled, and the Java Heap may be blocking the growth of the native heap
# Possible solutions:
#   Reduce memory load on the system
#   Increase physical memory or swap space
#   Check if swap backing store is full
#   Decrease Java heap size (-Xmx/-Xms)
#   Decrease number of Java threads
#   Decrease Java thread stack sizes (-Xss)
#   Set larger code cache with -XX:ReservedCodeCacheSize=
#   JVM is running with Unscaled Compressed Oops mode in which the Java heap is
#     placed in the first 4GB address space. The Java Heap base address is the
#     maximum limit for the native heap growth. Please use -XX:HeapBaseMinAddress
#     to set the Java Heap base and to place the Java Heap above 4GB virtual address.
# This output file may be truncated or incomplete.
#
#  Out of Memory Error (arena.cpp:191), pid=2952, tid=11160
#
# JRE version: OpenJDK Runtime Environment Temurin-17.0.13+11 (17.0.13+11) (build 17.0.13+11)
# Java VM: OpenJDK 64-Bit Server VM Temurin-17.0.13+11 (17.0.13+11, mixed mode, tiered, compressed oops, compressed class ptrs, parallel gc, windows-amd64)
# No core dump will be written. Minidumps are not enabled by default on client versions of Windows
#

---------------  S U M M A R Y ------------

Command Line: --add-modules=ALL-SYSTEM --add-opens=java.base/java.util=ALL-UNNAMED --add-opens=java.base/java.lang=ALL-UNNAMED --add-opens=java.base/sun.nio.fs=ALL-UNNAMED -Declipse.application=org.eclipse.jdt.ls.core.id1 -Dosgi.bundles.defaultStartLevel=4 -Declipse.product=org.eclipse.jdt.ls.core.product -Djava.import.generatesMetadataFilesAtProjectRoot=false -DDetectVMInstallationsJob.disabled=true -Dfile.encoding=utf8 -XX:+UseParallelGC -XX:GCTimeRatio=4 -XX:AdaptiveSizePolicyWeight=90 -Dsun.zip.disableMemoryMapping=true -Xmx1G -Xms100m -Xlog:disable -javaagent:c:\Users\bappa\.vscode\extensions\redhat.java-1.38.0-win32-x64\lombok\lombok-1.18.34.jar c:\Users\bappa\.vscode\extensions\redhat.java-1.38.0-win32-x64\server\plugins\org.eclipse.equinox.launcher_1.6.900.v20240613-2009.jar -configuration c:\Users\bappa\AppData\Roaming\Code\User\globalStorage\redhat.java\1.38.0\config_ss_win -data c:\Users\bappa\AppData\Roaming\Code\User\workspaceStorage\55f1f0157f34b30c8333bbaa32d77949\redhat.java\ss_ws --pipe=\\.\pipe\lsp-9ffe1bef641279094fcee04a965f4c0d-sock

Host: Intel(R) Core(TM) i5-1035G1 CPU @ 1.00GHz, 8 cores, 7G,  Windows 11 , 64 bit Build 26100 (10.0.26100.2454)
Time: Tue Dec 31 21:34:28 2024 India Standard Time elapsed time: 26.394725 seconds (0d 0h 0m 26s)

---------------  T H R E A D  ---------------

Current thread (0x00000150ff9532a0):  JavaThread "C2 CompilerThread0" daemon [_thread_in_native, id=11160, stack(0x000000169f800000,0x000000169f900000)]


Current CompileTask:
C2:  26394 4465 %     4       org.lombokweb.asm.SymbolTable::<init> @ 98 (536 bytes)

Stack: [0x000000169f800000,0x000000169f900000]
Native frames: (J=compiled Java code, j=interpreted, Vv=VM code, C=native code)
V  [jvm.dll+0x682a19]
V  [jvm.dll+0x839538]
V  [jvm.dll+0x83afe3]
V  [jvm.dll+0x83b653]
V  [jvm.dll+0x24704f]
V  [jvm.dll+0xace34]
V  [jvm.dll+0xad4cc]
V  [jvm.dll+0x2ac84f]
V  [jvm.dll+0x588a79]
V  [jvm.dll+0x220ea2]
V  [jvm.dll+0x22129f]
V  [jvm.dll+0x21a2b0]
V  [jvm.dll+0x21738b]
V  [jvm.dll+0x1a3070]
V  [jvm.dll+0x22788c]
V  [jvm.dll+0x2259eb]
V  [jvm.dll+0x7eec98]
V  [jvm.dll+0x7e8ffc]
V  [jvm.dll+0x6818f7]
C  [ucrtbase.dll+0x14ea0]
C  [KERNEL32.DLL+0x2e8d7]
C  [ntdll.dll+0xdfbcc]


---------------  P R O C E S S  ---------------

Threads class SMR info:
_java_thread_list=0x0000015095ad1ff0, length=41, elements={
0x00000150f97fe940, 0x00000150f98aead0, 0x00000150ff9147b0, 0x00000150ff942ca0,
0x00000150ff943710, 0x00000150ff947c70, 0x00000150ff94a200, 0x00000150ff9532a0,
0x00000150ff9563f0, 0x00000150ff956910, 0x00000150ff9e9060, 0x00000150ffcc0840,
0x0000015094245170, 0x00000150944bae80, 0x00000150945d12b0, 0x000001509445b890,
0x0000015094641e10, 0x000001509463f590, 0x00000150946409d0, 0x00000150946413f0,
0x0000015094642830, 0x000001509463ffb0, 0x0000015094640ee0, 0x0000015094642320,
0x000001509463faa0, 0x00000150946404c0, 0x0000015094641900, 0x000001509463f080,
0x0000015094c7fdf0, 0x0000015094c7d060, 0x0000015094c80810, 0x0000015094c80300,
0x0000015094c7eec0, 0x0000015094c80d20, 0x0000015094c7e4a0, 0x0000015094c7d570,
0x0000015094c81230, 0x0000015094c7da80, 0x0000015093be4d90, 0x0000015095eec020,
0x0000015095017930
}

Java Threads: ( => current thread )
  0x00000150f97fe940 JavaThread "main" [_thread_blocked, id=1460, stack(0x000000169ef00000,0x000000169f000000)]
  0x00000150f98aead0 JavaThread "Reference Handler" daemon [_thread_blocked, id=2324, stack(0x000000169f200000,0x000000169f300000)]
  0x00000150ff9147b0 JavaThread "Finalizer" daemon [_thread_blocked, id=12696, stack(0x000000169f300000,0x000000169f400000)]
  0x00000150ff942ca0 JavaThread "Signal Dispatcher" daemon [_thread_blocked, id=376, stack(0x000000169f400000,0x000000169f500000)]
  0x00000150ff943710 JavaThread "Attach Listener" daemon [_thread_blocked, id=12900, stack(0x000000169f500000,0x000000169f600000)]
  0x00000150ff947c70 JavaThread "Service Thread" daemon [_thread_blocked, id=12336, stack(0x000000169f600000,0x000000169f700000)]
  0x00000150ff94a200 JavaThread "Monitor Deflation Thread" daemon [_thread_blocked, id=2232, stack(0x000000169f700000,0x000000169f800000)]
=>0x00000150ff9532a0 JavaThread "C2 CompilerThread0" daemon [_thread_in_native, id=11160, stack(0x000000169f800000,0x000000169f900000)]
  0x00000150ff9563f0 JavaThread "C1 CompilerThread0" daemon [_thread_blocked, id=8720, stack(0x000000169f900000,0x000000169fa00000)]
  0x00000150ff956910 JavaThread "Sweeper thread" daemon [_thread_blocked, id=15168, stack(0x000000169fa00000,0x000000169fb00000)]
  0x00000150ff9e9060 JavaThread "Common-Cleaner" daemon [_thread_blocked, id=6588, stack(0x000000169fb00000,0x000000169fc00000)]
  0x00000150ffcc0840 JavaThread "Notification Thread" daemon [_thread_blocked, id=5512, stack(0x000000169fe00000,0x000000169ff00000)]
  0x0000015094245170 JavaThread "Active Thread: Equinox Container: 2ceae28c-8843-43d8-b75f-4391056de115" [_thread_blocked, id=15100, stack(0x00000016a0500000,0x00000016a0600000)]
  0x00000150944bae80 JavaThread "Framework Event Dispatcher: Equinox Container: 2ceae28c-8843-43d8-b75f-4391056de115" daemon [_thread_blocked, id=10540, stack(0x00000016a0600000,0x00000016a0700000)]
  0x00000150945d12b0 JavaThread "Start Level: Equinox Container: 2ceae28c-8843-43d8-b75f-4391056de115" daemon [_thread_blocked, id=12552, stack(0x00000016a0700000,0x00000016a0800000)]
  0x000001509445b890 JavaThread "SCR Component Actor" daemon [_thread_blocked, id=14228, stack(0x00000016a0800000,0x00000016a0900000)]
  0x0000015094641e10 JavaThread "Worker-JM" [_thread_blocked, id=6344, stack(0x00000016a0b00000,0x00000016a0c00000)]
  0x000001509463f590 JavaThread "JNA Cleaner" daemon [_thread_blocked, id=13876, stack(0x00000016a0a00000,0x00000016a0b00000)]
  0x00000150946409d0 JavaThread "Worker-0" [_thread_blocked, id=11216, stack(0x00000016a0c00000,0x00000016a0d00000)]
  0x00000150946413f0 JavaThread "Worker-1: Shutdown..." [_thread_in_native, id=14796, stack(0x00000016a0d00000,0x00000016a0e00000)]
  0x0000015094642830 JavaThread "Thread-2" daemon [_thread_in_native, id=10228, stack(0x00000016a1200000,0x00000016a1300000)]
  0x000001509463ffb0 JavaThread "Thread-3" daemon [_thread_in_native, id=3028, stack(0x00000016a1300000,0x00000016a1400000)]
  0x0000015094640ee0 JavaThread "Thread-4" daemon [_thread_in_native, id=3088, stack(0x00000016a1400000,0x00000016a1500000)]
  0x0000015094642320 JavaThread "Thread-5" daemon [_thread_in_native, id=6528, stack(0x00000016a1500000,0x00000016a1600000)]
  0x000001509463faa0 JavaThread "Thread-6" daemon [_thread_in_native, id=14412, stack(0x00000016a1600000,0x00000016a1700000)]
  0x00000150946404c0 JavaThread "Thread-7" daemon [_thread_in_native, id=3204, stack(0x00000016a1700000,0x00000016a1800000)]
  0x0000015094641900 JavaThread "Thread-8" daemon [_thread_in_native, id=14376, stack(0x00000016a1800000,0x00000016a1900000)]
  0x000001509463f080 JavaThread "Thread-9" daemon [_thread_in_native, id=2732, stack(0x00000016a1900000,0x00000016a1a00000)]
  0x0000015094c7fdf0 JavaThread "Thread-10" daemon [_thread_in_native, id=14400, stack(0x00000016a1a00000,0x00000016a1b00000)]
  0x0000015094c7d060 JavaThread "pool-2-thread-1" [_thread_blocked, id=10964, stack(0x00000016a1b00000,0x00000016a1c00000)]
  0x0000015094c80810 JavaThread "Worker-2" [_thread_blocked, id=14696, stack(0x00000016a0f00000,0x00000016a1000000)]
  0x0000015094c80300 JavaThread "WorkspaceEventsHandler" [_thread_blocked, id=3456, stack(0x00000016a1c00000,0x00000016a1d00000)]
  0x0000015094c7eec0 JavaThread "pool-1-thread-1" [_thread_blocked, id=14016, stack(0x00000016a1d00000,0x00000016a1e00000)]
  0x0000015094c80d20 JavaThread "ForkJoinPool.commonPool-worker-1" daemon [_thread_blocked, id=11332, stack(0x00000016a0400000,0x00000016a0500000)]
  0x0000015094c7e4a0 JavaThread "ForkJoinPool.commonPool-worker-2" daemon [_thread_blocked, id=12484, stack(0x00000016a0e00000,0x00000016a0f00000)]
  0x0000015094c7d570 JavaThread "ForkJoinPool.commonPool-worker-3" daemon [_thread_blocked, id=12480, stack(0x00000016a1e00000,0x00000016a1f00000)]
  0x0000015094c81230 JavaThread "ForkJoinPool.commonPool-worker-4" daemon [_thread_in_native, id=12532, stack(0x00000016a1f00000,0x00000016a2000000)]
  0x0000015094c7da80 JavaThread "ForkJoinPool.commonPool-worker-5" daemon [_thread_blocked, id=14080, stack(0x00000016a2000000,0x00000016a2100000)]
  0x0000015093be4d90 JavaThread "pool-3-thread-1" [_thread_blocked, id=12724, stack(0x00000016a2100000,0x00000016a2200000)]
  0x0000015095eec020 JavaThread "C2 CompilerThread1" daemon [_thread_in_native, id=4456, stack(0x00000016a2200000,0x00000016a2300000)]
  0x0000015095017930 JavaThread "C2 CompilerThread2" daemon [_thread_in_native, id=4120, stack(0x00000016a2300000,0x00000016a2400000)]

Other Threads:
  0x00000150f98ae5a0 VMThread "VM Thread" [stack: 0x000000169f100000,0x000000169f200000] [id=2768]
  0x00000150ffcd1ac0 WatcherThread [stack: 0x000000169ff00000,0x00000016a0000000] [id=11168]
  0x00000150f9813cb0 GCTaskThread "GC Thread#0" [stack: 0x000000169f000000,0x000000169f100000] [id=11460]
  0x0000015094067350 GCTaskThread "GC Thread#1" [stack: 0x000000169fc00000,0x000000169fd00000] [id=1676]
  0x000001509418bc90 GCTaskThread "GC Thread#2" [stack: 0x000000169fd00000,0x000000169fe00000] [id=15152]
  0x000001509418bf50 GCTaskThread "GC Thread#3" [stack: 0x00000016a0000000,0x00000016a0100000] [id=6272]
  0x000001509418c210 GCTaskThread "GC Thread#4" [stack: 0x00000016a0100000,0x00000016a0200000] [id=1084]
  0x0000015093b3a450 GCTaskThread "GC Thread#5" [stack: 0x00000016a0200000,0x00000016a0300000] [id=7644]
  0x0000015093b3a710 GCTaskThread "GC Thread#6" [stack: 0x00000016a0300000,0x00000016a0400000] [id=2188]
  0x000001509445ad10 GCTaskThread "GC Thread#7" [stack: 0x00000016a0900000,0x00000016a0a00000] [id=15316]

Threads with active compile tasks:
C2 CompilerThread0    28469 4465 %     4       org.lombokweb.asm.SymbolTable::<init> @ 98 (536 bytes)
C2 CompilerThread1    28469 4481       4       org.lombokweb.asm.ClassReader::readMethod (1066 bytes)
C2 CompilerThread2    28469 4503 %     4       org.lombokweb.asm.ClassReader::readCode @ 92 (5117 bytes)

VM state: not at safepoint (normal execution)

VM Mutex/Monitor currently owned by a thread: None

Heap address: 0x00000000c0000000, size: 1024 MB, Compressed Oops mode: 32-bit

CDS archive(s) not mapped
Compressed class space mapped at: 0x0000000100000000-0x0000000140000000, reserved size: 1073741824
Narrow klass base: 0x0000000000000000, Narrow klass shift: 3, Narrow klass range: 0x140000000

GC Precious Log:
 CPUs: 8 total, 8 available
 Memory: 7997M
 Large Page Support: Disabled
 NUMA Support: Disabled
 Compressed Oops: Enabled (32-bit)
 Alignments: Space 512K, Generation 512K, Heap 2M
 Heap Min Capacity: 100M
 Heap Initial Capacity: 100M
 Heap Max Capacity: 1G
 Pre-touch: Disabled
 Parallel Workers: 8

Heap:
 PSYoungGen      total 22528K, used 18457K [0x00000000eab00000, 0x00000000ec380000, 0x0000000100000000)
  eden space 21504K, 81% used [0x00000000eab00000,0x00000000ebc36fc8,0x00000000ec000000)
  from space 1024K, 81% used [0x00000000ec280000,0x00000000ec34f7b0,0x00000000ec380000)
  to   space 1024K, 0% used [0x00000000ec180000,0x00000000ec180000,0x00000000ec280000)
 ParOldGen       total 68608K, used 20880K [0x00000000c0000000, 0x00000000c4300000, 0x00000000eab00000)
  object space 68608K, 30% used [0x00000000c0000000,0x00000000c1464030,0x00000000c4300000)
 Metaspace       used 44378K, committed 45248K, reserved 1114112K
  class space    used 4508K, committed 4928K, reserved 1048576K

Card table byte_map: [0x00000150f9190000,0x00000150f93a0000] _byte_map_base: 0x00000150f8b90000

Marking Bits: (ParMarkBitMap*) 0x00007ff8809b6940
 Begin Bits: [0x00000150fc490000, 0x00000150fd490000)
 End Bits:   [0x00000150fd490000, 0x00000150fe490000)

Polling page: 0x00000150f7770000

Metaspace:

Usage:
  Non-class:     38.94 MB used.
      Class:      4.40 MB used.
       Both:     43.34 MB used.

Virtual space:
  Non-class space:       64.00 MB reserved,      39.38 MB ( 62%) committed,  1 nodes.
      Class space:        1.00 GB reserved,       4.81 MB ( <1%) committed,  1 nodes.
             Both:        1.06 GB reserved,      44.19 MB (  4%) committed. 

Chunk freelists:
   Non-Class:  7.95 MB
       Class:  11.02 MB
        Both:  18.97 MB

MaxMetaspaceSize: unlimited
CompressedClassSpaceSize: 1.00 GB
Initial GC threshold: 21.00 MB
Current GC threshold: 58.38 MB
CDS: off
MetaspaceReclaimPolicy: balanced
 - commit_granule_bytes: 65536.
 - commit_granule_words: 8192.
 - virtual_space_node_default_size: 8388608.
 - enlarge_chunks_in_place: 1.
 - new_chunks_are_fully_committed: 0.
 - uncommit_free_chunks: 1.
 - use_allocation_guard: 0.
 - handle_deallocations: 1.


Internal statistics:

num_allocs_failed_limit: 6.
num_arena_births: 570.
num_arena_deaths: 14.
num_vsnodes_births: 2.
num_vsnodes_deaths: 0.
num_space_committed: 707.
num_space_uncommitted: 0.
num_chunks_returned_to_freelist: 20.
num_chunks_taken_from_freelist: 2094.
num_chunk_merges: 8.
num_chunk_splits: 1318.
num_chunks_enlarged: 809.
num_inconsistent_stats: 0.

CodeHeap 'non-profiled nmethods': size=120000Kb used=2376Kb max_used=2376Kb free=117623Kb
 bounds [0x0000015087ad0000, 0x0000015087d40000, 0x000001508f000000]
CodeHeap 'profiled nmethods': size=120000Kb used=9634Kb max_used=9634Kb free=110365Kb
 bounds [0x0000015080000000, 0x0000015080970000, 0x0000015087530000]
CodeHeap 'non-nmethods': size=5760Kb used=1335Kb max_used=1404Kb free=4424Kb
 bounds [0x0000015087530000, 0x00000150877a0000, 0x0000015087ad0000]
 total_blobs=5184 nmethods=4525 adapters=572
 compilation: enabled
              stopped_count=0, restarted_count=0
 full_count=0

Compilation events (20 events):
Event: 25.316 Thread 0x00000150ff9563f0 4523       3       java.io.DataOutputStream::writeByte (14 bytes)
Event: 25.317 Thread 0x00000150ff9563f0 nmethod 4523 0x0000015080960f90 code [0x0000015080961140, 0x00000150809613c8]
Event: 25.317 Thread 0x00000150ff9563f0 4524       3       java.io.DataOutputStream::writeLong (118 bytes)
Event: 25.317 Thread 0x00000150ff9563f0 nmethod 4524 0x0000015080961510 code [0x00000150809616e0, 0x0000015080961b08]
Event: 25.343 Thread 0x00000150ff9563f0 4528       3       jdk.internal.org.objectweb.asm.Frame::push (109 bytes)
Event: 25.344 Thread 0x00000150ff9563f0 nmethod 4528 0x0000015080961d10 code [0x0000015080961ee0, 0x00000150809623c8]
Event: 25.346 Thread 0x00000150ff9563f0 4530       3       org.eclipse.core.internal.resources.ResourceInfo::isSet (14 bytes)
Event: 25.347 Thread 0x00000150ff9563f0 nmethod 4530 0x0000015080962590 code [0x0000015080962720, 0x0000015080962898]
Event: 25.397 Thread 0x00000150ff9563f0 4533       3       org.lombokweb.asm.SymbolTable::addConstantMethodHandle (41 bytes)
Event: 25.398 Thread 0x00000150ff9563f0 nmethod 4533 0x0000015080962910 code [0x0000015080962b00, 0x0000015080962ea8]
Event: 25.398 Thread 0x00000150ff9563f0 4534       3       org.lombokweb.asm.SymbolTable::hash (23 bytes)
Event: 25.398 Thread 0x00000150ff9563f0 nmethod 4534 0x0000015080963190 code [0x0000015080963340, 0x0000015080963528]
Event: 25.411 Thread 0x00000150ff9563f0 4535       3       org.lombokweb.asm.MethodVisitor::visitCode (15 bytes)
Event: 25.411 Thread 0x00000150ff9563f0 nmethod 4535 0x0000015080963690 code [0x0000015080963840, 0x0000015080963a48]
Event: 25.414 Thread 0x00000150ff9563f0 4536       3       org.lombokweb.asm.MethodVisitor::visitMaxs (17 bytes)
Event: 25.415 Thread 0x00000150ff9563f0 nmethod 4536 0x0000015080963b10 code [0x0000015080963cc0, 0x0000015080963ec8]
Event: 25.415 Thread 0x00000150ff9563f0 4537       3       org.lombokweb.asm.MethodVisitor::visitEnd (15 bytes)
Event: 25.415 Thread 0x00000150ff9563f0 nmethod 4537 0x0000015080963f90 code [0x0000015080964140, 0x0000015080964348]
Event: 25.439 Thread 0x00000150ff9563f0 4539       3       org.lombokweb.asm.ByteVector::put122 (93 bytes)
Event: 25.440 Thread 0x00000150ff9563f0 nmethod 4539 0x0000015080964410 code [0x00000150809645c0, 0x0000015080964848]

GC Heap History (20 events):
Event: 8.774 GC heap before
{Heap before GC invocations=9 (full 1):
 PSYoungGen      total 27136K, used 27133K [0x00000000eab00000, 0x00000000ecb80000, 0x0000000100000000)
  eden space 24064K, 100% used [0x00000000eab00000,0x00000000ec280000,0x00000000ec280000)
  from space 3072K, 99% used [0x00000000ec300000,0x00000000ec5ff6a0,0x00000000ec600000)
  to   space 4608K, 0% used [0x00000000ec700000,0x00000000ec700000,0x00000000ecb80000)
 ParOldGen       total 68608K, used 8083K [0x00000000c0000000, 0x00000000c4300000, 0x00000000eab00000)
  object space 68608K, 11% used [0x00000000c0000000,0x00000000c07e4e30,0x00000000c4300000)
 Metaspace       used 34312K, committed 35008K, reserved 1114112K
  class space    used 3402K, committed 3712K, reserved 1048576K
}
Event: 8.783 GC heap after
{Heap after GC invocations=9 (full 1):
 PSYoungGen      total 28160K, used 4166K [0x00000000eab00000, 0x00000000ecb80000, 0x0000000100000000)
  eden space 23552K, 0% used [0x00000000eab00000,0x00000000eab00000,0x00000000ec200000)
  from space 4608K, 90% used [0x00000000ec700000,0x00000000ecb118b8,0x00000000ecb80000)
  to   space 4608K, 0% used [0x00000000ec280000,0x00000000ec280000,0x00000000ec700000)
 ParOldGen       total 68608K, used 8091K [0x00000000c0000000, 0x00000000c4300000, 0x00000000eab00000)
  object space 68608K, 11% used [0x00000000c0000000,0x00000000c07e6e30,0x00000000c4300000)
 Metaspace       used 34312K, committed 35008K, reserved 1114112K
  class space    used 3402K, committed 3712K, reserved 1048576K
}
Event: 8.964 GC heap before
{Heap before GC invocations=10 (full 1):
 PSYoungGen      total 28160K, used 10248K [0x00000000eab00000, 0x00000000ecb80000, 0x0000000100000000)
  eden space 23552K, 25% used [0x00000000eab00000,0x00000000eb0f0900,0x00000000ec200000)
  from space 4608K, 90% used [0x00000000ec700000,0x00000000ecb118b8,0x00000000ecb80000)
  to   space 4608K, 0% used [0x00000000ec280000,0x00000000ec280000,0x00000000ec700000)
 ParOldGen       total 68608K, used 8091K [0x00000000c0000000, 0x00000000c4300000, 0x00000000eab00000)
  object space 68608K, 11% used [0x00000000c0000000,0x00000000c07e6e30,0x00000000c4300000)
 Metaspace       used 35207K, committed 35840K, reserved 1114112K
  class space    used 3517K, committed 3776K, reserved 1048576K
}
Event: 8.971 GC heap after
{Heap after GC invocations=10 (full 1):
 PSYoungGen      total 26624K, used 2903K [0x00000000eab00000, 0x00000000ec900000, 0x0000000100000000)
  eden space 23552K, 0% used [0x00000000eab00000,0x00000000eab00000,0x00000000ec200000)
  from space 3072K, 94% used [0x00000000ec280000,0x00000000ec555c00,0x00000000ec580000)
  to   space 3584K, 0% used [0x00000000ec580000,0x00000000ec580000,0x00000000ec900000)
 ParOldGen       total 68608K, used 9498K [0x00000000c0000000, 0x00000000c4300000, 0x00000000eab00000)
  object space 68608K, 13% used [0x00000000c0000000,0x00000000c0946b50,0x00000000c4300000)
 Metaspace       used 35207K, committed 35840K, reserved 1114112K
  class space    used 3517K, committed 3776K, reserved 1048576K
}
Event: 8.971 GC heap before
{Heap before GC invocations=11 (full 2):
 PSYoungGen      total 26624K, used 2903K [0x00000000eab00000, 0x00000000ec900000, 0x0000000100000000)
  eden space 23552K, 0% used [0x00000000eab00000,0x00000000eab00000,0x00000000ec200000)
  from space 3072K, 94% used [0x00000000ec280000,0x00000000ec555c00,0x00000000ec580000)
  to   space 3584K, 0% used [0x00000000ec580000,0x00000000ec580000,0x00000000ec900000)
 ParOldGen       total 68608K, used 9498K [0x00000000c0000000, 0x00000000c4300000, 0x00000000eab00000)
  object space 68608K, 13% used [0x00000000c0000000,0x00000000c0946b50,0x00000000c4300000)
 Metaspace       used 35207K, committed 35840K, reserved 1114112K
  class space    used 3517K, committed 3776K, reserved 1048576K
}
Event: 9.022 GC heap after
{Heap after GC invocations=11 (full 2):
 PSYoungGen      total 26624K, used 0K [0x00000000eab00000, 0x00000000ec900000, 0x0000000100000000)
  eden space 23552K, 0% used [0x00000000eab00000,0x00000000eab00000,0x00000000ec200000)
  from space 3072K, 0% used [0x00000000ec280000,0x00000000ec280000,0x00000000ec580000)
  to   space 3584K, 0% used [0x00000000ec580000,0x00000000ec580000,0x00000000ec900000)
 ParOldGen       total 68608K, used 12003K [0x00000000c0000000, 0x00000000c4300000, 0x00000000eab00000)
  object space 68608K, 17% used [0x00000000c0000000,0x00000000c0bb8db8,0x00000000c4300000)
 Metaspace       used 35207K, committed 35840K, reserved 1114112K
  class space    used 3517K, committed 3776K, reserved 1048576K
}
Event: 21.487 GC heap before
{Heap before GC invocations=12 (full 2):
 PSYoungGen      total 26624K, used 23552K [0x00000000eab00000, 0x00000000ec900000, 0x0000000100000000)
  eden space 23552K, 100% used [0x00000000eab00000,0x00000000ec200000,0x00000000ec200000)
  from space 3072K, 0% used [0x00000000ec280000,0x00000000ec280000,0x00000000ec580000)
  to   space 3584K, 0% used [0x00000000ec580000,0x00000000ec580000,0x00000000ec900000)
 ParOldGen       total 68608K, used 12003K [0x00000000c0000000, 0x00000000c4300000, 0x00000000eab00000)
  object space 68608K, 17% used [0x00000000c0000000,0x00000000c0bb8db8,0x00000000c4300000)
 Metaspace       used 38360K, committed 39104K, reserved 1114112K
  class space    used 3847K, committed 4160K, reserved 1048576K
}
Event: 21.494 GC heap after
{Heap after GC invocations=12 (full 2):
 PSYoungGen      total 25600K, used 2259K [0x00000000eab00000, 0x00000000ec800000, 0x0000000100000000)
  eden space 23040K, 0% used [0x00000000eab00000,0x00000000eab00000,0x00000000ec180000)
  from space 2560K, 88% used [0x00000000ec580000,0x00000000ec7b4eb8,0x00000000ec800000)
  to   space 3072K, 0% used [0x00000000ec200000,0x00000000ec200000,0x00000000ec500000)
 ParOldGen       total 68608K, used 12011K [0x00000000c0000000, 0x00000000c4300000, 0x00000000eab00000)
  object space 68608K, 17% used [0x00000000c0000000,0x00000000c0bbadb8,0x00000000c4300000)
 Metaspace       used 38360K, committed 39104K, reserved 1114112K
  class space    used 3847K, committed 4160K, reserved 1048576K
}
Event: 22.044 GC heap before
{Heap before GC invocations=13 (full 2):
 PSYoungGen      total 25600K, used 25299K [0x00000000eab00000, 0x00000000ec800000, 0x0000000100000000)
  eden space 23040K, 100% used [0x00000000eab00000,0x00000000ec180000,0x00000000ec180000)
  from space 2560K, 88% used [0x00000000ec580000,0x00000000ec7b4eb8,0x00000000ec800000)
  to   space 3072K, 0% used [0x00000000ec200000,0x00000000ec200000,0x00000000ec500000)
 ParOldGen       total 68608K, used 12011K [0x00000000c0000000, 0x00000000c4300000, 0x00000000eab00000)
  object space 68608K, 17% used [0x00000000c0000000,0x00000000c0bbadb8,0x00000000c4300000)
 Metaspace       used 38995K, committed 39744K, reserved 1114112K
  class space    used 3960K, committed 4288K, reserved 1048576K
}
Event: 22.052 GC heap after
{Heap after GC invocations=13 (full 2):
 PSYoungGen      total 25088K, used 2112K [0x00000000eab00000, 0x00000000ec600000, 0x0000000100000000)
  eden space 22528K, 0% used [0x00000000eab00000,0x00000000eab00000,0x00000000ec100000)
  from space 2560K, 82% used [0x00000000ec200000,0x00000000ec410080,0x00000000ec480000)
  to   space 1536K, 0% used [0x00000000ec480000,0x00000000ec480000,0x00000000ec600000)
 ParOldGen       total 68608K, used 14088K [0x00000000c0000000, 0x00000000c4300000, 0x00000000eab00000)
  object space 68608K, 20% used [0x00000000c0000000,0x00000000c0dc23d8,0x00000000c4300000)
 Metaspace       used 38995K, committed 39744K, reserved 1114112K
  class space    used 3960K, committed 4288K, reserved 1048576K
}
Event: 22.666 GC heap before
{Heap before GC invocations=14 (full 2):
 PSYoungGen      total 25088K, used 24640K [0x00000000eab00000, 0x00000000ec600000, 0x0000000100000000)
  eden space 22528K, 100% used [0x00000000eab00000,0x00000000ec100000,0x00000000ec100000)
  from space 2560K, 82% used [0x00000000ec200000,0x00000000ec410080,0x00000000ec480000)
  to   space 1536K, 0% used [0x00000000ec480000,0x00000000ec480000,0x00000000ec600000)
 ParOldGen       total 68608K, used 14088K [0x00000000c0000000, 0x00000000c4300000, 0x00000000eab00000)
  object space 68608K, 20% used [0x00000000c0000000,0x00000000c0dc23d8,0x00000000c4300000)
 Metaspace       used 39159K, committed 39936K, reserved 1114112K
  class space    used 3965K, committed 4288K, reserved 1048576K
}
Event: 22.678 GC heap after
{Heap after GC invocations=14 (full 2):
 PSYoungGen      total 23040K, used 1506K [0x00000000eab00000, 0x00000000ec980000, 0x0000000100000000)
  eden space 21504K, 0% used [0x00000000eab00000,0x00000000eab00000,0x00000000ec000000)
  from space 1536K, 98% used [0x00000000ec480000,0x00000000ec5f8810,0x00000000ec600000)
  to   space 4608K, 0% used [0x00000000ec000000,0x00000000ec000000,0x00000000ec480000)
 ParOldGen       total 68608K, used 16697K [0x00000000c0000000, 0x00000000c4300000, 0x00000000eab00000)
  object space 68608K, 24% used [0x00000000c0000000,0x00000000c104e458,0x00000000c4300000)
 Metaspace       used 39159K, committed 39936K, reserved 1114112K
  class space    used 3965K, committed 4288K, reserved 1048576K
}
Event: 23.062 GC heap before
{Heap before GC invocations=15 (full 2):
 PSYoungGen      total 23040K, used 23010K [0x00000000eab00000, 0x00000000ec980000, 0x0000000100000000)
  eden space 21504K, 100% used [0x00000000eab00000,0x00000000ec000000,0x00000000ec000000)
  from space 1536K, 98% used [0x00000000ec480000,0x00000000ec5f8810,0x00000000ec600000)
  to   space 4608K, 0% used [0x00000000ec000000,0x00000000ec000000,0x00000000ec480000)
 ParOldGen       total 68608K, used 16697K [0x00000000c0000000, 0x00000000c4300000, 0x00000000eab00000)
  object space 68608K, 24% used [0x00000000c0000000,0x00000000c104e458,0x00000000c4300000)
 Metaspace       used 39727K, committed 40512K, reserved 1114112K
  class space    used 4016K, committed 4352K, reserved 1048576K
}
Event: 23.071 GC heap after
{Heap after GC invocations=15 (full 2):
 PSYoungGen      total 23552K, used 1824K [0x00000000eab00000, 0x00000000ec600000, 0x0000000100000000)
  eden space 21504K, 0% used [0x00000000eab00000,0x00000000eab00000,0x00000000ec000000)
  from space 2048K, 89% used [0x00000000ec000000,0x00000000ec1c8010,0x00000000ec200000)
  to   space 3072K, 0% used [0x00000000ec300000,0x00000000ec300000,0x00000000ec600000)
 ParOldGen       total 68608K, used 18107K [0x00000000c0000000, 0x00000000c4300000, 0x00000000eab00000)
  object space 68608K, 26% used [0x00000000c0000000,0x00000000c11aec58,0x00000000c4300000)
 Metaspace       used 39727K, committed 40512K, reserved 1114112K
  class space    used 4016K, committed 4352K, reserved 1048576K
}
Event: 23.887 GC heap before
{Heap before GC invocations=16 (full 2):
 PSYoungGen      total 23552K, used 23328K [0x00000000eab00000, 0x00000000ec600000, 0x0000000100000000)
  eden space 21504K, 100% used [0x00000000eab00000,0x00000000ec000000,0x00000000ec000000)
  from space 2048K, 89% used [0x00000000ec000000,0x00000000ec1c8010,0x00000000ec200000)
  to   space 3072K, 0% used [0x00000000ec300000,0x00000000ec300000,0x00000000ec600000)
 ParOldGen       total 68608K, used 18107K [0x00000000c0000000, 0x00000000c4300000, 0x00000000eab00000)
  object space 68608K, 26% used [0x00000000c0000000,0x00000000c11aec58,0x00000000c4300000)
 Metaspace       used 41847K, committed 42624K, reserved 1114112K
  class space    used 4267K, committed 4608K, reserved 1048576K
}
Event: 23.893 GC heap after
{Heap after GC invocations=16 (full 2):
 PSYoungGen      total 22528K, used 935K [0x00000000eab00000, 0x00000000ec400000, 0x0000000100000000)
  eden space 21504K, 0% used [0x00000000eab00000,0x00000000eab00000,0x00000000ec000000)
  from space 1024K, 91% used [0x00000000ec300000,0x00000000ec3e9db8,0x00000000ec400000)
  to   space 1536K, 0% used [0x00000000ec100000,0x00000000ec100000,0x00000000ec280000)
 ParOldGen       total 68608K, used 19772K [0x00000000c0000000, 0x00000000c4300000, 0x00000000eab00000)
  object space 68608K, 28% used [0x00000000c0000000,0x00000000c134f1c0,0x00000000c4300000)
 Metaspace       used 41847K, committed 42624K, reserved 1114112K
  class space    used 4267K, committed 4608K, reserved 1048576K
}
Event: 24.935 GC heap before
{Heap before GC invocations=17 (full 2):
 PSYoungGen      total 22528K, used 22439K [0x00000000eab00000, 0x00000000ec400000, 0x0000000100000000)
  eden space 21504K, 100% used [0x00000000eab00000,0x00000000ec000000,0x00000000ec000000)
  from space 1024K, 91% used [0x00000000ec300000,0x00000000ec3e9db8,0x00000000ec400000)
  to   space 1536K, 0% used [0x00000000ec100000,0x00000000ec100000,0x00000000ec280000)
 ParOldGen       total 68608K, used 19772K [0x00000000c0000000, 0x00000000c4300000, 0x00000000eab00000)
  object space 68608K, 28% used [0x00000000c0000000,0x00000000c134f1c0,0x00000000c4300000)
 Metaspace       used 43393K, committed 44224K, reserved 1114112K
  class space    used 4405K, committed 4800K, reserved 1048576K
}
Event: 24.939 GC heap after
{Heap after GC invocations=17 (full 2):
 PSYoungGen      total 23040K, used 544K [0x00000000eab00000, 0x00000000ec380000, 0x0000000100000000)
  eden space 21504K, 0% used [0x00000000eab00000,0x00000000eab00000,0x00000000ec000000)
  from space 1536K, 35% used [0x00000000ec100000,0x00000000ec188000,0x00000000ec280000)
  to   space 1024K, 0% used [0x00000000ec280000,0x00000000ec280000,0x00000000ec380000)
 ParOldGen       total 68608K, used 20504K [0x00000000c0000000, 0x00000000c4300000, 0x00000000eab00000)
  object space 68608K, 29% used [0x00000000c0000000,0x00000000c1406030,0x00000000c4300000)
 Metaspace       used 43393K, committed 44224K, reserved 1114112K
  class space    used 4405K, committed 4800K, reserved 1048576K
}
Event: 25.294 GC heap before
{Heap before GC invocations=18 (full 2):
 PSYoungGen      total 23040K, used 22048K [0x00000000eab00000, 0x00000000ec380000, 0x0000000100000000)
  eden space 21504K, 100% used [0x00000000eab00000,0x00000000ec000000,0x00000000ec000000)
  from space 1536K, 35% used [0x00000000ec100000,0x00000000ec188000,0x00000000ec280000)
  to   space 1024K, 0% used [0x00000000ec280000,0x00000000ec280000,0x00000000ec380000)
 ParOldGen       total 68608K, used 20504K [0x00000000c0000000, 0x00000000c4300000, 0x00000000eab00000)
  object space 68608K, 29% used [0x00000000c0000000,0x00000000c1406030,0x00000000c4300000)
 Metaspace       used 43987K, committed 44928K, reserved 1114112K
  class space    used 4474K, committed 4928K, reserved 1048576K
}
Event: 25.298 GC heap after
{Heap after GC invocations=18 (full 2):
 PSYoungGen      total 22528K, used 829K [0x00000000eab00000, 0x00000000ec380000, 0x0000000100000000)
  eden space 21504K, 0% used [0x00000000eab00000,0x00000000eab00000,0x00000000ec000000)
  from space 1024K, 81% used [0x00000000ec280000,0x00000000ec34f7b0,0x00000000ec380000)
  to   space 1024K, 0% used [0x00000000ec180000,0x00000000ec180000,0x00000000ec280000)
 ParOldGen       total 68608K, used 20880K [0x00000000c0000000, 0x00000000c4300000, 0x00000000eab00000)
  object space 68608K, 30% used [0x00000000c0000000,0x00000000c1464030,0x00000000c4300000)
 Metaspace       used 43987K, committed 44928K, reserved 1114112K
  class space    used 4474K, committed 4928K, reserved 1048576K
}

Dll operation events (10 events):
Event: 0.024 Loaded shared library c:\Users\bappa\.vscode\extensions\redhat.java-1.38.0-win32-x64\jre\17.0.13-win32-x86_64\bin\java.dll
Event: 0.427 Loaded shared library c:\Users\bappa\.vscode\extensions\redhat.java-1.38.0-win32-x64\jre\17.0.13-win32-x86_64\bin\zip.dll
Event: 0.439 Loaded shared library C:\Users\bappa\.vscode\extensions\redhat.java-1.38.0-win32-x64\jre\17.0.13-win32-x86_64\bin\instrument.dll
Event: 0.467 Loaded shared library C:\Users\bappa\.vscode\extensions\redhat.java-1.38.0-win32-x64\jre\17.0.13-win32-x86_64\bin\net.dll
Event: 0.471 Loaded shared library C:\Users\bappa\.vscode\extensions\redhat.java-1.38.0-win32-x64\jre\17.0.13-win32-x86_64\bin\nio.dll
Event: 0.488 Loaded shared library C:\Users\bappa\.vscode\extensions\redhat.java-1.38.0-win32-x64\jre\17.0.13-win32-x86_64\bin\zip.dll
Event: 0.527 Loaded shared library C:\Users\bappa\.vscode\extensions\redhat.java-1.38.0-win32-x64\jre\17.0.13-win32-x86_64\bin\jimage.dll
Event: 0.685 Loaded shared library c:\Users\bappa\.vscode\extensions\redhat.java-1.38.0-win32-x64\jre\17.0.13-win32-x86_64\bin\verify.dll
Event: 3.479 Loaded shared library C:\Users\bappa\AppData\Roaming\Code\User\globalStorage\redhat.java\1.38.0\config_ss_win\org.eclipse.equinox.launcher\org.eclipse.equinox.launcher.win32.win32.x86_64_1.2.1100.v20240722-2106\eclipse_11904.dll
Event: 5.986 Loaded shared library C:\Users\bappa\AppData\Local\Temp\jna-93505986\jna6933004261309094060.dll

Deoptimization events (20 events):
Event: 25.122 Thread 0x0000015094c81230 Uncommon trap: trap_request=0xffffffde fr.pc=0x0000015087c110ac relative=0x000000000000864c
Event: 25.122 Thread 0x0000015094c81230 Uncommon trap: reason=class_check action=maybe_recompile pc=0x0000015087c110ac method=lombok.patcher.PatchScript$MethodPatcher.visitMethod(ILjava/lang/String;Ljava/lang/String;Ljava/lang/String;[Ljava/lang/String;)Lorg/lombokweb/asm/MethodVisitor; @ 101 c
Event: 25.122 Thread 0x0000015094c81230 DEOPT PACKING pc=0x0000015087c110ac sp=0x00000016a1ff9720
Event: 25.122 Thread 0x0000015094c81230 DEOPT UNPACKING pc=0x0000015087589ea3 sp=0x00000016a1ff96d8 mode 2
Event: 25.123 Thread 0x0000015094c81230 Uncommon trap: trap_request=0xffffffde fr.pc=0x0000015087c110ac relative=0x000000000000864c
Event: 25.123 Thread 0x0000015094c81230 Uncommon trap: reason=class_check action=maybe_recompile pc=0x0000015087c110ac method=lombok.patcher.PatchScript$MethodPatcher.visitMethod(ILjava/lang/String;Ljava/lang/String;Ljava/lang/String;[Ljava/lang/String;)Lorg/lombokweb/asm/MethodVisitor; @ 101 c
Event: 25.123 Thread 0x0000015094c81230 DEOPT PACKING pc=0x0000015087c110ac sp=0x00000016a1ff9720
Event: 25.123 Thread 0x0000015094c81230 DEOPT UNPACKING pc=0x0000015087589ea3 sp=0x00000016a1ff96d8 mode 2
Event: 25.123 Thread 0x0000015094c81230 Uncommon trap: trap_request=0xffffffde fr.pc=0x0000015087c110ac relative=0x000000000000864c
Event: 25.123 Thread 0x0000015094c81230 Uncommon trap: reason=class_check action=maybe_recompile pc=0x0000015087c110ac method=lombok.patcher.PatchScript$MethodPatcher.visitMethod(ILjava/lang/String;Ljava/lang/String;Ljava/lang/String;[Ljava/lang/String;)Lorg/lombokweb/asm/MethodVisitor; @ 101 c
Event: 25.123 Thread 0x0000015094c81230 DEOPT PACKING pc=0x0000015087c110ac sp=0x00000016a1ff9720
Event: 25.123 Thread 0x0000015094c81230 DEOPT UNPACKING pc=0x0000015087589ea3 sp=0x00000016a1ff96d8 mode 2
Event: 25.123 Thread 0x0000015094c81230 Uncommon trap: trap_request=0xffffffde fr.pc=0x0000015087c110ac relative=0x000000000000864c
Event: 25.123 Thread 0x0000015094c81230 Uncommon trap: reason=class_check action=maybe_recompile pc=0x0000015087c110ac method=lombok.patcher.PatchScript$MethodPatcher.visitMethod(ILjava/lang/String;Ljava/lang/String;Ljava/lang/String;[Ljava/lang/String;)Lorg/lombokweb/asm/MethodVisitor; @ 101 c
Event: 25.123 Thread 0x0000015094c81230 DEOPT PACKING pc=0x0000015087c110ac sp=0x00000016a1ff9720
Event: 25.123 Thread 0x0000015094c81230 DEOPT UNPACKING pc=0x0000015087589ea3 sp=0x00000016a1ff96d8 mode 2
Event: 25.340 Thread 0x00000150946413f0 Uncommon trap: trap_request=0xffffff45 fr.pc=0x0000015087c2d030 relative=0x0000000000000190
Event: 25.340 Thread 0x00000150946413f0 Uncommon trap: reason=unstable_if action=reinterpret pc=0x0000015087c2d030 method=jdk.internal.org.objectweb.asm.Frame.push(I)V @ 26 c2
Event: 25.340 Thread 0x00000150946413f0 DEOPT PACKING pc=0x0000015087c2d030 sp=0x00000016a0dfd160
Event: 25.340 Thread 0x00000150946413f0 DEOPT UNPACKING pc=0x0000015087589ea3 sp=0x00000016a0dfd0e8 mode 2

Classes loaded (20 events):
Event: 25.198 Loading class java/util/concurrent/ForkJoinTask$AdaptedCallable
Event: 25.198 Loading class java/util/concurrent/ForkJoinTask$AdaptedCallable done
Event: 25.205 Loading class java/util/stream/Nodes$CollectorTask$OfRef
Event: 25.205 Loading class java/util/stream/Nodes$CollectorTask
Event: 25.206 Loading class java/util/stream/AbstractTask
Event: 25.206 Loading class java/util/concurrent/CountedCompleter
Event: 25.207 Loading class java/util/concurrent/CountedCompleter done
Event: 25.207 Loading class java/util/stream/AbstractTask done
Event: 25.207 Loading class java/util/stream/Nodes$CollectorTask done
Event: 25.207 Loading class java/util/stream/Nodes$CollectorTask$OfRef done
Event: 25.208 Loading class java/util/function/LongFunction
Event: 25.208 Loading class java/util/function/LongFunction done
Event: 25.209 Loading class java/util/stream/Nodes$ConcNode
Event: 25.209 Loading class java/util/stream/Nodes$AbstractConcNode
Event: 25.210 Loading class java/util/stream/Nodes$AbstractConcNode done
Event: 25.210 Loading class java/util/stream/Nodes$ConcNode done
Event: 25.212 Loading class java/util/stream/Nodes$ToArrayTask$OfRef
Event: 25.213 Loading class java/util/stream/Nodes$ToArrayTask
Event: 25.213 Loading class java/util/stream/Nodes$ToArrayTask done
Event: 25.214 Loading class java/util/stream/Nodes$ToArrayTask$OfRef done

Classes unloaded (7 events):
Event: 5.390 Thread 0x00000150f98ae5a0 Unloading class 0x000000010021a400 'java/lang/invoke/LambdaForm$MH+0x000000010021a400'
Event: 5.390 Thread 0x00000150f98ae5a0 Unloading class 0x000000010021a000 'java/lang/invoke/LambdaForm$MH+0x000000010021a000'
Event: 5.390 Thread 0x00000150f98ae5a0 Unloading class 0x0000000100219c00 'java/lang/invoke/LambdaForm$MH+0x0000000100219c00'
Event: 5.390 Thread 0x00000150f98ae5a0 Unloading class 0x0000000100219800 'java/lang/invoke/LambdaForm$MH+0x0000000100219800'
Event: 5.390 Thread 0x00000150f98ae5a0 Unloading class 0x0000000100219400 'java/lang/invoke/LambdaForm$BMH+0x0000000100219400'
Event: 5.390 Thread 0x00000150f98ae5a0 Unloading class 0x0000000100219000 'java/lang/invoke/LambdaForm$DMH+0x0000000100219000'
Event: 5.390 Thread 0x00000150f98ae5a0 Unloading class 0x0000000100214400 'java/lang/invoke/LambdaForm$DMH+0x0000000100214400'

Classes redefined (0 events):
No events

Internal exceptions (20 events):
Event: 21.680 Thread 0x0000015094c80d20 Exception <a 'java/lang/NoSuchMethodError'{0x00000000eadaec80}: 'int java.lang.invoke.DirectMethodHandle$Holder.invokeSpecial(java.lang.Object, java.lang.Object, java.lang.Object, java.lang.Object)'> (0x00000000eadaec80) 
thrown [s\src\hotspot\share\interpreter\linkResolver.cpp, line 759]
Event: 21.680 Thread 0x0000015094c81230 Exception <a 'java/lang/NoSuchMethodError'{0x00000000eaf74ac0}: 'int java.lang.invoke.DirectMethodHandle$Holder.invokeSpecial(java.lang.Object, java.lang.Object, java.lang.Object, java.lang.Object)'> (0x00000000eaf74ac0) 
thrown [s\src\hotspot\share\interpreter\linkResolver.cpp, line 759]
Event: 21.682 Thread 0x0000015094c7e4a0 Exception <a 'java/lang/NoSuchMethodError'{0x00000000eaf7d280}: 'int java.lang.invoke.DirectMethodHandle$Holder.invokeSpecial(java.lang.Object, java.lang.Object, java.lang.Object, java.lang.Object)'> (0x00000000eaf7d280) 
thrown [s\src\hotspot\share\interpreter\linkResolver.cpp, line 759]
Event: 21.689 Thread 0x0000015094c81230 Exception <a 'java/lang/NoSuchMethodError'{0x00000000eafd9a78}: 'java.lang.Object java.lang.invoke.DirectMethodHandle$Holder.invokeStatic(java.lang.Object, int, java.lang.Object, java.lang.Object)'> (0x00000000eafd9a78) 
thrown [s\src\hotspot\share\interpreter\linkResolver.cpp, line 759]
Event: 21.689 Thread 0x0000015094c80d20 Exception <a 'java/lang/NoSuchMethodError'{0x00000000eafa3ce0}: 'java.lang.Object java.lang.invoke.DirectMethodHandle$Holder.invokeStatic(java.lang.Object, int, java.lang.Object, java.lang.Object)'> (0x00000000eafa3ce0) 
thrown [s\src\hotspot\share\interpreter\linkResolver.cpp, line 759]
Event: 21.690 Thread 0x0000015094c81230 Exception <a 'java/lang/NoSuchMethodError'{0x00000000eafdd7d8}: 'java.lang.Object java.lang.invoke.DelegatingMethodHandle$Holder.delegate(java.lang.Object, int, java.lang.Object, java.lang.Object)'> (0x00000000eafdd7d8) 
thrown [s\src\hotspot\share\interpreter\linkResolver.cpp, line 759]
Event: 21.690 Thread 0x0000015094c7e4a0 Exception <a 'java/lang/NoSuchMethodError'{0x00000000eafa76d8}: 'java.lang.Object java.lang.invoke.DelegatingMethodHandle$Holder.delegate(java.lang.Object, int, java.lang.Object, java.lang.Object)'> (0x00000000eafa76d8) 
thrown [s\src\hotspot\share\interpreter\linkResolver.cpp, line 759]
Event: 21.690 Thread 0x0000015094c80d20 Exception <a 'java/lang/NoSuchMethodError'{0x00000000eaff8108}: 'java.lang.Object java.lang.invoke.DelegatingMethodHandle$Holder.delegate(java.lang.Object, int, java.lang.Object, java.lang.Object)'> (0x00000000eaff8108) 
thrown [s\src\hotspot\share\interpreter\linkResolver.cpp, line 759]
Event: 21.698 Thread 0x0000015094c81230 Exception <a 'java/lang/NoSuchMethodError'{0x00000000eb01f2d8}: 'int java.lang.invoke.Invokers$Holder.linkToTargetMethod(java.lang.Object, java.lang.Object, java.lang.Object)'> (0x00000000eb01f2d8) 
thrown [s\src\hotspot\share\interpreter\linkResolver.cpp, line 759]
Event: 21.698 Thread 0x0000015094c80d20 Exception <a 'java/lang/NoSuchMethodError'{0x00000000eb043180}: 'int java.lang.invoke.Invokers$Holder.linkToTargetMethod(java.lang.Object, java.lang.Object, java.lang.Object)'> (0x00000000eb043180) 
thrown [s\src\hotspot\share\interpreter\linkResolver.cpp, line 759]
Event: 21.699 Thread 0x0000015094c7e4a0 Exception <a 'java/lang/NoSuchMethodError'{0x00000000eb027338}: 'int java.lang.invoke.Invokers$Holder.linkToTargetMethod(java.lang.Object, java.lang.Object, java.lang.Object)'> (0x00000000eb027338) 
thrown [s\src\hotspot\share\interpreter\linkResolver.cpp, line 759]
Event: 23.557 Thread 0x0000015094c7e4a0 Exception <a 'java/lang/LinkageError'{0x00000000eb66daa8}: loader lombok.launch.ShadowClassLoader @174f0e96 attempted duplicate class definition for lombok.launch.PatchFixesHider$Transform. (lombok.launch.PatchFixesHider$Transform is in unnamed module of loader lombok.launch.ShadowClassLoader @174f0e96, parent loader org.eclipse.osgi.internal.loader.EquinoxClassLoader @6a3084a5)> (0x00000000eb66daa8) 
thrown [s\src\hotspot\share\classfile\systemDictionary.cpp, line 1723]
Event: 23.560 Thread 0x0000015094c80d20 Exception <a 'java/lang/LinkageError'{0x00000000eb64f8b0}: loader lombok.launch.ShadowClassLoader @174f0e96 attempted duplicate class definition for lombok.launch.PatchFixesHider$Transform. (lombok.launch.PatchFixesHider$Transform is in unnamed module of loader lombok.launch.ShadowClassLoader @174f0e96, parent loader org.eclipse.osgi.internal.loader.EquinoxClassLoader @6a3084a5)> (0x00000000eb64f8b0) 
thrown [s\src\hotspot\share\classfile\systemDictionary.cpp, line 1723]
Event: 23.561 Thread 0x0000015094c7d570 Exception <a 'java/lang/LinkageError'{0x00000000eb608070}: loader lombok.launch.ShadowClassLoader @174f0e96 attempted duplicate class definition for lombok.launch.PatchFixesHider$Transform. (lombok.launch.PatchFixesHider$Transform is in unnamed module of loader lombok.launch.ShadowClassLoader @174f0e96, parent loader org.eclipse.osgi.internal.loader.EquinoxClassLoader @6a3084a5)> (0x00000000eb608070) 
thrown [s\src\hotspot\share\classfile\systemDictionary.cpp, line 1723]
Event: 24.911 Thread 0x0000015094c81230 Exception <a 'java/lang/LinkageError'{0x00000000ebeaa9d8}: loader lombok.launch.ShadowClassLoader @174f0e96 attempted duplicate class definition for lombok.launch.PatchFixesHider$ValPortal. (lombok.launch.PatchFixesHider$ValPortal is in unnamed module of loader lombok.launch.ShadowClassLoader @174f0e96, parent loader org.eclipse.osgi.internal.loader.EquinoxClassLoader @6a3084a5)> (0x00000000ebeaa9d8) 
thrown [s\src\hotspot\share\classfile\systemDictionary.cpp, line 1723]
Event: 24.911 Thread 0x0000015094c80d20 Exception <a 'java/lang/LinkageError'{0x00000000ebeec700}: loader lombok.launch.ShadowClassLoader @174f0e96 attempted duplicate class definition for lombok.launch.PatchFixesHider$ValPortal. (lombok.launch.PatchFixesHider$ValPortal is in unnamed module of loader lombok.launch.ShadowClassLoader @174f0e96, parent loader org.eclipse.osgi.internal.loader.EquinoxClassLoader @6a3084a5)> (0x00000000ebeec700) 
thrown [s\src\hotspot\share\classfile\systemDictionary.cpp, line 1723]
Event: 25.287 Thread 0x00000150946413f0 Exception <a 'java/io/FileNotFoundException'{0x00000000ebfaca28}> (0x00000000ebfaca28) 
thrown [s\src\hotspot\share\prims\jni.cpp, line 516]
Event: 25.342 Thread 0x00000150946413f0 Exception <a 'java/lang/NoSuchMethodError'{0x00000000eb0de6b0}: 'java.lang.Object java.lang.invoke.DirectMethodHandle$Holder.newInvokeSpecial(java.lang.Object, java.lang.Object, java.lang.Object, java.lang.Object, java.lang.Object, java.lang.Object, java.lang.Object, java.lang.Object, java.lang.Object, java.lang.Object)'> (0x00000000eb0de6b0) 
thrown [s\src\hotspot\share\interpreter\linkResolver.cpp, line 759]
Event: 25.344 Thread 0x00000150946413f0 Exception <a 'java/lang/NoSuchMethodError'{0x00000000eb0e3018}: 'java.lang.Object java.lang.invoke.DirectMethodHandle$Holder.invokeSpecial(java.lang.Object, java.lang.Object, java.lang.Object, java.lang.Object, java.lang.Object, java.lang.Object, java.lang.Object, java.lang.Object, java.lang.Object, java.lang.Object, java.lang.Object)'> (0x00000000eb0e3018) 
thrown [s\src\hotspot\share\interpreter\linkResolver.cpp, line 759]
Event: 25.345 Thread 0x00000150946413f0 Exception <a 'java/lang/NoSuchMethodError'{0x00000000eb0e7820}: 'java.lang.Object java.lang.invoke.Invokers$Holder.linkToTargetMethod(java.lang.Object, java.lang.Object, java.lang.Object, java.lang.Object, java.lang.Object, java.lang.Object, java.lang.Object, java.lang.Object, java.lang.Object, java.lang.Object)'> (0x00000000eb0e7820) 
thrown [s\src\hotspot\share\interpreter\linkResolver.cpp, line 759]

VM Operations (20 events):
Event: 21.712 Executing VM operation: HandshakeAllThreads done
Event: 22.044 Executing VM operation: ParallelGCFailedAllocation
Event: 22.052 Executing VM operation: ParallelGCFailedAllocation done
Event: 22.666 Executing VM operation: ParallelGCFailedAllocation
Event: 22.678 Executing VM operation: ParallelGCFailedAllocation done
Event: 23.049 Executing VM operation: HandshakeAllThreads
Event: 23.050 Executing VM operation: HandshakeAllThreads done
Event: 23.059 Executing VM operation: ParallelGCFailedAllocation
Event: 23.071 Executing VM operation: ParallelGCFailedAllocation done
Event: 23.460 Executing VM operation: HandshakeAllThreads
Event: 23.460 Executing VM operation: HandshakeAllThreads done
Event: 23.887 Executing VM operation: ParallelGCFailedAllocation
Event: 23.893 Executing VM operation: ParallelGCFailedAllocation done
Event: 24.893 Executing VM operation: Cleanup
Event: 24.893 Executing VM operation: Cleanup done
Event: 24.935 Executing VM operation: ParallelGCFailedAllocation
Event: 24.939 Executing VM operation: ParallelGCFailedAllocation done
Event: 25.294 Executing VM operation: ParallelGCFailedAllocation
Event: 25.298 Executing VM operation: ParallelGCFailedAllocation done
Event: 26.300 Executing VM operation: Cleanup

Memory protections (0 events):
No events

Nmethod flushes (0 events):
No events

Events (20 events):
Event: 9.125 Thread 0x00000150f97fe940 Thread added: 0x0000015094c80300
Event: 9.125 Thread 0x00000150f97fe940 Thread added: 0x0000015094c7eec0
Event: 11.245 Thread 0x00000150944ba240 Thread exited: 0x00000150944ba240
Event: 14.292 Thread 0x0000015093f02f00 Thread exited: 0x0000015093f02f00
Event: 20.510 Thread 0x0000015094c7eec0 Thread added: 0x0000015094c80d20
Event: 20.523 Thread 0x0000015094c80d20 Thread added: 0x0000015094c7e4a0
Event: 20.525 Thread 0x0000015094c7e4a0 Thread added: 0x0000015094c7d570
Event: 20.550 Thread 0x0000015094c7d570 Thread added: 0x0000015094c81230
Event: 20.554 Thread 0x0000015094c81230 Thread added: 0x0000015094c7da80
Event: 21.777 Thread 0x00000150ff9563f0 Thread added: 0x00000150950bcb80
Event: 21.881 Thread 0x00000150950bcb80 Thread added: 0x0000015093ad8920
Event: 23.541 Thread 0x0000015093ad8920 Thread exited: 0x0000015093ad8920
Event: 24.781 Thread 0x00000150950bcb80 Thread exited: 0x00000150950bcb80
Event: 25.091 Thread 0x0000015094c7eec0 Thread added: 0x0000015093be4d90
Event: 25.096 Thread 0x00000150ff9532a0 Thread added: 0x0000015095eec020
Event: 25.155 Thread 0x00000150ff9563f0 Thread added: 0x0000015095017930
Event: 25.199 Thread 0x00000150946413f0 Thread added: 0x0000015093be3440
Event: 25.211 Thread 0x0000015093be3440 Thread added: 0x0000015097204b60
Event: 25.225 Thread 0x0000015097204b60 Thread exited: 0x0000015097204b60
Event: 25.225 Thread 0x0000015093be3440 Thread exited: 0x0000015093be3440


Dynamic libraries:
0x00007ff74bdf0000 - 0x00007ff74bdfe000 	c:\Users\bappa\.vscode\extensions\redhat.java-1.38.0-win32-x64\jre\17.0.13-win32-x86_64\bin\java.exe
0x00007ff902900000 - 0x00007ff902b63000 	C:\WINDOWS\SYSTEM32\ntdll.dll
0x00007ff901c30000 - 0x00007ff901cf8000 	C:\WINDOWS\System32\KERNEL32.DLL
0x00007ff8ffe00000 - 0x00007ff9001b2000 	C:\WINDOWS\System32\KERNELBASE.dll
0x00007ff900610000 - 0x00007ff90075b000 	C:\WINDOWS\System32\ucrtbase.dll
0x00007ff8ec4b0000 - 0x00007ff8ec4ce000 	c:\Users\bappa\.vscode\extensions\redhat.java-1.38.0-win32-x64\jre\17.0.13-win32-x86_64\bin\VCRUNTIME140.dll
0x00007ff8f7f50000 - 0x00007ff8f7f67000 	c:\Users\bappa\.vscode\extensions\redhat.java-1.38.0-win32-x64\jre\17.0.13-win32-x86_64\bin\jli.dll
0x00007ff900b70000 - 0x00007ff900d38000 	C:\WINDOWS\System32\USER32.dll
0x00007ff8ea0a0000 - 0x00007ff8ea330000 	C:\WINDOWS\WinSxS\amd64_microsoft.windows.common-controls_6595b64144ccf1df_6.0.26100.2454_none_3e0b68a2e331ad60\COMCTL32.dll
0x00007ff9001c0000 - 0x00007ff9001e7000 	C:\WINDOWS\System32\win32u.dll
0x00007ff901f00000 - 0x00007ff901fa9000 	C:\WINDOWS\System32\msvcrt.dll
0x00007ff900b40000 - 0x00007ff900b6a000 	C:\WINDOWS\System32\GDI32.dll
0x00007ff9001f0000 - 0x00007ff90031b000 	C:\WINDOWS\System32\gdi32full.dll
0x00007ff9003e0000 - 0x00007ff900483000 	C:\WINDOWS\System32\msvcp_win.dll
0x00007ff900e60000 - 0x00007ff900e8f000 	C:\WINDOWS\System32\IMM32.DLL
0x00007ff8f8c30000 - 0x00007ff8f8c3c000 	c:\Users\bappa\.vscode\extensions\redhat.java-1.38.0-win32-x64\jre\17.0.13-win32-x86_64\bin\vcruntime140_1.dll
0x00007ff8dd360000 - 0x00007ff8dd3ed000 	c:\Users\bappa\.vscode\extensions\redhat.java-1.38.0-win32-x64\jre\17.0.13-win32-x86_64\bin\msvcp140.dll
0x00007ff87fe10000 - 0x00007ff880a7b000 	c:\Users\bappa\.vscode\extensions\redhat.java-1.38.0-win32-x64\jre\17.0.13-win32-x86_64\bin\server\jvm.dll
0x00007ff901dc0000 - 0x00007ff901e74000 	C:\WINDOWS\System32\ADVAPI32.dll
0x00007ff902020000 - 0x00007ff9020c6000 	C:\WINDOWS\System32\sechost.dll
0x00007ff900a20000 - 0x00007ff900b36000 	C:\WINDOWS\System32\RPCRT4.dll
0x00007ff901e80000 - 0x00007ff901ef4000 	C:\WINDOWS\System32\WS2_32.dll
0x00007ff8ffb60000 - 0x00007ff8ffbae000 	C:\WINDOWS\SYSTEM32\POWRPROF.dll
0x00007ff8dbe00000 - 0x00007ff8dbe36000 	C:\WINDOWS\SYSTEM32\WINMM.dll
0x00007ff8f78d0000 - 0x00007ff8f78db000 	C:\WINDOWS\SYSTEM32\VERSION.dll
0x00007ff8ffb40000 - 0x00007ff8ffb54000 	C:\WINDOWS\SYSTEM32\UMPDC.dll
0x00007ff8feb10000 - 0x00007ff8feb2a000 	C:\WINDOWS\SYSTEM32\kernel.appcore.dll
0x00007ff8f7f40000 - 0x00007ff8f7f4a000 	c:\Users\bappa\.vscode\extensions\redhat.java-1.38.0-win32-x64\jre\17.0.13-win32-x86_64\bin\jimage.dll
0x00007ff8fd6d0000 - 0x00007ff8fd911000 	C:\WINDOWS\SYSTEM32\DBGHELP.DLL
0x00007ff900ea0000 - 0x00007ff90121e000 	C:\WINDOWS\System32\combase.dll
0x00007ff9020d0000 - 0x00007ff9021a6000 	C:\WINDOWS\System32\OLEAUT32.dll
0x00007ff8e6e30000 - 0x00007ff8e6e69000 	C:\WINDOWS\SYSTEM32\dbgcore.DLL
0x00007ff8ffcd0000 - 0x00007ff8ffd69000 	C:\WINDOWS\System32\bcryptPrimitives.dll
0x00007ff8f76f0000 - 0x00007ff8f76fe000 	c:\Users\bappa\.vscode\extensions\redhat.java-1.38.0-win32-x64\jre\17.0.13-win32-x86_64\bin\instrument.dll
0x00007ff8ebe40000 - 0x00007ff8ebe65000 	c:\Users\bappa\.vscode\extensions\redhat.java-1.38.0-win32-x64\jre\17.0.13-win32-x86_64\bin\java.dll
0x00007ff8ec470000 - 0x00007ff8ec488000 	c:\Users\bappa\.vscode\extensions\redhat.java-1.38.0-win32-x64\jre\17.0.13-win32-x86_64\bin\zip.dll
0x00007ff9021b0000 - 0x00007ff9028b0000 	C:\WINDOWS\System32\SHELL32.dll
0x00007ff8fda20000 - 0x00007ff8fe251000 	C:\WINDOWS\SYSTEM32\windows.storage.dll
0x00007ff9016c0000 - 0x00007ff90179a000 	C:\WINDOWS\System32\SHCORE.dll
0x00007ff900d50000 - 0x00007ff900dad000 	C:\WINDOWS\System32\shlwapi.dll
0x00007ff8ffbe0000 - 0x00007ff8ffc0e000 	C:\WINDOWS\SYSTEM32\profapi.dll
0x00007ff8ec430000 - 0x00007ff8ec449000 	C:\Users\bappa\.vscode\extensions\redhat.java-1.38.0-win32-x64\jre\17.0.13-win32-x86_64\bin\net.dll
0x00007ff8fac40000 - 0x00007ff8fad66000 	C:\WINDOWS\SYSTEM32\WINHTTP.dll
0x00007ff8ff010000 - 0x00007ff8ff078000 	C:\WINDOWS\system32\mswsock.dll
0x00007ff8ec3e0000 - 0x00007ff8ec3f6000 	C:\Users\bappa\.vscode\extensions\redhat.java-1.38.0-win32-x64\jre\17.0.13-win32-x86_64\bin\nio.dll
0x00007ff8f70c0000 - 0x00007ff8f70d0000 	c:\Users\bappa\.vscode\extensions\redhat.java-1.38.0-win32-x64\jre\17.0.13-win32-x86_64\bin\verify.dll
0x00007ff8e3f60000 - 0x00007ff8e3fa5000 	C:\Users\bappa\AppData\Roaming\Code\User\globalStorage\redhat.java\1.38.0\config_ss_win\org.eclipse.equinox.launcher\org.eclipse.equinox.launcher.win32.win32.x86_64_1.2.1100.v20240722-2106\eclipse_11904.dll
0x00007ff901a10000 - 0x00007ff901ba9000 	C:\WINDOWS\System32\ole32.dll
0x00007ff8ff2b0000 - 0x00007ff8ff2cc000 	C:\WINDOWS\SYSTEM32\CRYPTSP.dll
0x00007ff8fea70000 - 0x00007ff8feaa8000 	C:\WINDOWS\system32\rsaenh.dll
0x00007ff8ff0b0000 - 0x00007ff8ff0db000 	C:\WINDOWS\SYSTEM32\USERENV.dll
0x00007ff8ff4f0000 - 0x00007ff8ff516000 	C:\WINDOWS\SYSTEM32\bcrypt.dll
0x00007ff8ff2d0000 - 0x00007ff8ff2dc000 	C:\WINDOWS\SYSTEM32\CRYPTBASE.dll
0x00007ff8fe5a0000 - 0x00007ff8fe5d2000 	C:\WINDOWS\SYSTEM32\IPHLPAPI.DLL
0x00007ff901d80000 - 0x00007ff901d8a000 	C:\WINDOWS\System32\NSI.dll
0x00007ff8fab70000 - 0x00007ff8fab8e000 	C:\WINDOWS\SYSTEM32\dhcpcsvc6.DLL
0x00007ff8fab40000 - 0x00007ff8fab65000 	C:\WINDOWS\SYSTEM32\dhcpcsvc.DLL
0x00007ff8fe640000 - 0x00007ff8fe765000 	C:\WINDOWS\SYSTEM32\DNSAPI.dll
0x00007ff8dbb70000 - 0x00007ff8dbbb9000 	C:\Users\bappa\AppData\Local\Temp\jna-93505986\jna6933004261309094060.dll
0x00007ff900d40000 - 0x00007ff900d48000 	C:\WINDOWS\System32\PSAPI.DLL
0x00007ff8fec30000 - 0x00007ff8fec65000 	C:\WINDOWS\SYSTEM32\ntmarta.dll

dbghelp: loaded successfully - version: 4.0.5 - missing functions: none
symbol engine: initialized successfully - sym options: 0x614 - pdb path: .;c:\Users\bappa\.vscode\extensions\redhat.java-1.38.0-win32-x64\jre\17.0.13-win32-x86_64\bin;C:\WINDOWS\SYSTEM32;C:\WINDOWS\WinSxS\amd64_microsoft.windows.common-controls_6595b64144ccf1df_6.0.26100.2454_none_3e0b68a2e331ad60;c:\Users\bappa\.vscode\extensions\redhat.java-1.38.0-win32-x64\jre\17.0.13-win32-x86_64\bin\server;C:\Users\bappa\AppData\Roaming\Code\User\globalStorage\redhat.java\1.38.0\config_ss_win\org.eclipse.equinox.launcher\org.eclipse.equinox.launcher.win32.win32.x86_64_1.2.1100.v20240722-2106;C:\Users\bappa\AppData\Local\Temp\jna-93505986

VM Arguments:
jvm_args: --add-modules=ALL-SYSTEM --add-opens=java.base/java.util=ALL-UNNAMED --add-opens=java.base/java.lang=ALL-UNNAMED --add-opens=java.base/sun.nio.fs=ALL-UNNAMED -Declipse.application=org.eclipse.jdt.ls.core.id1 -Dosgi.bundles.defaultStartLevel=4 -Declipse.product=org.eclipse.jdt.ls.core.product -Djava.import.generatesMetadataFilesAtProjectRoot=false -DDetectVMInstallationsJob.disabled=true -Dfile.encoding=utf8 -XX:+UseParallelGC -XX:GCTimeRatio=4 -XX:AdaptiveSizePolicyWeight=90 -Dsun.zip.disableMemoryMapping=true -Xmx1G -Xms100m -Xlog:disable -javaagent:c:\Users\bappa\.vscode\extensions\redhat.java-1.38.0-win32-x64\lombok\lombok-1.18.34.jar 
java_command: c:\Users\bappa\.vscode\extensions\redhat.java-1.38.0-win32-x64\server\plugins\org.eclipse.equinox.launcher_1.6.900.v20240613-2009.jar -configuration c:\Users\bappa\AppData\Roaming\Code\User\globalStorage\redhat.java\1.38.0\config_ss_win -data c:\Users\bappa\AppData\Roaming\Code\User\workspaceStorage\55f1f0157f34b30c8333bbaa32d77949\redhat.java\ss_ws --pipe=\\.\pipe\lsp-9ffe1bef641279094fcee04a965f4c0d-sock
java_class_path (initial): c:\Users\bappa\.vscode\extensions\redhat.java-1.38.0-win32-x64\server\plugins\org.eclipse.equinox.launcher_1.6.900.v20240613-2009.jar
Launcher Type: SUN_STANDARD

[Global flags]
    uintx AdaptiveSizePolicyWeight                 = 90                                        {product} {command line}
     intx CICompilerCount                          = 4                                         {product} {ergonomic}
    uintx GCTimeRatio                              = 4                                         {product} {command line}
   size_t InitialHeapSize                          = 104857600                                 {product} {command line}
   size_t MaxHeapSize                              = 1073741824                                {product} {command line}
   size_t MaxNewSize                               = 357564416                                 {product} {ergonomic}
   size_t MinHeapDeltaBytes                        = 524288                                    {product} {ergonomic}
   size_t MinHeapSize                              = 104857600                                 {product} {command line}
   size_t NewSize                                  = 34603008                                  {product} {ergonomic}
    uintx NonNMethodCodeHeapSize                   = 5839372                                {pd product} {ergonomic}
    uintx NonProfiledCodeHeapSize                  = 122909434                              {pd product} {ergonomic}
   size_t OldSize                                  = 70254592                                  {product} {ergonomic}
    uintx ProfiledCodeHeapSize                     = 122909434                              {pd product} {ergonomic}
    uintx ReservedCodeCacheSize                    = 251658240                              {pd product} {ergonomic}
     bool SegmentedCodeCache                       = true                                      {product} {ergonomic}
   size_t SoftMaxHeapSize                          = 1073741824                             {manageable} {ergonomic}
     bool UseCompressedClassPointers               = true                           {product lp64_product} {ergonomic}
     bool UseCompressedOops                        = true                           {product lp64_product} {ergonomic}
     bool UseLargePagesIndividualAllocation        = false                                  {pd product} {ergonomic}
     bool UseParallelGC                            = true                                      {product} {command line}

Logging:
Log output configuration:
 #0: stdout all=off uptime,level,tags
 #1: stderr all=off uptime,level,tags

Environment Variables:
PATH=C:\Program Files\Common Files\Oracle\Java\javapath;C:\WINDOWS\system32;C:\WINDOWS;C:\WINDOWS\System32\Wbem;C:\WINDOWS\System32\WindowsPowerShell\v1.0\;C:\WINDOWS\System32\OpenSSH\;C:\MinGW\bin;C:\Program Files\MongoDB\mongosh-2.3.1-win32-x64\bin;C:\Users\bappa\AppData\Roaming\nvm;C:\Program Files\nodejs;C:\Users\bappa\Downloads\apache-maven-3.9.9-bin\apache-maven-3.9.9\bin;C:\Users\bappa\AppData\Local\Microsoft\WindowsApps;C:\Users\bappa\AppData\Local\Programs\Microsoft VS Code\bin;C:\MinGW\bin;C:\Users\bappa\AppData\Roaming\npm;C:\Program Files\Java\jdk-23\bin;C:\Program Files\CMake\bin;C:\Users\bappa\AppData\Roaming\nvm;C:\Program Files\nodejs;;C:\Program Files\JetBrains\IntelliJ IDEA Community Edition 2024.3.1\bin;
USERNAME=bappa
OS=Windows_NT
PROCESSOR_IDENTIFIER=Intel64 Family 6 Model 126 Stepping 5, GenuineIntel
TMP=C:\Users\bappa\AppData\Local\Temp
TEMP=C:\Users\bappa\AppData\Local\Temp



Periodic native trim disabled


---------------  S Y S T E M  ---------------

OS:
 Windows 11 , 64 bit Build 26100 (10.0.26100.2454)
OS uptime: 0 days 12:13 hours

CPU: total 8 (initial active 8) (4 cores per cpu, 2 threads per core) family 6 model 126 stepping 5 microcode 0xa0, cx8, cmov, fxsr, ht, mmx, 3dnowpref, sse, sse2, sse3, ssse3, sse4.1, sse4.2, popcnt, lzcnt, tsc, tscinvbit, avx, avx2, aes, erms, clmul, bmi1, bmi2, adx, avx512f, avx512dq, avx512cd, avx512bw, avx512vl, sha, fma, vzeroupper, avx512_vpopcntdq, avx512_vpclmulqdq, avx512_vaes, avx512_vnni, clflush, clflushopt, avx512_vbmi2, avx512_vbmi
Processor Information for all 8 processors :
  Max Mhz: 1201, Current Mhz: 700, Mhz Limit: 996

Memory: 4k page, system-wide physical 7997M (896M free)
TotalPageFile size 10045M (AvailPageFile size 12M)
current process WorkingSet (physical memory assigned to process): 187M, peak: 194M
current process commit charge ("private bytes"): 275M, peak: 282M

vm_info: OpenJDK 64-Bit Server VM (17.0.13+11) for windows-amd64 JRE (17.0.13+11), built on Oct 16 2024 00:10:08 by "admin" with MS VC++ 17.7 (VS2022)

END.
