#
# There is insufficient memory for the Java Runtime Environment to continue.
# Native memory allocation (mmap) failed to map 311427072 bytes. Error detail: G1 virtual space
# Possible reasons:
#   The system is out of physical RAM or swap space
#   This process is running with CompressedOops enabled, and the Java Heap may be blocking the growth of the native heap
# Possible solutions:
#   Reduce memory load on the system
#   Increase physical memory or swap space
#   Check if swap backing store is full
#   Decrease Java heap size (-Xmx/-Xms)
#   Decrease number of Java threads
#   Decrease Java thread stack sizes (-Xss)
#   Set larger code cache with -XX:ReservedCodeCacheSize=
#   JVM is running with Unscaled Compressed Oops mode in which the Java heap is
#     placed in the first 4GB address space. The Java Heap base address is the
#     maximum limit for the native heap growth. Please use -XX:HeapBaseMinAddress
#     to set the Java Heap base and to place the Java Heap above 4GB virtual address.
# This output file may be truncated or incomplete.
#
#  Out of Memory Error (os_windows.cpp:3614), pid=6720, tid=14740
#
# JRE version: OpenJDK Runtime Environment Temurin-17.0.13+11 (17.0.13+11) (build 17.0.13+11)
# Java VM: OpenJDK 64-Bit Server VM Temurin-17.0.13+11 (17.0.13+11, mixed mode, tiered, compressed oops, compressed class ptrs, g1 gc, windows-amd64)
# No core dump will be written. Minidumps are not enabled by default on client versions of Windows
#

---------------  S U M M A R Y ------------

Command Line: -Dcom.sun.management.jmxremote -Dcom.sun.management.jmxremote.port=52927 -Dcom.sun.management.jmxremote.authenticate=false -Dcom.sun.management.jmxremote.ssl=false -Dspring.jmx.enabled=true -Djava.rmi.server.hostname=localhost -Dspring.application.admin.enabled=true -Dspring.boot.project.name=portfolio -XX:+ShowCodeDetailsInExceptionMessages -Dmanagement.endpoints.jmx.exposure.include=* com.my.portfolio.PortfolioApplication

Host: Intel(R) Core(TM) i5-1035G1 CPU @ 1.00GHz, 8 cores, 7G,  Windows 11 , 64 bit Build 26100 (10.0.26100.2454)
Time: Thu Dec 26 15:53:12 2024 India Standard Time elapsed time: 2082.400479 seconds (0d 0h 34m 42s)

---------------  T H R E A D  ---------------

Current thread (0x000001946e848d80):  VMThread "VM Thread" [stack: 0x00000081dd400000,0x00000081dd500000] [id=14740]

Stack: [0x00000081dd400000,0x00000081dd500000]
Native frames: (J=compiled Java code, j=interpreted, Vv=VM code, C=native code)
V  [jvm.dll+0x682a19]
V  [jvm.dll+0x839538]
V  [jvm.dll+0x83afe3]
V  [jvm.dll+0x83b653]
V  [jvm.dll+0x24704f]
V  [jvm.dll+0x67f809]
V  [jvm.dll+0x6746fa]
V  [jvm.dll+0x304a96]
V  [jvm.dll+0x30bf56]
V  [jvm.dll+0x35da5e]
V  [jvm.dll+0x35dc9d]
V  [jvm.dll+0x2dbe5c]
V  [jvm.dll+0x2da1ff]
V  [jvm.dll+0x2d996c]
V  [jvm.dll+0x31d14b]
V  [jvm.dll+0x83fe8d]
V  [jvm.dll+0x840bc3]
V  [jvm.dll+0x8410ef]
V  [jvm.dll+0x8414d4]
V  [jvm.dll+0x84159e]
V  [jvm.dll+0x7e8ffc]
V  [jvm.dll+0x6818f7]
C  [ucrtbase.dll+0x14ea0]
C  [KERNEL32.DLL+0x2e8d7]
C  [ntdll.dll+0xdfbcc]

VM_Operation (0x00000081de5fcfb0): G1CollectForAllocation, mode: safepoint, requested by thread 0x00000194789d8680


---------------  P R O C E S S  ---------------

Threads class SMR info:
_java_thread_list=0x000001947796b170, length=30, elements={
0x000001946e856160, 0x000001946e857690, 0x000001946e85b740, 0x000001946e85c010,
0x000001946e85e5d0, 0x000001946e89afe0, 0x000001946e8a4760, 0x000001946e8b1d20,
0x000001946e8bec80, 0x000001946e9a3680, 0x000001946eab4470, 0x000001947348ae30,
0x0000019473474dc0, 0x00000194734d2020, 0x0000019475215a70, 0x0000019475215560,
0x0000019475215050, 0x00000194752169a0, 0x00000194789d8b90, 0x00000194789d6d30,
0x00000194789dd270, 0x00000194755cf090, 0x00000194789d8680, 0x00000194755cfb30,
0x00000194789d6310, 0x00000194789d7750, 0x00000194789d7c60, 0x00000194789d95b0,
0x00000194789d5e00, 0x00000194789d9ac0
}

Java Threads: ( => current thread )
  0x000001946e856160 JavaThread "Reference Handler" daemon [_thread_blocked, id=14396, stack(0x00000081dd500000,0x00000081dd600000)]
  0x000001946e857690 JavaThread "Finalizer" daemon [_thread_blocked, id=13152, stack(0x00000081dd600000,0x00000081dd700000)]
  0x000001946e85b740 JavaThread "Signal Dispatcher" daemon [_thread_blocked, id=10644, stack(0x00000081dd700000,0x00000081dd800000)]
  0x000001946e85c010 JavaThread "Attach Listener" daemon [_thread_blocked, id=14368, stack(0x00000081dd800000,0x00000081dd900000)]
  0x000001946e85e5d0 JavaThread "Service Thread" daemon [_thread_blocked, id=1184, stack(0x00000081dd900000,0x00000081dda00000)]
  0x000001946e89afe0 JavaThread "Monitor Deflation Thread" daemon [_thread_blocked, id=2512, stack(0x00000081dda00000,0x00000081ddb00000)]
  0x000001946e8a4760 JavaThread "C2 CompilerThread0" daemon [_thread_blocked, id=8004, stack(0x00000081ddb00000,0x00000081ddc00000)]
  0x000001946e8b1d20 JavaThread "C1 CompilerThread0" daemon [_thread_blocked, id=15040, stack(0x00000081ddc00000,0x00000081ddd00000)]
  0x000001946e8bec80 JavaThread "Sweeper thread" daemon [_thread_blocked, id=8724, stack(0x00000081ddd00000,0x00000081dde00000)]
  0x000001946e9a3680 JavaThread "Common-Cleaner" daemon [_thread_blocked, id=8616, stack(0x00000081dde00000,0x00000081ddf00000)]
  0x000001946eab4470 JavaThread "Notification Thread" daemon [_thread_blocked, id=5424, stack(0x00000081ddf00000,0x00000081de000000)]
  0x000001947348ae30 JavaThread "RMI TCP Accept-0" daemon [_thread_in_native, id=14264, stack(0x00000081de000000,0x00000081de100000)]
  0x0000019473474dc0 JavaThread "RMI TCP Accept-52927" daemon [_thread_in_native, id=13556, stack(0x00000081de100000,0x00000081de200000)]
  0x00000194734d2020 JavaThread "RMI TCP Accept-0" daemon [_thread_in_native, id=10008, stack(0x00000081de200000,0x00000081de300000)]
  0x0000019475215a70 JavaThread "RMI Scheduler(0)" daemon [_thread_blocked, id=3588, stack(0x00000081df200000,0x00000081df300000)]
  0x0000019475215560 JavaThread "RMI TCP Connection(2)-127.0.0.1" daemon [_thread_blocked, id=4328, stack(0x00000081df300000,0x00000081df400000)]
  0x0000019475215050 JavaThread "JMX server connection timeout 27" daemon [_thread_blocked, id=14696, stack(0x00000081df400000,0x00000081df500000)]
  0x00000194752169a0 JavaThread "mysql-cj-abandoned-connection-cleanup" daemon [_thread_blocked, id=13068, stack(0x00000081df800000,0x00000081df900000)]
  0x00000194789d8b90 JavaThread "Live Reload Server" daemon [_thread_in_native, id=8000, stack(0x00000081dfe00000,0x00000081dff00000)]
  0x00000194789d6d30 JavaThread "DestroyJavaVM" [_thread_blocked, id=7240, stack(0x00000081dce00000,0x00000081dcf00000)]
  0x00000194789dd270 JavaThread "Thread-5" [_thread_blocked, id=6360, stack(0x00000081dcb00000,0x00000081dcc00000)]
  0x00000194755cf090 JavaThread "C2 CompilerThread1" daemon [_thread_blocked, id=2616, stack(0x00000081de400000,0x00000081de500000)]
  0x00000194789d8680 JavaThread "restartedMain" [_thread_blocked, id=11612, stack(0x00000081de500000,0x00000081de600000)]
  0x00000194755cfb30 JavaThread "C2 CompilerThread2" daemon [_thread_blocked, id=9424, stack(0x00000081dcc00000,0x00000081dcd00000)]
  0x00000194789d6310 JavaThread "Catalina-utility-1" [_thread_blocked, id=9100, stack(0x00000081ded00000,0x00000081dee00000)]
  0x00000194789d7750 JavaThread "Catalina-utility-2" [_thread_blocked, id=15060, stack(0x00000081dee00000,0x00000081def00000)]
  0x00000194789d7c60 JavaThread "container-0" [_thread_blocked, id=13008, stack(0x00000081df100000,0x00000081df200000)]
  0x00000194789d95b0 JavaThread "HikariPool-2 housekeeper" daemon [_thread_blocked, id=15080, stack(0x00000081df500000,0x00000081df600000)]
  0x00000194789d5e00 JavaThread "HikariPool-2 connection adder" daemon [_thread_blocked, id=9760, stack(0x00000081df600000,0x00000081df700000)]
  0x00000194789d9ac0 JavaThread "File Watcher" daemon [_thread_blocked, id=2892, stack(0x00000081df700000,0x00000081df800000)]

Other Threads:
=>0x000001946e848d80 VMThread "VM Thread" [stack: 0x00000081dd400000,0x00000081dd500000] [id=14740]
  0x0000019454bda140 WatcherThread [stack: 0x00000081de300000,0x00000081de400000] [id=2380]
  0x0000019454c3f7a0 GCTaskThread "GC Thread#0" [stack: 0x00000081dcf00000,0x00000081dd000000] [id=13528]
  0x000001947358a690 GCTaskThread "GC Thread#1" [stack: 0x00000081de600000,0x00000081de700000] [id=10584]
  0x0000019473589610 GCTaskThread "GC Thread#2" [stack: 0x00000081de700000,0x00000081de800000] [id=2540]
  0x0000019473589090 GCTaskThread "GC Thread#3" [stack: 0x00000081de800000,0x00000081de900000] [id=2400]
  0x0000019473589e50 GCTaskThread "GC Thread#4" [stack: 0x00000081de900000,0x00000081dea00000] [id=13988]
  0x000001947358ac10 GCTaskThread "GC Thread#5" [stack: 0x00000081dea00000,0x00000081deb00000] [id=9268]
  0x0000019473589350 GCTaskThread "GC Thread#6" [stack: 0x00000081deb00000,0x00000081dec00000] [id=2904]
  0x00000194735898d0 GCTaskThread "GC Thread#7" [stack: 0x00000081def00000,0x00000081df000000] [id=13496]
  0x0000019454c500f0 ConcurrentGCThread "G1 Main Marker" [stack: 0x00000081dd000000,0x00000081dd100000] [id=1332]
  0x0000019454c524b0 ConcurrentGCThread "G1 Conc#0" [stack: 0x00000081dd100000,0x00000081dd200000] [id=13944]
  0x0000019473589b90 ConcurrentGCThread "G1 Conc#1" [stack: 0x00000081df000000,0x00000081df100000] [id=3180]
  0x0000019454c7dae0 ConcurrentGCThread "G1 Refine#0" [stack: 0x00000081dd200000,0x00000081dd300000] [id=12992]
  0x0000019473fdf300 ConcurrentGCThread "G1 Refine#1" [stack: 0x00000081dec00000,0x00000081ded00000] [id=4304]
  0x0000019454c7e410 ConcurrentGCThread "G1 Service" [stack: 0x00000081dd300000,0x00000081dd400000] [id=11736]

Threads with active compile tasks:
C2 CompilerThread0  2082466 11283       4       org.springframework.aop.support.AopUtils::canApply (210 bytes)
C2 CompilerThread1  2082466 11260   !   4       java.lang.reflect.Field::declaredAnnotations (82 bytes)
C2 CompilerThread2  2082466 11294       4       java.util.regex.Pattern$$Lambda$205/0x00000001001e5fc0::is (5 bytes)

VM state: at safepoint (normal execution)

VM Mutex/Monitor currently owned by a thread:  ([mutex/lock_event])
[0x0000019454bd60a0] Threads_lock - owner thread: 0x000001946e848d80
[0x0000019454bd45a0] Heap_lock - owner thread: 0x00000194789d8680

Heap address: 0x0000000083000000, size: 2000 MB, Compressed Oops mode: 32-bit

CDS archive(s) not mapped
Compressed class space mapped at: 0x0000000100000000-0x0000000140000000, reserved size: 1073741824
Narrow klass base: 0x0000000000000000, Narrow klass shift: 3, Narrow klass range: 0x140000000

GC Precious Log:
 CPUs: 8 total, 8 available
 Memory: 7997M
 Large Page Support: Disabled
 NUMA Support: Disabled
 Compressed Oops: Enabled (32-bit)
 Heap Region Size: 1M
 Heap Min Capacity: 8M
 Heap Initial Capacity: 126M
 Heap Max Capacity: 2000M
 Pre-touch: Disabled
 Parallel Workers: 8
 Concurrent Workers: 2
 Concurrent Refinement Workers: 8
 Periodic GC: Disabled

Heap:
 garbage-first heap   total 156672K, used 41914K [0x0000000083000000, 0x0000000100000000)
  region size 1024K, 1 young (1024K), 1 survivors (1024K)
 Metaspace       used 79687K, committed 80384K, reserved 1179648K
  class space    used 10059K, committed 10432K, reserved 1048576K

Heap Regions: E=young(eden), S=young(survivor), O=old, HS=humongous(starts), HC=humongous(continues), CS=collection set, F=free, OA=open archive, CA=closed archive, TAMS=top-at-mark-start (previous, next)
|   0|0x0000000083000000, 0x0000000083100000, 0x0000000083100000|100%|HS|  |TAMS 0x0000000083100000, 0x0000000083000000| Complete 
|   1|0x0000000083100000, 0x0000000083200000, 0x0000000083200000|100%|HS|  |TAMS 0x0000000083200000, 0x0000000083100000| Complete 
|   2|0x0000000083200000, 0x0000000083300000, 0x0000000083300000|100%| O|  |TAMS 0x0000000083300000, 0x0000000083200000| Untracked 
|   3|0x0000000083300000, 0x0000000083400000, 0x0000000083400000|100%| O|  |TAMS 0x0000000083400000, 0x0000000083300000| Untracked 
|   4|0x0000000083400000, 0x00000000834fffd0, 0x0000000083500000| 99%| O|  |TAMS 0x00000000834fffd0, 0x0000000083400000| Untracked 
|   5|0x0000000083500000, 0x0000000083600000, 0x0000000083600000|100%| O|  |TAMS 0x0000000083600000, 0x0000000083500000| Untracked 
|   6|0x0000000083600000, 0x0000000083700000, 0x0000000083700000|100%| O|  |TAMS 0x0000000083700000, 0x0000000083600000| Untracked 
|   7|0x0000000083700000, 0x0000000083800000, 0x0000000083800000|100%| O|  |TAMS 0x0000000083800000, 0x0000000083700000| Untracked 
|   8|0x0000000083800000, 0x00000000838fffc8, 0x0000000083900000| 99%| O|  |TAMS 0x00000000838fffc8, 0x0000000083800000| Untracked 
|   9|0x0000000083900000, 0x00000000839fffd8, 0x0000000083a00000| 99%| O|  |TAMS 0x00000000839fffd8, 0x0000000083900000| Untracked 
|  10|0x0000000083a00000, 0x0000000083affff8, 0x0000000083b00000| 99%| O|  |TAMS 0x0000000083affff8, 0x0000000083a00000| Untracked 
|  11|0x0000000083b00000, 0x0000000083bffff8, 0x0000000083c00000| 99%| O|  |TAMS 0x0000000083bffff8, 0x0000000083b00000| Untracked 
|  12|0x0000000083c00000, 0x0000000083cfffe8, 0x0000000083d00000| 99%| O|  |TAMS 0x0000000083cfffe8, 0x0000000083c00000| Untracked 
|  13|0x0000000083d00000, 0x0000000083df3400, 0x0000000083e00000| 95%| O|  |TAMS 0x0000000083d00000, 0x0000000083d00000| Untracked 
|  14|0x0000000083e00000, 0x0000000083efffe8, 0x0000000083f00000| 99%| O|  |TAMS 0x0000000083efffe8, 0x0000000083e00000| Untracked 
|  15|0x0000000083f00000, 0x0000000083ffff90, 0x0000000084000000| 99%| O|  |TAMS 0x0000000083ffff90, 0x0000000083f00000| Untracked 
|  16|0x0000000084000000, 0x00000000840fcda8, 0x0000000084100000| 98%| O|  |TAMS 0x00000000840fcda8, 0x0000000084000000| Untracked 
|  17|0x0000000084100000, 0x00000000841ffff8, 0x0000000084200000| 99%| O|  |TAMS 0x00000000841ffff8, 0x0000000084100000| Untracked 
|  18|0x0000000084200000, 0x00000000842ffff8, 0x0000000084300000| 99%| O|  |TAMS 0x00000000842ffff8, 0x0000000084200000| Untracked 
|  19|0x0000000084300000, 0x00000000843fffb0, 0x0000000084400000| 99%| O|  |TAMS 0x00000000843fffb0, 0x0000000084300000| Untracked 
|  20|0x0000000084400000, 0x00000000844fff98, 0x0000000084500000| 99%| O|  |TAMS 0x00000000844fff98, 0x0000000084400000| Untracked 
|  21|0x0000000084500000, 0x0000000084600000, 0x0000000084600000|100%| O|  |TAMS 0x0000000084600000, 0x0000000084500000| Untracked 
|  22|0x0000000084600000, 0x00000000846fffe0, 0x0000000084700000| 99%| O|  |TAMS 0x00000000846fffe0, 0x0000000084600000| Untracked 
|  23|0x0000000084700000, 0x00000000847ffff8, 0x0000000084800000| 99%| O|  |TAMS 0x00000000847ffff8, 0x0000000084700000| Untracked 
|  24|0x0000000084800000, 0x0000000084900000, 0x0000000084900000|100%| O|  |TAMS 0x0000000084900000, 0x0000000084800000| Untracked 
|  25|0x0000000084900000, 0x00000000849ffff8, 0x0000000084a00000| 99%| O|  |TAMS 0x00000000849ffff8, 0x0000000084900000| Untracked 
|  26|0x0000000084a00000, 0x0000000084affff8, 0x0000000084b00000| 99%| O|  |TAMS 0x0000000084affff8, 0x0000000084a00000| Untracked 
|  27|0x0000000084b00000, 0x0000000084c00000, 0x0000000084c00000|100%| O|  |TAMS 0x0000000084c00000, 0x0000000084b00000| Untracked 
|  28|0x0000000084c00000, 0x0000000084d00000, 0x0000000084d00000|100%| O|  |TAMS 0x0000000084d00000, 0x0000000084c00000| Untracked 
|  29|0x0000000084d00000, 0x0000000084e00000, 0x0000000084e00000|100%| O|  |TAMS 0x0000000084e00000, 0x0000000084d00000| Untracked 
|  30|0x0000000084e00000, 0x0000000084f00000, 0x0000000084f00000|100%| O|  |TAMS 0x0000000084f00000, 0x0000000084e00000| Untracked 
|  31|0x0000000084f00000, 0x0000000085000000, 0x0000000085000000|100%| O|  |TAMS 0x0000000085000000, 0x0000000084f00000| Untracked 
|  32|0x0000000085000000, 0x0000000085100000, 0x0000000085100000|100%| O|  |TAMS 0x0000000085100000, 0x0000000085000000| Untracked 
|  33|0x0000000085100000, 0x0000000085200000, 0x0000000085200000|100%| O|  |TAMS 0x0000000085200000, 0x0000000085100000| Untracked 
|  34|0x0000000085200000, 0x0000000085300000, 0x0000000085300000|100%| O|  |TAMS 0x0000000085300000, 0x0000000085200000| Untracked 
|  35|0x0000000085300000, 0x0000000085400000, 0x0000000085400000|100%| O|  |TAMS 0x0000000085400000, 0x0000000085300000| Untracked 
|  36|0x0000000085400000, 0x0000000085500000, 0x0000000085500000|100%| O|  |TAMS 0x0000000085500000, 0x0000000085400000| Untracked 
|  37|0x0000000085500000, 0x0000000085600000, 0x0000000085600000|100%| O|  |TAMS 0x0000000085600000, 0x0000000085500000| Untracked 
|  38|0x0000000085600000, 0x0000000085700000, 0x0000000085700000|100%| O|  |TAMS 0x0000000085700000, 0x0000000085600000| Untracked 
|  39|0x0000000085700000, 0x0000000085800000, 0x0000000085800000|100%| O|  |TAMS 0x0000000085800000, 0x0000000085700000| Untracked 
|  40|0x0000000085800000, 0x0000000085800000, 0x0000000085900000|  0%| F|  |TAMS 0x0000000085800000, 0x0000000085800000| Untracked 
|  41|0x0000000085900000, 0x0000000085900000, 0x0000000085a00000|  0%| F|  |TAMS 0x0000000085900000, 0x0000000085900000| Untracked 
|  42|0x0000000085a00000, 0x0000000085a00000, 0x0000000085b00000|  0%| F|  |TAMS 0x0000000085a00000, 0x0000000085a00000| Untracked 
|  43|0x0000000085b00000, 0x0000000085b00000, 0x0000000085c00000|  0%| F|  |TAMS 0x0000000085b00000, 0x0000000085b00000| Untracked 
|  44|0x0000000085c00000, 0x0000000085c00000, 0x0000000085d00000|  0%| F|  |TAMS 0x0000000085c00000, 0x0000000085c00000| Untracked 
|  45|0x0000000085d00000, 0x0000000085d00000, 0x0000000085e00000|  0%| F|  |TAMS 0x0000000085d00000, 0x0000000085d00000| Untracked 
|  46|0x0000000085e00000, 0x0000000085e00000, 0x0000000085f00000|  0%| F|  |TAMS 0x0000000085e00000, 0x0000000085e00000| Untracked 
|  47|0x0000000085f00000, 0x0000000085f00000, 0x0000000086000000|  0%| F|  |TAMS 0x0000000085f00000, 0x0000000085f00000| Untracked 
|  48|0x0000000086000000, 0x0000000086000000, 0x0000000086100000|  0%| F|  |TAMS 0x0000000086000000, 0x0000000086000000| Untracked 
|  49|0x0000000086100000, 0x0000000086100000, 0x0000000086200000|  0%| F|  |TAMS 0x0000000086100000, 0x0000000086100000| Untracked 
|  50|0x0000000086200000, 0x0000000086200000, 0x0000000086300000|  0%| F|  |TAMS 0x0000000086200000, 0x0000000086200000| Untracked 
|  51|0x0000000086300000, 0x0000000086300000, 0x0000000086400000|  0%| F|  |TAMS 0x0000000086300000, 0x0000000086300000| Untracked 
|  52|0x0000000086400000, 0x0000000086400000, 0x0000000086500000|  0%| F|  |TAMS 0x0000000086400000, 0x0000000086400000| Untracked 
|  53|0x0000000086500000, 0x0000000086500000, 0x0000000086600000|  0%| F|  |TAMS 0x0000000086500000, 0x0000000086500000| Untracked 
|  54|0x0000000086600000, 0x0000000086600000, 0x0000000086700000|  0%| F|  |TAMS 0x0000000086600000, 0x0000000086600000| Untracked 
|  55|0x0000000086700000, 0x0000000086700000, 0x0000000086800000|  0%| F|  |TAMS 0x0000000086700000, 0x0000000086700000| Untracked 
|  56|0x0000000086800000, 0x0000000086800000, 0x0000000086900000|  0%| F|  |TAMS 0x0000000086800000, 0x0000000086800000| Untracked 
|  57|0x0000000086900000, 0x0000000086900000, 0x0000000086a00000|  0%| F|  |TAMS 0x0000000086900000, 0x0000000086900000| Untracked 
|  58|0x0000000086a00000, 0x0000000086a00000, 0x0000000086b00000|  0%| F|  |TAMS 0x0000000086a00000, 0x0000000086a00000| Untracked 
|  59|0x0000000086b00000, 0x0000000086b00000, 0x0000000086c00000|  0%| F|  |TAMS 0x0000000086b00000, 0x0000000086b00000| Untracked 
|  60|0x0000000086c00000, 0x0000000086c00000, 0x0000000086d00000|  0%| F|  |TAMS 0x0000000086c00000, 0x0000000086c00000| Untracked 
|  61|0x0000000086d00000, 0x0000000086d00000, 0x0000000086e00000|  0%| F|  |TAMS 0x0000000086d00000, 0x0000000086d00000| Untracked 
|  62|0x0000000086e00000, 0x0000000086e00000, 0x0000000086f00000|  0%| F|  |TAMS 0x0000000086e00000, 0x0000000086e00000| Untracked 
|  63|0x0000000086f00000, 0x0000000086f00000, 0x0000000087000000|  0%| F|  |TAMS 0x0000000086f00000, 0x0000000086f00000| Untracked 
|  64|0x0000000087000000, 0x0000000087000000, 0x0000000087100000|  0%| F|  |TAMS 0x0000000087000000, 0x0000000087000000| Untracked 
|  65|0x0000000087100000, 0x0000000087100000, 0x0000000087200000|  0%| F|  |TAMS 0x0000000087100000, 0x0000000087100000| Untracked 
|  66|0x0000000087200000, 0x0000000087200000, 0x0000000087300000|  0%| F|  |TAMS 0x0000000087200000, 0x0000000087200000| Untracked 
|  67|0x0000000087300000, 0x0000000087300000, 0x0000000087400000|  0%| F|  |TAMS 0x0000000087300000, 0x0000000087300000| Untracked 
|  68|0x0000000087400000, 0x0000000087400000, 0x0000000087500000|  0%| F|  |TAMS 0x0000000087400000, 0x0000000087400000| Untracked 
|  69|0x0000000087500000, 0x0000000087500000, 0x0000000087600000|  0%| F|  |TAMS 0x0000000087500000, 0x0000000087500000| Untracked 
|  70|0x0000000087600000, 0x0000000087600000, 0x0000000087700000|  0%| F|  |TAMS 0x0000000087600000, 0x0000000087600000| Untracked 
|  71|0x0000000087700000, 0x0000000087700000, 0x0000000087800000|  0%| F|  |TAMS 0x0000000087700000, 0x0000000087700000| Untracked 
|  72|0x0000000087800000, 0x0000000087800000, 0x0000000087900000|  0%| F|  |TAMS 0x0000000087800000, 0x0000000087800000| Untracked 
|  73|0x0000000087900000, 0x0000000087900000, 0x0000000087a00000|  0%| F|  |TAMS 0x0000000087900000, 0x0000000087900000| Untracked 
|  74|0x0000000087a00000, 0x0000000087a00000, 0x0000000087b00000|  0%| F|  |TAMS 0x0000000087a00000, 0x0000000087a00000| Untracked 
|  75|0x0000000087b00000, 0x0000000087b00000, 0x0000000087c00000|  0%| F|  |TAMS 0x0000000087b00000, 0x0000000087b00000| Untracked 
|  76|0x0000000087c00000, 0x0000000087c00000, 0x0000000087d00000|  0%| F|  |TAMS 0x0000000087c00000, 0x0000000087c00000| Untracked 
|  77|0x0000000087d00000, 0x0000000087d00000, 0x0000000087e00000|  0%| F|  |TAMS 0x0000000087d00000, 0x0000000087d00000| Untracked 
|  78|0x0000000087e00000, 0x0000000087e00000, 0x0000000087f00000|  0%| F|  |TAMS 0x0000000087e00000, 0x0000000087e00000| Untracked 
|  79|0x0000000087f00000, 0x0000000087f00000, 0x0000000088000000|  0%| F|  |TAMS 0x0000000087f00000, 0x0000000087f00000| Untracked 
|  80|0x0000000088000000, 0x0000000088000000, 0x0000000088100000|  0%| F|  |TAMS 0x0000000088000000, 0x0000000088000000| Untracked 
|  81|0x0000000088100000, 0x0000000088100000, 0x0000000088200000|  0%| F|  |TAMS 0x0000000088100000, 0x0000000088100000| Untracked 
|  82|0x0000000088200000, 0x0000000088200000, 0x0000000088300000|  0%| F|  |TAMS 0x0000000088200000, 0x0000000088200000| Untracked 
|  83|0x0000000088300000, 0x0000000088300000, 0x0000000088400000|  0%| F|  |TAMS 0x0000000088300000, 0x0000000088300000| Untracked 
|  84|0x0000000088400000, 0x0000000088400000, 0x0000000088500000|  0%| F|  |TAMS 0x0000000088400000, 0x0000000088400000| Untracked 
|  85|0x0000000088500000, 0x0000000088500000, 0x0000000088600000|  0%| F|  |TAMS 0x0000000088500000, 0x0000000088500000| Untracked 
|  86|0x0000000088600000, 0x0000000088600000, 0x0000000088700000|  0%| F|  |TAMS 0x0000000088600000, 0x0000000088600000| Untracked 
|  87|0x0000000088700000, 0x0000000088700000, 0x0000000088800000|  0%| F|  |TAMS 0x0000000088700000, 0x0000000088700000| Untracked 
|  88|0x0000000088800000, 0x0000000088800000, 0x0000000088900000|  0%| F|  |TAMS 0x0000000088800000, 0x0000000088800000| Untracked 
|  89|0x0000000088900000, 0x0000000088900000, 0x0000000088a00000|  0%| F|  |TAMS 0x0000000088900000, 0x0000000088900000| Untracked 
|  90|0x0000000088a00000, 0x0000000088a00000, 0x0000000088b00000|  0%| F|  |TAMS 0x0000000088a00000, 0x0000000088a00000| Untracked 
|  91|0x0000000088b00000, 0x0000000088b00000, 0x0000000088c00000|  0%| F|  |TAMS 0x0000000088b00000, 0x0000000088b00000| Untracked 
|  92|0x0000000088c00000, 0x0000000088c00000, 0x0000000088d00000|  0%| F|  |TAMS 0x0000000088c00000, 0x0000000088c00000| Untracked 
|  93|0x0000000088d00000, 0x0000000088d00000, 0x0000000088e00000|  0%| F|  |TAMS 0x0000000088d00000, 0x0000000088d00000| Untracked 
|  94|0x0000000088e00000, 0x0000000088e00000, 0x0000000088f00000|  0%| F|  |TAMS 0x0000000088e00000, 0x0000000088e00000| Untracked 
|  95|0x0000000088f00000, 0x0000000088f00000, 0x0000000089000000|  0%| F|  |TAMS 0x0000000088f00000, 0x0000000088f00000| Untracked 
|  96|0x0000000089000000, 0x0000000089000000, 0x0000000089100000|  0%| F|  |TAMS 0x0000000089000000, 0x0000000089000000| Untracked 
|  97|0x0000000089100000, 0x0000000089100000, 0x0000000089200000|  0%| F|  |TAMS 0x0000000089100000, 0x0000000089100000| Untracked 
|  98|0x0000000089200000, 0x0000000089200000, 0x0000000089300000|  0%| F|  |TAMS 0x0000000089200000, 0x0000000089200000| Untracked 
|  99|0x0000000089300000, 0x0000000089300000, 0x0000000089400000|  0%| F|  |TAMS 0x0000000089300000, 0x0000000089300000| Untracked 
| 100|0x0000000089400000, 0x0000000089400000, 0x0000000089500000|  0%| F|  |TAMS 0x0000000089400000, 0x0000000089400000| Untracked 
| 101|0x0000000089500000, 0x0000000089500000, 0x0000000089600000|  0%| F|  |TAMS 0x0000000089500000, 0x0000000089500000| Untracked 
| 102|0x0000000089600000, 0x0000000089600000, 0x0000000089700000|  0%| F|  |TAMS 0x0000000089600000, 0x0000000089600000| Untracked 
| 103|0x0000000089700000, 0x0000000089700000, 0x0000000089800000|  0%| F|  |TAMS 0x0000000089700000, 0x0000000089700000| Untracked 
| 104|0x0000000089800000, 0x0000000089800000, 0x0000000089900000|  0%| F|  |TAMS 0x0000000089800000, 0x0000000089800000| Untracked 
| 105|0x0000000089900000, 0x0000000089900000, 0x0000000089a00000|  0%| F|  |TAMS 0x0000000089900000, 0x0000000089900000| Untracked 
| 106|0x0000000089a00000, 0x0000000089a00000, 0x0000000089b00000|  0%| F|  |TAMS 0x0000000089a00000, 0x0000000089a00000| Untracked 
| 107|0x0000000089b00000, 0x0000000089b00000, 0x0000000089c00000|  0%| F|  |TAMS 0x0000000089b00000, 0x0000000089b00000| Untracked 
| 108|0x0000000089c00000, 0x0000000089c00000, 0x0000000089d00000|  0%| F|  |TAMS 0x0000000089c00000, 0x0000000089c00000| Untracked 
| 109|0x0000000089d00000, 0x0000000089d00000, 0x0000000089e00000|  0%| F|  |TAMS 0x0000000089d00000, 0x0000000089d00000| Untracked 
| 110|0x0000000089e00000, 0x0000000089e00000, 0x0000000089f00000|  0%| F|  |TAMS 0x0000000089e00000, 0x0000000089e00000| Untracked 
| 111|0x0000000089f00000, 0x0000000089f00000, 0x000000008a000000|  0%| F|  |TAMS 0x0000000089f00000, 0x0000000089f00000| Untracked 
| 112|0x000000008a000000, 0x000000008a000000, 0x000000008a100000|  0%| F|  |TAMS 0x000000008a000000, 0x000000008a000000| Untracked 
| 113|0x000000008a100000, 0x000000008a100000, 0x000000008a200000|  0%| F|  |TAMS 0x000000008a100000, 0x000000008a100000| Untracked 
| 114|0x000000008a200000, 0x000000008a200000, 0x000000008a300000|  0%| F|  |TAMS 0x000000008a200000, 0x000000008a200000| Untracked 
| 115|0x000000008a300000, 0x000000008a300000, 0x000000008a400000|  0%| F|  |TAMS 0x000000008a300000, 0x000000008a300000| Untracked 
| 116|0x000000008a400000, 0x000000008a400000, 0x000000008a500000|  0%| F|  |TAMS 0x000000008a400000, 0x000000008a400000| Untracked 
| 117|0x000000008a500000, 0x000000008a500000, 0x000000008a600000|  0%| F|  |TAMS 0x000000008a500000, 0x000000008a500000| Untracked 
| 118|0x000000008a600000, 0x000000008a600000, 0x000000008a700000|  0%| F|  |TAMS 0x000000008a600000, 0x000000008a600000| Untracked 
| 119|0x000000008a700000, 0x000000008a700000, 0x000000008a800000|  0%| F|  |TAMS 0x000000008a700000, 0x000000008a700000| Untracked 
| 120|0x000000008a800000, 0x000000008a800000, 0x000000008a900000|  0%| F|  |TAMS 0x000000008a800000, 0x000000008a800000| Untracked 
| 121|0x000000008a900000, 0x000000008a900000, 0x000000008aa00000|  0%| F|  |TAMS 0x000000008a900000, 0x000000008a900000| Untracked 
| 122|0x000000008aa00000, 0x000000008aa00000, 0x000000008ab00000|  0%| F|  |TAMS 0x000000008aa00000, 0x000000008aa00000| Untracked 
| 123|0x000000008ab00000, 0x000000008ab00000, 0x000000008ac00000|  0%| F|  |TAMS 0x000000008ab00000, 0x000000008ab00000| Untracked 
| 124|0x000000008ac00000, 0x000000008ac00000, 0x000000008ad00000|  0%| F|  |TAMS 0x000000008ac00000, 0x000000008ac00000| Untracked 
| 125|0x000000008ad00000, 0x000000008ad00000, 0x000000008ae00000|  0%| F|  |TAMS 0x000000008ad00000, 0x000000008ad00000| Untracked 
| 126|0x000000008ae00000, 0x000000008ae00000, 0x000000008af00000|  0%| F|  |TAMS 0x000000008ae00000, 0x000000008ae00000| Untracked 
| 127|0x000000008af00000, 0x000000008af00000, 0x000000008b000000|  0%| F|  |TAMS 0x000000008af00000, 0x000000008af00000| Untracked 
| 128|0x000000008b000000, 0x000000008b000000, 0x000000008b100000|  0%| F|  |TAMS 0x000000008b000000, 0x000000008b000000| Untracked 
| 129|0x000000008b100000, 0x000000008b100000, 0x000000008b200000|  0%| F|  |TAMS 0x000000008b100000, 0x000000008b100000| Untracked 
| 130|0x000000008b200000, 0x000000008b200000, 0x000000008b300000|  0%| F|  |TAMS 0x000000008b200000, 0x000000008b200000| Untracked 
| 131|0x000000008b300000, 0x000000008b300000, 0x000000008b400000|  0%| F|  |TAMS 0x000000008b300000, 0x000000008b300000| Untracked 
| 132|0x000000008b400000, 0x000000008b400000, 0x000000008b500000|  0%| F|  |TAMS 0x000000008b400000, 0x000000008b400000| Untracked 
| 133|0x000000008b500000, 0x000000008b500000, 0x000000008b600000|  0%| F|  |TAMS 0x000000008b500000, 0x000000008b500000| Untracked 
| 134|0x000000008b600000, 0x000000008b600000, 0x000000008b700000|  0%| F|  |TAMS 0x000000008b600000, 0x000000008b600000| Untracked 
| 135|0x000000008b700000, 0x000000008b700000, 0x000000008b800000|  0%| F|  |TAMS 0x000000008b700000, 0x000000008b700000| Untracked 
| 136|0x000000008b800000, 0x000000008b800000, 0x000000008b900000|  0%| F|  |TAMS 0x000000008b800000, 0x000000008b800000| Untracked 
| 137|0x000000008b900000, 0x000000008b900000, 0x000000008ba00000|  0%| F|  |TAMS 0x000000008b900000, 0x000000008b900000| Untracked 
| 138|0x000000008ba00000, 0x000000008ba00000, 0x000000008bb00000|  0%| F|  |TAMS 0x000000008ba00000, 0x000000008ba00000| Untracked 
| 139|0x000000008bb00000, 0x000000008bb00000, 0x000000008bc00000|  0%| F|  |TAMS 0x000000008bb00000, 0x000000008bb00000| Untracked 
| 140|0x000000008bc00000, 0x000000008bc00000, 0x000000008bd00000|  0%| F|  |TAMS 0x000000008bc00000, 0x000000008bc00000| Untracked 
| 141|0x000000008bd00000, 0x000000008bd00000, 0x000000008be00000|  0%| F|  |TAMS 0x000000008bd00000, 0x000000008bd00000| Untracked 
| 142|0x000000008be00000, 0x000000008befea20, 0x000000008bf00000| 99%| S|CS|TAMS 0x000000008be00000, 0x000000008be00000| Complete 
| 143|0x000000008bf00000, 0x000000008bf00000, 0x000000008c000000|  0%| F|  |TAMS 0x000000008bf00000, 0x000000008bf00000| Untracked 
| 144|0x000000008c000000, 0x000000008c000000, 0x000000008c100000|  0%| F|  |TAMS 0x000000008c000000, 0x000000008c000000| Untracked 
| 145|0x000000008c100000, 0x000000008c100000, 0x000000008c200000|  0%| F|  |TAMS 0x000000008c100000, 0x000000008c100000| Untracked 
| 146|0x000000008c200000, 0x000000008c200000, 0x000000008c300000|  0%| F|  |TAMS 0x000000008c200000, 0x000000008c200000| Untracked 
| 147|0x000000008c300000, 0x000000008c300000, 0x000000008c400000|  0%| F|  |TAMS 0x000000008c300000, 0x000000008c300000| Untracked 
| 148|0x000000008c400000, 0x000000008c400000, 0x000000008c500000|  0%| F|  |TAMS 0x000000008c400000, 0x000000008c400000| Untracked 
| 149|0x000000008c500000, 0x000000008c500000, 0x000000008c600000|  0%| F|  |TAMS 0x000000008c500000, 0x000000008c500000| Untracked 
| 150|0x000000008c600000, 0x000000008c600000, 0x000000008c700000|  0%| F|  |TAMS 0x000000008c600000, 0x000000008c600000| Untracked 
| 151|0x000000008c700000, 0x000000008c700000, 0x000000008c800000|  0%| F|  |TAMS 0x000000008c700000, 0x000000008c700000| Untracked 
| 152|0x000000008c800000, 0x000000008c800000, 0x000000008c900000|  0%| F|  |TAMS 0x000000008c800000, 0x000000008c800000| Untracked 

Card table byte_map: [0x0000019467780000,0x0000019467b70000] _byte_map_base: 0x0000019467368000

Marking Bits (Prev, Next): (CMBitMap*) 0x0000019454c3fe00, (CMBitMap*) 0x0000019454c3fdc0
 Prev Bits: [0x0000019469ea0000, 0x000001946bde0000)
 Next Bits: [0x0000019467f60000, 0x0000019469ea0000)

Polling page: 0x0000019453550000

Metaspace:

Usage:
  Non-class:     68.00 MB used.
      Class:      9.82 MB used.
       Both:     77.82 MB used.

Virtual space:
  Non-class space:      128.00 MB reserved,      68.31 MB ( 53%) committed,  2 nodes.
      Class space:        1.00 GB reserved,      10.19 MB ( <1%) committed,  1 nodes.
             Both:        1.12 GB reserved,      78.50 MB (  7%) committed. 

Chunk freelists:
   Non-Class:  11.42 MB
       Class:  5.96 MB
        Both:  17.38 MB

MaxMetaspaceSize: unlimited
CompressedClassSpaceSize: 1.00 GB
Initial GC threshold: 21.00 MB
Current GC threshold: 130.44 MB
CDS: off
MetaspaceReclaimPolicy: balanced
 - commit_granule_bytes: 65536.
 - commit_granule_words: 8192.
 - virtual_space_node_default_size: 8388608.
 - enlarge_chunks_in_place: 1.
 - new_chunks_are_fully_committed: 0.
 - uncommit_free_chunks: 1.
 - use_allocation_guard: 0.
 - handle_deallocations: 1.


Internal statistics:

num_allocs_failed_limit: 8.
num_arena_births: 1096.
num_arena_deaths: 308.
num_vsnodes_births: 3.
num_vsnodes_deaths: 0.
num_space_committed: 1256.
num_space_uncommitted: 0.
num_chunks_returned_to_freelist: 371.
num_chunks_taken_from_freelist: 3853.
num_chunk_merges: 127.
num_chunk_splits: 2527.
num_chunks_enlarged: 1828.
num_inconsistent_stats: 0.

CodeHeap 'non-profiled nmethods': size=120000Kb used=7277Kb max_used=7277Kb free=112722Kb
 bounds [0x000001945f3f0000, 0x000001945fb10000, 0x0000019466920000]
CodeHeap 'profiled nmethods': size=120000Kb used=19764Kb max_used=19764Kb free=100236Kb
 bounds [0x0000019457920000, 0x0000019458c70000, 0x000001945ee50000]
CodeHeap 'non-nmethods': size=5760Kb used=1357Kb max_used=1436Kb free=4403Kb
 bounds [0x000001945ee50000, 0x000001945f0c0000, 0x000001945f3f0000]
 total_blobs=10572 nmethods=9895 adapters=589
 compilation: enabled
              stopped_count=0, restarted_count=0
 full_count=0

Compilation events (20 events):
Event: 2080.224 Thread 0x000001946e8b1d20 11293       3       java.util.concurrent.ConcurrentHashMap$TreeNode::findTreeNode (177 bytes)
Event: 2080.226 Thread 0x000001946e8b1d20 nmethod 11293 0x0000019458c6a690 code [0x0000019458c6a8c0, 0x0000019458c6b2d8]
Event: 2080.234 Thread 0x000001946e8b1d20 11295       2       sun.management.MemoryUsageCompositeData::validateCompositeData (40 bytes)
Event: 2080.234 Thread 0x000001946e8b1d20 nmethod 11295 0x0000019458c6b610 code [0x0000019458c6b7e0, 0x0000019458c6ba78]
Event: 2080.236 Thread 0x000001946e8b1d20 11297   !   2       org.springframework.beans.factory.support.AbstractAutowireCapableBeanFactory::instantiateBean (51 bytes)
Event: 2080.238 Thread 0x000001946e8b1d20 nmethod 11297 0x0000019458c6bb90 code [0x0000019458c6bda0, 0x0000019458c6c2f8]
Event: 2080.241 Thread 0x000001946e8b1d20 11298   !   2       org.springframework.beans.CachedIntrospectionResults::isPlainAccessor (79 bytes)
Event: 2080.243 Thread 0x000001946e8b1d20 nmethod 11298 0x0000019458c6c790 code [0x0000019458c6c960, 0x0000019458c6cbb8]
Event: 2080.243 Thread 0x000001946e8b1d20 11299       2       sun.reflect.generics.reflectiveObjects.WildcardTypeImpl::equals (52 bytes)
Event: 2080.244 Thread 0x000001946e8b1d20 nmethod 11299 0x0000019458c6cd10 code [0x0000019458c6cf40, 0x0000019458c6d558]
Event: 2080.262 Thread 0x00000194755cfb30 nmethod 11105 0x000001945fafff10 code [0x000001945fb004c0, 0x000001945fb05f70]
Event: 2080.262 Thread 0x00000194755cfb30 11289       4       org.aspectj.weaver.reflect.ReflectionBasedReferenceTypeDelegateFactory::toResolvedTypeArray (37 bytes)
Event: 2080.268 Thread 0x000001946e8b1d20 11300   !   2       java.util.concurrent.ConcurrentHashMap$TreeBin::find (191 bytes)
Event: 2080.270 Thread 0x000001946e8b1d20 nmethod 11300 0x0000019458c6d790 code [0x0000019458c6d980, 0x0000019458c6dd98]
Event: 2080.284 Thread 0x000001946e8b1d20 11301       2       org.springframework.core.annotation.AnnotationTypeMappings::isAlreadyMapped (38 bytes)
Event: 2080.285 Thread 0x000001946e8b1d20 nmethod 11301 0x0000019458c6e010 code [0x0000019458c6e1c0, 0x0000019458c6e3a8]
Event: 2080.304 Thread 0x00000194755cfb30 nmethod 11289 0x000001945fb09c10 code [0x000001945fb09e00, 0x000001945fb0a890]
Event: 2080.304 Thread 0x00000194755cfb30 11287 %     4       org.aspectj.apache.bcel.classfile.ConstantPool::<init> @ 58 (107 bytes)
Event: 2080.313 Thread 0x00000194755cfb30 nmethod 11287% 0x000001945fb0af10 code [0x000001945fb0b0a0, 0x000001945fb0b3c8]
Event: 2080.313 Thread 0x00000194755cfb30 11294       4       java.util.regex.Pattern$$Lambda$205/0x00000001001e5fc0::is (5 bytes)

GC Heap History (20 events):
Event: 2076.513 GC heap after
{Heap after GC invocations=63 (full 1):
 garbage-first heap   total 70656K, used 36068K [0x0000000083000000, 0x0000000100000000)
  region size 1024K, 1 young (1024K), 1 survivors (1024K)
 Metaspace       used 79202K, committed 80128K, reserved 1179648K
  class space    used 10032K, committed 10432K, reserved 1048576K
}
Event: 2077.353 GC heap before
{Heap before GC invocations=63 (full 1):
 garbage-first heap   total 70656K, used 55524K [0x0000000083000000, 0x0000000100000000)
  region size 1024K, 21 young (21504K), 1 survivors (1024K)
 Metaspace       used 79290K, committed 80128K, reserved 1179648K
  class space    used 10033K, committed 10432K, reserved 1048576K
}
Event: 2077.357 GC heap after
{Heap after GC invocations=64 (full 1):
 garbage-first heap   total 70656K, used 36777K [0x0000000083000000, 0x0000000100000000)
  region size 1024K, 2 young (2048K), 2 survivors (2048K)
 Metaspace       used 79290K, committed 80128K, reserved 1179648K
  class space    used 10033K, committed 10432K, reserved 1048576K
}
Event: 2077.908 GC heap before
{Heap before GC invocations=65 (full 1):
 garbage-first heap   total 73728K, used 56233K [0x0000000083000000, 0x0000000100000000)
  region size 1024K, 21 young (21504K), 2 survivors (2048K)
 Metaspace       used 79494K, committed 80192K, reserved 1179648K
  class space    used 10051K, committed 10432K, reserved 1048576K
}
Event: 2077.915 GC heap after
{Heap after GC invocations=66 (full 1):
 garbage-first heap   total 73728K, used 38284K [0x0000000083000000, 0x0000000100000000)
  region size 1024K, 3 young (3072K), 3 survivors (3072K)
 Metaspace       used 79494K, committed 80192K, reserved 1179648K
  class space    used 10051K, committed 10432K, reserved 1048576K
}
Event: 2077.930 GC heap before
{Heap before GC invocations=66 (full 1):
 garbage-first heap   total 73728K, used 39308K [0x0000000083000000, 0x0000000100000000)
  region size 1024K, 4 young (4096K), 3 survivors (3072K)
 Metaspace       used 79495K, committed 80192K, reserved 1179648K
  class space    used 10051K, committed 10432K, reserved 1048576K
}
Event: 2077.937 GC heap after
{Heap after GC invocations=67 (full 1):
 garbage-first heap   total 73728K, used 38094K [0x0000000083000000, 0x0000000100000000)
  region size 1024K, 1 young (1024K), 1 survivors (1024K)
 Metaspace       used 79495K, committed 80192K, reserved 1179648K
  class space    used 10051K, committed 10432K, reserved 1048576K
}
Event: 2078.310 GC heap before
{Heap before GC invocations=67 (full 1):
 garbage-first heap   total 73728K, used 59598K [0x0000000083000000, 0x0000000100000000)
  region size 1024K, 22 young (22528K), 1 survivors (1024K)
 Metaspace       used 79564K, committed 80256K, reserved 1179648K
  class space    used 10052K, committed 10432K, reserved 1048576K
}
Event: 2078.316 GC heap after
{Heap after GC invocations=68 (full 1):
 garbage-first heap   total 73728K, used 39486K [0x0000000083000000, 0x0000000100000000)
  region size 1024K, 2 young (2048K), 2 survivors (2048K)
 Metaspace       used 79564K, committed 80256K, reserved 1179648K
  class space    used 10052K, committed 10432K, reserved 1048576K
}
Event: 2078.790 GC heap before
{Heap before GC invocations=69 (full 1):
 garbage-first heap   total 76800K, used 59966K [0x0000000083000000, 0x0000000100000000)
  region size 1024K, 22 young (22528K), 2 survivors (2048K)
 Metaspace       used 79591K, committed 80256K, reserved 1179648K
  class space    used 10053K, committed 10432K, reserved 1048576K
}
Event: 2078.798 GC heap after
{Heap after GC invocations=70 (full 1):
 garbage-first heap   total 76800K, used 40699K [0x0000000083000000, 0x0000000100000000)
  region size 1024K, 2 young (2048K), 2 survivors (2048K)
 Metaspace       used 79591K, committed 80256K, reserved 1179648K
  class space    used 10053K, committed 10432K, reserved 1048576K
}
Event: 2078.829 GC heap before
{Heap before GC invocations=70 (full 1):
 garbage-first heap   total 76800K, used 41723K [0x0000000083000000, 0x0000000100000000)
  region size 1024K, 3 young (3072K), 2 survivors (2048K)
 Metaspace       used 79592K, committed 80256K, reserved 1179648K
  class space    used 10053K, committed 10432K, reserved 1048576K
}
Event: 2079.845 GC heap after
{Heap after GC invocations=71 (full 1):
 garbage-first heap   total 156672K, used 40545K [0x0000000083000000, 0x0000000100000000)
  region size 1024K, 1 young (1024K), 1 survivors (1024K)
 Metaspace       used 79592K, committed 80256K, reserved 1179648K
  class space    used 10053K, committed 10432K, reserved 1048576K
}
Event: 2079.995 GC heap before
{Heap before GC invocations=71 (full 1):
 garbage-first heap   total 156672K, used 46689K [0x0000000083000000, 0x0000000100000000)
  region size 1024K, 7 young (7168K), 1 survivors (1024K)
 Metaspace       used 79604K, committed 80256K, reserved 1179648K
  class space    used 10053K, committed 10432K, reserved 1048576K
}
Event: 2079.998 GC heap after
{Heap after GC invocations=72 (full 1):
 garbage-first heap   total 156672K, used 40715K [0x0000000083000000, 0x0000000100000000)
  region size 1024K, 1 young (1024K), 1 survivors (1024K)
 Metaspace       used 79604K, committed 80256K, reserved 1179648K
  class space    used 10053K, committed 10432K, reserved 1048576K
}
Event: 2080.146 GC heap before
{Heap before GC invocations=72 (full 1):
 garbage-first heap   total 153600K, used 46859K [0x0000000083000000, 0x0000000100000000)
  region size 1024K, 7 young (7168K), 1 survivors (1024K)
 Metaspace       used 79606K, committed 80256K, reserved 1179648K
  class space    used 10053K, committed 10432K, reserved 1048576K
}
Event: 2080.150 GC heap after
{Heap after GC invocations=73 (full 1):
 garbage-first heap   total 153600K, used 41081K [0x0000000083000000, 0x0000000100000000)
  region size 1024K, 1 young (1024K), 1 survivors (1024K)
 Metaspace       used 79606K, committed 80256K, reserved 1179648K
  class space    used 10053K, committed 10432K, reserved 1048576K
}
Event: 2080.229 GC heap before
{Heap before GC invocations=74 (full 1):
 garbage-first heap   total 153600K, used 47225K [0x0000000083000000, 0x0000000100000000)
  region size 1024K, 7 young (7168K), 1 survivors (1024K)
 Metaspace       used 79679K, committed 80384K, reserved 1179648K
  class space    used 10059K, committed 10432K, reserved 1048576K
}
Event: 2080.233 GC heap after
{Heap after GC invocations=75 (full 1):
 garbage-first heap   total 153600K, used 41534K [0x0000000083000000, 0x0000000100000000)
  region size 1024K, 1 young (1024K), 1 survivors (1024K)
 Metaspace       used 79679K, committed 80384K, reserved 1179648K
  class space    used 10059K, committed 10432K, reserved 1048576K
}
Event: 2080.314 GC heap before
{Heap before GC invocations=75 (full 1):
 garbage-first heap   total 153600K, used 47678K [0x0000000083000000, 0x0000000100000000)
  region size 1024K, 7 young (7168K), 1 survivors (1024K)
 Metaspace       used 79687K, committed 80384K, reserved 1179648K
  class space    used 10059K, committed 10432K, reserved 1048576K
}

Dll operation events (10 events):
Event: 0.017 Loaded shared library C:\Users\bappa\.vscode\extensions\redhat.java-1.38.0-win32-x64\jre\17.0.13-win32-x86_64\bin\java.dll
Event: 0.467 Loaded shared library C:\Users\bappa\.vscode\extensions\redhat.java-1.38.0-win32-x64\jre\17.0.13-win32-x86_64\bin\jimage.dll
Event: 0.497 Loaded shared library C:\Users\bappa\.vscode\extensions\redhat.java-1.38.0-win32-x64\jre\17.0.13-win32-x86_64\bin\net.dll
Event: 0.502 Loaded shared library C:\Users\bappa\.vscode\extensions\redhat.java-1.38.0-win32-x64\jre\17.0.13-win32-x86_64\bin\nio.dll
Event: 0.516 Loaded shared library C:\Users\bappa\.vscode\extensions\redhat.java-1.38.0-win32-x64\jre\17.0.13-win32-x86_64\bin\zip.dll
Event: 0.710 Loaded shared library C:\Users\bappa\.vscode\extensions\redhat.java-1.38.0-win32-x64\jre\17.0.13-win32-x86_64\bin\management.dll
Event: 0.737 Loaded shared library C:\Users\bappa\.vscode\extensions\redhat.java-1.38.0-win32-x64\jre\17.0.13-win32-x86_64\bin\management_ext.dll
Event: 1.320 Loaded shared library C:\Users\bappa\.vscode\extensions\redhat.java-1.38.0-win32-x64\jre\17.0.13-win32-x86_64\bin\extnet.dll
Event: 4.454 Loaded shared library C:\Users\bappa\.vscode\extensions\redhat.java-1.38.0-win32-x64\jre\17.0.13-win32-x86_64\bin\sunmscapi.dll
Event: 13.132 Loaded shared library C:\Users\bappa\.vscode\extensions\redhat.java-1.38.0-win32-x64\jre\17.0.13-win32-x86_64\bin\verify.dll

Deoptimization events (20 events):
Event: 2077.710 Thread 0x00000194789d8680 DEOPT PACKING pc=0x000001945f817d28 sp=0x00000081de5fd2b0
Event: 2077.710 Thread 0x00000194789d8680 DEOPT UNPACKING pc=0x000001945eeaa1a3 sp=0x00000081de5fd200 mode 2
Event: 2077.710 Thread 0x00000194789d8680 Uncommon trap: trap_request=0xffffffbe fr.pc=0x000001945f6abfdc relative=0x000000000000067c
Event: 2077.710 Thread 0x00000194789d8680 Uncommon trap: reason=profile_predicate action=maybe_recompile pc=0x000001945f6abfdc method=java.util.TreeMap.getEntryUsingComparator(Ljava/lang/Object;)Ljava/util/TreeMap$Entry; @ 19 c2
Event: 2077.710 Thread 0x00000194789d8680 DEOPT PACKING pc=0x000001945f6abfdc sp=0x00000081de5fd250
Event: 2077.710 Thread 0x00000194789d8680 DEOPT UNPACKING pc=0x000001945eeaa1a3 sp=0x00000081de5fd200 mode 2
Event: 2077.883 Thread 0x00000194789d8680 Uncommon trap: trap_request=0xffffffc6 fr.pc=0x000001945f673b00 relative=0x0000000000002560
Event: 2077.883 Thread 0x00000194789d8680 Uncommon trap: reason=bimorphic_or_optimized_type_check action=maybe_recompile pc=0x000001945f673b00 method=java.io.BufferedInputStream.read([BII)I @ 101 c2
Event: 2077.883 Thread 0x00000194789d8680 DEOPT PACKING pc=0x000001945f673b00 sp=0x00000081de5f9610
Event: 2077.883 Thread 0x00000194789d8680 DEOPT UNPACKING pc=0x000001945eeaa1a3 sp=0x00000081de5f94c0 mode 2
Event: 2078.184 Thread 0x00000194789d8680 Uncommon trap: trap_request=0xffffff66 fr.pc=0x000001945fa50368 relative=0x00000000000000c8
Event: 2078.184 Thread 0x00000194789d8680 Uncommon trap: reason=speculate_class_check action=maybe_recompile pc=0x000001945fa50368 method=java.lang.invoke.LambdaForm$MH/0x0000000100448400.invoke(Ljava/lang/Object;Ljava/lang/Object;)Ljava/lang/Object; @ 24 c2
Event: 2078.184 Thread 0x00000194789d8680 DEOPT PACKING pc=0x000001945fa50368 sp=0x00000081de5f2460
Event: 2078.184 Thread 0x00000194789d8680 DEOPT UNPACKING pc=0x000001945eeaa1a3 sp=0x00000081de5f23b0 mode 2
Event: 2080.139 Thread 0x00000194789d8680 Uncommon trap: trap_request=0xffffff66 fr.pc=0x000001945fa50368 relative=0x00000000000000c8
Event: 2080.139 Thread 0x00000194789d8680 Uncommon trap: reason=speculate_class_check action=maybe_recompile pc=0x000001945fa50368 method=java.lang.invoke.LambdaForm$MH/0x0000000100448400.invoke(Ljava/lang/Object;Ljava/lang/Object;)Ljava/lang/Object; @ 24 c2
Event: 2080.139 Thread 0x00000194789d8680 DEOPT PACKING pc=0x000001945fa50368 sp=0x00000081de5fd3b0
Event: 2080.139 Thread 0x00000194789d8680 DEOPT UNPACKING pc=0x000001945eeaa1a3 sp=0x00000081de5fd300 mode 2
Event: 2080.166 Thread 0x00000194789d8680 DEOPT PACKING pc=0x0000019458b876c6 sp=0x00000081de5fd1d0
Event: 2080.166 Thread 0x00000194789d8680 DEOPT UNPACKING pc=0x000001945eeaace3 sp=0x00000081de5fc700 mode 0

Classes loaded (20 events):
Event: 2073.152 Loading class javax/management/NotificationBroadcasterSupport$WildcardListenerInfo
Event: 2073.153 Loading class javax/management/NotificationBroadcasterSupport$WildcardListenerInfo done
Event: 2073.176 Loading class java/util/AbstractMap$2
Event: 2073.177 Loading class java/util/AbstractMap$2 done
Event: 2073.180 Loading class java/util/AbstractMap$2$1
Event: 2073.180 Loading class java/util/AbstractMap$2$1 done
Event: 2073.274 Loading class java/util/WeakHashMap$KeyIterator
Event: 2073.275 Loading class java/util/WeakHashMap$HashIterator
Event: 2073.275 Loading class java/util/WeakHashMap$HashIterator done
Event: 2073.275 Loading class java/util/WeakHashMap$KeyIterator done
Event: 2073.451 Loading class java/lang/ref/Finalizer$2
Event: 2073.451 Loading class java/lang/ref/Finalizer$2 done
Event: 2073.451 Loading class java/lang/ref/Finalizer$1
Event: 2073.451 Loading class java/lang/ref/Finalizer$1 done
Event: 2076.100 Loading class java/util/WeakHashMap$EntrySet
Event: 2076.101 Loading class java/util/WeakHashMap$EntrySet done
Event: 2076.101 Loading class java/util/WeakHashMap$EntryIterator
Event: 2076.101 Loading class java/util/WeakHashMap$EntryIterator done
Event: 2077.832 Loading class java/time/DurationEditor
Event: 2077.832 Loading class java/time/DurationEditor done

Classes unloaded (20 events):
Event: 2075.159 Thread 0x000001946e848d80 Unloading class 0x0000000100155c00 'java/lang/invoke/LambdaForm$MH+0x0000000100155c00'
Event: 2075.159 Thread 0x000001946e848d80 Unloading class 0x0000000100155800 'java/lang/invoke/LambdaForm$MH+0x0000000100155800'
Event: 2075.159 Thread 0x000001946e848d80 Unloading class 0x0000000100155400 'java/lang/invoke/LambdaForm$MH+0x0000000100155400'
Event: 2075.159 Thread 0x000001946e848d80 Unloading class 0x0000000100155000 'java/lang/invoke/LambdaForm$MH+0x0000000100155000'
Event: 2075.159 Thread 0x000001946e848d80 Unloading class 0x0000000100154c00 'java/lang/invoke/LambdaForm$MH+0x0000000100154c00'
Event: 2075.159 Thread 0x000001946e848d80 Unloading class 0x0000000100154400 'java/lang/invoke/LambdaForm$MH+0x0000000100154400'
Event: 2075.159 Thread 0x000001946e848d80 Unloading class 0x0000000100154000 'java/lang/invoke/LambdaForm$MH+0x0000000100154000'
Event: 2075.159 Thread 0x000001946e848d80 Unloading class 0x0000000100141800 'jdk/internal/reflect/GeneratedSerializationConstructorAccessor3'
Event: 2075.159 Thread 0x000001946e848d80 Unloading class 0x0000000100141400 'jdk/internal/reflect/GeneratedSerializationConstructorAccessor2'
Event: 2075.159 Thread 0x000001946e848d80 Unloading class 0x0000000100141000 'jdk/internal/reflect/GeneratedSerializationConstructorAccessor1'
Event: 2075.159 Thread 0x000001946e848d80 Unloading class 0x0000000100140800 'java/lang/invoke/LambdaForm$DMH+0x0000000100140800'
Event: 2075.159 Thread 0x000001946e848d80 Unloading class 0x0000000100140000 'java/lang/invoke/LambdaForm$DMH+0x0000000100140000'
Event: 2075.159 Thread 0x000001946e848d80 Unloading class 0x00000001000c6c00 'jdk/internal/reflect/GeneratedConstructorAccessor1'
Event: 2075.159 Thread 0x000001946e848d80 Unloading class 0x00000001000c6000 'java/lang/invoke/LambdaForm$MH+0x00000001000c6000'
Event: 2075.159 Thread 0x000001946e848d80 Unloading class 0x00000001000c5c00 'java/lang/invoke/LambdaForm$MH+0x00000001000c5c00'
Event: 2075.159 Thread 0x000001946e848d80 Unloading class 0x00000001000c5800 'java/lang/invoke/LambdaForm$MH+0x00000001000c5800'
Event: 2075.159 Thread 0x000001946e848d80 Unloading class 0x00000001000c5400 'java/lang/invoke/LambdaForm$MH+0x00000001000c5400'
Event: 2075.159 Thread 0x000001946e848d80 Unloading class 0x00000001000c5000 'java/lang/invoke/LambdaForm$MH+0x00000001000c5000'
Event: 2075.160 Thread 0x000001946e848d80 Unloading class 0x00000001000c3c00 'java/lang/invoke/LambdaForm$MH+0x00000001000c3c00'
Event: 2075.160 Thread 0x000001946e848d80 Unloading class 0x00000001000c3800 'java/lang/invoke/LambdaForm$MH+0x00000001000c3800'

Classes redefined (0 events):
No events

Internal exceptions (20 events):
Event: 2076.115 Thread 0x00000194789d8680 Implicit null exception at 0x000001945f7e9f8b to 0x000001945f7ef41c
Event: 2076.124 Thread 0x00000194789d8680 Exception <a 'java/lang/NoClassDefFoundError'{0x00000000867bc8a8}: org/flywaydb/core/Flyway> (0x00000000867bc8a8) 
thrown [s\src\hotspot\share\oops\constantPool.cpp, line 837]
Event: 2076.125 Thread 0x00000194789d8680 Exception <a 'java/lang/NoClassDefFoundError'{0x00000000867bcef8}: liquibase/integration/spring/SpringLiquibase> (0x00000000867bcef8) 
thrown [s\src\hotspot\share\oops\constantPool.cpp, line 837]
Event: 2076.129 Thread 0x00000194789d8680 Implicit null exception at 0x000001945f7365b9 to 0x000001945f737b8c
Event: 2076.146 Thread 0x00000194789d8680 Exception <a 'java/lang/NoClassDefFoundError'{0x0000000086645af0}: org/jooq/DSLContext> (0x0000000086645af0) 
thrown [s\src\hotspot\share\oops\constantPool.cpp, line 837]
Event: 2076.149 Thread 0x00000194789d8680 Exception <a 'java/lang/NoClassDefFoundError'{0x000000008664e7d0}: org/springframework/batch/core/repository/JobRepository> (0x000000008664e7d0) 
thrown [s\src\hotspot\share\oops\constantPool.cpp, line 837]
Event: 2076.150 Thread 0x00000194789d8680 Exception <a 'java/lang/NoClassDefFoundError'{0x000000008664ee18}: org/quartz/Scheduler> (0x000000008664ee18) 
thrown [s\src\hotspot\share\oops\constantPool.cpp, line 837]
Event: 2076.150 Thread 0x00000194789d8680 Exception <a 'java/lang/NoClassDefFoundError'{0x000000008664f488}: org/springframework/session/jdbc/JdbcIndexedSessionRepository> (0x000000008664f488) 
thrown [s\src\hotspot\share\oops\constantPool.cpp, line 837]
Event: 2076.200 Thread 0x00000194789d8680 Exception <a 'java/lang/ArrayIndexOutOfBoundsException'{0x0000000086568558}: Index 40 out of bounds for length 40> (0x0000000086568558) 
thrown [s\src\hotspot\share\interpreter\interpreterRuntime.cpp, line 428]
Event: 2076.200 Thread 0x00000194789d8680 Exception <a 'java/lang/ArrayIndexOutOfBoundsException'{0x0000000086568b20}: Index 40 out of bounds for length 40> (0x0000000086568b20) 
thrown [s\src\hotspot\share\interpreter\interpreterRuntime.cpp, line 428]
Event: 2076.205 Thread 0x00000194789d8680 Implicit null exception at 0x000001945f86c993 to 0x000001945f86d3a8
Event: 2076.231 Thread 0x00000194789d8680 Exception <a 'java/lang/ArrayIndexOutOfBoundsException'{0x00000000865e1740}: Index 21 out of bounds for length 21> (0x00000000865e1740) 
thrown [s\src\hotspot\share\interpreter\interpreterRuntime.cpp, line 428]
Event: 2076.231 Thread 0x00000194789d8680 Exception <a 'java/lang/ArrayIndexOutOfBoundsException'{0x00000000865e1d08}: Index 21 out of bounds for length 21> (0x00000000865e1d08) 
thrown [s\src\hotspot\share\interpreter\interpreterRuntime.cpp, line 428]
Event: 2076.783 Thread 0x00000194789d8680 Exception <a 'sun/nio/fs/WindowsException'{0x0000000086c3c608}> (0x0000000086c3c608) 
thrown [s\src\hotspot\share\prims\jni.cpp, line 516]
Event: 2076.784 Thread 0x00000194789d8680 Exception <a 'sun/nio/fs/WindowsException'{0x0000000086c3cc70}> (0x0000000086c3cc70) 
thrown [s\src\hotspot\share\prims\jni.cpp, line 516]
Event: 2076.785 Thread 0x00000194789d8680 Exception <a 'sun/nio/fs/WindowsException'{0x0000000086c3d348}> (0x0000000086c3d348) 
thrown [s\src\hotspot\share\prims\jni.cpp, line 516]
Event: 2076.817 Thread 0x00000194789d8680 Exception <a 'java/io/FileNotFoundException'{0x0000000086c84210}> (0x0000000086c84210) 
thrown [s\src\hotspot\share\prims\jni.cpp, line 516]
Event: 2077.312 Thread 0x00000194789d8680 Exception <a 'java/io/FileNotFoundException'{0x00000000862f0828}> (0x00000000862f0828) 
thrown [s\src\hotspot\share\prims\jni.cpp, line 516]
Event: 2077.501 Thread 0x00000194789d8680 Exception <a 'sun/nio/fs/WindowsException'{0x000000008743b1d8}> (0x000000008743b1d8) 
thrown [s\src\hotspot\share\prims\jni.cpp, line 516]
Event: 2078.149 Thread 0x00000194789d8680 Exception <a 'sun/nio/fs/WindowsException'{0x0000000086b3fec8}> (0x0000000086b3fec8) 
thrown [s\src\hotspot\share\prims\jni.cpp, line 516]

VM Operations (20 events):
Event: 2078.316 Executing VM operation: G1CollectForAllocation done
Event: 2078.405 Executing VM operation: G1PauseRemark
Event: 2078.416 Executing VM operation: G1PauseRemark done
Event: 2078.470 Executing VM operation: G1PauseCleanup
Event: 2078.470 Executing VM operation: G1PauseCleanup done
Event: 2078.790 Executing VM operation: G1CollectForAllocation
Event: 2078.798 Executing VM operation: G1CollectForAllocation done
Event: 2078.829 Executing VM operation: G1CollectForAllocation
Event: 2079.845 Executing VM operation: G1CollectForAllocation done
Event: 2079.995 Executing VM operation: G1CollectForAllocation
Event: 2079.998 Executing VM operation: G1CollectForAllocation done
Event: 2080.092 Executing VM operation: G1PauseRemark
Event: 2080.101 Executing VM operation: G1PauseRemark done
Event: 2080.146 Executing VM operation: G1CollectForAllocation
Event: 2080.150 Executing VM operation: G1CollectForAllocation done
Event: 2080.161 Executing VM operation: G1PauseCleanup
Event: 2080.161 Executing VM operation: G1PauseCleanup done
Event: 2080.229 Executing VM operation: G1CollectForAllocation
Event: 2080.233 Executing VM operation: G1CollectForAllocation done
Event: 2080.313 Executing VM operation: G1CollectForAllocation

Memory protections (0 events):
No events

Nmethod flushes (20 events):
Event: 80.032 Thread 0x000001946e8bec80 flushing  nmethod 0x0000019458624510
Event: 80.032 Thread 0x000001946e8bec80 flushing  nmethod 0x000001945862bd90
Event: 80.032 Thread 0x000001946e8bec80 flushing  nmethod 0x000001945862c210
Event: 80.032 Thread 0x000001946e8bec80 flushing  nmethod 0x000001945862c690
Event: 80.032 Thread 0x000001946e8bec80 flushing  nmethod 0x000001945862f810
Event: 80.032 Thread 0x000001946e8bec80 flushing  nmethod 0x0000019458630790
Event: 80.032 Thread 0x000001946e8bec80 flushing  nmethod 0x000001945863db10
Event: 80.032 Thread 0x000001946e8bec80 flushing  nmethod 0x000001945863f410
Event: 80.032 Thread 0x000001946e8bec80 flushing  nmethod 0x000001945863fa90
Event: 80.032 Thread 0x000001946e8bec80 flushing  nmethod 0x0000019458643610
Event: 80.032 Thread 0x000001946e8bec80 flushing  nmethod 0x0000019458649c90
Event: 80.032 Thread 0x000001946e8bec80 flushing  nmethod 0x000001945864a310
Event: 80.032 Thread 0x000001946e8bec80 flushing  nmethod 0x000001945864b190
Event: 80.032 Thread 0x000001946e8bec80 flushing  nmethod 0x000001945864b590
Event: 80.032 Thread 0x000001946e8bec80 flushing  nmethod 0x000001945864c290
Event: 80.032 Thread 0x000001946e8bec80 flushing osr nmethod 0x0000019458653210
Event: 80.032 Thread 0x000001946e8bec80 flushing  nmethod 0x000001945865f890
Event: 80.032 Thread 0x000001946e8bec80 flushing osr nmethod 0x0000019458660190
Event: 80.032 Thread 0x000001946e8bec80 flushing  nmethod 0x000001945868e990
Event: 2075.338 Thread 0x000001946e8bec80 flushing  nmethod 0x0000019457942690

Events (20 events):
Event: 2073.140 Thread 0x00000194789da9f0 Thread exited: 0x00000194789da9f0
Event: 2073.202 Thread 0x00000194789dd270 Thread added: 0x00000194789d7240
Event: 2073.204 Thread 0x0000019475215f80 Thread exited: 0x0000019475215f80
Event: 2073.239 Thread 0x00000194789d7240 Thread exited: 0x00000194789d7240
Event: 2073.278 Thread 0x0000019475216490 Thread exited: 0x0000019475216490
Event: 2073.278 Thread 0x0000019475214630 Thread exited: 0x0000019475214630
Event: 2073.452 Thread 0x00000194789dd270 Thread added: 0x00000194789d7750
Event: 2073.453 Thread 0x000001946e8b1d20 Thread added: 0x00000194755cf090
Event: 2073.454 Thread 0x00000194789d7750 Thread exited: 0x00000194789d7750
Event: 2073.454 Thread 0x00000194789dd270 Thread added: 0x00000194789d8680
Event: 2073.456 Thread 0x0000019475214120 Thread exited: 0x0000019475214120
Event: 2073.545 Thread 0x000001946e8b1d20 Thread added: 0x00000194755cfb30
Event: 2073.839 Thread 0x00000194789d8680 Thread added: 0x00000194789d6310
Event: 2073.933 Thread 0x00000194789d6310 Thread exited: 0x00000194789d6310
Event: 2077.314 Thread 0x00000194789d8680 Thread added: 0x00000194789d6310
Event: 2077.314 Thread 0x00000194789d8680 Thread added: 0x00000194789d7750
Event: 2077.315 Thread 0x00000194789d8680 Thread added: 0x00000194789d7c60
Event: 2077.638 Thread 0x00000194789d8680 Thread added: 0x00000194789d95b0
Event: 2077.748 Thread 0x00000194789d95b0 Thread added: 0x00000194789d5e00
Event: 2080.313 Thread 0x00000194789d8680 Thread added: 0x00000194789d9ac0


Dynamic libraries:
0x00007ff7a8b80000 - 0x00007ff7a8b8e000 	C:\Users\bappa\.vscode\extensions\redhat.java-1.38.0-win32-x64\jre\17.0.13-win32-x86_64\bin\java.exe
0x00007ff9d0c60000 - 0x00007ff9d0ec3000 	C:\WINDOWS\SYSTEM32\ntdll.dll
0x00007ff9ceb20000 - 0x00007ff9cebe8000 	C:\WINDOWS\System32\KERNEL32.DLL
0x00007ff9ce030000 - 0x00007ff9ce3e2000 	C:\WINDOWS\System32\KERNELBASE.dll
0x00007ff9ce8b0000 - 0x00007ff9ce9fb000 	C:\WINDOWS\System32\ucrtbase.dll
0x00007ff9ca0e0000 - 0x00007ff9ca0f7000 	C:\Users\bappa\.vscode\extensions\redhat.java-1.38.0-win32-x64\jre\17.0.13-win32-x86_64\bin\jli.dll
0x00007ff9ca3c0000 - 0x00007ff9ca3de000 	C:\Users\bappa\.vscode\extensions\redhat.java-1.38.0-win32-x64\jre\17.0.13-win32-x86_64\bin\VCRUNTIME140.dll
0x00007ff9cecd0000 - 0x00007ff9cee98000 	C:\WINDOWS\System32\USER32.dll
0x00007ff9b8b90000 - 0x00007ff9b8e20000 	C:\WINDOWS\WinSxS\amd64_microsoft.windows.common-controls_6595b64144ccf1df_6.0.26100.2454_none_3e0b68a2e331ad60\COMCTL32.dll
0x00007ff9ce540000 - 0x00007ff9ce567000 	C:\WINDOWS\System32\win32u.dll
0x00007ff9cfe70000 - 0x00007ff9cff19000 	C:\WINDOWS\System32\msvcrt.dll
0x00007ff9d0b50000 - 0x00007ff9d0b7a000 	C:\WINDOWS\System32\GDI32.dll
0x00007ff9ce6f0000 - 0x00007ff9ce81b000 	C:\WINDOWS\System32\gdi32full.dll
0x00007ff9ce3f0000 - 0x00007ff9ce493000 	C:\WINDOWS\System32\msvcp_win.dll
0x00007ff9cfe30000 - 0x00007ff9cfe5f000 	C:\WINDOWS\System32\IMM32.DLL
0x00007ff9cad60000 - 0x00007ff9cad6c000 	C:\Users\bappa\.vscode\extensions\redhat.java-1.38.0-win32-x64\jre\17.0.13-win32-x86_64\bin\vcruntime140_1.dll
0x00007ff9c9270000 - 0x00007ff9c92fd000 	C:\Users\bappa\.vscode\extensions\redhat.java-1.38.0-win32-x64\jre\17.0.13-win32-x86_64\bin\msvcp140.dll
0x00007ff9502c0000 - 0x00007ff950f2b000 	C:\Users\bappa\.vscode\extensions\redhat.java-1.38.0-win32-x64\jre\17.0.13-win32-x86_64\bin\server\jvm.dll
0x00007ff9cfd70000 - 0x00007ff9cfe24000 	C:\WINDOWS\System32\ADVAPI32.dll
0x00007ff9cebf0000 - 0x00007ff9cec96000 	C:\WINDOWS\System32\sechost.dll
0x00007ff9cef00000 - 0x00007ff9cf016000 	C:\WINDOWS\System32\RPCRT4.dll
0x00007ff9d0ba0000 - 0x00007ff9d0c14000 	C:\WINDOWS\System32\WS2_32.dll
0x00007ff9cdec0000 - 0x00007ff9cdf0e000 	C:\WINDOWS\SYSTEM32\POWRPROF.dll
0x00007ff9b6050000 - 0x00007ff9b6086000 	C:\WINDOWS\SYSTEM32\WINMM.dll
0x00007ff9c5e80000 - 0x00007ff9c5e8b000 	C:\WINDOWS\SYSTEM32\VERSION.dll
0x00007ff9cdea0000 - 0x00007ff9cdeb4000 	C:\WINDOWS\SYSTEM32\UMPDC.dll
0x00007ff9cce70000 - 0x00007ff9cce8a000 	C:\WINDOWS\SYSTEM32\kernel.appcore.dll
0x00007ff9ca3b0000 - 0x00007ff9ca3ba000 	C:\Users\bappa\.vscode\extensions\redhat.java-1.38.0-win32-x64\jre\17.0.13-win32-x86_64\bin\jimage.dll
0x00007ff9cba30000 - 0x00007ff9cbc71000 	C:\WINDOWS\SYSTEM32\DBGHELP.DLL
0x00007ff9cf130000 - 0x00007ff9cf4ae000 	C:\WINDOWS\System32\combase.dll
0x00007ff9d0000000 - 0x00007ff9d00d6000 	C:\WINDOWS\System32\OLEAUT32.dll
0x00007ff9b5eb0000 - 0x00007ff9b5ee9000 	C:\WINDOWS\SYSTEM32\dbgcore.DLL
0x00007ff9ce4a0000 - 0x00007ff9ce539000 	C:\WINDOWS\System32\bcryptPrimitives.dll
0x00007ff9c96d0000 - 0x00007ff9c96f5000 	C:\Users\bappa\.vscode\extensions\redhat.java-1.38.0-win32-x64\jre\17.0.13-win32-x86_64\bin\java.dll
0x00007ff9c95a0000 - 0x00007ff9c95b8000 	C:\Users\bappa\.vscode\extensions\redhat.java-1.38.0-win32-x64\jre\17.0.13-win32-x86_64\bin\zip.dll
0x00007ff9cf4c0000 - 0x00007ff9cfbc0000 	C:\WINDOWS\System32\SHELL32.dll
0x00007ff9cbd80000 - 0x00007ff9cc5b1000 	C:\WINDOWS\SYSTEM32\windows.storage.dll
0x00007ff9cff20000 - 0x00007ff9cfffa000 	C:\WINDOWS\System32\SHCORE.dll
0x00007ff9ceea0000 - 0x00007ff9ceefd000 	C:\WINDOWS\System32\shlwapi.dll
0x00007ff9cdf40000 - 0x00007ff9cdf6e000 	C:\WINDOWS\SYSTEM32\profapi.dll
0x00007ff9c9420000 - 0x00007ff9c9439000 	C:\Users\bappa\.vscode\extensions\redhat.java-1.38.0-win32-x64\jre\17.0.13-win32-x86_64\bin\net.dll
0x00007ff9c8eb0000 - 0x00007ff9c8fd6000 	C:\WINDOWS\SYSTEM32\WINHTTP.dll
0x00007ff9cd370000 - 0x00007ff9cd3d8000 	C:\WINDOWS\system32\mswsock.dll
0x00007ff9c9250000 - 0x00007ff9c9266000 	C:\Users\bappa\.vscode\extensions\redhat.java-1.38.0-win32-x64\jre\17.0.13-win32-x86_64\bin\nio.dll
0x00007ff9c9980000 - 0x00007ff9c998a000 	C:\Users\bappa\.vscode\extensions\redhat.java-1.38.0-win32-x64\jre\17.0.13-win32-x86_64\bin\management.dll
0x00007ff9c96b0000 - 0x00007ff9c96bb000 	C:\Users\bappa\.vscode\extensions\redhat.java-1.38.0-win32-x64\jre\17.0.13-win32-x86_64\bin\management_ext.dll
0x00007ff9ceca0000 - 0x00007ff9ceca8000 	C:\WINDOWS\System32\PSAPI.DLL
0x00007ff9ae800000 - 0x00007ff9ae818000 	C:\WINDOWS\system32\napinsp.dll
0x00007ff9cc9a0000 - 0x00007ff9ccac5000 	C:\WINDOWS\SYSTEM32\DNSAPI.dll
0x00007ff9cc900000 - 0x00007ff9cc932000 	C:\WINDOWS\SYSTEM32\IPHLPAPI.DLL
0x00007ff9d0a70000 - 0x00007ff9d0a7a000 	C:\WINDOWS\System32\NSI.dll
0x00007ff9acb10000 - 0x00007ff9acb22000 	C:\WINDOWS\System32\winrnr.dll
0x00007ff9acb30000 - 0x00007ff9acb52000 	C:\WINDOWS\system32\nlansp_c.dll
0x00007ff9acaf0000 - 0x00007ff9acb06000 	C:\WINDOWS\system32\wshbth.dll
0x00007ff9bb9b0000 - 0x00007ff9bb9bb000 	C:\Windows\System32\rasadhlp.dll
0x00007ff9c60b0000 - 0x00007ff9c6135000 	C:\WINDOWS\System32\fwpuclnt.dll
0x00007ff9cd610000 - 0x00007ff9cd62c000 	C:\WINDOWS\SYSTEM32\CRYPTSP.dll
0x00007ff9ccdd0000 - 0x00007ff9cce08000 	C:\WINDOWS\system32\rsaenh.dll
0x00007ff9cd410000 - 0x00007ff9cd43b000 	C:\WINDOWS\SYSTEM32\USERENV.dll
0x00007ff9cd850000 - 0x00007ff9cd876000 	C:\WINDOWS\SYSTEM32\bcrypt.dll
0x00007ff9cd630000 - 0x00007ff9cd63c000 	C:\WINDOWS\SYSTEM32\CRYPTBASE.dll
0x00007ff9c90e0000 - 0x00007ff9c90fe000 	C:\WINDOWS\SYSTEM32\dhcpcsvc6.DLL
0x00007ff9c8450000 - 0x00007ff9c8475000 	C:\WINDOWS\SYSTEM32\dhcpcsvc.DLL
0x00007ff9c9990000 - 0x00007ff9c9999000 	C:\Users\bappa\.vscode\extensions\redhat.java-1.38.0-win32-x64\jre\17.0.13-win32-x86_64\bin\extnet.dll
0x00007ff9ca270000 - 0x00007ff9ca27e000 	C:\Users\bappa\.vscode\extensions\redhat.java-1.38.0-win32-x64\jre\17.0.13-win32-x86_64\bin\sunmscapi.dll
0x00007ff9ce570000 - 0x00007ff9ce6e6000 	C:\WINDOWS\System32\CRYPT32.dll
0x00007ff9cd810000 - 0x00007ff9cd840000 	C:\WINDOWS\SYSTEM32\ncrypt.dll
0x00007ff9cd7c0000 - 0x00007ff9cd7ff000 	C:\WINDOWS\SYSTEM32\NTASN1.dll
0x00007ff9c96c0000 - 0x00007ff9c96d0000 	C:\Users\bappa\.vscode\extensions\redhat.java-1.38.0-win32-x64\jre\17.0.13-win32-x86_64\bin\verify.dll
0x00007ff9a5620000 - 0x00007ff9a5628000 	C:\WINDOWS\system32\wshunix.dll

dbghelp: loaded successfully - version: 4.0.5 - missing functions: none
symbol engine: initialized successfully - sym options: 0x614 - pdb path: .;C:\Users\bappa\.vscode\extensions\redhat.java-1.38.0-win32-x64\jre\17.0.13-win32-x86_64\bin;C:\WINDOWS\SYSTEM32;C:\WINDOWS\WinSxS\amd64_microsoft.windows.common-controls_6595b64144ccf1df_6.0.26100.2454_none_3e0b68a2e331ad60;C:\Users\bappa\.vscode\extensions\redhat.java-1.38.0-win32-x64\jre\17.0.13-win32-x86_64\bin\server

VM Arguments:
jvm_args: -Dcom.sun.management.jmxremote -Dcom.sun.management.jmxremote.port=52927 -Dcom.sun.management.jmxremote.authenticate=false -Dcom.sun.management.jmxremote.ssl=false -Dspring.jmx.enabled=true -Djava.rmi.server.hostname=localhost -Dspring.application.admin.enabled=true -Dspring.boot.project.name=portfolio -XX:+ShowCodeDetailsInExceptionMessages -Dmanagement.endpoints.jmx.exposure.include=* 
java_command: com.my.portfolio.PortfolioApplication
java_class_path (initial): E:\SpringBootProject\portfolio\target\classes;C:\Users\bappa\.m2\repository\org\springframework\boot\spring-boot-starter-actuator\3.4.1\spring-boot-starter-actuator-3.4.1.jar;C:\Users\bappa\.m2\repository\org\springframework\boot\spring-boot-starter\3.4.1\spring-boot-starter-3.4.1.jar;C:\Users\bappa\.m2\repository\org\springframework\boot\spring-boot-starter-logging\3.4.1\spring-boot-starter-logging-3.4.1.jar;C:\Users\bappa\.m2\repository\ch\qos\logback\logback-classic\1.5.12\logback-classic-1.5.12.jar;C:\Users\bappa\.m2\repository\ch\qos\logback\logback-core\1.5.12\logback-core-1.5.12.jar;C:\Users\bappa\.m2\repository\org\apache\logging\log4j\log4j-to-slf4j\2.24.3\log4j-to-slf4j-2.24.3.jar;C:\Users\bappa\.m2\repository\org\apache\logging\log4j\log4j-api\2.24.3\log4j-api-2.24.3.jar;C:\Users\bappa\.m2\repository\org\slf4j\jul-to-slf4j\2.0.16\jul-to-slf4j-2.0.16.jar;C:\Users\bappa\.m2\repository\jakarta\annotation\jakarta.annotation-api\2.1.1\jakarta.annotation-api-2.1.1.jar;C:\Users\bappa\.m2\repository\org\yaml\snakeyaml\2.3\snakeyaml-2.3.jar;C:\Users\bappa\.m2\repository\org\springframework\boot\spring-boot-actuator-autoconfigure\3.4.1\spring-boot-actuator-autoconfigure-3.4.1.jar;C:\Users\bappa\.m2\repository\org\springframework\boot\spring-boot-actuator\3.4.1\spring-boot-actuator-3.4.1.jar;C:\Users\bappa\.m2\repository\com\fasterxml\jackson\core\jackson-databind\2.18.2\jackson-databind-2.18.2.jar;C:\Users\bappa\.m2\repository\com\fasterxml\jackson\core\jackson-annotations\2.18.2\jackson-annotations-2.18.2.jar;C:\Users\bappa\.m2\repository\com\fasterxml\jackson\core\jackson-core\2.18.2\jackson-core-2.18.2.jar;C:\Users\bappa\.m2\repository\com\fasterxml\jackson\datatype\jackson-datatype-jsr310\2.18.2\jackson-datatype-jsr310-2.18.2.jar;C:\Users\bappa\.m2\repository\io\micrometer\micrometer-observation\1.14.2\micrometer-observation-1.14.2.jar;C:\Users\bappa\.m2\repository\io\micrometer\micrometer-commons\1.14.2\micrometer-commons-1.14.2.ja
Launcher Type: SUN_STANDARD

[Global flags]
     intx CICompilerCount                          = 4                                         {product} {ergonomic}
     uint ConcGCThreads                            = 2                                         {product} {ergonomic}
     uint G1ConcRefinementThreads                  = 8                                         {product} {ergonomic}
   size_t G1HeapRegionSize                         = 1048576                                   {product} {ergonomic}
    uintx GCDrainStackTargetSize                   = 64                                        {product} {ergonomic}
   size_t InitialHeapSize                          = 132120576                                 {product} {ergonomic}
     bool ManagementServer                         = true                                      {product} {command line}
   size_t MarkStackSize                            = 4194304                                   {product} {ergonomic}
   size_t MaxHeapSize                              = 2097152000                                {product} {ergonomic}
   size_t MaxNewSize                               = 1258291200                                {product} {ergonomic}
   size_t MinHeapDeltaBytes                        = 1048576                                   {product} {ergonomic}
   size_t MinHeapSize                              = 8388608                                   {product} {ergonomic}
    uintx NonNMethodCodeHeapSize                   = 5839372                                {pd product} {ergonomic}
    uintx NonProfiledCodeHeapSize                  = 122909434                              {pd product} {ergonomic}
    uintx ProfiledCodeHeapSize                     = 122909434                              {pd product} {ergonomic}
    uintx ReservedCodeCacheSize                    = 251658240                              {pd product} {ergonomic}
     bool SegmentedCodeCache                       = true                                      {product} {ergonomic}
     bool ShowCodeDetailsInExceptionMessages       = true                                   {manageable} {command line}
   size_t SoftMaxHeapSize                          = 2097152000                             {manageable} {ergonomic}
     bool UseCompressedClassPointers               = true                           {product lp64_product} {ergonomic}
     bool UseCompressedOops                        = true                           {product lp64_product} {ergonomic}
     bool UseG1GC                                  = true                                      {product} {ergonomic}
     bool UseLargePagesIndividualAllocation        = false                                  {pd product} {ergonomic}

Logging:
Log output configuration:
 #0: stdout all=warning uptime,level,tags
 #1: stderr all=off uptime,level,tags

Environment Variables:
PATH=C:\Program Files\Common Files\Oracle\Java\javapath;C:\WINDOWS\system32;C:\WINDOWS;C:\WINDOWS\System32\Wbem;C:\WINDOWS\System32\WindowsPowerShell\v1.0\;C:\WINDOWS\System32\OpenSSH\;C:\MinGW\bin;C:\Program Files\MongoDB\mongosh-2.3.1-win32-x64\bin;C:\Users\bappa\AppData\Roaming\nvm;C:\Program Files\nodejs;C:\Users\bappa\Downloads\apache-maven-3.9.9-bin\apache-maven-3.9.9\bin;C:\Users\bappa\AppData\Local\Microsoft\WindowsApps;C:\Users\bappa\AppData\Local\Programs\Microsoft VS Code\bin;C:\MinGW\bin;C:\Users\bappa\AppData\Roaming\npm;C:\Program Files\Java\jdk-23\bin;C:\Program Files\CMake\bin;C:\Users\bappa\AppData\Roaming\nvm;C:\Program Files\nodejs;;C:\Program Files\JetBrains\IntelliJ IDEA Community Edition 2024.3.1\bin;
USERNAME=bappa
LANG=en_US.UTF-8
OS=Windows_NT
PROCESSOR_IDENTIFIER=Intel64 Family 6 Model 126 Stepping 5, GenuineIntel
TMP=C:\Users\bappa\AppData\Local\Temp
TEMP=C:\Users\bappa\AppData\Local\Temp



Periodic native trim disabled


---------------  S Y S T E M  ---------------

OS:
 Windows 11 , 64 bit Build 26100 (10.0.26100.2454)
OS uptime: 0 days 6:05 hours

CPU: total 8 (initial active 8) (4 cores per cpu, 2 threads per core) family 6 model 126 stepping 5 microcode 0xa0, cx8, cmov, fxsr, ht, mmx, 3dnowpref, sse, sse2, sse3, ssse3, sse4.1, sse4.2, popcnt, lzcnt, tsc, tscinvbit, avx, avx2, aes, erms, clmul, bmi1, bmi2, adx, avx512f, avx512dq, avx512cd, avx512bw, avx512vl, sha, fma, vzeroupper, avx512_vpopcntdq, avx512_vpclmulqdq, avx512_vaes, avx512_vnni, clflush, clflushopt, avx512_vbmi2, avx512_vbmi
Processor Information for all 8 processors :
  Max Mhz: 1201, Current Mhz: 700, Mhz Limit: 996

Memory: 4k page, system-wide physical 7997M (1475M free)
TotalPageFile size 10045M (AvailPageFile size 6M)
current process WorkingSet (physical memory assigned to process): 282M, peak: 312M
current process commit charge ("private bytes"): 393M, peak: 719M

vm_info: OpenJDK 64-Bit Server VM (17.0.13+11) for windows-amd64 JRE (17.0.13+11), built on Oct 16 2024 00:10:08 by "admin" with MS VC++ 17.7 (VS2022)

END.
