#
# There is insufficient memory for the Java Runtime Environment to continue.
# Native memory allocation (malloc) failed to allocate 780976 bytes. Error detail: Chunk::new
# Possible reasons:
#   The system is out of physical RAM or swap space
#   This process is running with CompressedOops enabled, and the Java Heap may be blocking the growth of the native heap
# Possible solutions:
#   Reduce memory load on the system
#   Increase physical memory or swap space
#   Check if swap backing store is full
#   Decrease Java heap size (-Xmx/-Xms)
#   Decrease number of Java threads
#   Decrease Java thread stack sizes (-Xss)
#   Set larger code cache with -XX:ReservedCodeCacheSize=
#   JVM is running with Unscaled Compressed Oops mode in which the Java heap is
#     placed in the first 4GB address space. The Java Heap base address is the
#     maximum limit for the native heap growth. Please use -XX:HeapBaseMinAddress
#     to set the Java Heap base and to place the Java Heap above 4GB virtual address.
# This output file may be truncated or incomplete.
#
#  Out of Memory Error (arena.cpp:191), pid=10748, tid=7664
#
# JRE version: OpenJDK Runtime Environment Temurin-17.0.13+11 (17.0.13+11) (build 17.0.13+11)
# Java VM: OpenJDK 64-Bit Server VM Temurin-17.0.13+11 (17.0.13+11, mixed mode, tiered, compressed oops, compressed class ptrs, parallel gc, windows-amd64)
# No core dump will be written. Minidumps are not enabled by default on client versions of Windows
#

---------------  S U M M A R Y ------------

Command Line: --add-modules=ALL-SYSTEM --add-opens=java.base/java.util=ALL-UNNAMED --add-opens=java.base/java.lang=ALL-UNNAMED --add-opens=java.base/sun.nio.fs=ALL-UNNAMED -Declipse.application=org.eclipse.jdt.ls.core.id1 -Dosgi.bundles.defaultStartLevel=4 -Declipse.product=org.eclipse.jdt.ls.core.product -Djava.import.generatesMetadataFilesAtProjectRoot=false -DDetectVMInstallationsJob.disabled=true -Dfile.encoding=utf8 -XX:+UseParallelGC -XX:GCTimeRatio=4 -XX:AdaptiveSizePolicyWeight=90 -Dsun.zip.disableMemoryMapping=true -Xmx1G -Xms100m -Xlog:disable -javaagent:c:\Users\bappa\.vscode\extensions\redhat.java-1.38.0-win32-x64\lombok\lombok-1.18.34.jar -XX:+HeapDumpOnOutOfMemoryError -XX:HeapDumpPath=c:\Users\bappa\AppData\Roaming\Code\User\workspaceStorage\55f1f0157f34b30c8333bbaa32d77949\redhat.java -Daether.dependencyCollector.impl=bf c:\Users\bappa\.vscode\extensions\redhat.java-1.38.0-win32-x64\server\plugins\org.eclipse.equinox.launcher_1.6.900.v20240613-2009.jar -configuration c:\Users\bappa\AppData\Roaming\Code\User\globalStorage\redhat.java\1.38.0\config_win -data c:\Users\bappa\AppData\Roaming\Code\User\workspaceStorage\55f1f0157f34b30c8333bbaa32d77949\redhat.java\jdt_ws --pipe=\\.\pipe\lsp-eb723cd2ccbdb894f8515454a382cb61-sock

Host: Intel(R) Core(TM) i5-1035G1 CPU @ 1.00GHz, 8 cores, 7G,  Windows 11 , 64 bit Build 26100 (10.0.26100.2454)
Time: Wed Dec 25 09:27:10 2024 India Standard Time elapsed time: 45.304837 seconds (0d 0h 0m 45s)

---------------  T H R E A D  ---------------

Current thread (0x000001bf5d3ad8f0):  JavaThread "C2 CompilerThread0" daemon [_thread_in_native, id=7664, stack(0x00000007b5300000,0x00000007b5400000)]


Current CompileTask:
C2:  45304 11115   !   4       org.eclipse.jdt.internal.core.search.indexing.BinaryIndexer::indexDocument (1157 bytes)

Stack: [0x00000007b5300000,0x00000007b5400000]
Native frames: (J=compiled Java code, j=interpreted, Vv=VM code, C=native code)
V  [jvm.dll+0x682a19]
V  [jvm.dll+0x839538]
V  [jvm.dll+0x83afe3]
V  [jvm.dll+0x83b653]
V  [jvm.dll+0x24704f]
V  [jvm.dll+0xace34]
V  [jvm.dll+0xad4cc]
V  [jvm.dll+0x2ac84f]
V  [jvm.dll+0x588a79]
V  [jvm.dll+0x220ea2]
V  [jvm.dll+0x219cd2]
V  [jvm.dll+0x21738b]
V  [jvm.dll+0x1a3070]
V  [jvm.dll+0x22788c]
V  [jvm.dll+0x2259eb]
V  [jvm.dll+0x7eec98]
V  [jvm.dll+0x7e8ffc]
V  [jvm.dll+0x6818f7]
C  [ucrtbase.dll+0x14ea0]
C  [KERNEL32.DLL+0x2e8d7]
C  [ntdll.dll+0xdfbcc]


---------------  P R O C E S S  ---------------

Threads class SMR info:
_java_thread_list=0x000001bf5f87c730, length=63, elements={
0x000001bf444aff50, 0x000001bf4455d010, 0x000001bf58334410, 0x000001bf5d399630,
0x000001bf5d395a20, 0x000001bf5d3a2b80, 0x000001bf5d3a6810, 0x000001bf5d3ad8f0,
0x000001bf5d3d0530, 0x000001bf5833df70, 0x000001bf5d4c9ff0, 0x000001bf5d72e810,
0x000001bf5ef6a600, 0x000001bf5eb409c0, 0x000001bf5f4d59d0, 0x000001bf5ef1c470,
0x000001bf5f5fc710, 0x000001bf5ee8a220, 0x000001bf5f728af0, 0x000001bf5f72b370,
0x000001bf5f729f30, 0x000001bf5f7280d0, 0x000001bf5f72a950, 0x000001bf5f72ae60,
0x000001bf5f729000, 0x000001bf5f7285e0, 0x000001bf5f729510, 0x000001bf5f72a440,
0x000001bf5f729a20, 0x000001bf6098a670, 0x000001bf60988810, 0x000001bf6098b090,
0x000001bf60989740, 0x000001bf6098ab80, 0x000001bf60988300, 0x000001bf60989c50,
0x000001bf60989230, 0x000001bf6098a160, 0x000001bf6098b5a0, 0x000001bf6098bab0,
0x000001bf6098de20, 0x000001bf6098c9e0, 0x000001bf6098cef0, 0x000001bf6098e330,
0x000001bf6098c4d0, 0x000001bf6098ed50, 0x000001bf6098d400, 0x000001bf6098e840,
0x000001bf6098f260, 0x000001bf6098f770, 0x000001bf6098bfc0, 0x000001bf6098d910,
0x000001bf5f72b880, 0x000001bf61009fc0, 0x000001bf61009090, 0x000001bf61007230,
0x000001bf6100a4d0, 0x000001bf61008b80, 0x000001bf610095a0, 0x000001bf61007740,
0x000001bf61007c50, 0x000001bf61008670, 0x000001bf6724a5e0
}

Java Threads: ( => current thread )
  0x000001bf444aff50 JavaThread "main" [_thread_blocked, id=7540, stack(0x00000007b4a00000,0x00000007b4b00000)]
  0x000001bf4455d010 JavaThread "Reference Handler" daemon [_thread_blocked, id=1928, stack(0x00000007b4d00000,0x00000007b4e00000)]
  0x000001bf58334410 JavaThread "Finalizer" daemon [_thread_blocked, id=5712, stack(0x00000007b4e00000,0x00000007b4f00000)]
  0x000001bf5d399630 JavaThread "Signal Dispatcher" daemon [_thread_blocked, id=14200, stack(0x00000007b4f00000,0x00000007b5000000)]
  0x000001bf5d395a20 JavaThread "Attach Listener" daemon [_thread_blocked, id=12992, stack(0x00000007b5000000,0x00000007b5100000)]
  0x000001bf5d3a2b80 JavaThread "Service Thread" daemon [_thread_blocked, id=8508, stack(0x00000007b5100000,0x00000007b5200000)]
  0x000001bf5d3a6810 JavaThread "Monitor Deflation Thread" daemon [_thread_blocked, id=11704, stack(0x00000007b5200000,0x00000007b5300000)]
=>0x000001bf5d3ad8f0 JavaThread "C2 CompilerThread0" daemon [_thread_in_native, id=7664, stack(0x00000007b5300000,0x00000007b5400000)]
  0x000001bf5d3d0530 JavaThread "C1 CompilerThread0" daemon [_thread_blocked, id=2528, stack(0x00000007b5400000,0x00000007b5500000)]
  0x000001bf5833df70 JavaThread "Sweeper thread" daemon [_thread_blocked, id=8244, stack(0x00000007b5500000,0x00000007b5600000)]
  0x000001bf5d4c9ff0 JavaThread "Common-Cleaner" daemon [_thread_blocked, id=3388, stack(0x00000007b5600000,0x00000007b5700000)]
  0x000001bf5d72e810 JavaThread "Notification Thread" daemon [_thread_blocked, id=13472, stack(0x00000007b5700000,0x00000007b5800000)]
  0x000001bf5ef6a600 JavaThread "Active Thread: Equinox Container: e7ebfff8-6901-4cc3-8e78-23774d2f213f" [_thread_blocked, id=752, stack(0x00000007b6100000,0x00000007b6200000)]
  0x000001bf5eb409c0 JavaThread "Refresh Thread: Equinox Container: e7ebfff8-6901-4cc3-8e78-23774d2f213f" daemon [_thread_blocked, id=6284, stack(0x00000007b6200000,0x00000007b6300000)]
  0x000001bf5f4d59d0 JavaThread "Framework Event Dispatcher: Equinox Container: e7ebfff8-6901-4cc3-8e78-23774d2f213f" daemon [_thread_blocked, id=4260, stack(0x00000007b6300000,0x00000007b6400000)]
  0x000001bf5ef1c470 JavaThread "Start Level: Equinox Container: e7ebfff8-6901-4cc3-8e78-23774d2f213f" daemon [_thread_blocked, id=7700, stack(0x00000007b6400000,0x00000007b6500000)]
  0x000001bf5f5fc710 JavaThread "Bundle File Closer" daemon [_thread_blocked, id=2404, stack(0x00000007b6600000,0x00000007b6700000)]
  0x000001bf5ee8a220 JavaThread "SCR Component Actor" daemon [_thread_blocked, id=13024, stack(0x00000007b6000000,0x00000007b6100000)]
  0x000001bf5f728af0 JavaThread "Worker-JM" [_thread_blocked, id=12960, stack(0x00000007b5f00000,0x00000007b6000000)]
  0x000001bf5f72b370 JavaThread "JNA Cleaner" daemon [_thread_blocked, id=13132, stack(0x00000007b6800000,0x00000007b6900000)]
  0x000001bf5f729f30 JavaThread "Worker-0" [_thread_blocked, id=10372, stack(0x00000007b6900000,0x00000007b6a00000)]
  0x000001bf5f7280d0 JavaThread "Worker-1: Java indexing... " [_thread_blocked, id=14028, stack(0x00000007b6a00000,0x00000007b6b00000)]
  0x000001bf5f72a950 JavaThread "Worker-2: Initialize Workspace" [_thread_blocked, id=12956, stack(0x00000007b6d00000,0x00000007b6e00000)]
  0x000001bf5f72ae60 JavaThread "Java indexing" daemon [_thread_blocked, id=11312, stack(0x00000007b6e00000,0x00000007b6f00000)]
  0x000001bf5f729000 JavaThread "Thread-2" daemon [_thread_in_native, id=7576, stack(0x00000007b7100000,0x00000007b7200000)]
  0x000001bf5f7285e0 JavaThread "Thread-3" daemon [_thread_in_native, id=13668, stack(0x00000007b7200000,0x00000007b7300000)]
  0x000001bf5f729510 JavaThread "Thread-4" daemon [_thread_in_native, id=13988, stack(0x00000007b7300000,0x00000007b7400000)]
  0x000001bf5f72a440 JavaThread "Thread-5" daemon [_thread_in_native, id=9312, stack(0x00000007b7400000,0x00000007b7500000)]
  0x000001bf5f729a20 JavaThread "Thread-6" daemon [_thread_in_native, id=5404, stack(0x00000007b7500000,0x00000007b7600000)]
  0x000001bf6098a670 JavaThread "Thread-7" daemon [_thread_in_native, id=10828, stack(0x00000007b7600000,0x00000007b7700000)]
  0x000001bf60988810 JavaThread "Thread-8" daemon [_thread_in_native, id=8756, stack(0x00000007b7700000,0x00000007b7800000)]
  0x000001bf6098b090 JavaThread "Thread-9" daemon [_thread_in_native, id=8932, stack(0x00000007b7800000,0x00000007b7900000)]
  0x000001bf60989740 JavaThread "Thread-10" daemon [_thread_in_native, id=2368, stack(0x00000007b7900000,0x00000007b7a00000)]
  0x000001bf6098ab80 JavaThread "Worker-3: Check JDK Index" [_thread_blocked, id=13644, stack(0x00000007b7a00000,0x00000007b7b00000)]
  0x000001bf60988300 JavaThread "pool-2-thread-1" [_thread_blocked, id=9516, stack(0x00000007b7b00000,0x00000007b7c00000)]
  0x000001bf60989c50 JavaThread "Worker-4" [_thread_blocked, id=9816, stack(0x00000007b7c00000,0x00000007b7d00000)]
  0x000001bf60989230 JavaThread "Worker-5" [_thread_blocked, id=10604, stack(0x00000007b7d00000,0x00000007b7e00000)]
  0x000001bf6098a160 JavaThread "WorkspaceEventsHandler" [_thread_blocked, id=9320, stack(0x00000007b7e00000,0x00000007b7f00000)]
  0x000001bf6098b5a0 JavaThread "pool-1-thread-1" [_thread_blocked, id=6872, stack(0x00000007b7f00000,0x00000007b8000000)]
  0x000001bf6098bab0 JavaThread "LocalFile Deleter" daemon [_thread_blocked, id=8112, stack(0x00000007b6700000,0x00000007b6800000)]
  0x000001bf6098de20 JavaThread "LocalFile Deleter" daemon [_thread_blocked, id=9332, stack(0x00000007b8000000,0x00000007b8100000)]
  0x000001bf6098c9e0 JavaThread "LocalFile Deleter" daemon [_thread_blocked, id=328, stack(0x00000007b8100000,0x00000007b8200000)]
  0x000001bf6098cef0 JavaThread "LocalFile Deleter" daemon [_thread_blocked, id=4916, stack(0x00000007b8200000,0x00000007b8300000)]
  0x000001bf6098e330 JavaThread "LocalFile Deleter" daemon [_thread_blocked, id=14324, stack(0x00000007b8300000,0x00000007b8400000)]
  0x000001bf6098c4d0 JavaThread "LocalFile Deleter" daemon [_thread_blocked, id=1476, stack(0x00000007b8400000,0x00000007b8500000)]
  0x000001bf6098ed50 JavaThread "LocalFile Deleter" daemon [_thread_blocked, id=5596, stack(0x00000007b8500000,0x00000007b8600000)]
  0x000001bf6098d400 JavaThread "Compiler Source File Reader" daemon [_thread_blocked, id=1332, stack(0x00000007b8600000,0x00000007b8700000)]
  0x000001bf6098e840 JavaThread "Compiler Source File Reader" daemon [_thread_blocked, id=9992, stack(0x00000007b8700000,0x00000007b8800000)]
  0x000001bf6098f260 JavaThread "Compiler Source File Reader" daemon [_thread_blocked, id=9612, stack(0x00000007b8800000,0x00000007b8900000)]
  0x000001bf6098f770 JavaThread "Compiler Source File Reader" daemon [_thread_blocked, id=5916, stack(0x00000007b8900000,0x00000007b8a00000)]
  0x000001bf6098bfc0 JavaThread "Compiler Source File Reader" daemon [_thread_blocked, id=13340, stack(0x00000007b8a00000,0x00000007b8b00000)]
  0x000001bf6098d910 JavaThread "Compiler Source File Reader" daemon [_thread_blocked, id=13316, stack(0x00000007b8b00000,0x00000007b8c00000)]
  0x000001bf5f72b880 JavaThread "Compiler Processing Task" daemon [_thread_blocked, id=7688, stack(0x00000007b8c00000,0x00000007b8d00000)]
  0x000001bf61009fc0 JavaThread "Compiler Class File Writer" daemon [_thread_blocked, id=4572, stack(0x00000007b8d00000,0x00000007b8e00000)]
  0x000001bf61009090 JavaThread "Compiler Class File Writer" daemon [_thread_blocked, id=4372, stack(0x00000007b8e00000,0x00000007b8f00000)]
  0x000001bf61007230 JavaThread "Compiler Class File Writer" daemon [_thread_blocked, id=10692, stack(0x00000007b8f00000,0x00000007b9000000)]
  0x000001bf6100a4d0 JavaThread "Compiler Class File Writer" daemon [_thread_blocked, id=5692, stack(0x00000007b9000000,0x00000007b9100000)]
  0x000001bf61008b80 JavaThread "Compiler Class File Writer" daemon [_thread_blocked, id=11120, stack(0x00000007b9100000,0x00000007b9200000)]
  0x000001bf610095a0 JavaThread "Compiler Class File Writer" daemon [_thread_blocked, id=10348, stack(0x00000007b9200000,0x00000007b9300000)]
  0x000001bf61007740 JavaThread "ForkJoinPool.commonPool-worker-1" daemon [_thread_blocked, id=13452, stack(0x00000007b9400000,0x00000007b9500000)]
  0x000001bf61007c50 JavaThread "ForkJoinPool.commonPool-worker-2" daemon [_thread_blocked, id=7492, stack(0x00000007b9500000,0x00000007b9600000)]
  0x000001bf61008670 JavaThread "ForkJoinPool.commonPool-worker-3" daemon [_thread_blocked, id=9740, stack(0x00000007b9600000,0x00000007b9700000)]
  0x000001bf6724a5e0 JavaThread "ForkJoinPool.commonPool-worker-4" daemon [_thread_blocked, id=8956, stack(0x00000007b9700000,0x00000007b9800000)]

Other Threads:
  0x000001bf583220c0 VMThread "VM Thread" [stack: 0x00000007b4c00000,0x00000007b4d00000] [id=2492]
  0x000001bf5d72ecf0 WatcherThread [stack: 0x00000007b5800000,0x00000007b5900000] [id=9476]
  0x000001bf444c72d0 GCTaskThread "GC Thread#0" [stack: 0x00000007b4b00000,0x00000007b4c00000] [id=5696]
  0x000001bf5ecdf010 GCTaskThread "GC Thread#1" [stack: 0x00000007b5900000,0x00000007b5a00000] [id=11288]
  0x000001bf5ec5b290 GCTaskThread "GC Thread#2" [stack: 0x00000007b5a00000,0x00000007b5b00000] [id=10548]
  0x000001bf5ec5c560 GCTaskThread "GC Thread#3" [stack: 0x00000007b5b00000,0x00000007b5c00000] [id=9140]
  0x000001bf5ec5c820 GCTaskThread "GC Thread#4" [stack: 0x00000007b5c00000,0x00000007b5d00000] [id=13528]
  0x000001bf5e9958f0 GCTaskThread "GC Thread#5" [stack: 0x00000007b5d00000,0x00000007b5e00000] [id=4120]
  0x000001bf5e995bb0 GCTaskThread "GC Thread#6" [stack: 0x00000007b5e00000,0x00000007b5f00000] [id=11876]
  0x000001bf5eba39d0 GCTaskThread "GC Thread#7" [stack: 0x00000007b6500000,0x00000007b6600000] [id=1960]

Threads with active compile tasks:
C2 CompilerThread0    45405 11115   !   4       org.eclipse.jdt.internal.core.search.indexing.BinaryIndexer::indexDocument (1157 bytes)

VM state: at safepoint (normal execution)

VM Mutex/Monitor currently owned by a thread:  ([mutex/lock_event])
[0x000001bf444ab920] Threads_lock - owner thread: 0x000001bf583220c0
[0x000001bf444ad300] Heap_lock - owner thread: 0x000001bf5f72ae60

Heap address: 0x00000000c0000000, size: 1024 MB, Compressed Oops mode: 32-bit

CDS archive(s) not mapped
Compressed class space mapped at: 0x0000000100000000-0x0000000140000000, reserved size: 1073741824
Narrow klass base: 0x0000000000000000, Narrow klass shift: 3, Narrow klass range: 0x140000000

GC Precious Log:
 CPUs: 8 total, 8 available
 Memory: 7997M
 Large Page Support: Disabled
 NUMA Support: Disabled
 Compressed Oops: Enabled (32-bit)
 Alignments: Space 512K, Generation 512K, Heap 2M
 Heap Min Capacity: 100M
 Heap Initial Capacity: 100M
 Heap Max Capacity: 1G
 Pre-touch: Disabled
 Parallel Workers: 8

Heap:
 PSYoungGen      total 13312K, used 9014K [0x00000000eab00000, 0x00000000ebc00000, 0x0000000100000000)
  eden space 8192K, 100% used [0x00000000eab00000,0x00000000eb300000,0x00000000eb300000)
  from space 5120K, 16% used [0x00000000eb300000,0x00000000eb3cdb60,0x00000000eb800000)
  to   space 4096K, 0% used [0x00000000eb800000,0x00000000eb800000,0x00000000ebc00000)
 ParOldGen       total 230400K, used 230311K [0x00000000c0000000, 0x00000000ce100000, 0x00000000eab00000)
  object space 230400K, 99% used [0x00000000c0000000,0x00000000ce0e9fe0,0x00000000ce100000)
 Metaspace       used 68674K, committed 70016K, reserved 1114112K
  class space    used 7258K, committed 7872K, reserved 1048576K

Card table byte_map: [0x000001bf43e40000,0x000001bf44050000] _byte_map_base: 0x000001bf43840000

Marking Bits: (ParMarkBitMap*) 0x00007fff5cdb6940
 Begin Bits: [0x000001bf56140000, 0x000001bf57140000)
 End Bits:   [0x000001bf57140000, 0x000001bf58140000)

Polling page: 0x000001bf423a0000

Metaspace:

Usage:
  Non-class:     59.98 MB used.
      Class:      7.09 MB used.
       Both:     67.07 MB used.

Virtual space:
  Non-class space:       64.00 MB reserved,      60.69 MB ( 95%) committed,  1 nodes.
      Class space:        1.00 GB reserved,       7.69 MB ( <1%) committed,  1 nodes.
             Both:        1.06 GB reserved,      68.38 MB (  6%) committed. 

Chunk freelists:
   Non-Class:  2.70 MB
       Class:  8.27 MB
        Both:  10.98 MB

MaxMetaspaceSize: unlimited
CompressedClassSpaceSize: 1.00 GB
Initial GC threshold: 21.00 MB
Current GC threshold: 114.00 MB
CDS: off
MetaspaceReclaimPolicy: balanced
 - commit_granule_bytes: 65536.
 - commit_granule_words: 8192.
 - virtual_space_node_default_size: 8388608.
 - enlarge_chunks_in_place: 1.
 - new_chunks_are_fully_committed: 0.
 - uncommit_free_chunks: 1.
 - use_allocation_guard: 0.
 - handle_deallocations: 1.


Internal statistics:

num_allocs_failed_limit: 9.
num_arena_births: 938.
num_arena_deaths: 14.
num_vsnodes_births: 2.
num_vsnodes_deaths: 0.
num_space_committed: 1094.
num_space_uncommitted: 0.
num_chunks_returned_to_freelist: 23.
num_chunks_taken_from_freelist: 3963.
num_chunk_merges: 14.
num_chunk_splits: 2341.
num_chunks_enlarged: 1193.
num_inconsistent_stats: 0.

CodeHeap 'non-profiled nmethods': size=120000Kb used=6834Kb max_used=6834Kb free=113165Kb
 bounds [0x000001bf4ec10000, 0x000001bf4f2c0000, 0x000001bf56140000]
CodeHeap 'profiled nmethods': size=120000Kb used=19139Kb max_used=19159Kb free=100860Kb
 bounds [0x000001bf47140000, 0x000001bf48400000, 0x000001bf4e670000]
CodeHeap 'non-nmethods': size=5760Kb used=1376Kb max_used=1441Kb free=4383Kb
 bounds [0x000001bf4e670000, 0x000001bf4e8e0000, 0x000001bf4ec10000]
 total_blobs=10167 nmethods=9457 adapters=623
 compilation: enabled
              stopped_count=0, restarted_count=0
 full_count=0

Compilation events (20 events):
Event: 38.372 Thread 0x000001bf5d3ad8f0 nmethod 11107 0x000001bf4eff7b90 code [0x000001bf4eff7d40, 0x000001bf4eff8518]
Event: 38.372 Thread 0x000001bf5d3ad8f0 11108       4       java.net.URI::toString (60 bytes)
Event: 38.373 Thread 0x000001bf669f0370 11110       4       java.net.URI::appendFragment (27 bytes)
Event: 38.373 Thread 0x000001bf669ee8e0 11111       4       java.net.URI::checkPath (38 bytes)
Event: 38.374 Thread 0x000001bf669f0370 nmethod 11110 0x000001bf4eff7890 code [0x000001bf4eff7a00, 0x000001bf4eff7a98]
Event: 38.374 Thread 0x000001bf669f0370 11112       4       java.net.URI::<init> (13 bytes)
Event: 38.376 Thread 0x000001bf669ee8e0 nmethod 11111 0x000001bf4eff7490 code [0x000001bf4eff7620, 0x000001bf4eff7728]
Event: 38.376 Thread 0x000001bf669ee8e0 11113       4       java.net.URI::<init> (51 bytes)
Event: 38.441 Thread 0x000001bf5d3ad8f0 nmethod 11108 0x000001bf4f2b2f10 code [0x000001bf4f2b3120, 0x000001bf4f2b4a98]
Event: 38.441 Thread 0x000001bf5d3ad8f0 11109       4       java.net.URI::appendAuthority (269 bytes)
Event: 38.442 Thread 0x000001bf5d3ad8f0 nmethod 11109 0x000001bf4eff7190 code [0x000001bf4eff7300, 0x000001bf4eff73b8]
Event: 38.442 Thread 0x000001bf5d3ad8f0 11114       4       java.io.ByteArrayInputStream::<init> (26 bytes)
Event: 38.444 Thread 0x000001bf5d3ad8f0 nmethod 11114 0x000001bf4eff6e90 code [0x000001bf4eff7000, 0x000001bf4eff70b8]
Event: 38.454 Thread 0x000001bf669f0370 nmethod 11112 0x000001bf4f2b5b10 code [0x000001bf4f2b5d40, 0x000001bf4f2b78b0]
Event: 38.456 Thread 0x000001bf669ee8e0 nmethod 11113 0x000001bf4f2b8c90 code [0x000001bf4f2b8ec0, 0x000001bf4f2baa10]
Event: 38.618 Thread 0x000001bf5d3ad8f0 11115   !   4       org.eclipse.jdt.internal.core.search.indexing.BinaryIndexer::indexDocument (1157 bytes)
Event: 38.622 Thread 0x000001bf669f0370 11116   !   4       org.eclipse.jdt.internal.core.search.indexing.BinaryIndexer::toUri (51 bytes)
Event: 38.679 Thread 0x000001bf669f0370 nmethod 11116 0x000001bf4f2bbd90 code [0x000001bf4f2bbf80, 0x000001bf4f2bc8c8]
Event: 45.221 Thread 0x000001bf5d3d0530 11117  s    3       org.eclipse.jdt.internal.core.search.processing.JobManager::isEnabled (11 bytes)
Event: 45.222 Thread 0x000001bf5d3d0530 nmethod 11117 0x000001bf481b8e10 code [0x000001bf481b8fc0, 0x000001bf481b9218]

GC Heap History (20 events):
Event: 38.382 GC heap before
{Heap before GC invocations=193 (full 10):
 PSYoungGen      total 11776K, used 11746K [0x00000000eab00000, 0x00000000ebd80000, 0x0000000100000000)
  eden space 7168K, 100% used [0x00000000eab00000,0x00000000eb200000,0x00000000eb200000)
  from space 4608K, 99% used [0x00000000eb700000,0x00000000ebb788c8,0x00000000ebb80000)
  to   space 5120K, 0% used [0x00000000eb200000,0x00000000eb200000,0x00000000eb700000)
 ParOldGen       total 229888K, used 217880K [0x00000000c0000000, 0x00000000ce080000, 0x00000000eab00000)
  object space 229888K, 94% used [0x00000000c0000000,0x00000000cd4c61d0,0x00000000ce080000)
 Metaspace       used 68674K, committed 70016K, reserved 1114112K
  class space    used 7258K, committed 7872K, reserved 1048576K
}
Event: 38.389 GC heap after
{Heap after GC invocations=193 (full 10):
 PSYoungGen      total 12288K, used 3766K [0x00000000eab00000, 0x00000000ebc00000, 0x0000000100000000)
  eden space 7168K, 0% used [0x00000000eab00000,0x00000000eab00000,0x00000000eb200000)
  from space 5120K, 73% used [0x00000000eb200000,0x00000000eb5ada18,0x00000000eb700000)
  to   space 4608K, 0% used [0x00000000eb780000,0x00000000eb780000,0x00000000ebc00000)
 ParOldGen       total 229888K, used 220061K [0x00000000c0000000, 0x00000000ce080000, 0x00000000eab00000)
  object space 229888K, 95% used [0x00000000c0000000,0x00000000cd6e7768,0x00000000ce080000)
 Metaspace       used 68674K, committed 70016K, reserved 1114112K
  class space    used 7258K, committed 7872K, reserved 1048576K
}
Event: 38.430 GC heap before
{Heap before GC invocations=194 (full 10):
 PSYoungGen      total 12288K, used 10871K [0x00000000eab00000, 0x00000000ebc00000, 0x0000000100000000)
  eden space 7168K, 99% used [0x00000000eab00000,0x00000000eb1f0490,0x00000000eb200000)
  from space 5120K, 73% used [0x00000000eb200000,0x00000000eb5ada18,0x00000000eb700000)
  to   space 4608K, 0% used [0x00000000eb780000,0x00000000eb780000,0x00000000ebc00000)
 ParOldGen       total 229888K, used 220061K [0x00000000c0000000, 0x00000000ce080000, 0x00000000eab00000)
  object space 229888K, 95% used [0x00000000c0000000,0x00000000cd6e7768,0x00000000ce080000)
 Metaspace       used 68674K, committed 70016K, reserved 1114112K
  class space    used 7258K, committed 7872K, reserved 1048576K
}
Event: 38.437 GC heap after
{Heap after GC invocations=194 (full 10):
 PSYoungGen      total 12288K, used 4604K [0x00000000eab00000, 0x00000000ebd00000, 0x0000000100000000)
  eden space 7680K, 0% used [0x00000000eab00000,0x00000000eab00000,0x00000000eb280000)
  from space 4608K, 99% used [0x00000000eb780000,0x00000000ebbff2f0,0x00000000ebc00000)
  to   space 5120K, 0% used [0x00000000eb280000,0x00000000eb280000,0x00000000eb780000)
 ParOldGen       total 229888K, used 220236K [0x00000000c0000000, 0x00000000ce080000, 0x00000000eab00000)
  object space 229888K, 95% used [0x00000000c0000000,0x00000000cd7132c0,0x00000000ce080000)
 Metaspace       used 68674K, committed 70016K, reserved 1114112K
  class space    used 7258K, committed 7872K, reserved 1048576K
}
Event: 38.476 GC heap before
{Heap before GC invocations=195 (full 10):
 PSYoungGen      total 12288K, used 12272K [0x00000000eab00000, 0x00000000ebd00000, 0x0000000100000000)
  eden space 7680K, 99% used [0x00000000eab00000,0x00000000eb27d0b0,0x00000000eb280000)
  from space 4608K, 99% used [0x00000000eb780000,0x00000000ebbff2f0,0x00000000ebc00000)
  to   space 5120K, 0% used [0x00000000eb280000,0x00000000eb280000,0x00000000eb780000)
 ParOldGen       total 229888K, used 220236K [0x00000000c0000000, 0x00000000ce080000, 0x00000000eab00000)
  object space 229888K, 95% used [0x00000000c0000000,0x00000000cd7132c0,0x00000000ce080000)
 Metaspace       used 68674K, committed 70016K, reserved 1114112K
  class space    used 7258K, committed 7872K, reserved 1048576K
}
Event: 38.479 GC heap after
{Heap after GC invocations=195 (full 10):
 PSYoungGen      total 12800K, used 3683K [0x00000000eab00000, 0x00000000ebb80000, 0x0000000100000000)
  eden space 7680K, 0% used [0x00000000eab00000,0x00000000eab00000,0x00000000eb280000)
  from space 5120K, 71% used [0x00000000eb280000,0x00000000eb618f80,0x00000000eb780000)
  to   space 4096K, 0% used [0x00000000eb780000,0x00000000eb780000,0x00000000ebb80000)
 ParOldGen       total 229888K, used 222506K [0x00000000c0000000, 0x00000000ce080000, 0x00000000eab00000)
  object space 229888K, 96% used [0x00000000c0000000,0x00000000cd94a8c8,0x00000000ce080000)
 Metaspace       used 68674K, committed 70016K, reserved 1114112K
  class space    used 7258K, committed 7872K, reserved 1048576K
}
Event: 38.520 GC heap before
{Heap before GC invocations=196 (full 10):
 PSYoungGen      total 12800K, used 11363K [0x00000000eab00000, 0x00000000ebb80000, 0x0000000100000000)
  eden space 7680K, 100% used [0x00000000eab00000,0x00000000eb280000,0x00000000eb280000)
  from space 5120K, 71% used [0x00000000eb280000,0x00000000eb618f80,0x00000000eb780000)
  to   space 4096K, 0% used [0x00000000eb780000,0x00000000eb780000,0x00000000ebb80000)
 ParOldGen       total 229888K, used 222506K [0x00000000c0000000, 0x00000000ce080000, 0x00000000eab00000)
  object space 229888K, 96% used [0x00000000c0000000,0x00000000cd94a8c8,0x00000000ce080000)
 Metaspace       used 68674K, committed 70016K, reserved 1114112K
  class space    used 7258K, committed 7872K, reserved 1048576K
}
Event: 38.524 GC heap after
{Heap after GC invocations=196 (full 10):
 PSYoungGen      total 11776K, used 4071K [0x00000000eab00000, 0x00000000ebd80000, 0x0000000100000000)
  eden space 7680K, 0% used [0x00000000eab00000,0x00000000eab00000,0x00000000eb280000)
  from space 4096K, 99% used [0x00000000eb780000,0x00000000ebb79c20,0x00000000ebb80000)
  to   space 5120K, 0% used [0x00000000eb280000,0x00000000eb280000,0x00000000eb780000)
 ParOldGen       total 229888K, used 223193K [0x00000000c0000000, 0x00000000ce080000, 0x00000000eab00000)
  object space 229888K, 97% used [0x00000000c0000000,0x00000000cd9f66a8,0x00000000ce080000)
 Metaspace       used 68674K, committed 70016K, reserved 1114112K
  class space    used 7258K, committed 7872K, reserved 1048576K
}
Event: 38.591 GC heap before
{Heap before GC invocations=197 (full 10):
 PSYoungGen      total 11776K, used 11751K [0x00000000eab00000, 0x00000000ebd80000, 0x0000000100000000)
  eden space 7680K, 100% used [0x00000000eab00000,0x00000000eb280000,0x00000000eb280000)
  from space 4096K, 99% used [0x00000000eb780000,0x00000000ebb79c20,0x00000000ebb80000)
  to   space 5120K, 0% used [0x00000000eb280000,0x00000000eb280000,0x00000000eb780000)
 ParOldGen       total 229888K, used 223193K [0x00000000c0000000, 0x00000000ce080000, 0x00000000eab00000)
  object space 229888K, 97% used [0x00000000c0000000,0x00000000cd9f66a8,0x00000000ce080000)
 Metaspace       used 68674K, committed 70016K, reserved 1114112K
  class space    used 7258K, committed 7872K, reserved 1048576K
}
Event: 38.594 GC heap after
{Heap after GC invocations=197 (full 10):
 PSYoungGen      total 12800K, used 3469K [0x00000000eab00000, 0x00000000ebb80000, 0x0000000100000000)
  eden space 7680K, 0% used [0x00000000eab00000,0x00000000eab00000,0x00000000eb280000)
  from space 5120K, 67% used [0x00000000eb280000,0x00000000eb5e3508,0x00000000eb780000)
  to   space 4096K, 0% used [0x00000000eb780000,0x00000000eb780000,0x00000000ebb80000)
 ParOldGen       total 229888K, used 225178K [0x00000000c0000000, 0x00000000ce080000, 0x00000000eab00000)
  object space 229888K, 97% used [0x00000000c0000000,0x00000000cdbe69d0,0x00000000ce080000)
 Metaspace       used 68674K, committed 70016K, reserved 1114112K
  class space    used 7258K, committed 7872K, reserved 1048576K
}
Event: 38.627 GC heap before
{Heap before GC invocations=198 (full 10):
 PSYoungGen      total 12800K, used 11149K [0x00000000eab00000, 0x00000000ebb80000, 0x0000000100000000)
  eden space 7680K, 100% used [0x00000000eab00000,0x00000000eb280000,0x00000000eb280000)
  from space 5120K, 67% used [0x00000000eb280000,0x00000000eb5e3508,0x00000000eb780000)
  to   space 4096K, 0% used [0x00000000eb780000,0x00000000eb780000,0x00000000ebb80000)
 ParOldGen       total 229888K, used 225178K [0x00000000c0000000, 0x00000000ce080000, 0x00000000eab00000)
  object space 229888K, 97% used [0x00000000c0000000,0x00000000cdbe69d0,0x00000000ce080000)
 Metaspace       used 68674K, committed 70016K, reserved 1114112K
  class space    used 7258K, committed 7872K, reserved 1048576K
}
Event: 38.634 GC heap after
{Heap after GC invocations=198 (full 10):
 PSYoungGen      total 11776K, used 4089K [0x00000000eab00000, 0x00000000ebd80000, 0x0000000100000000)
  eden space 7680K, 0% used [0x00000000eab00000,0x00000000eab00000,0x00000000eb280000)
  from space 4096K, 99% used [0x00000000eb780000,0x00000000ebb7e530,0x00000000ebb80000)
  to   space 5120K, 0% used [0x00000000eb280000,0x00000000eb280000,0x00000000eb780000)
 ParOldGen       total 229888K, used 225956K [0x00000000c0000000, 0x00000000ce080000, 0x00000000eab00000)
  object space 229888K, 98% used [0x00000000c0000000,0x00000000cdca9258,0x00000000ce080000)
 Metaspace       used 68674K, committed 70016K, reserved 1114112K
  class space    used 7258K, committed 7872K, reserved 1048576K
}
Event: 38.666 GC heap before
{Heap before GC invocations=199 (full 10):
 PSYoungGen      total 11776K, used 11769K [0x00000000eab00000, 0x00000000ebd80000, 0x0000000100000000)
  eden space 7680K, 100% used [0x00000000eab00000,0x00000000eb280000,0x00000000eb280000)
  from space 4096K, 99% used [0x00000000eb780000,0x00000000ebb7e530,0x00000000ebb80000)
  to   space 5120K, 0% used [0x00000000eb280000,0x00000000eb280000,0x00000000eb780000)
 ParOldGen       total 229888K, used 225956K [0x00000000c0000000, 0x00000000ce080000, 0x00000000eab00000)
  object space 229888K, 98% used [0x00000000c0000000,0x00000000cdca9258,0x00000000ce080000)
 Metaspace       used 68674K, committed 70016K, reserved 1114112K
  class space    used 7258K, committed 7872K, reserved 1048576K
}
Event: 38.669 GC heap after
{Heap after GC invocations=199 (full 10):
 PSYoungGen      total 12800K, used 3702K [0x00000000eab00000, 0x00000000ebc80000, 0x0000000100000000)
  eden space 7680K, 0% used [0x00000000eab00000,0x00000000eab00000,0x00000000eb280000)
  from space 5120K, 72% used [0x00000000eb280000,0x00000000eb61dab0,0x00000000eb780000)
  to   space 4608K, 0% used [0x00000000eb800000,0x00000000eb800000,0x00000000ebc80000)
 ParOldGen       total 229888K, used 227660K [0x00000000c0000000, 0x00000000ce080000, 0x00000000eab00000)
  object space 229888K, 99% used [0x00000000c0000000,0x00000000cde53260,0x00000000ce080000)
 Metaspace       used 68674K, committed 70016K, reserved 1114112K
  class space    used 7258K, committed 7872K, reserved 1048576K
}
Event: 38.699 GC heap before
{Heap before GC invocations=200 (full 10):
 PSYoungGen      total 12800K, used 11382K [0x00000000eab00000, 0x00000000ebc80000, 0x0000000100000000)
  eden space 7680K, 100% used [0x00000000eab00000,0x00000000eb280000,0x00000000eb280000)
  from space 5120K, 72% used [0x00000000eb280000,0x00000000eb61dab0,0x00000000eb780000)
  to   space 4608K, 0% used [0x00000000eb800000,0x00000000eb800000,0x00000000ebc80000)
 ParOldGen       total 229888K, used 227660K [0x00000000c0000000, 0x00000000ce080000, 0x00000000eab00000)
  object space 229888K, 99% used [0x00000000c0000000,0x00000000cde53260,0x00000000ce080000)
 Metaspace       used 68674K, committed 70016K, reserved 1114112K
  class space    used 7258K, committed 7872K, reserved 1048576K
}
Event: 38.703 GC heap after
{Heap after GC invocations=200 (full 10):
 PSYoungGen      total 12800K, used 4594K [0x00000000eab00000, 0x00000000ebd80000, 0x0000000100000000)
  eden space 8192K, 0% used [0x00000000eab00000,0x00000000eab00000,0x00000000eb300000)
  from space 4608K, 99% used [0x00000000eb800000,0x00000000ebc7c9a0,0x00000000ebc80000)
  to   space 5120K, 0% used [0x00000000eb300000,0x00000000eb300000,0x00000000eb800000)
 ParOldGen       total 229888K, used 227959K [0x00000000c0000000, 0x00000000ce080000, 0x00000000eab00000)
  object space 229888K, 99% used [0x00000000c0000000,0x00000000cde9dca8,0x00000000ce080000)
 Metaspace       used 68674K, committed 70016K, reserved 1114112K
  class space    used 7258K, committed 7872K, reserved 1048576K
}
Event: 38.741 GC heap before
{Heap before GC invocations=201 (full 10):
 PSYoungGen      total 12800K, used 12786K [0x00000000eab00000, 0x00000000ebd80000, 0x0000000100000000)
  eden space 8192K, 100% used [0x00000000eab00000,0x00000000eb300000,0x00000000eb300000)
  from space 4608K, 99% used [0x00000000eb800000,0x00000000ebc7c9a0,0x00000000ebc80000)
  to   space 5120K, 0% used [0x00000000eb300000,0x00000000eb300000,0x00000000eb800000)
 ParOldGen       total 229888K, used 227959K [0x00000000c0000000, 0x00000000ce080000, 0x00000000eab00000)
  object space 229888K, 99% used [0x00000000c0000000,0x00000000cde9dca8,0x00000000ce080000)
 Metaspace       used 68674K, committed 70016K, reserved 1114112K
  class space    used 7258K, committed 7872K, reserved 1048576K
}
Event: 38.750 GC heap after
{Heap after GC invocations=201 (full 10):
 PSYoungGen      total 13312K, used 3520K [0x00000000eab00000, 0x00000000ebc00000, 0x0000000100000000)
  eden space 8192K, 0% used [0x00000000eab00000,0x00000000eab00000,0x00000000eb300000)
  from space 5120K, 68% used [0x00000000eb300000,0x00000000eb670260,0x00000000eb800000)
  to   space 4096K, 0% used [0x00000000eb800000,0x00000000eb800000,0x00000000ebc00000)
 ParOldGen       total 230400K, used 230277K [0x00000000c0000000, 0x00000000ce100000, 0x00000000eab00000)
  object space 230400K, 99% used [0x00000000c0000000,0x00000000ce0e1758,0x00000000ce100000)
 Metaspace       used 68674K, committed 70016K, reserved 1114112K
  class space    used 7258K, committed 7872K, reserved 1048576K
}
Event: 38.788 GC heap before
{Heap before GC invocations=202 (full 11):
 PSYoungGen      total 13312K, used 11707K [0x00000000eab00000, 0x00000000ebc00000, 0x0000000100000000)
  eden space 8192K, 99% used [0x00000000eab00000,0x00000000eb2feb18,0x00000000eb300000)
  from space 5120K, 68% used [0x00000000eb300000,0x00000000eb670260,0x00000000eb800000)
  to   space 4096K, 0% used [0x00000000eb800000,0x00000000eb800000,0x00000000ebc00000)
 ParOldGen       total 230400K, used 230277K [0x00000000c0000000, 0x00000000ce100000, 0x00000000eab00000)
  object space 230400K, 99% used [0x00000000c0000000,0x00000000ce0e1758,0x00000000ce100000)
 Metaspace       used 68674K, committed 70016K, reserved 1114112K
  class space    used 7258K, committed 7872K, reserved 1048576K
}
Event: 43.263 GC heap after
{Heap after GC invocations=202 (full 11):
 PSYoungGen      total 13312K, used 822K [0x00000000eab00000, 0x00000000ebc00000, 0x0000000100000000)
  eden space 8192K, 0% used [0x00000000eab00000,0x00000000eab00000,0x00000000eb300000)
  from space 5120K, 16% used [0x00000000eb300000,0x00000000eb3cdb60,0x00000000eb800000)
  to   space 4096K, 0% used [0x00000000eb800000,0x00000000eb800000,0x00000000ebc00000)
 ParOldGen       total 230400K, used 230311K [0x00000000c0000000, 0x00000000ce100000, 0x00000000eab00000)
  object space 230400K, 99% used [0x00000000c0000000,0x00000000ce0e9fe0,0x00000000ce100000)
 Metaspace       used 68674K, committed 70016K, reserved 1114112K
  class space    used 7258K, committed 7872K, reserved 1048576K
}

Dll operation events (10 events):
Event: 0.024 Loaded shared library c:\Users\bappa\.vscode\extensions\redhat.java-1.38.0-win32-x64\jre\17.0.13-win32-x86_64\bin\java.dll
Event: 0.445 Loaded shared library c:\Users\bappa\.vscode\extensions\redhat.java-1.38.0-win32-x64\jre\17.0.13-win32-x86_64\bin\zip.dll
Event: 0.454 Loaded shared library C:\Users\bappa\.vscode\extensions\redhat.java-1.38.0-win32-x64\jre\17.0.13-win32-x86_64\bin\instrument.dll
Event: 0.492 Loaded shared library C:\Users\bappa\.vscode\extensions\redhat.java-1.38.0-win32-x64\jre\17.0.13-win32-x86_64\bin\net.dll
Event: 0.498 Loaded shared library C:\Users\bappa\.vscode\extensions\redhat.java-1.38.0-win32-x64\jre\17.0.13-win32-x86_64\bin\nio.dll
Event: 0.522 Loaded shared library C:\Users\bappa\.vscode\extensions\redhat.java-1.38.0-win32-x64\jre\17.0.13-win32-x86_64\bin\zip.dll
Event: 0.564 Loaded shared library C:\Users\bappa\.vscode\extensions\redhat.java-1.38.0-win32-x64\jre\17.0.13-win32-x86_64\bin\jimage.dll
Event: 0.735 Loaded shared library c:\Users\bappa\.vscode\extensions\redhat.java-1.38.0-win32-x64\jre\17.0.13-win32-x86_64\bin\verify.dll
Event: 3.028 Loaded shared library C:\Users\bappa\AppData\Roaming\Code\User\globalStorage\redhat.java\1.38.0\config_win\org.eclipse.equinox.launcher\org.eclipse.equinox.launcher.win32.win32.x86_64_1.2.1100.v20240722-2106\eclipse_11904.dll
Event: 6.127 Loaded shared library C:\Users\bappa\AppData\Local\Temp\jna-93505986\jna560291814449772637.dll

Deoptimization events (20 events):
Event: 34.219 Thread 0x000001bf5f72ae60 Uncommon trap: trap_request=0xffffff45 fr.pc=0x000001bf4ef99068 relative=0x0000000000000d88
Event: 34.219 Thread 0x000001bf5f72ae60 Uncommon trap: reason=unstable_if action=reinterpret pc=0x000001bf4ef99068 method=org.eclipse.jdt.internal.compiler.classfmt.FieldInfo.createField([B[IIJ)Lorg/eclipse/jdt/internal/compiler/classfmt/FieldInfo; @ 167 c2
Event: 34.219 Thread 0x000001bf5f72ae60 DEOPT PACKING pc=0x000001bf4ef99068 sp=0x00000007b6efe960
Event: 34.219 Thread 0x000001bf5f72ae60 DEOPT UNPACKING pc=0x000001bf4e6c9ea3 sp=0x00000007b6efe8c8 mode 2
Event: 34.709 Thread 0x000001bf5f72ae60 Uncommon trap: trap_request=0xffffff45 fr.pc=0x000001bf4f2855a4 relative=0x00000000000011e4
Event: 34.709 Thread 0x000001bf5f72ae60 Uncommon trap: reason=unstable_if action=reinterpret pc=0x000001bf4f2855a4 method=org.eclipse.jdt.internal.compiler.classfmt.AnnotationInfo.scanAnnotation(IZZ)I @ 282 c2
Event: 34.709 Thread 0x000001bf5f72ae60 DEOPT PACKING pc=0x000001bf4f2855a4 sp=0x00000007b6efe820
Event: 34.709 Thread 0x000001bf5f72ae60 DEOPT UNPACKING pc=0x000001bf4e6c9ea3 sp=0x00000007b6efe7a8 mode 2
Event: 36.885 Thread 0x000001bf5f72ae60 Uncommon trap: trap_request=0xffffff45 fr.pc=0x000001bf4ef7a880 relative=0x00000000000067a0
Event: 36.886 Thread 0x000001bf5f72ae60 Uncommon trap: reason=unstable_if action=reinterpret pc=0x000001bf4ef7a880 method=org.eclipse.jdt.internal.compiler.util.Util.isClassFileName(Ljava/lang/String;)Z @ 20 c2
Event: 36.886 Thread 0x000001bf5f72ae60 DEOPT PACKING pc=0x000001bf4ef7a880 sp=0x00000007b6efebd0
Event: 36.886 Thread 0x000001bf5f72ae60 DEOPT UNPACKING pc=0x000001bf4e6c9ea3 sp=0x00000007b6efe9d8 mode 2
Event: 37.080 Thread 0x000001bf5f72ae60 Uncommon trap: trap_request=0xffffff45 fr.pc=0x000001bf4ef63370 relative=0x0000000000000070
Event: 37.080 Thread 0x000001bf5f72ae60 Uncommon trap: reason=unstable_if action=reinterpret pc=0x000001bf4ef63370 method=org.eclipse.jdt.internal.compiler.ast.TypeDeclaration.kind(I)I @ 5 c2
Event: 37.080 Thread 0x000001bf5f72ae60 DEOPT PACKING pc=0x000001bf4ef63370 sp=0x00000007b6efe9b0
Event: 37.080 Thread 0x000001bf5f72ae60 DEOPT UNPACKING pc=0x000001bf4e6c9ea3 sp=0x00000007b6efe938 mode 2
Event: 37.080 Thread 0x000001bf5f72ae60 Uncommon trap: trap_request=0xffffff45 fr.pc=0x000001bf4f0bdf78 relative=0x0000000000005dd8
Event: 37.080 Thread 0x000001bf5f72ae60 Uncommon trap: reason=unstable_if action=reinterpret pc=0x000001bf4f0bdf78 method=org.eclipse.jdt.internal.core.search.indexing.BinaryIndexer.indexDocument()V @ 315 c2
Event: 37.080 Thread 0x000001bf5f72ae60 DEOPT PACKING pc=0x000001bf4f0bdf78 sp=0x00000007b6efe9d0
Event: 37.080 Thread 0x000001bf5f72ae60 DEOPT UNPACKING pc=0x000001bf4e6c9ea3 sp=0x00000007b6efe930 mode 2

Classes loaded (20 events):
Event: 23.688 Loading class java/util/Hashtable$KeySet
Event: 23.689 Loading class java/util/Hashtable$KeySet done
Event: 23.826 Loading class java/util/concurrent/CompletableFuture$UniApply
Event: 23.827 Loading class java/util/concurrent/CompletableFuture$UniApply done
Event: 23.829 Loading class java/util/concurrent/ForkJoinPool$DefaultCommonPoolForkJoinWorkerThreadFactory$1
Event: 23.830 Loading class java/util/concurrent/ForkJoinPool$DefaultCommonPoolForkJoinWorkerThreadFactory$1 done
Event: 23.830 Loading class java/util/concurrent/CompletableFuture$UniExceptionally
Event: 23.831 Loading class java/util/concurrent/CompletableFuture$UniExceptionally done
Event: 23.968 Loading class java/util/HashMap$ValueSpliterator
Event: 23.968 Loading class java/util/HashMap$ValueSpliterator done
Event: 24.097 Loading class java/lang/invoke/MethodHandleImpl$CountingWrapper$1
Event: 24.098 Loading class java/lang/invoke/MethodHandleImpl$CountingWrapper$1 done
Event: 31.126 Loading class java/lang/Class$EnclosingMethodInfo
Event: 31.126 Loading class java/lang/Class$EnclosingMethodInfo done
Event: 32.853 Loading class sun/nio/cs/ISO_8859_1$Encoder
Event: 32.853 Loading class sun/nio/cs/ISO_8859_1$Encoder done
Event: 32.855 Loading class sun/nio/cs/Surrogate$Parser
Event: 32.855 Loading class sun/nio/cs/Surrogate$Parser done
Event: 32.855 Loading class sun/nio/cs/Surrogate
Event: 32.856 Loading class sun/nio/cs/Surrogate done

Classes unloaded (7 events):
Event: 8.727 Thread 0x000001bf583220c0 Unloading class 0x000000010025c000 'java/lang/invoke/LambdaForm$MH+0x000000010025c000'
Event: 8.727 Thread 0x000001bf583220c0 Unloading class 0x000000010025bc00 'java/lang/invoke/LambdaForm$MH+0x000000010025bc00'
Event: 8.727 Thread 0x000001bf583220c0 Unloading class 0x000000010025b800 'java/lang/invoke/LambdaForm$MH+0x000000010025b800'
Event: 8.727 Thread 0x000001bf583220c0 Unloading class 0x000000010025b400 'java/lang/invoke/LambdaForm$MH+0x000000010025b400'
Event: 8.727 Thread 0x000001bf583220c0 Unloading class 0x000000010025b000 'java/lang/invoke/LambdaForm$BMH+0x000000010025b000'
Event: 8.727 Thread 0x000001bf583220c0 Unloading class 0x000000010025ac00 'java/lang/invoke/LambdaForm$DMH+0x000000010025ac00'
Event: 8.727 Thread 0x000001bf583220c0 Unloading class 0x0000000100258400 'java/lang/invoke/LambdaForm$DMH+0x0000000100258400'

Classes redefined (0 events):
No events

Internal exceptions (20 events):
Event: 28.777 Thread 0x000001bf60989230 Exception <a 'sun/nio/fs/WindowsException'{0x00000000eb232d68}> (0x00000000eb232d68) 
thrown [s\src\hotspot\share\prims\jni.cpp, line 516]
Event: 28.778 Thread 0x000001bf60989230 Exception <a 'sun/nio/fs/WindowsException'{0x00000000eb233da0}> (0x00000000eb233da0) 
thrown [s\src\hotspot\share\prims\jni.cpp, line 516]
Event: 28.778 Thread 0x000001bf60989230 Exception <a 'sun/nio/fs/WindowsException'{0x00000000eb234600}> (0x00000000eb234600) 
thrown [s\src\hotspot\share\prims\jni.cpp, line 516]
Event: 28.779 Thread 0x000001bf60989230 Exception <a 'sun/nio/fs/WindowsException'{0x00000000eb2360c0}> (0x00000000eb2360c0) 
thrown [s\src\hotspot\share\prims\jni.cpp, line 516]
Event: 28.779 Thread 0x000001bf60989230 Exception <a 'sun/nio/fs/WindowsException'{0x00000000eb236920}> (0x00000000eb236920) 
thrown [s\src\hotspot\share\prims\jni.cpp, line 516]
Event: 28.788 Thread 0x000001bf60989230 Exception <a 'sun/nio/fs/WindowsException'{0x00000000eb254020}> (0x00000000eb254020) 
thrown [s\src\hotspot\share\prims\jni.cpp, line 516]
Event: 28.788 Thread 0x000001bf60989230 Exception <a 'sun/nio/fs/WindowsException'{0x00000000eb254b28}> (0x00000000eb254b28) 
thrown [s\src\hotspot\share\prims\jni.cpp, line 516]
Event: 29.487 Thread 0x000001bf60989230 Exception <a 'sun/nio/fs/WindowsException'{0x00000000eb446e30}> (0x00000000eb446e30) 
thrown [s\src\hotspot\share\prims\jni.cpp, line 516]
Event: 29.488 Thread 0x000001bf60989230 Exception <a 'sun/nio/fs/WindowsException'{0x00000000eb447690}> (0x00000000eb447690) 
thrown [s\src\hotspot\share\prims\jni.cpp, line 516]
Event: 29.488 Thread 0x000001bf60989230 Exception <a 'sun/nio/fs/WindowsException'{0x00000000eb4486c8}> (0x00000000eb4486c8) 
thrown [s\src\hotspot\share\prims\jni.cpp, line 516]
Event: 29.489 Thread 0x000001bf60989230 Exception <a 'sun/nio/fs/WindowsException'{0x00000000eb448f28}> (0x00000000eb448f28) 
thrown [s\src\hotspot\share\prims\jni.cpp, line 516]
Event: 29.491 Thread 0x000001bf60989230 Exception <a 'sun/nio/fs/WindowsException'{0x00000000eb44a9e8}> (0x00000000eb44a9e8) 
thrown [s\src\hotspot\share\prims\jni.cpp, line 516]
Event: 29.491 Thread 0x000001bf60989230 Exception <a 'sun/nio/fs/WindowsException'{0x00000000eb44b248}> (0x00000000eb44b248) 
thrown [s\src\hotspot\share\prims\jni.cpp, line 516]
Event: 29.498 Thread 0x000001bf60989230 Exception <a 'sun/nio/fs/WindowsException'{0x00000000eb468698}> (0x00000000eb468698) 
thrown [s\src\hotspot\share\prims\jni.cpp, line 516]
Event: 29.498 Thread 0x000001bf60989230 Exception <a 'sun/nio/fs/WindowsException'{0x00000000eb4691a0}> (0x00000000eb4691a0) 
thrown [s\src\hotspot\share\prims\jni.cpp, line 516]
Event: 30.522 Thread 0x000001bf60989230 Exception <a 'java/lang/NoSuchMethodError'{0x00000000eaffefa8}: 'java.lang.Object java.lang.invoke.DirectMethodHandle$Holder.invokeStatic(java.lang.Object, java.lang.Object, int, java.lang.Object)'> (0x00000000eaffefa8) 
thrown [s\src\hotspot\share\interpreter\linkResolver.cpp, line 759]
Event: 31.074 Thread 0x000001bf5f729f30 Exception <a 'sun/nio/fs/WindowsException'{0x00000000eb0f1f38}> (0x00000000eb0f1f38) 
thrown [s\src\hotspot\share\prims\jni.cpp, line 516]
Event: 31.074 Thread 0x000001bf5f729f30 Exception <a 'sun/nio/fs/WindowsException'{0x00000000eb0f2ab0}> (0x00000000eb0f2ab0) 
thrown [s\src\hotspot\share\prims\jni.cpp, line 516]
Event: 31.105 Thread 0x000001bf5f729f30 Exception <a 'java/lang/NoSuchMethodError'{0x00000000eb3f2908}: 'java.lang.Object java.lang.invoke.Invokers$Holder.linkToTargetMethod(java.lang.Object, java.lang.Object, int, int, java.lang.Object)'> (0x00000000eb3f2908) 
thrown [s\src\hotspot\share\interpreter\linkResolver.cpp, line 759]
Event: 32.690 Thread 0x000001bf5ef6a600 Implicit null exception at 0x000001bf4f24f00a to 0x000001bf4f24f4f3

VM Operations (20 events):
Event: 38.381 Executing VM operation: ParallelGCFailedAllocation
Event: 38.389 Executing VM operation: ParallelGCFailedAllocation done
Event: 38.430 Executing VM operation: ParallelGCFailedAllocation
Event: 38.437 Executing VM operation: ParallelGCFailedAllocation done
Event: 38.476 Executing VM operation: ParallelGCFailedAllocation
Event: 38.479 Executing VM operation: ParallelGCFailedAllocation done
Event: 38.520 Executing VM operation: ParallelGCFailedAllocation
Event: 38.524 Executing VM operation: ParallelGCFailedAllocation done
Event: 38.591 Executing VM operation: ParallelGCFailedAllocation
Event: 38.594 Executing VM operation: ParallelGCFailedAllocation done
Event: 38.627 Executing VM operation: ParallelGCFailedAllocation
Event: 38.634 Executing VM operation: ParallelGCFailedAllocation done
Event: 38.666 Executing VM operation: ParallelGCFailedAllocation
Event: 38.669 Executing VM operation: ParallelGCFailedAllocation done
Event: 38.699 Executing VM operation: ParallelGCFailedAllocation
Event: 38.703 Executing VM operation: ParallelGCFailedAllocation done
Event: 38.741 Executing VM operation: ParallelGCFailedAllocation
Event: 38.750 Executing VM operation: ParallelGCFailedAllocation done
Event: 38.788 Executing VM operation: ParallelGCFailedAllocation
Event: 43.263 Executing VM operation: ParallelGCFailedAllocation done

Memory protections (0 events):
No events

Nmethod flushes (20 events):
Event: 21.126 Thread 0x000001bf5833df70 flushing  nmethod 0x000001bf48045c10
Event: 21.126 Thread 0x000001bf5833df70 flushing  nmethod 0x000001bf48046510
Event: 21.126 Thread 0x000001bf5833df70 flushing  nmethod 0x000001bf4805dd90
Event: 21.126 Thread 0x000001bf5833df70 flushing  nmethod 0x000001bf48071f10
Event: 21.128 Thread 0x000001bf5833df70 flushing  nmethod 0x000001bf480a4c10
Event: 21.135 Thread 0x000001bf5833df70 flushing  nmethod 0x000001bf4816b490
Event: 21.135 Thread 0x000001bf5833df70 flushing  nmethod 0x000001bf48195390
Event: 21.135 Thread 0x000001bf5833df70 flushing  nmethod 0x000001bf48195810
Event: 25.490 Thread 0x000001bf5833df70 flushing  nmethod 0x000001bf4f007190
Event: 25.490 Thread 0x000001bf5833df70 flushing  nmethod 0x000001bf4f01c490
Event: 25.508 Thread 0x000001bf5833df70 flushing  nmethod 0x000001bf47989390
Event: 25.517 Thread 0x000001bf5833df70 flushing  nmethod 0x000001bf47db8b90
Event: 25.517 Thread 0x000001bf5833df70 flushing  nmethod 0x000001bf47dc7490
Event: 25.520 Thread 0x000001bf5833df70 flushing  nmethod 0x000001bf47f74e10
Event: 25.523 Thread 0x000001bf5833df70 flushing  nmethod 0x000001bf481ab510
Event: 25.523 Thread 0x000001bf5833df70 flushing  nmethod 0x000001bf481cd790
Event: 25.523 Thread 0x000001bf5833df70 flushing  nmethod 0x000001bf481f0810
Event: 37.083 Thread 0x000001bf5833df70 flushing  nmethod 0x000001bf4eff6910
Event: 37.113 Thread 0x000001bf5833df70 flushing  nmethod 0x000001bf481b8210
Event: 37.114 Thread 0x000001bf5833df70 flushing  nmethod 0x000001bf4823ad10

Events (20 events):
Event: 27.883 Thread 0x000001bf5d3d0530 Thread added: 0x000001bf62942510
Event: 28.761 Thread 0x000001bf6100a9e0 Thread exited: 0x000001bf6100a9e0
Event: 28.804 Thread 0x000001bf62942510 Thread exited: 0x000001bf62942510
Event: 29.102 Thread 0x000001bf5e5db730 Thread exited: 0x000001bf5e5db730
Event: 30.124 Thread 0x000001bf5d3ad8f0 Thread added: 0x000001bf669ee8e0
Event: 30.125 Thread 0x000001bf5d3ad8f0 Thread added: 0x000001bf669ef8d0
Event: 30.270 Thread 0x000001bf669ef8d0 Thread exited: 0x000001bf669ef8d0
Event: 30.863 Thread 0x000001bf669ee8e0 Thread exited: 0x000001bf669ee8e0
Event: 31.065 Thread 0x000001bf5d3d0530 Thread added: 0x000001bf669ece50
Event: 31.080 Thread 0x000001bf5d3d0530 Thread added: 0x000001bf669eee30
Event: 31.734 Thread 0x000001bf669eee30 Thread exited: 0x000001bf669eee30
Event: 31.784 Thread 0x000001bf669ece50 Thread exited: 0x000001bf669ece50
Event: 32.738 Thread 0x000001bf5d3d0530 Thread added: 0x000001bf669ed8f0
Event: 32.744 Thread 0x000001bf5d3ad8f0 Thread added: 0x000001bf669ef380
Event: 33.463 Thread 0x000001bf669ef380 Thread exited: 0x000001bf669ef380
Event: 33.830 Thread 0x000001bf669ed8f0 Thread exited: 0x000001bf669ed8f0
Event: 38.372 Thread 0x000001bf5d3ad8f0 Thread added: 0x000001bf669f0370
Event: 38.372 Thread 0x000001bf5d3ad8f0 Thread added: 0x000001bf669ee8e0
Event: 38.618 Thread 0x000001bf669ee8e0 Thread exited: 0x000001bf669ee8e0
Event: 43.689 Thread 0x000001bf669f0370 Thread exited: 0x000001bf669f0370


Dynamic libraries:
0x00007ff62bd20000 - 0x00007ff62bd2e000 	c:\Users\bappa\.vscode\extensions\redhat.java-1.38.0-win32-x64\jre\17.0.13-win32-x86_64\bin\java.exe
0x00007fffa0e20000 - 0x00007fffa1083000 	C:\WINDOWS\SYSTEM32\ntdll.dll
0x00007fffa02b0000 - 0x00007fffa0378000 	C:\WINDOWS\System32\KERNEL32.DLL
0x00007fff9e8c0000 - 0x00007fff9ec72000 	C:\WINDOWS\System32\KERNELBASE.dll
0x00007fff9e1f0000 - 0x00007fff9e33b000 	C:\WINDOWS\System32\ucrtbase.dll
0x00007fff95660000 - 0x00007fff95677000 	c:\Users\bappa\.vscode\extensions\redhat.java-1.38.0-win32-x64\jre\17.0.13-win32-x86_64\bin\jli.dll
0x00007fff8a150000 - 0x00007fff8a16e000 	c:\Users\bappa\.vscode\extensions\redhat.java-1.38.0-win32-x64\jre\17.0.13-win32-x86_64\bin\VCRUNTIME140.dll
0x00007fff9f780000 - 0x00007fff9f948000 	C:\WINDOWS\System32\USER32.dll
0x00007fff9e340000 - 0x00007fff9e367000 	C:\WINDOWS\System32\win32u.dll
0x00007fff88860000 - 0x00007fff88af0000 	C:\WINDOWS\WinSxS\amd64_microsoft.windows.common-controls_6595b64144ccf1df_6.0.26100.2454_none_3e0b68a2e331ad60\COMCTL32.dll
0x00007fffa0580000 - 0x00007fffa05aa000 	C:\WINDOWS\System32\GDI32.dll
0x00007fffa0c70000 - 0x00007fffa0d19000 	C:\WINDOWS\System32\msvcrt.dll
0x00007fff9e6f0000 - 0x00007fff9e81b000 	C:\WINDOWS\System32\gdi32full.dll
0x00007fff9e580000 - 0x00007fff9e623000 	C:\WINDOWS\System32\msvcp_win.dll
0x00007fff9ff90000 - 0x00007fff9ffbf000 	C:\WINDOWS\System32\IMM32.DLL
0x00007fff99d30000 - 0x00007fff99d3c000 	c:\Users\bappa\.vscode\extensions\redhat.java-1.38.0-win32-x64\jre\17.0.13-win32-x86_64\bin\vcruntime140_1.dll
0x00007fff89ce0000 - 0x00007fff89d6d000 	c:\Users\bappa\.vscode\extensions\redhat.java-1.38.0-win32-x64\jre\17.0.13-win32-x86_64\bin\msvcp140.dll
0x00007fff5c210000 - 0x00007fff5ce7b000 	c:\Users\bappa\.vscode\extensions\redhat.java-1.38.0-win32-x64\jre\17.0.13-win32-x86_64\bin\server\jvm.dll
0x00007fffa0470000 - 0x00007fffa0524000 	C:\WINDOWS\System32\ADVAPI32.dll
0x00007fff9f530000 - 0x00007fff9f5d6000 	C:\WINDOWS\System32\sechost.dll
0x00007fff9f5e0000 - 0x00007fff9f6f6000 	C:\WINDOWS\System32\RPCRT4.dll
0x00007fff9f700000 - 0x00007fff9f774000 	C:\WINDOWS\System32\WS2_32.dll
0x00007fff9e080000 - 0x00007fff9e0ce000 	C:\WINDOWS\SYSTEM32\POWRPROF.dll
0x00007fff87690000 - 0x00007fff876c6000 	C:\WINDOWS\SYSTEM32\WINMM.dll
0x00007fff961b0000 - 0x00007fff961bb000 	C:\WINDOWS\SYSTEM32\VERSION.dll
0x00007fff9e060000 - 0x00007fff9e074000 	C:\WINDOWS\SYSTEM32\UMPDC.dll
0x00007fff9d030000 - 0x00007fff9d04a000 	C:\WINDOWS\SYSTEM32\kernel.appcore.dll
0x00007fff95ab0000 - 0x00007fff95aba000 	c:\Users\bappa\.vscode\extensions\redhat.java-1.38.0-win32-x64\jre\17.0.13-win32-x86_64\bin\jimage.dll
0x00007fff9bbf0000 - 0x00007fff9be31000 	C:\WINDOWS\SYSTEM32\DBGHELP.DLL
0x00007fffa0780000 - 0x00007fffa0afe000 	C:\WINDOWS\System32\combase.dll
0x00007fffa0380000 - 0x00007fffa0456000 	C:\WINDOWS\System32\OLEAUT32.dll
0x00007fff85bb0000 - 0x00007fff85be9000 	C:\WINDOWS\SYSTEM32\dbgcore.DLL
0x00007fff9e820000 - 0x00007fff9e8b9000 	C:\WINDOWS\System32\bcryptPrimitives.dll
0x00007fff96590000 - 0x00007fff9659e000 	c:\Users\bappa\.vscode\extensions\redhat.java-1.38.0-win32-x64\jre\17.0.13-win32-x86_64\bin\instrument.dll
0x00007fff8a120000 - 0x00007fff8a145000 	c:\Users\bappa\.vscode\extensions\redhat.java-1.38.0-win32-x64\jre\17.0.13-win32-x86_64\bin\java.dll
0x00007fff8a100000 - 0x00007fff8a118000 	c:\Users\bappa\.vscode\extensions\redhat.java-1.38.0-win32-x64\jre\17.0.13-win32-x86_64\bin\zip.dll
0x00007fff9ed30000 - 0x00007fff9f430000 	C:\WINDOWS\System32\SHELL32.dll
0x00007fff9bf40000 - 0x00007fff9c771000 	C:\WINDOWS\SYSTEM32\windows.storage.dll
0x00007fffa06a0000 - 0x00007fffa077a000 	C:\WINDOWS\System32\SHCORE.dll
0x00007fffa0640000 - 0x00007fffa069d000 	C:\WINDOWS\System32\shlwapi.dll
0x00007fff9e100000 - 0x00007fff9e12e000 	C:\WINDOWS\SYSTEM32\profapi.dll
0x00007fff8a0e0000 - 0x00007fff8a0f9000 	C:\Users\bappa\.vscode\extensions\redhat.java-1.38.0-win32-x64\jre\17.0.13-win32-x86_64\bin\net.dll
0x00007fff991c0000 - 0x00007fff992e6000 	C:\WINDOWS\SYSTEM32\WINHTTP.dll
0x00007fff9d530000 - 0x00007fff9d598000 	C:\WINDOWS\system32\mswsock.dll
0x00007fff89cc0000 - 0x00007fff89cd6000 	C:\Users\bappa\.vscode\extensions\redhat.java-1.38.0-win32-x64\jre\17.0.13-win32-x86_64\bin\nio.dll
0x00007fff8a180000 - 0x00007fff8a190000 	c:\Users\bappa\.vscode\extensions\redhat.java-1.38.0-win32-x64\jre\17.0.13-win32-x86_64\bin\verify.dll
0x00007fff855f0000 - 0x00007fff85635000 	C:\Users\bappa\AppData\Roaming\Code\User\globalStorage\redhat.java\1.38.0\config_win\org.eclipse.equinox.launcher\org.eclipse.equinox.launcher.win32.win32.x86_64_1.2.1100.v20240722-2106\eclipse_11904.dll
0x00007fff9f950000 - 0x00007fff9fae9000 	C:\WINDOWS\System32\ole32.dll
0x00007fff9d7d0000 - 0x00007fff9d7ec000 	C:\WINDOWS\SYSTEM32\CRYPTSP.dll
0x00007fff9cf90000 - 0x00007fff9cfc8000 	C:\WINDOWS\system32\rsaenh.dll
0x00007fff9d5d0000 - 0x00007fff9d5fb000 	C:\WINDOWS\SYSTEM32\USERENV.dll
0x00007fff9da10000 - 0x00007fff9da36000 	C:\WINDOWS\SYSTEM32\bcrypt.dll
0x00007fff9d7f0000 - 0x00007fff9d7fc000 	C:\WINDOWS\SYSTEM32\CRYPTBASE.dll
0x00007fff9cac0000 - 0x00007fff9caf2000 	C:\WINDOWS\SYSTEM32\IPHLPAPI.DLL
0x00007fffa0d20000 - 0x00007fffa0d2a000 	C:\WINDOWS\System32\NSI.dll
0x00007fff99160000 - 0x00007fff9917e000 	C:\WINDOWS\SYSTEM32\dhcpcsvc6.DLL
0x00007fff98ff0000 - 0x00007fff99015000 	C:\WINDOWS\SYSTEM32\dhcpcsvc.DLL
0x00007fff9cb60000 - 0x00007fff9cc85000 	C:\WINDOWS\SYSTEM32\DNSAPI.dll
0x00007fff7b4a0000 - 0x00007fff7b4e9000 	C:\Users\bappa\AppData\Local\Temp\jna-93505986\jna560291814449772637.dll
0x00007fffa0630000 - 0x00007fffa0638000 	C:\WINDOWS\System32\PSAPI.DLL
0x00007fff9d150000 - 0x00007fff9d185000 	C:\WINDOWS\SYSTEM32\ntmarta.dll

dbghelp: loaded successfully - version: 4.0.5 - missing functions: none
symbol engine: initialized successfully - sym options: 0x614 - pdb path: .;c:\Users\bappa\.vscode\extensions\redhat.java-1.38.0-win32-x64\jre\17.0.13-win32-x86_64\bin;C:\WINDOWS\SYSTEM32;C:\WINDOWS\WinSxS\amd64_microsoft.windows.common-controls_6595b64144ccf1df_6.0.26100.2454_none_3e0b68a2e331ad60;c:\Users\bappa\.vscode\extensions\redhat.java-1.38.0-win32-x64\jre\17.0.13-win32-x86_64\bin\server;C:\Users\bappa\AppData\Roaming\Code\User\globalStorage\redhat.java\1.38.0\config_win\org.eclipse.equinox.launcher\org.eclipse.equinox.launcher.win32.win32.x86_64_1.2.1100.v20240722-2106;C:\Users\bappa\AppData\Local\Temp\jna-93505986

VM Arguments:
jvm_args: --add-modules=ALL-SYSTEM --add-opens=java.base/java.util=ALL-UNNAMED --add-opens=java.base/java.lang=ALL-UNNAMED --add-opens=java.base/sun.nio.fs=ALL-UNNAMED -Declipse.application=org.eclipse.jdt.ls.core.id1 -Dosgi.bundles.defaultStartLevel=4 -Declipse.product=org.eclipse.jdt.ls.core.product -Djava.import.generatesMetadataFilesAtProjectRoot=false -DDetectVMInstallationsJob.disabled=true -Dfile.encoding=utf8 -XX:+UseParallelGC -XX:GCTimeRatio=4 -XX:AdaptiveSizePolicyWeight=90 -Dsun.zip.disableMemoryMapping=true -Xmx1G -Xms100m -Xlog:disable -javaagent:c:\Users\bappa\.vscode\extensions\redhat.java-1.38.0-win32-x64\lombok\lombok-1.18.34.jar -XX:+HeapDumpOnOutOfMemoryError -XX:HeapDumpPath=c:\Users\bappa\AppData\Roaming\Code\User\workspaceStorage\55f1f0157f34b30c8333bbaa32d77949\redhat.java -Daether.dependencyCollector.impl=bf 
java_command: c:\Users\bappa\.vscode\extensions\redhat.java-1.38.0-win32-x64\server\plugins\org.eclipse.equinox.launcher_1.6.900.v20240613-2009.jar -configuration c:\Users\bappa\AppData\Roaming\Code\User\globalStorage\redhat.java\1.38.0\config_win -data c:\Users\bappa\AppData\Roaming\Code\User\workspaceStorage\55f1f0157f34b30c8333bbaa32d77949\redhat.java\jdt_ws --pipe=\\.\pipe\lsp-eb723cd2ccbdb894f8515454a382cb61-sock
java_class_path (initial): c:\Users\bappa\.vscode\extensions\redhat.java-1.38.0-win32-x64\server\plugins\org.eclipse.equinox.launcher_1.6.900.v20240613-2009.jar
Launcher Type: SUN_STANDARD

[Global flags]
    uintx AdaptiveSizePolicyWeight                 = 90                                        {product} {command line}
     intx CICompilerCount                          = 4                                         {product} {ergonomic}
    uintx GCTimeRatio                              = 4                                         {product} {command line}
     bool HeapDumpOnOutOfMemoryError               = true                                   {manageable} {command line}
    ccstr HeapDumpPath                             = c:\Users\bappa\AppData\Roaming\Code\User\workspaceStorage\55f1f0157f34b30c8333bbaa32d77949\redhat.java         {manageable} {command line}
   size_t InitialHeapSize                          = 104857600                                 {product} {command line}
   size_t MaxHeapSize                              = 1073741824                                {product} {command line}
   size_t MaxNewSize                               = 357564416                                 {product} {ergonomic}
   size_t MinHeapDeltaBytes                        = 524288                                    {product} {ergonomic}
   size_t MinHeapSize                              = 104857600                                 {product} {command line}
   size_t NewSize                                  = 34603008                                  {product} {ergonomic}
    uintx NonNMethodCodeHeapSize                   = 5839372                                {pd product} {ergonomic}
    uintx NonProfiledCodeHeapSize                  = 122909434                              {pd product} {ergonomic}
   size_t OldSize                                  = 70254592                                  {product} {ergonomic}
    uintx ProfiledCodeHeapSize                     = 122909434                              {pd product} {ergonomic}
    uintx ReservedCodeCacheSize                    = 251658240                              {pd product} {ergonomic}
     bool SegmentedCodeCache                       = true                                      {product} {ergonomic}
   size_t SoftMaxHeapSize                          = 1073741824                             {manageable} {ergonomic}
     bool UseCompressedClassPointers               = true                           {product lp64_product} {ergonomic}
     bool UseCompressedOops                        = true                           {product lp64_product} {ergonomic}
     bool UseLargePagesIndividualAllocation        = false                                  {pd product} {ergonomic}
     bool UseParallelGC                            = true                                      {product} {command line}

Logging:
Log output configuration:
 #0: stdout all=off uptime,level,tags
 #1: stderr all=off uptime,level,tags

Environment Variables:
PATH=C:\Program Files\Common Files\Oracle\Java\javapath;C:\WINDOWS\system32;C:\WINDOWS;C:\WINDOWS\System32\Wbem;C:\WINDOWS\System32\WindowsPowerShell\v1.0\;C:\WINDOWS\System32\OpenSSH\;C:\MinGW\bin;C:\Program Files\Git\cmd;C:\Program Files\MongoDB\mongosh-2.3.1-win32-x64\bin;C:\Users\bappa\AppData\Roaming\nvm;C:\Program Files\nodejs;C:\Users\bappa\Downloads\apache-maven-3.9.9-bin\apache-maven-3.9.9\bin;C:\Users\bappa\AppData\Local\Microsoft\WindowsApps;C:\Users\bappa\AppData\Local\Programs\Microsoft VS Code\bin;C:\MinGW\bin;C:\Users\bappa\AppData\Roaming\npm;C:\Program Files\Java\jdk-23\bin;C:\Program Files\CMake\bin;C:\Users\bappa\AppData\Roaming\nvm;C:\Program Files\nodejs;;C:\Program Files\JetBrains\IntelliJ IDEA Community Edition 2024.3.1\bin;
USERNAME=bappa
OS=Windows_NT
PROCESSOR_IDENTIFIER=Intel64 Family 6 Model 126 Stepping 5, GenuineIntel
TMP=C:\Users\bappa\AppData\Local\Temp
TEMP=C:\Users\bappa\AppData\Local\Temp



Periodic native trim disabled


---------------  S Y S T E M  ---------------

OS:
 Windows 11 , 64 bit Build 26100 (10.0.26100.2454)
OS uptime: 0 days 0:32 hours

CPU: total 8 (initial active 8) (4 cores per cpu, 2 threads per core) family 6 model 126 stepping 5 microcode 0xa0, cx8, cmov, fxsr, ht, mmx, 3dnowpref, sse, sse2, sse3, ssse3, sse4.1, sse4.2, popcnt, lzcnt, tsc, tscinvbit, avx, avx2, aes, erms, clmul, bmi1, bmi2, adx, avx512f, avx512dq, avx512cd, avx512bw, avx512vl, sha, fma, vzeroupper, avx512_vpopcntdq, avx512_vpclmulqdq, avx512_vaes, avx512_vnni, clflush, clflushopt, avx512_vbmi2, avx512_vbmi
Processor Information for all 8 processors :
  Max Mhz: 1201, Current Mhz: 700, Mhz Limit: 996

Memory: 4k page, system-wide physical 7997M (1349M free)
TotalPageFile size 10045M (AvailPageFile size 222M)
current process WorkingSet (physical memory assigned to process): 475M, peak: 475M
current process commit charge ("private bytes"): 472M, peak: 930M

vm_info: OpenJDK 64-Bit Server VM (17.0.13+11) for windows-amd64 JRE (17.0.13+11), built on Oct 16 2024 00:10:08 by "admin" with MS VC++ 17.7 (VS2022)

END.
