#
# There is insufficient memory for the Java Runtime Environment to continue.
# Native memory allocation (malloc) failed to allocate 1049680 bytes. Error detail: Chunk::new
# Possible reasons:
#   The system is out of physical RAM or swap space
#   This process is running with CompressedOops enabled, and the Java Heap may be blocking the growth of the native heap
# Possible solutions:
#   Reduce memory load on the system
#   Increase physical memory or swap space
#   Check if swap backing store is full
#   Decrease Java heap size (-Xmx/-Xms)
#   Decrease number of Java threads
#   Decrease Java thread stack sizes (-Xss)
#   Set larger code cache with -XX:ReservedCodeCacheSize=
#   JVM is running with Unscaled Compressed Oops mode in which the Java heap is
#     placed in the first 4GB address space. The Java Heap base address is the
#     maximum limit for the native heap growth. Please use -XX:HeapBaseMinAddress
#     to set the Java Heap base and to place the Java Heap above 4GB virtual address.
# This output file may be truncated or incomplete.
#
#  Out of Memory Error (arena.cpp:191), pid=17596, tid=13264
#
# JRE version: OpenJDK Runtime Environment Temurin-17.0.13+11 (17.0.13+11) (build 17.0.13+11)
# Java VM: OpenJDK 64-Bit Server VM Temurin-17.0.13+11 (17.0.13+11, mixed mode, tiered, compressed oops, compressed class ptrs, parallel gc, windows-amd64)
# No core dump will be written. Minidumps are not enabled by default on client versions of Windows
#

---------------  S U M M A R Y ------------

Command Line: --add-modules=ALL-SYSTEM --add-opens=java.base/java.util=ALL-UNNAMED --add-opens=java.base/java.lang=ALL-UNNAMED --add-opens=java.base/sun.nio.fs=ALL-UNNAMED -Declipse.application=org.eclipse.jdt.ls.core.id1 -Dosgi.bundles.defaultStartLevel=4 -Declipse.product=org.eclipse.jdt.ls.core.product -Djava.import.generatesMetadataFilesAtProjectRoot=false -DDetectVMInstallationsJob.disabled=true -Dfile.encoding=utf8 -XX:+UseParallelGC -XX:GCTimeRatio=4 -XX:AdaptiveSizePolicyWeight=90 -Dsun.zip.disableMemoryMapping=true -Xmx1G -Xms100m -Xlog:disable -javaagent:c:\Users\bappa\.vscode\extensions\redhat.java-1.38.0-win32-x64\lombok\lombok-1.18.34.jar -XX:+HeapDumpOnOutOfMemoryError -XX:HeapDumpPath=c:\Users\bappa\AppData\Roaming\Code\User\workspaceStorage\55f1f0157f34b30c8333bbaa32d77949\redhat.java -Daether.dependencyCollector.impl=bf c:\Users\bappa\.vscode\extensions\redhat.java-1.38.0-win32-x64\server\plugins\org.eclipse.equinox.launcher_1.6.900.v20240613-2009.jar -configuration c:\Users\bappa\AppData\Roaming\Code\User\globalStorage\redhat.java\1.38.0\config_win -data c:\Users\bappa\AppData\Roaming\Code\User\workspaceStorage\55f1f0157f34b30c8333bbaa32d77949\redhat.java\jdt_ws --pipe=\\.\pipe\lsp-b041cc5186d54fd5fd8b30c770adaf6d-sock

Host: Intel(R) Core(TM) i5-1035G1 CPU @ 1.00GHz, 8 cores, 7G,  Windows 11 , 64 bit Build 26100 (10.0.26100.2454)
Time: Tue Dec 24 11:01:02 2024 India Standard Time elapsed time: 65.098100 seconds (0d 0h 1m 5s)

---------------  T H R E A D  ---------------

Current thread (0x000001d005e47c20):  JavaThread "C2 CompilerThread2" daemon [_thread_in_native, id=13264, stack(0x00000014e0100000,0x00000014e0200000)]


Current CompileTask:
C2:  65098 11709       4       org.eclipse.jdt.internal.core.search.indexing.AbstractIndexer::addMethodDeclaration (105 bytes)

Stack: [0x00000014e0100000,0x00000014e0200000]
Native frames: (J=compiled Java code, j=interpreted, Vv=VM code, C=native code)
V  [jvm.dll+0x682a19]
V  [jvm.dll+0x839538]
V  [jvm.dll+0x83afe3]
V  [jvm.dll+0x83b653]
V  [jvm.dll+0x24704f]
V  [jvm.dll+0xace34]
V  [jvm.dll+0xad4cc]
V  [jvm.dll+0x36597e]
V  [jvm.dll+0x1ba793]
V  [jvm.dll+0x2181a7]
V  [jvm.dll+0x21748f]
V  [jvm.dll+0x1a3070]
V  [jvm.dll+0x22788c]
V  [jvm.dll+0x2259eb]
V  [jvm.dll+0x7eec98]
V  [jvm.dll+0x7e8ffc]
V  [jvm.dll+0x6818f7]
C  [ucrtbase.dll+0x14ea0]
C  [KERNEL32.DLL+0x2e8d7]
C  [ntdll.dll+0xdfbcc]


---------------  P R O C E S S  ---------------

Threads class SMR info:
_java_thread_list=0x000001d008151bc0, length=68, elements={
0x000001d0695faf60, 0x000001d07ed05020, 0x000001d07ed06c00, 0x000001d07dcb8e40,
0x000001d07ed29130, 0x000001d07ed32d50, 0x000001d07ed34930, 0x000001d07ed42740,
0x000001d07ed44060, 0x000001d07ed50990, 0x000001d07ee41400, 0x000001d07f0954c0,
0x000001d004a08030, 0x000001d004962250, 0x000001d004b71ad0, 0x000001d00490e430,
0x000001d004acae70, 0x000001d0042dbf30, 0x000001d0042dd880, 0x000001d0042dc440,
0x000001d0042dd370, 0x000001d0042da0d0, 0x000001d0042da5e0, 0x000001d0042daaf0,
0x000001d0042db000, 0x000001d0042db510, 0x000001d00679d870, 0x000001d00679dd80,
0x000001d00679f1c0, 0x000001d00679e290, 0x000001d00679fbe0, 0x000001d00679ecb0,
0x000001d00679d360, 0x000001d00679f6d0, 0x000001d0067a00f0, 0x000001d00679e7a0,
0x000001d00679c940, 0x000001d0067a0600, 0x000001d00679ce50, 0x000001d0067a1f50,
0x000001d0067a2460, 0x000001d0067a1020, 0x000001d0067a1530, 0x000001d0067a42c0,
0x000001d0067a3390, 0x000001d0067a1a40, 0x000001d0067a2970, 0x000001d0067a2e80,
0x000001d0067a3db0, 0x000001d0042dc950, 0x000001d0042dce60, 0x000001d008625a60,
0x000001d008625040, 0x000001d008624620, 0x000001d008626480, 0x000001d008624110,
0x000001d0086273b0, 0x000001d008625f70, 0x000001d008624b30, 0x000001d0086278c0,
0x000001d0086287f0, 0x000001d008628d00, 0x000001d008629720, 0x000001d00862b580,
0x000001d008629c30, 0x000001d00862a140, 0x000001d005e45c40, 0x000001d005e47c20
}

Java Threads: ( => current thread )
  0x000001d0695faf60 JavaThread "main" [_thread_blocked, id=12796, stack(0x00000014dde00000,0x00000014ddf00000)]
  0x000001d07ed05020 JavaThread "Reference Handler" daemon [_thread_blocked, id=11092, stack(0x00000014de100000,0x00000014de200000)]
  0x000001d07ed06c00 JavaThread "Finalizer" daemon [_thread_blocked, id=7684, stack(0x00000014de200000,0x00000014de300000)]
  0x000001d07dcb8e40 JavaThread "Signal Dispatcher" daemon [_thread_blocked, id=6176, stack(0x00000014de300000,0x00000014de400000)]
  0x000001d07ed29130 JavaThread "Attach Listener" daemon [_thread_blocked, id=17724, stack(0x00000014de400000,0x00000014de500000)]
  0x000001d07ed32d50 JavaThread "Service Thread" daemon [_thread_blocked, id=18804, stack(0x00000014de500000,0x00000014de600000)]
  0x000001d07ed34930 JavaThread "Monitor Deflation Thread" daemon [_thread_blocked, id=16084, stack(0x00000014de600000,0x00000014de700000)]
  0x000001d07ed42740 JavaThread "C2 CompilerThread0" daemon [_thread_in_native, id=13624, stack(0x00000014de700000,0x00000014de800000)]
  0x000001d07ed44060 JavaThread "C1 CompilerThread0" daemon [_thread_blocked, id=15916, stack(0x00000014de800000,0x00000014de900000)]
  0x000001d07ed50990 JavaThread "Sweeper thread" daemon [_thread_blocked, id=4820, stack(0x00000014de900000,0x00000014dea00000)]
  0x000001d07ee41400 JavaThread "Common-Cleaner" daemon [_thread_blocked, id=15920, stack(0x00000014dea00000,0x00000014deb00000)]
  0x000001d07f0954c0 JavaThread "Notification Thread" daemon [_thread_blocked, id=12056, stack(0x00000014dec00000,0x00000014ded00000)]
  0x000001d004a08030 JavaThread "Active Thread: Equinox Container: dbfd517f-0368-4c3b-8b1b-4d47e23cfeaa" [_thread_blocked, id=12172, stack(0x00000014df500000,0x00000014df600000)]
  0x000001d004962250 JavaThread "Refresh Thread: Equinox Container: dbfd517f-0368-4c3b-8b1b-4d47e23cfeaa" daemon [_thread_blocked, id=15672, stack(0x00000014df600000,0x00000014df700000)]
  0x000001d004b71ad0 JavaThread "Framework Event Dispatcher: Equinox Container: dbfd517f-0368-4c3b-8b1b-4d47e23cfeaa" daemon [_thread_blocked, id=17560, stack(0x00000014df700000,0x00000014df800000)]
  0x000001d00490e430 JavaThread "Start Level: Equinox Container: dbfd517f-0368-4c3b-8b1b-4d47e23cfeaa" daemon [_thread_blocked, id=18420, stack(0x00000014df800000,0x00000014df900000)]
  0x000001d004acae70 JavaThread "Bundle File Closer" daemon [_thread_blocked, id=2944, stack(0x00000014dfa00000,0x00000014dfb00000)]
  0x000001d0042dbf30 JavaThread "SCR Component Actor" daemon [_thread_blocked, id=17020, stack(0x00000014df400000,0x00000014df500000)]
  0x000001d0042dd880 JavaThread "Worker-JM" [_thread_blocked, id=13556, stack(0x00000014dfc00000,0x00000014dfd00000)]
  0x000001d0042dc440 JavaThread "JNA Cleaner" daemon [_thread_blocked, id=15040, stack(0x00000014deb00000,0x00000014dec00000)]
  0x000001d0042dd370 JavaThread "Worker-0" [_thread_blocked, id=9820, stack(0x00000014dfd00000,0x00000014dfe00000)]
  0x000001d0042da0d0 JavaThread "Worker-1" [_thread_blocked, id=19400, stack(0x00000014dfe00000,0x00000014dff00000)]
  0x000001d0042da5e0 JavaThread "Worker-2" [_thread_blocked, id=14836, stack(0x00000014dff00000,0x00000014e0000000)]
  0x000001d0042daaf0 JavaThread "Java indexing" daemon [_thread_in_Java, id=10708, stack(0x00000014e0200000,0x00000014e0300000)]
  0x000001d0042db000 JavaThread "Worker-3" [_thread_blocked, id=11752, stack(0x00000014e0300000,0x00000014e0400000)]
  0x000001d0042db510 JavaThread "Worker-4" [_thread_blocked, id=2716, stack(0x00000014e0400000,0x00000014e0500000)]
  0x000001d00679d870 JavaThread "Thread-2" daemon [_thread_in_native, id=2952, stack(0x00000014e0700000,0x00000014e0800000)]
  0x000001d00679dd80 JavaThread "Thread-3" daemon [_thread_in_native, id=8044, stack(0x00000014e0800000,0x00000014e0900000)]
  0x000001d00679f1c0 JavaThread "Thread-4" daemon [_thread_in_native, id=7448, stack(0x00000014e0900000,0x00000014e0a00000)]
  0x000001d00679e290 JavaThread "Thread-5" daemon [_thread_in_native, id=1292, stack(0x00000014e0a00000,0x00000014e0b00000)]
  0x000001d00679fbe0 JavaThread "Thread-6" daemon [_thread_in_native, id=10308, stack(0x00000014e0b00000,0x00000014e0c00000)]
  0x000001d00679ecb0 JavaThread "Thread-7" daemon [_thread_in_native, id=8272, stack(0x00000014e0c00000,0x00000014e0d00000)]
  0x000001d00679d360 JavaThread "Thread-8" daemon [_thread_in_native, id=10416, stack(0x00000014e0d00000,0x00000014e0e00000)]
  0x000001d00679f6d0 JavaThread "Thread-9" daemon [_thread_in_native, id=17836, stack(0x00000014e0e00000,0x00000014e0f00000)]
  0x000001d0067a00f0 JavaThread "Thread-10" daemon [_thread_in_native, id=6832, stack(0x00000014e0f00000,0x00000014e1000000)]
  0x000001d00679e7a0 JavaThread "pool-2-thread-1" [_thread_blocked, id=5712, stack(0x00000014e1000000,0x00000014e1100000)]
  0x000001d00679c940 JavaThread "Worker-5: Java indexing... " [_thread_blocked, id=17008, stack(0x00000014e1100000,0x00000014e1200000)]
  0x000001d0067a0600 JavaThread "Worker-6: Check JDK Index" [_thread_blocked, id=18836, stack(0x00000014e1200000,0x00000014e1300000)]
  0x000001d00679ce50 JavaThread "Worker-7" [_thread_blocked, id=8204, stack(0x00000014e1300000,0x00000014e1400000)]
  0x000001d0067a1f50 JavaThread "WorkspaceEventsHandler" [_thread_blocked, id=840, stack(0x00000014e1400000,0x00000014e1500000)]
  0x000001d0067a2460 JavaThread "pool-1-thread-1" [_thread_blocked, id=3296, stack(0x00000014e1500000,0x00000014e1600000)]
  0x000001d0067a1020 JavaThread "LocalFile Deleter" daemon [_thread_blocked, id=15744, stack(0x00000014dfb00000,0x00000014dfc00000)]
  0x000001d0067a1530 JavaThread "LocalFile Deleter" daemon [_thread_blocked, id=14660, stack(0x00000014e1600000,0x00000014e1700000)]
  0x000001d0067a42c0 JavaThread "LocalFile Deleter" daemon [_thread_blocked, id=9844, stack(0x00000014e1700000,0x00000014e1800000)]
  0x000001d0067a3390 JavaThread "LocalFile Deleter" daemon [_thread_blocked, id=18084, stack(0x00000014e1800000,0x00000014e1900000)]
  0x000001d0067a1a40 JavaThread "Compiler Source File Reader" daemon [_thread_blocked, id=15876, stack(0x00000014e1900000,0x00000014e1a00000)]
  0x000001d0067a2970 JavaThread "ForkJoinPool.commonPool-worker-1" daemon [_thread_blocked, id=9640, stack(0x00000014e1a00000,0x00000014e1b00000)]
  0x000001d0067a2e80 JavaThread "Compiler Processing Task" daemon [_thread_blocked, id=15096, stack(0x00000014e1b00000,0x00000014e1c00000)]
  0x000001d0067a3db0 JavaThread "ForkJoinPool.commonPool-worker-2" daemon [_thread_blocked, id=15164, stack(0x00000014e1c00000,0x00000014e1d00000)]
  0x000001d0042dc950 JavaThread "ForkJoinPool.commonPool-worker-3" daemon [_thread_blocked, id=14884, stack(0x00000014e1d00000,0x00000014e1e00000)]
  0x000001d0042dce60 JavaThread "ForkJoinPool.commonPool-worker-4" daemon [_thread_blocked, id=1664, stack(0x00000014e1e00000,0x00000014e1f00000)]
  0x000001d008625a60 JavaThread "ForkJoinPool.commonPool-worker-5" daemon [_thread_blocked, id=4260, stack(0x00000014e1f00000,0x00000014e2000000)]
  0x000001d008625040 JavaThread "ForkJoinPool.commonPool-worker-6" daemon [_thread_blocked, id=4844, stack(0x00000014e2000000,0x00000014e2100000)]
  0x000001d008624620 JavaThread "ForkJoinPool.commonPool-worker-7" daemon [_thread_blocked, id=13224, stack(0x00000014e2100000,0x00000014e2200000)]
  0x000001d008626480 JavaThread "Compiler Class File Writer" daemon [_thread_blocked, id=8804, stack(0x00000014e2200000,0x00000014e2300000)]
  0x000001d008624110 JavaThread "LocalFile Deleter" daemon [_thread_blocked, id=15208, stack(0x00000014e2300000,0x00000014e2400000)]
  0x000001d0086273b0 JavaThread "Compiler Source File Reader" daemon [_thread_blocked, id=13448, stack(0x00000014e2400000,0x00000014e2500000)]
  0x000001d008625f70 JavaThread "Compiler Class File Writer" daemon [_thread_blocked, id=17044, stack(0x00000014e2500000,0x00000014e2600000)]
  0x000001d008624b30 JavaThread "Cleaner-0" daemon [_thread_blocked, id=14792, stack(0x00000014e2600000,0x00000014e2700000)]
  0x000001d0086278c0 JavaThread "LocalFile Deleter" daemon [_thread_blocked, id=6456, stack(0x00000014e2700000,0x00000014e2800000)]
  0x000001d0086287f0 JavaThread "LocalFile Deleter" daemon [_thread_blocked, id=12916, stack(0x00000014e2800000,0x00000014e2900000)]
  0x000001d008628d00 JavaThread "LocalFile Deleter" daemon [_thread_blocked, id=15008, stack(0x00000014e2900000,0x00000014e2a00000)]
  0x000001d008629720 JavaThread "Compiler Source File Reader" daemon [_thread_blocked, id=19024, stack(0x00000014e2a00000,0x00000014e2b00000)]
  0x000001d00862b580 JavaThread "Compiler Class File Writer" daemon [_thread_blocked, id=18580, stack(0x00000014e2b00000,0x00000014e2c00000)]
  0x000001d008629c30 JavaThread "Compiler Source File Reader" daemon [_thread_blocked, id=10492, stack(0x00000014e2c00000,0x00000014e2d00000)]
  0x000001d00862a140 JavaThread "Compiler Class File Writer" daemon [_thread_blocked, id=13948, stack(0x00000014e2d00000,0x00000014e2e00000)]
  0x000001d005e45c40 JavaThread "C2 CompilerThread1" daemon [_thread_in_native, id=19124, stack(0x00000014e0000000,0x00000014e0100000)]
=>0x000001d005e47c20 JavaThread "C2 CompilerThread2" daemon [_thread_in_native, id=13264, stack(0x00000014e0100000,0x00000014e0200000)]

Other Threads:
  0x000001d06969ea20 VMThread "VM Thread" [stack: 0x00000014de000000,0x00000014de100000] [id=18824]
  0x000001d07f0959a0 WatcherThread [stack: 0x00000014ded00000,0x00000014dee00000] [id=8608]
  0x000001d06960eab0 GCTaskThread "GC Thread#0" [stack: 0x00000014ddf00000,0x00000014de000000] [id=17552]
  0x000001d004a79c50 GCTaskThread "GC Thread#1" [stack: 0x00000014dee00000,0x00000014def00000] [id=14116]
  0x000001d00432a0b0 GCTaskThread "GC Thread#2" [stack: 0x00000014def00000,0x00000014df000000] [id=13508]
  0x000001d0043af870 GCTaskThread "GC Thread#3" [stack: 0x00000014df000000,0x00000014df100000] [id=9632]
  0x000001d00426a5e0 GCTaskThread "GC Thread#4" [stack: 0x00000014df100000,0x00000014df200000] [id=15780]
  0x000001d0042d0000 GCTaskThread "GC Thread#5" [stack: 0x00000014df200000,0x00000014df300000] [id=1216]
  0x000001d0042d02c0 GCTaskThread "GC Thread#6" [stack: 0x00000014df300000,0x00000014df400000] [id=4648]
  0x000001d00490ece0 GCTaskThread "GC Thread#7" [stack: 0x00000014df900000,0x00000014dfa00000] [id=15812]

Threads with active compile tasks:
C2 CompilerThread0    67143 11713   !   4       org.eclipse.jdt.internal.core.search.indexing.BinaryIndexer::indexDocument (1157 bytes)
C2 CompilerThread1    67143 11705 %     4       org.eclipse.jdt.internal.core.search.indexing.BinaryIndexer::extractReferenceFromConstantPool @ 324 (358 bytes)
C2 CompilerThread2    67143 11709       4       org.eclipse.jdt.internal.core.search.indexing.AbstractIndexer::addMethodDeclaration (105 bytes)

VM state: not at safepoint (normal execution)

VM Mutex/Monitor currently owned by a thread: None

Heap address: 0x00000000c0000000, size: 1024 MB, Compressed Oops mode: 32-bit

CDS archive(s) not mapped
Compressed class space mapped at: 0x0000000100000000-0x0000000140000000, reserved size: 1073741824
Narrow klass base: 0x0000000000000000, Narrow klass shift: 3, Narrow klass range: 0x140000000

GC Precious Log:
 CPUs: 8 total, 8 available
 Memory: 7997M
 Large Page Support: Disabled
 NUMA Support: Disabled
 Compressed Oops: Enabled (32-bit)
 Alignments: Space 512K, Generation 512K, Heap 2M
 Heap Min Capacity: 100M
 Heap Initial Capacity: 100M
 Heap Max Capacity: 1G
 Pre-touch: Disabled
 Parallel Workers: 8

Heap:
 PSYoungGen      total 5632K, used 2167K [0x00000000eab00000, 0x00000000eb180000, 0x0000000100000000)
  eden space 4608K, 24% used [0x00000000eab00000,0x00000000eac1dd90,0x00000000eaf80000)
  from space 1024K, 100% used [0x00000000eb000000,0x00000000eb100000,0x00000000eb100000)
  to   space 512K, 0% used [0x00000000eb100000,0x00000000eb100000,0x00000000eb180000)
 ParOldGen       total 346112K, used 305187K [0x00000000c0000000, 0x00000000d5200000, 0x00000000eab00000)
  object space 346112K, 88% used [0x00000000c0000000,0x00000000d2a08fd0,0x00000000d5200000)
 Metaspace       used 73672K, committed 74944K, reserved 1179648K
  class space    used 7724K, committed 8320K, reserved 1048576K

Card table byte_map: [0x000001d07b550000,0x000001d07b760000] _byte_map_base: 0x000001d07af50000

Marking Bits: (ParMarkBitMap*) 0x00007ffd60f06940
 Begin Bits: [0x000001d07b8c0000, 0x000001d07c8c0000)
 End Bits:   [0x000001d07c8c0000, 0x000001d07d8c0000)

Polling page: 0x000001d067d50000

Metaspace:

Usage:
  Non-class:     64.40 MB used.
      Class:      7.54 MB used.
       Both:     71.95 MB used.

Virtual space:
  Non-class space:      128.00 MB reserved,      65.06 MB ( 51%) committed,  2 nodes.
      Class space:        1.00 GB reserved,       8.12 MB ( <1%) committed,  1 nodes.
             Both:        1.12 GB reserved,      73.19 MB (  6%) committed. 

Chunk freelists:
   Non-Class:  14.33 MB
       Class:  7.85 MB
        Both:  22.17 MB

MaxMetaspaceSize: unlimited
CompressedClassSpaceSize: 1.00 GB
Initial GC threshold: 21.00 MB
Current GC threshold: 121.88 MB
CDS: off
MetaspaceReclaimPolicy: balanced
 - commit_granule_bytes: 65536.
 - commit_granule_words: 8192.
 - virtual_space_node_default_size: 8388608.
 - enlarge_chunks_in_place: 1.
 - new_chunks_are_fully_committed: 0.
 - uncommit_free_chunks: 1.
 - use_allocation_guard: 0.
 - handle_deallocations: 1.


Internal statistics:

num_allocs_failed_limit: 9.
num_arena_births: 958.
num_arena_deaths: 20.
num_vsnodes_births: 3.
num_vsnodes_deaths: 0.
num_space_committed: 1171.
num_space_uncommitted: 0.
num_chunks_returned_to_freelist: 30.
num_chunks_taken_from_freelist: 4279.
num_chunk_merges: 14.
num_chunk_splits: 2518.
num_chunks_enlarged: 1248.
num_inconsistent_stats: 0.

CodeHeap 'non-profiled nmethods': size=120000Kb used=6438Kb max_used=6911Kb free=113561Kb
 bounds [0x000001d073e40000, 0x000001d074500000, 0x000001d07b370000]
CodeHeap 'profiled nmethods': size=120000Kb used=17614Kb max_used=19827Kb free=102385Kb
 bounds [0x000001d06c370000, 0x000001d06d6d0000, 0x000001d0738a0000]
CodeHeap 'non-nmethods': size=5760Kb used=1391Kb max_used=1483Kb free=4368Kb
 bounds [0x000001d0738a0000, 0x000001d073b10000, 0x000001d073e40000]
 total_blobs=10018 nmethods=9284 adapters=644
 compilation: enabled
              stopped_count=0, restarted_count=0
 full_count=0

Compilation events (20 events):
Event: 59.880 Thread 0x000001d07ed44060 11731   !   3       java.nio.charset.CharsetEncoder::encode (273 bytes)
Event: 60.892 Thread 0x000001d07ed44060 nmethod 11731 0x000001d06c6c6710 code [0x000001d06c6c6a20, 0x000001d06c6c7c68]
Event: 61.913 Thread 0x000001d07ed44060 11733       1       org.eclipse.lsp4j.ClientCapabilities::getWindow (5 bytes)
Event: 61.913 Thread 0x000001d07ed44060 nmethod 11733 0x000001d074162310 code [0x000001d0741624a0, 0x000001d074162578]
Event: 61.913 Thread 0x000001d07ed44060 11734   !   2       com.google.gson.Gson::toJson (178 bytes)
Event: 61.916 Thread 0x000001d07ed44060 nmethod 11734 0x000001d06c3b9210 code [0x000001d06c3b94a0, 0x000001d06c3b9d98]
Event: 61.916 Thread 0x000001d07ed44060 11738       2       sun.nio.ch.Util::offerFirstTemporaryDirectBuffer (53 bytes)
Event: 61.917 Thread 0x000001d07ed44060 nmethod 11738 0x000001d06c874190 code [0x000001d06c874380, 0x000001d06c874698]
Event: 61.917 Thread 0x000001d07ed44060 11739       2       sun.nio.ch.Util::isBufferTooLarge (8 bytes)
Event: 61.917 Thread 0x000001d07ed44060 nmethod 11739 0x000001d06c440090 code [0x000001d06c440220, 0x000001d06c440338]
Event: 61.918 Thread 0x000001d07ed44060 11740       2       sun.nio.ch.Util$BufferCache::offerFirst (73 bytes)
Event: 61.918 Thread 0x000001d07ed44060 nmethod 11740 0x000001d06c427d10 code [0x000001d06c427ec0, 0x000001d06c4280d8]
Event: 61.918 Thread 0x000001d07ed44060 11736       2       sun.nio.ch.AsynchronousFileChannelImpl::write (9 bytes)
Event: 61.918 Thread 0x000001d07ed44060 nmethod 11736 0x000001d06c4da990 code [0x000001d06c4dab40, 0x000001d06c4dac88]
Event: 61.918 Thread 0x000001d07ed44060 11737       2       sun.nio.ch.WindowsAsynchronousFileChannelImpl$WriteTask::completed (42 bytes)
Event: 61.919 Thread 0x000001d07ed44060 nmethod 11737 0x000001d06c4e1510 code [0x000001d06c4e16e0, 0x000001d06c4e19e8]
Event: 61.929 Thread 0x000001d07ed44060 11741       2       org.eclipse.jdt.internal.core.search.JavaSearchDocument::<init> (21 bytes)
Event: 64.018 Thread 0x000001d07ed44060 nmethod 11741 0x000001d06c6f2e90 code [0x000001d06c6f30c0, 0x000001d06c6f35e8]
Event: 64.018 Thread 0x000001d07ed44060 11742       3       java.lang.invoke.LambdaForm$MH/0x00000001001a8000::invoke (148 bytes)
Event: 64.019 Thread 0x000001d07ed44060 nmethod 11742 0x000001d06c912990 code [0x000001d06c912c00, 0x000001d06c913b28]

GC Heap History (20 events):
Event: 58.852 GC heap after
{Heap after GC invocations=315 (full 17):
 PSYoungGen      total 6144K, used 3575K [0x00000000eab00000, 0x00000000eb680000, 0x0000000100000000)
  eden space 2560K, 0% used [0x00000000eab00000,0x00000000eab00000,0x00000000ead80000)
  from space 3584K, 99% used [0x00000000eaf00000,0x00000000eb27dcc0,0x00000000eb280000)
  to   space 4096K, 0% used [0x00000000eb280000,0x00000000eb280000,0x00000000eb680000)
 ParOldGen       total 346112K, used 294969K [0x00000000c0000000, 0x00000000d5200000, 0x00000000eab00000)
  object space 346112K, 85% used [0x00000000c0000000,0x00000000d200e508,0x00000000d5200000)
 Metaspace       used 73628K, committed 74944K, reserved 1179648K
  class space    used 7722K, committed 8320K, reserved 1048576K
}
Event: 58.982 GC heap before
{Heap before GC invocations=316 (full 17):
 PSYoungGen      total 6144K, used 6135K [0x00000000eab00000, 0x00000000eb680000, 0x0000000100000000)
  eden space 2560K, 100% used [0x00000000eab00000,0x00000000ead80000,0x00000000ead80000)
  from space 3584K, 99% used [0x00000000eaf00000,0x00000000eb27dcc0,0x00000000eb280000)
  to   space 4096K, 0% used [0x00000000eb280000,0x00000000eb280000,0x00000000eb680000)
 ParOldGen       total 346112K, used 294969K [0x00000000c0000000, 0x00000000d5200000, 0x00000000eab00000)
  object space 346112K, 85% used [0x00000000c0000000,0x00000000d200e508,0x00000000d5200000)
 Metaspace       used 73628K, committed 74944K, reserved 1179648K
  class space    used 7722K, committed 8320K, reserved 1048576K
}
Event: 58.987 GC heap after
{Heap after GC invocations=316 (full 17):
 PSYoungGen      total 6144K, used 3424K [0x00000000eab00000, 0x00000000eb600000, 0x0000000100000000)
  eden space 2560K, 0% used [0x00000000eab00000,0x00000000eab00000,0x00000000ead80000)
  from space 3584K, 95% used [0x00000000eb280000,0x00000000eb5d8000,0x00000000eb600000)
  to   space 3584K, 0% used [0x00000000eaf00000,0x00000000eaf00000,0x00000000eb280000)
 ParOldGen       total 346112K, used 296630K [0x00000000c0000000, 0x00000000d5200000, 0x00000000eab00000)
  object space 346112K, 85% used [0x00000000c0000000,0x00000000d21adbc8,0x00000000d5200000)
 Metaspace       used 73628K, committed 74944K, reserved 1179648K
  class space    used 7722K, committed 8320K, reserved 1048576K
}
Event: 59.519 GC heap before
{Heap before GC invocations=317 (full 17):
 PSYoungGen      total 6144K, used 5984K [0x00000000eab00000, 0x00000000eb600000, 0x0000000100000000)
  eden space 2560K, 100% used [0x00000000eab00000,0x00000000ead80000,0x00000000ead80000)
  from space 3584K, 95% used [0x00000000eb280000,0x00000000eb5d8000,0x00000000eb600000)
  to   space 3584K, 0% used [0x00000000eaf00000,0x00000000eaf00000,0x00000000eb280000)
 ParOldGen       total 346112K, used 296630K [0x00000000c0000000, 0x00000000d5200000, 0x00000000eab00000)
  object space 346112K, 85% used [0x00000000c0000000,0x00000000d21adbc8,0x00000000d5200000)
 Metaspace       used 73629K, committed 74944K, reserved 1179648K
  class space    used 7722K, committed 8320K, reserved 1048576K
}
Event: 59.525 GC heap after
{Heap after GC invocations=317 (full 17):
 PSYoungGen      total 6144K, used 3584K [0x00000000eab00000, 0x00000000eb980000, 0x0000000100000000)
  eden space 2560K, 0% used [0x00000000eab00000,0x00000000eab00000,0x00000000ead80000)
  from space 3584K, 100% used [0x00000000eaf00000,0x00000000eb280000,0x00000000eb280000)
  to   space 6144K, 0% used [0x00000000eb380000,0x00000000eb380000,0x00000000eb980000)
 ParOldGen       total 346112K, used 298456K [0x00000000c0000000, 0x00000000d5200000, 0x00000000eab00000)
  object space 346112K, 86% used [0x00000000c0000000,0x00000000d23760e8,0x00000000d5200000)
 Metaspace       used 73629K, committed 74944K, reserved 1179648K
  class space    used 7722K, committed 8320K, reserved 1048576K
}
Event: 59.707 GC heap before
{Heap before GC invocations=318 (full 17):
 PSYoungGen      total 6144K, used 6144K [0x00000000eab00000, 0x00000000eb980000, 0x0000000100000000)
  eden space 2560K, 100% used [0x00000000eab00000,0x00000000ead80000,0x00000000ead80000)
  from space 3584K, 100% used [0x00000000eaf00000,0x00000000eb280000,0x00000000eb280000)
  to   space 6144K, 0% used [0x00000000eb380000,0x00000000eb380000,0x00000000eb980000)
 ParOldGen       total 346112K, used 298456K [0x00000000c0000000, 0x00000000d5200000, 0x00000000eab00000)
  object space 346112K, 86% used [0x00000000c0000000,0x00000000d23760e8,0x00000000d5200000)
 Metaspace       used 73652K, committed 74944K, reserved 1179648K
  class space    used 7724K, committed 8320K, reserved 1048576K
}
Event: 59.716 GC heap after
{Heap after GC invocations=318 (full 17):
 PSYoungGen      total 5632K, used 2592K [0x00000000eab00000, 0x00000000eb680000, 0x0000000100000000)
  eden space 2560K, 0% used [0x00000000eab00000,0x00000000eab00000,0x00000000ead80000)
  from space 3072K, 84% used [0x00000000eb380000,0x00000000eb608000,0x00000000eb680000)
  to   space 4096K, 0% used [0x00000000eae80000,0x00000000eae80000,0x00000000eb280000)
 ParOldGen       total 346112K, used 300688K [0x00000000c0000000, 0x00000000d5200000, 0x00000000eab00000)
  object space 346112K, 86% used [0x00000000c0000000,0x00000000d25a40e8,0x00000000d5200000)
 Metaspace       used 73652K, committed 74944K, reserved 1179648K
  class space    used 7724K, committed 8320K, reserved 1048576K
}
Event: 59.747 GC heap before
{Heap before GC invocations=319 (full 17):
 PSYoungGen      total 5632K, used 5144K [0x00000000eab00000, 0x00000000eb680000, 0x0000000100000000)
  eden space 2560K, 99% used [0x00000000eab00000,0x00000000ead7e1e0,0x00000000ead80000)
  from space 3072K, 84% used [0x00000000eb380000,0x00000000eb608000,0x00000000eb680000)
  to   space 4096K, 0% used [0x00000000eae80000,0x00000000eae80000,0x00000000eb280000)
 ParOldGen       total 346112K, used 300688K [0x00000000c0000000, 0x00000000d5200000, 0x00000000eab00000)
  object space 346112K, 86% used [0x00000000c0000000,0x00000000d25a40e8,0x00000000d5200000)
 Metaspace       used 73652K, committed 74944K, reserved 1179648K
  class space    used 7724K, committed 8320K, reserved 1048576K
}
Event: 59.751 GC heap after
{Heap after GC invocations=319 (full 17):
 PSYoungGen      total 5632K, used 2971K [0x00000000eab00000, 0x00000000eb400000, 0x0000000100000000)
  eden space 2560K, 0% used [0x00000000eab00000,0x00000000eab00000,0x00000000ead80000)
  from space 3072K, 96% used [0x00000000eae80000,0x00000000eb166c08,0x00000000eb180000)
  to   space 2560K, 0% used [0x00000000eb180000,0x00000000eb180000,0x00000000eb400000)
 ParOldGen       total 346112K, used 300688K [0x00000000c0000000, 0x00000000d5200000, 0x00000000eab00000)
  object space 346112K, 86% used [0x00000000c0000000,0x00000000d25a40e8,0x00000000d5200000)
 Metaspace       used 73652K, committed 74944K, reserved 1179648K
  class space    used 7724K, committed 8320K, reserved 1048576K
}
Event: 59.784 GC heap before
{Heap before GC invocations=320 (full 17):
 PSYoungGen      total 5632K, used 5531K [0x00000000eab00000, 0x00000000eb400000, 0x0000000100000000)
  eden space 2560K, 100% used [0x00000000eab00000,0x00000000ead80000,0x00000000ead80000)
  from space 3072K, 96% used [0x00000000eae80000,0x00000000eb166c08,0x00000000eb180000)
  to   space 2560K, 0% used [0x00000000eb180000,0x00000000eb180000,0x00000000eb400000)
 ParOldGen       total 346112K, used 300688K [0x00000000c0000000, 0x00000000d5200000, 0x00000000eab00000)
  object space 346112K, 86% used [0x00000000c0000000,0x00000000d25a40e8,0x00000000d5200000)
 Metaspace       used 73653K, committed 74944K, reserved 1179648K
  class space    used 7724K, committed 8320K, reserved 1048576K
}
Event: 59.791 GC heap after
{Heap after GC invocations=320 (full 17):
 PSYoungGen      total 5632K, used 2545K [0x00000000eab00000, 0x00000000eb500000, 0x0000000100000000)
  eden space 3072K, 0% used [0x00000000eab00000,0x00000000eab00000,0x00000000eae00000)
  from space 2560K, 99% used [0x00000000eb180000,0x00000000eb3fc7b8,0x00000000eb400000)
  to   space 3584K, 0% used [0x00000000eae00000,0x00000000eae00000,0x00000000eb180000)
 ParOldGen       total 346112K, used 301344K [0x00000000c0000000, 0x00000000d5200000, 0x00000000eab00000)
  object space 346112K, 87% used [0x00000000c0000000,0x00000000d26480e8,0x00000000d5200000)
 Metaspace       used 73653K, committed 74944K, reserved 1179648K
  class space    used 7724K, committed 8320K, reserved 1048576K
}
Event: 60.910 GC heap before
{Heap before GC invocations=321 (full 17):
 PSYoungGen      total 5632K, used 5617K [0x00000000eab00000, 0x00000000eb500000, 0x0000000100000000)
  eden space 3072K, 100% used [0x00000000eab00000,0x00000000eae00000,0x00000000eae00000)
  from space 2560K, 99% used [0x00000000eb180000,0x00000000eb3fc7b8,0x00000000eb400000)
  to   space 3584K, 0% used [0x00000000eae00000,0x00000000eae00000,0x00000000eb180000)
 ParOldGen       total 346112K, used 301344K [0x00000000c0000000, 0x00000000d5200000, 0x00000000eab00000)
  object space 346112K, 87% used [0x00000000c0000000,0x00000000d26480e8,0x00000000d5200000)
 Metaspace       used 73658K, committed 74944K, reserved 1179648K
  class space    used 7724K, committed 8320K, reserved 1048576K
}
Event: 61.912 GC heap after
{Heap after GC invocations=321 (full 17):
 PSYoungGen      total 4096K, used 562K [0x00000000eab00000, 0x00000000eb300000, 0x0000000100000000)
  eden space 3072K, 0% used [0x00000000eab00000,0x00000000eab00000,0x00000000eae00000)
  from space 1024K, 54% used [0x00000000eae00000,0x00000000eae8cad8,0x00000000eaf00000)
  to   space 2048K, 0% used [0x00000000eb100000,0x00000000eb100000,0x00000000eb300000)
 ParOldGen       total 346112K, used 303176K [0x00000000c0000000, 0x00000000d5200000, 0x00000000eab00000)
  object space 346112K, 87% used [0x00000000c0000000,0x00000000d28120e8,0x00000000d5200000)
 Metaspace       used 73658K, committed 74944K, reserved 1179648K
  class space    used 7724K, committed 8320K, reserved 1048576K
}
Event: 61.940 GC heap before
{Heap before GC invocations=322 (full 17):
 PSYoungGen      total 4096K, used 3634K [0x00000000eab00000, 0x00000000eb300000, 0x0000000100000000)
  eden space 3072K, 100% used [0x00000000eab00000,0x00000000eae00000,0x00000000eae00000)
  from space 1024K, 54% used [0x00000000eae00000,0x00000000eae8cad8,0x00000000eaf00000)
  to   space 2048K, 0% used [0x00000000eb100000,0x00000000eb100000,0x00000000eb300000)
 ParOldGen       total 346112K, used 303176K [0x00000000c0000000, 0x00000000d5200000, 0x00000000eab00000)
  object space 346112K, 87% used [0x00000000c0000000,0x00000000d28120e8,0x00000000d5200000)
 Metaspace       used 73667K, committed 74944K, reserved 1179648K
  class space    used 7724K, committed 8320K, reserved 1048576K
}
Event: 61.942 GC heap after
{Heap after GC invocations=322 (full 17):
 PSYoungGen      total 5120K, used 786K [0x00000000eab00000, 0x00000000eb200000, 0x0000000100000000)
  eden space 4096K, 0% used [0x00000000eab00000,0x00000000eab00000,0x00000000eaf00000)
  from space 1024K, 76% used [0x00000000eb100000,0x00000000eb1c4ad8,0x00000000eb200000)
  to   space 1024K, 0% used [0x00000000eb000000,0x00000000eb000000,0x00000000eb100000)
 ParOldGen       total 346112K, used 303352K [0x00000000c0000000, 0x00000000d5200000, 0x00000000eab00000)
  object space 346112K, 87% used [0x00000000c0000000,0x00000000d283e0e8,0x00000000d5200000)
 Metaspace       used 73667K, committed 74944K, reserved 1179648K
  class space    used 7724K, committed 8320K, reserved 1048576K
}
Event: 61.972 GC heap before
{Heap before GC invocations=323 (full 17):
 PSYoungGen      total 5120K, used 4881K [0x00000000eab00000, 0x00000000eb200000, 0x0000000100000000)
  eden space 4096K, 99% used [0x00000000eab00000,0x00000000eaeff9b0,0x00000000eaf00000)
  from space 1024K, 76% used [0x00000000eb100000,0x00000000eb1c4ad8,0x00000000eb200000)
  to   space 1024K, 0% used [0x00000000eb000000,0x00000000eb000000,0x00000000eb100000)
 ParOldGen       total 346112K, used 303352K [0x00000000c0000000, 0x00000000d5200000, 0x00000000eab00000)
  object space 346112K, 87% used [0x00000000c0000000,0x00000000d283e0e8,0x00000000d5200000)
 Metaspace       used 73667K, committed 74944K, reserved 1179648K
  class space    used 7724K, committed 8320K, reserved 1048576K
}
Event: 61.974 GC heap after
{Heap after GC invocations=323 (full 17):
 PSYoungGen      total 5632K, used 672K [0x00000000eab00000, 0x00000000eb180000, 0x0000000100000000)
  eden space 4608K, 0% used [0x00000000eab00000,0x00000000eab00000,0x00000000eaf80000)
  from space 1024K, 65% used [0x00000000eb000000,0x00000000eb0a8000,0x00000000eb100000)
  to   space 512K, 0% used [0x00000000eb100000,0x00000000eb100000,0x00000000eb180000)
 ParOldGen       total 346112K, used 304005K [0x00000000c0000000, 0x00000000d5200000, 0x00000000eab00000)
  object space 346112K, 87% used [0x00000000c0000000,0x00000000d28e17c8,0x00000000d5200000)
 Metaspace       used 73667K, committed 74944K, reserved 1179648K
  class space    used 7724K, committed 8320K, reserved 1048576K
}
Event: 62.009 GC heap before
{Heap before GC invocations=324 (full 17):
 PSYoungGen      total 5632K, used 5280K [0x00000000eab00000, 0x00000000eb180000, 0x0000000100000000)
  eden space 4608K, 100% used [0x00000000eab00000,0x00000000eaf80000,0x00000000eaf80000)
  from space 1024K, 65% used [0x00000000eb000000,0x00000000eb0a8000,0x00000000eb100000)
  to   space 512K, 0% used [0x00000000eb100000,0x00000000eb100000,0x00000000eb180000)
 ParOldGen       total 346112K, used 304005K [0x00000000c0000000, 0x00000000d5200000, 0x00000000eab00000)
  object space 346112K, 87% used [0x00000000c0000000,0x00000000d28e17c8,0x00000000d5200000)
 Metaspace       used 73667K, committed 74944K, reserved 1179648K
  class space    used 7724K, committed 8320K, reserved 1048576K
}
Event: 64.016 GC heap after
{Heap after GC invocations=324 (full 17):
 PSYoungGen      total 5120K, used 502K [0x00000000eab00000, 0x00000000eb180000, 0x0000000100000000)
  eden space 4608K, 0% used [0x00000000eab00000,0x00000000eab00000,0x00000000eaf80000)
  from space 512K, 98% used [0x00000000eb100000,0x00000000eb17d808,0x00000000eb180000)
  to   space 1024K, 0% used [0x00000000eb000000,0x00000000eb000000,0x00000000eb100000)
 ParOldGen       total 346112K, used 304677K [0x00000000c0000000, 0x00000000d5200000, 0x00000000eab00000)
  object space 346112K, 88% used [0x00000000c0000000,0x00000000d29897c8,0x00000000d5200000)
 Metaspace       used 73667K, committed 74944K, reserved 1179648K
  class space    used 7724K, committed 8320K, reserved 1048576K
}
Event: 64.066 GC heap before
{Heap before GC invocations=325 (full 17):
 PSYoungGen      total 5120K, used 5110K [0x00000000eab00000, 0x00000000eb180000, 0x0000000100000000)
  eden space 4608K, 100% used [0x00000000eab00000,0x00000000eaf80000,0x00000000eaf80000)
  from space 512K, 98% used [0x00000000eb100000,0x00000000eb17d808,0x00000000eb180000)
  to   space 1024K, 0% used [0x00000000eb000000,0x00000000eb000000,0x00000000eb100000)
 ParOldGen       total 346112K, used 304677K [0x00000000c0000000, 0x00000000d5200000, 0x00000000eab00000)
  object space 346112K, 88% used [0x00000000c0000000,0x00000000d29897c8,0x00000000d5200000)
 Metaspace       used 73667K, committed 74944K, reserved 1179648K
  class space    used 7724K, committed 8320K, reserved 1048576K
}

Dll operation events (10 events):
Event: 0.021 Loaded shared library c:\Users\bappa\.vscode\extensions\redhat.java-1.38.0-win32-x64\jre\17.0.13-win32-x86_64\bin\java.dll
Event: 0.261 Loaded shared library c:\Users\bappa\.vscode\extensions\redhat.java-1.38.0-win32-x64\jre\17.0.13-win32-x86_64\bin\zip.dll
Event: 0.267 Loaded shared library C:\Users\bappa\.vscode\extensions\redhat.java-1.38.0-win32-x64\jre\17.0.13-win32-x86_64\bin\instrument.dll
Event: 0.291 Loaded shared library C:\Users\bappa\.vscode\extensions\redhat.java-1.38.0-win32-x64\jre\17.0.13-win32-x86_64\bin\net.dll
Event: 0.295 Loaded shared library C:\Users\bappa\.vscode\extensions\redhat.java-1.38.0-win32-x64\jre\17.0.13-win32-x86_64\bin\nio.dll
Event: 0.311 Loaded shared library C:\Users\bappa\.vscode\extensions\redhat.java-1.38.0-win32-x64\jre\17.0.13-win32-x86_64\bin\zip.dll
Event: 0.341 Loaded shared library C:\Users\bappa\.vscode\extensions\redhat.java-1.38.0-win32-x64\jre\17.0.13-win32-x86_64\bin\jimage.dll
Event: 0.446 Loaded shared library c:\Users\bappa\.vscode\extensions\redhat.java-1.38.0-win32-x64\jre\17.0.13-win32-x86_64\bin\verify.dll
Event: 2.451 Loaded shared library C:\Users\bappa\AppData\Roaming\Code\User\globalStorage\redhat.java\1.38.0\config_win\org.eclipse.equinox.launcher\org.eclipse.equinox.launcher.win32.win32.x86_64_1.2.1100.v20240722-2106\eclipse_11904.dll
Event: 5.745 Loaded shared library C:\Users\bappa\AppData\Local\Temp\jna-93505986\jna10663892678539418232.dll

Deoptimization events (20 events):
Event: 59.315 Thread 0x000001d0042daaf0 DEOPT PACKING pc=0x000001d06d20bea3 sp=0x00000014e02fed10
Event: 59.315 Thread 0x000001d0042daaf0 DEOPT UNPACKING pc=0x000001d0738fa9e3 sp=0x00000014e02fe250 mode 0
Event: 59.647 Thread 0x000001d0042daaf0 Uncommon trap: trap_request=0xffffff45 fr.pc=0x000001d0743f1f38 relative=0x0000000000000a58
Event: 59.647 Thread 0x000001d0042daaf0 Uncommon trap: reason=unstable_if action=reinterpret pc=0x000001d0743f1f38 method=org.eclipse.jdt.internal.core.search.JavaSearchParticipant.indexDocument(Lorg/eclipse/jdt/core/search/SearchDocument;Lorg/eclipse/core/runtime/IPath;)V @ 51 c2
Event: 59.647 Thread 0x000001d0042daaf0 DEOPT PACKING pc=0x000001d0743f1f38 sp=0x00000014e02fefe0
Event: 59.647 Thread 0x000001d0042daaf0 DEOPT UNPACKING pc=0x000001d0738f9ea3 sp=0x00000014e02fef78 mode 2
Event: 59.698 Thread 0x000001d0042daaf0 Uncommon trap: trap_request=0xffffff45 fr.pc=0x000001d0741b8d10 relative=0x00000000000013f0
Event: 59.698 Thread 0x000001d0042daaf0 Uncommon trap: reason=unstable_if action=reinterpret pc=0x000001d0741b8d10 method=org.eclipse.jdt.internal.core.search.matching.MethodDeclarationPattern.createDeclarationIndexKey([C[C[CI[C[[C[[C[CI[CII)[C @ 86 c2
Event: 59.698 Thread 0x000001d0042daaf0 DEOPT PACKING pc=0x000001d0741b8d10 sp=0x00000014e02fec40
Event: 59.698 Thread 0x000001d0042daaf0 DEOPT UNPACKING pc=0x000001d0738f9ea3 sp=0x00000014e02febf8 mode 2
Event: 59.699 Thread 0x000001d0042daaf0 Uncommon trap: trap_request=0xffffff45 fr.pc=0x000001d0743d7ce8 relative=0x00000000000016e8
Event: 59.699 Thread 0x000001d0042daaf0 Uncommon trap: reason=unstable_if action=reinterpret pc=0x000001d0743d7ce8 method=org.eclipse.jdt.internal.core.search.matching.ConstructorPattern.createDeclarationIndexKey([CI[C[[C[[CI[CII)[C @ 126 c2
Event: 59.699 Thread 0x000001d0042daaf0 DEOPT PACKING pc=0x000001d0743d7ce8 sp=0x00000014e02fec60
Event: 59.699 Thread 0x000001d0042daaf0 DEOPT UNPACKING pc=0x000001d0738f9ea3 sp=0x00000014e02febf0 mode 2
Event: 64.053 Thread 0x000001d0042daaf0 Uncommon trap: trap_request=0xffffffe4 fr.pc=0x000001d0743148d0 relative=0x0000000000005e90
Event: 64.053 Thread 0x000001d0042daaf0 Uncommon trap: reason=range_check action=make_not_entrant pc=0x000001d0743148d0 method=org.eclipse.jdt.internal.compiler.classfmt.ClassFileStruct.u2At(I)I @ 28 c2
Event: 64.053 Thread 0x000001d0042daaf0 DEOPT PACKING pc=0x000001d0743148d0 sp=0x00000014e02fecb0
Event: 64.054 Thread 0x000001d0042daaf0 DEOPT UNPACKING pc=0x000001d0738f9ea3 sp=0x00000014e02febd8 mode 2
Event: 64.058 Thread 0x000001d0042daaf0 DEOPT PACKING pc=0x000001d06d6c8f2e sp=0x00000014e02fec00
Event: 64.058 Thread 0x000001d0042daaf0 DEOPT UNPACKING pc=0x000001d0738fa9e3 sp=0x00000014e02fe140 mode 0

Classes loaded (20 events):
Event: 27.031 Loading class java/util/stream/DistinctOps$1$2
Event: 27.032 Loading class java/util/stream/DistinctOps$1$2 done
Event: 27.218 Loading class java/util/LinkedList$LLSpliterator
Event: 27.218 Loading class java/util/LinkedList$LLSpliterator done
Event: 27.867 Loading class java/io/CharArrayWriter
Event: 27.867 Loading class java/io/CharArrayWriter done
Event: 27.879 Loading class java/nio/file/attribute/PosixFileAttributes
Event: 27.879 Loading class java/nio/file/attribute/PosixFileAttributes done
Event: 32.232 Loading class sun/nio/cs/ISO_8859_1$Encoder
Event: 32.233 Loading class sun/nio/cs/ISO_8859_1$Encoder done
Event: 32.233 Loading class sun/nio/cs/Surrogate$Parser
Event: 32.233 Loading class sun/nio/cs/Surrogate$Parser done
Event: 32.233 Loading class sun/nio/cs/Surrogate
Event: 32.234 Loading class sun/nio/cs/Surrogate done
Event: 41.283 Loading class jdk/internal/module/IllegalAccessLogger
Event: 41.283 Loading class jdk/internal/module/IllegalAccessLogger done
Event: 41.453 Loading class jdk/internal/module/IllegalAccessLogger
Event: 41.453 Loading class jdk/internal/module/IllegalAccessLogger done
Event: 59.633 Loading class sun/nio/fs/WindowsFileCopy
Event: 59.634 Loading class sun/nio/fs/WindowsFileCopy done

Classes unloaded (10 events):
Event: 8.400 Thread 0x000001d06969ea20 Unloading class 0x000000010025c000 'java/lang/invoke/LambdaForm$MH+0x000000010025c000'
Event: 8.400 Thread 0x000001d06969ea20 Unloading class 0x000000010025bc00 'java/lang/invoke/LambdaForm$MH+0x000000010025bc00'
Event: 8.400 Thread 0x000001d06969ea20 Unloading class 0x000000010025b800 'java/lang/invoke/LambdaForm$MH+0x000000010025b800'
Event: 8.400 Thread 0x000001d06969ea20 Unloading class 0x000000010025b400 'java/lang/invoke/LambdaForm$MH+0x000000010025b400'
Event: 8.400 Thread 0x000001d06969ea20 Unloading class 0x000000010025b000 'java/lang/invoke/LambdaForm$BMH+0x000000010025b000'
Event: 8.400 Thread 0x000001d06969ea20 Unloading class 0x000000010025ac00 'java/lang/invoke/LambdaForm$DMH+0x000000010025ac00'
Event: 8.400 Thread 0x000001d06969ea20 Unloading class 0x0000000100258400 'java/lang/invoke/LambdaForm$DMH+0x0000000100258400'
Event: 23.009 Thread 0x000001d06969ea20 Unloading class 0x000000010078d000 'java/lang/invoke/LambdaForm$DMH+0x000000010078d000'
Event: 23.009 Thread 0x000001d06969ea20 Unloading class 0x000000010078cc00 'java/lang/invoke/LambdaForm$DMH+0x000000010078cc00'
Event: 25.555 Thread 0x000001d06969ea20 Unloading class 0x0000000100795400 'java/lang/invoke/LambdaForm$DMH+0x0000000100795400'

Classes redefined (0 events):
No events

Internal exceptions (20 events):
Event: 40.922 Thread 0x000001d0067a2460 Exception <a 'sun/nio/fs/WindowsException'{0x00000000eb1d98b8}> (0x00000000eb1d98b8) 
thrown [s\src\hotspot\share\prims\jni.cpp, line 516]
Event: 40.967 Thread 0x000001d0067a2460 Exception <a 'sun/nio/fs/WindowsException'{0x00000000eaea1af8}> (0x00000000eaea1af8) 
thrown [s\src\hotspot\share\prims\jni.cpp, line 516]
Event: 40.968 Thread 0x000001d0067a2460 Exception <a 'sun/nio/fs/WindowsException'{0x00000000eaea2130}> (0x00000000eaea2130) 
thrown [s\src\hotspot\share\prims\jni.cpp, line 516]
Event: 40.969 Thread 0x000001d0067a2460 Exception <a 'sun/nio/fs/WindowsException'{0x00000000eaea2cd0}> (0x00000000eaea2cd0) 
thrown [s\src\hotspot\share\prims\jni.cpp, line 516]
Event: 40.969 Thread 0x000001d0067a2460 Exception <a 'sun/nio/fs/WindowsException'{0x00000000eaea3308}> (0x00000000eaea3308) 
thrown [s\src\hotspot\share\prims\jni.cpp, line 516]
Event: 41.015 Thread 0x000001d008625040 Exception <a 'sun/nio/fs/WindowsException'{0x00000000ead65f58}> (0x00000000ead65f58) 
thrown [s\src\hotspot\share\prims\jni.cpp, line 516]
Event: 41.016 Thread 0x000001d008624110 Exception <a 'sun/nio/fs/WindowsException'{0x00000000ead852d8}> (0x00000000ead852d8) 
thrown [s\src\hotspot\share\prims\jni.cpp, line 516]
Event: 41.016 Thread 0x000001d008624110 Exception <a 'sun/nio/fs/WindowsException'{0x00000000ead860e8}> (0x00000000ead860e8) 
thrown [s\src\hotspot\share\prims\jni.cpp, line 516]
Event: 41.026 Thread 0x000001d008625040 Exception <a 'sun/nio/fs/WindowsException'{0x00000000eaea28d8}> (0x00000000eaea28d8) 
thrown [s\src\hotspot\share\prims\jni.cpp, line 516]
Event: 41.027 Thread 0x000001d008624110 Exception <a 'sun/nio/fs/WindowsException'{0x00000000eada75e0}> (0x00000000eada75e0) 
thrown [s\src\hotspot\share\prims\jni.cpp, line 516]
Event: 41.028 Thread 0x000001d0067a1530 Exception <a 'sun/nio/fs/WindowsException'{0x00000000eada80b0}> (0x00000000eada80b0) 
thrown [s\src\hotspot\share\prims\jni.cpp, line 516]
Event: 41.055 Thread 0x000001d008625040 Exception <a 'java/lang/NoSuchMethodError'{0x00000000eab00380}: 'java.lang.Object java.lang.invoke.DirectMethodHandle$Holder.newInvokeSpecial(java.lang.Object, java.lang.Object, java.lang.Object, java.lang.Object, java.lang.Object, java.lang.Object, java.lang.Object, java.lang.Object)'> (0x00000000eab00380) 
thrown [s\src\hotspot\share\interpreter\linkResolver.cpp, line 759]
Event: 41.056 Thread 0x000001d008625040 Exception <a 'java/lang/NoSuchMethodError'{0x00000000eab1cd00}: 'java.lang.Object java.lang.invoke.Invokers$Holder.linkToTargetMethod(java.lang.Object, java.lang.Object, java.lang.Object, java.lang.Object, java.lang.Object, java.lang.Object, java.lang.Object, java.lang.Object)'> (0x00000000eab1cd00) 
thrown [s\src\hotspot\share\interpreter\linkResolver.cpp, line 759]
Event: 41.471 Thread 0x000001d008625040 Exception <a 'sun/nio/fs/WindowsException'{0x00000000eb0f22f8}> (0x00000000eb0f22f8) 
thrown [s\src\hotspot\share\prims\jni.cpp, line 516]
Event: 41.471 Thread 0x000001d008625040 Exception <a 'sun/nio/fs/WindowsException'{0x00000000eb0f2e00}> (0x00000000eb0f2e00) 
thrown [s\src\hotspot\share\prims\jni.cpp, line 516]
Event: 59.635 Thread 0x000001d0042daaf0 Exception <a 'sun/nio/fs/WindowsException'{0x00000000eac7d638}> (0x00000000eac7d638) 
thrown [s\src\hotspot\share\prims\jni.cpp, line 516]
Event: 59.657 Thread 0x000001d0042daaf0 Exception <a 'sun/nio/fs/WindowsException'{0x00000000eaca2478}> (0x00000000eaca2478) 
thrown [s\src\hotspot\share\prims\jni.cpp, line 516]
Event: 59.671 Thread 0x000001d0042daaf0 Exception <a 'sun/nio/fs/WindowsException'{0x00000000eacb48d8}> (0x00000000eacb48d8) 
thrown [s\src\hotspot\share\prims\jni.cpp, line 516]
Event: 59.687 Thread 0x000001d0042daaf0 Exception <a 'sun/nio/fs/WindowsException'{0x00000000eacbeda8}> (0x00000000eacbeda8) 
thrown [s\src\hotspot\share\prims\jni.cpp, line 516]
Event: 59.876 Thread 0x000001d0042daaf0 Exception <a 'sun/nio/fs/WindowsException'{0x00000000ead26e60}> (0x00000000ead26e60) 
thrown [s\src\hotspot\share\prims\jni.cpp, line 516]

VM Operations (20 events):
Event: 59.651 Executing VM operation: HandshakeAllThreads done
Event: 59.707 Executing VM operation: ParallelGCFailedAllocation
Event: 59.716 Executing VM operation: ParallelGCFailedAllocation done
Event: 59.747 Executing VM operation: ParallelGCFailedAllocation
Event: 59.751 Executing VM operation: ParallelGCFailedAllocation done
Event: 59.784 Executing VM operation: ParallelGCFailedAllocation
Event: 59.791 Executing VM operation: ParallelGCFailedAllocation done
Event: 60.890 Executing VM operation: HandshakeAllThreads
Event: 60.890 Executing VM operation: HandshakeAllThreads done
Event: 60.890 Executing VM operation: Cleanup
Event: 60.890 Executing VM operation: Cleanup done
Event: 60.909 Executing VM operation: ParallelGCFailedAllocation
Event: 61.912 Executing VM operation: ParallelGCFailedAllocation done
Event: 61.940 Executing VM operation: ParallelGCFailedAllocation
Event: 61.942 Executing VM operation: ParallelGCFailedAllocation done
Event: 61.972 Executing VM operation: ParallelGCFailedAllocation
Event: 61.974 Executing VM operation: ParallelGCFailedAllocation done
Event: 62.009 Executing VM operation: ParallelGCFailedAllocation
Event: 64.016 Executing VM operation: ParallelGCFailedAllocation done
Event: 64.066 Executing VM operation: ParallelGCFailedAllocation

Memory protections (0 events):
No events

Nmethod flushes (20 events):
Event: 53.039 Thread 0x000001d07ed50990 flushing  nmethod 0x000001d06d4f9b90
Event: 53.039 Thread 0x000001d07ed50990 flushing  nmethod 0x000001d06d520a90
Event: 53.039 Thread 0x000001d07ed50990 flushing  nmethod 0x000001d06d521f10
Event: 53.039 Thread 0x000001d07ed50990 flushing  nmethod 0x000001d06d533c10
Event: 53.039 Thread 0x000001d07ed50990 flushing  nmethod 0x000001d06d565e10
Event: 53.039 Thread 0x000001d07ed50990 flushing  nmethod 0x000001d06d56d190
Event: 53.039 Thread 0x000001d07ed50990 flushing  nmethod 0x000001d06d570790
Event: 53.039 Thread 0x000001d07ed50990 flushing  nmethod 0x000001d06d572510
Event: 53.039 Thread 0x000001d07ed50990 flushing  nmethod 0x000001d06d572990
Event: 53.039 Thread 0x000001d07ed50990 flushing  nmethod 0x000001d06d576590
Event: 53.039 Thread 0x000001d07ed50990 flushing  nmethod 0x000001d06d576a10
Event: 53.039 Thread 0x000001d07ed50990 flushing  nmethod 0x000001d06d577410
Event: 53.039 Thread 0x000001d07ed50990 flushing  nmethod 0x000001d06d577990
Event: 53.039 Thread 0x000001d07ed50990 flushing  nmethod 0x000001d06d579510
Event: 53.039 Thread 0x000001d07ed50990 flushing  nmethod 0x000001d06d57d090
Event: 53.040 Thread 0x000001d07ed50990 flushing  nmethod 0x000001d06d593890
Event: 53.040 Thread 0x000001d07ed50990 flushing osr nmethod 0x000001d06d5ad110
Event: 53.040 Thread 0x000001d07ed50990 flushing  nmethod 0x000001d06d627b90
Event: 53.040 Thread 0x000001d07ed50990 flushing  nmethod 0x000001d06d6c0c90
Event: 53.040 Thread 0x000001d07ed50990 flushing osr nmethod 0x000001d06d6c1f90

Events (20 events):
Event: 31.459 Thread 0x000001d0057ca7c0 Thread exited: 0x000001d0057ca7c0
Event: 32.104 Thread 0x000001d07ed44060 Thread added: 0x000001d005e47180
Event: 32.164 Thread 0x000001d005e47180 Thread added: 0x000001d005e45c40
Event: 32.461 Thread 0x000001d005e45c40 Thread exited: 0x000001d005e45c40
Event: 32.461 Thread 0x000001d005e47180 Thread exited: 0x000001d005e47180
Event: 37.431 Thread 0x000001d07ed44060 Thread added: 0x000001d005e486c0
Event: 37.551 Thread 0x000001d07ed42740 Thread added: 0x000001d005e48c10
Event: 41.017 Thread 0x000001d008624110 Thread added: 0x000001d0086278c0
Event: 41.027 Thread 0x000001d008624110 Thread added: 0x000001d0086287f0
Event: 41.028 Thread 0x000001d0067a1530 Thread added: 0x000001d008628d00
Event: 41.180 Thread 0x000001d008625040 Thread added: 0x000001d008629720
Event: 41.326 Thread 0x000001d008625040 Thread added: 0x000001d00862b580
Event: 41.351 Thread 0x000001d008625040 Thread added: 0x000001d008629c30
Event: 41.457 Thread 0x000001d008625040 Thread added: 0x000001d00862a140
Event: 46.070 Thread 0x000001d005e48c10 Thread exited: 0x000001d005e48c10
Event: 51.863 Thread 0x000001d005e486c0 Thread exited: 0x000001d005e486c0
Event: 52.769 Thread 0x000001d07ed42740 Thread added: 0x000001d005e47c20
Event: 58.031 Thread 0x000001d005e47c20 Thread exited: 0x000001d005e47c20
Event: 59.704 Thread 0x000001d07ed44060 Thread added: 0x000001d005e45c40
Event: 59.704 Thread 0x000001d07ed44060 Thread added: 0x000001d005e47c20


Dynamic libraries:
0x00007ff781fc0000 - 0x00007ff781fce000 	c:\Users\bappa\.vscode\extensions\redhat.java-1.38.0-win32-x64\jre\17.0.13-win32-x86_64\bin\java.exe
0x00007ffde0c00000 - 0x00007ffde0e63000 	C:\WINDOWS\SYSTEM32\ntdll.dll
0x00007ffddf760000 - 0x00007ffddf828000 	C:\WINDOWS\System32\KERNEL32.DLL
0x00007ffdde480000 - 0x00007ffdde832000 	C:\WINDOWS\System32\KERNELBASE.dll
0x00007ffdd8df0000 - 0x00007ffdd8e8c000 	C:\WINDOWS\SYSTEM32\apphelp.dll
0x00007ffdde060000 - 0x00007ffdde1ab000 	C:\WINDOWS\System32\ucrtbase.dll
0x00007ffdcaae0000 - 0x00007ffdcaafe000 	c:\Users\bappa\.vscode\extensions\redhat.java-1.38.0-win32-x64\jre\17.0.13-win32-x86_64\bin\VCRUNTIME140.dll
0x00007ffdd7020000 - 0x00007ffdd7037000 	c:\Users\bappa\.vscode\extensions\redhat.java-1.38.0-win32-x64\jre\17.0.13-win32-x86_64\bin\jli.dll
0x00007ffdded10000 - 0x00007ffddeed8000 	C:\WINDOWS\System32\USER32.dll
0x00007ffdde900000 - 0x00007ffdde927000 	C:\WINDOWS\System32\win32u.dll
0x00007ffdc9470000 - 0x00007ffdc9700000 	C:\WINDOWS\WinSxS\amd64_microsoft.windows.common-controls_6595b64144ccf1df_6.0.26100.2454_none_3e0b68a2e331ad60\COMCTL32.dll
0x00007ffddf830000 - 0x00007ffddf85a000 	C:\WINDOWS\System32\GDI32.dll
0x00007ffddfbd0000 - 0x00007ffddfc79000 	C:\WINDOWS\System32\msvcrt.dll
0x00007ffdde930000 - 0x00007ffddea5b000 	C:\WINDOWS\System32\gdi32full.dll
0x00007ffdde3d0000 - 0x00007ffdde473000 	C:\WINDOWS\System32\msvcp_win.dll
0x00007ffde0ae0000 - 0x00007ffde0b0f000 	C:\WINDOWS\System32\IMM32.DLL
0x00007ffdd6ef0000 - 0x00007ffdd6efc000 	c:\Users\bappa\.vscode\extensions\redhat.java-1.38.0-win32-x64\jre\17.0.13-win32-x86_64\bin\vcruntime140_1.dll
0x00007ffdb0080000 - 0x00007ffdb010d000 	c:\Users\bappa\.vscode\extensions\redhat.java-1.38.0-win32-x64\jre\17.0.13-win32-x86_64\bin\msvcp140.dll
0x00007ffd60360000 - 0x00007ffd60fcb000 	c:\Users\bappa\.vscode\extensions\redhat.java-1.38.0-win32-x64\jre\17.0.13-win32-x86_64\bin\server\jvm.dll
0x00007ffde0a10000 - 0x00007ffde0ac4000 	C:\WINDOWS\System32\ADVAPI32.dll
0x00007ffde0110000 - 0x00007ffde01b6000 	C:\WINDOWS\System32\sechost.dll
0x00007ffddf530000 - 0x00007ffddf646000 	C:\WINDOWS\System32\RPCRT4.dll
0x00007ffde08d0000 - 0x00007ffde0944000 	C:\WINDOWS\System32\WS2_32.dll
0x00007ffddde60000 - 0x00007ffdddeae000 	C:\WINDOWS\SYSTEM32\POWRPROF.dll
0x00007ffdc5fc0000 - 0x00007ffdc5ff6000 	C:\WINDOWS\SYSTEM32\WINMM.dll
0x00007ffdd5740000 - 0x00007ffdd574b000 	C:\WINDOWS\SYSTEM32\VERSION.dll
0x00007ffddde40000 - 0x00007ffddde54000 	C:\WINDOWS\SYSTEM32\UMPDC.dll
0x00007ffddce10000 - 0x00007ffddce2a000 	C:\WINDOWS\SYSTEM32\kernel.appcore.dll
0x00007ffdd60f0000 - 0x00007ffdd60fa000 	c:\Users\bappa\.vscode\extensions\redhat.java-1.38.0-win32-x64\jre\17.0.13-win32-x86_64\bin\jimage.dll
0x00007ffddb9d0000 - 0x00007ffddbc11000 	C:\WINDOWS\SYSTEM32\DBGHELP.DLL
0x00007ffddf190000 - 0x00007ffddf50e000 	C:\WINDOWS\System32\combase.dll
0x00007ffddeee0000 - 0x00007ffddefb6000 	C:\WINDOWS\System32\OLEAUT32.dll
0x00007ffdc5f80000 - 0x00007ffdc5fb9000 	C:\WINDOWS\SYSTEM32\dbgcore.DLL
0x00007ffdde330000 - 0x00007ffdde3c9000 	C:\WINDOWS\System32\bcryptPrimitives.dll
0x00007ffdca0b0000 - 0x00007ffdca0be000 	c:\Users\bappa\.vscode\extensions\redhat.java-1.38.0-win32-x64\jre\17.0.13-win32-x86_64\bin\instrument.dll
0x00007ffdb5790000 - 0x00007ffdb57b5000 	c:\Users\bappa\.vscode\extensions\redhat.java-1.38.0-win32-x64\jre\17.0.13-win32-x86_64\bin\java.dll
0x00007ffdbf100000 - 0x00007ffdbf118000 	c:\Users\bappa\.vscode\extensions\redhat.java-1.38.0-win32-x64\jre\17.0.13-win32-x86_64\bin\zip.dll
0x00007ffde01c0000 - 0x00007ffde08c0000 	C:\WINDOWS\System32\SHELL32.dll
0x00007ffddbd20000 - 0x00007ffddc551000 	C:\WINDOWS\SYSTEM32\windows.storage.dll
0x00007ffddefc0000 - 0x00007ffddf09a000 	C:\WINDOWS\System32\SHCORE.dll
0x00007ffde09b0000 - 0x00007ffde0a0d000 	C:\WINDOWS\System32\shlwapi.dll
0x00007ffdddee0000 - 0x00007ffdddf0e000 	C:\WINDOWS\SYSTEM32\profapi.dll
0x00007ffdbc350000 - 0x00007ffdbc369000 	C:\Users\bappa\.vscode\extensions\redhat.java-1.38.0-win32-x64\jre\17.0.13-win32-x86_64\bin\net.dll
0x00007ffdd8fa0000 - 0x00007ffdd90c6000 	C:\WINDOWS\SYSTEM32\WINHTTP.dll
0x00007ffddd310000 - 0x00007ffddd378000 	C:\WINDOWS\system32\mswsock.dll
0x00007ffdb9ef0000 - 0x00007ffdb9f06000 	C:\Users\bappa\.vscode\extensions\redhat.java-1.38.0-win32-x64\jre\17.0.13-win32-x86_64\bin\nio.dll
0x00007ffdc9810000 - 0x00007ffdc9820000 	c:\Users\bappa\.vscode\extensions\redhat.java-1.38.0-win32-x64\jre\17.0.13-win32-x86_64\bin\verify.dll
0x00007ffdb52b0000 - 0x00007ffdb52f5000 	C:\Users\bappa\AppData\Roaming\Code\User\globalStorage\redhat.java\1.38.0\config_win\org.eclipse.equinox.launcher\org.eclipse.equinox.launcher.win32.win32.x86_64_1.2.1100.v20240722-2106\eclipse_11904.dll
0x00007ffddfa30000 - 0x00007ffddfbc9000 	C:\WINDOWS\System32\ole32.dll
0x00007ffddd5b0000 - 0x00007ffddd5cc000 	C:\WINDOWS\SYSTEM32\CRYPTSP.dll
0x00007ffddcd70000 - 0x00007ffddcda8000 	C:\WINDOWS\system32\rsaenh.dll
0x00007ffddd3b0000 - 0x00007ffddd3db000 	C:\WINDOWS\SYSTEM32\USERENV.dll
0x00007ffddd7f0000 - 0x00007ffddd816000 	C:\WINDOWS\SYSTEM32\bcrypt.dll
0x00007ffddd5d0000 - 0x00007ffddd5dc000 	C:\WINDOWS\SYSTEM32\CRYPTBASE.dll
0x00007ffddc8a0000 - 0x00007ffddc8d2000 	C:\WINDOWS\SYSTEM32\IPHLPAPI.DLL
0x00007ffddebc0000 - 0x00007ffddebca000 	C:\WINDOWS\System32\NSI.dll
0x00007ffdd8f70000 - 0x00007ffdd8f8e000 	C:\WINDOWS\SYSTEM32\dhcpcsvc6.DLL
0x00007ffdd8f40000 - 0x00007ffdd8f65000 	C:\WINDOWS\SYSTEM32\dhcpcsvc.DLL
0x00007ffddc940000 - 0x00007ffddca65000 	C:\WINDOWS\SYSTEM32\DNSAPI.dll
0x00007ffd6fc30000 - 0x00007ffd6fc79000 	C:\Users\bappa\AppData\Local\Temp\jna-93505986\jna10663892678539418232.dll
0x00007ffde0ad0000 - 0x00007ffde0ad8000 	C:\WINDOWS\System32\PSAPI.DLL

dbghelp: loaded successfully - version: 4.0.5 - missing functions: none
symbol engine: initialized successfully - sym options: 0x614 - pdb path: .;c:\Users\bappa\.vscode\extensions\redhat.java-1.38.0-win32-x64\jre\17.0.13-win32-x86_64\bin;C:\WINDOWS\SYSTEM32;C:\WINDOWS\WinSxS\amd64_microsoft.windows.common-controls_6595b64144ccf1df_6.0.26100.2454_none_3e0b68a2e331ad60;c:\Users\bappa\.vscode\extensions\redhat.java-1.38.0-win32-x64\jre\17.0.13-win32-x86_64\bin\server;C:\Users\bappa\AppData\Roaming\Code\User\globalStorage\redhat.java\1.38.0\config_win\org.eclipse.equinox.launcher\org.eclipse.equinox.launcher.win32.win32.x86_64_1.2.1100.v20240722-2106;C:\Users\bappa\AppData\Local\Temp\jna-93505986

VM Arguments:
jvm_args: --add-modules=ALL-SYSTEM --add-opens=java.base/java.util=ALL-UNNAMED --add-opens=java.base/java.lang=ALL-UNNAMED --add-opens=java.base/sun.nio.fs=ALL-UNNAMED -Declipse.application=org.eclipse.jdt.ls.core.id1 -Dosgi.bundles.defaultStartLevel=4 -Declipse.product=org.eclipse.jdt.ls.core.product -Djava.import.generatesMetadataFilesAtProjectRoot=false -DDetectVMInstallationsJob.disabled=true -Dfile.encoding=utf8 -XX:+UseParallelGC -XX:GCTimeRatio=4 -XX:AdaptiveSizePolicyWeight=90 -Dsun.zip.disableMemoryMapping=true -Xmx1G -Xms100m -Xlog:disable -javaagent:c:\Users\bappa\.vscode\extensions\redhat.java-1.38.0-win32-x64\lombok\lombok-1.18.34.jar -XX:+HeapDumpOnOutOfMemoryError -XX:HeapDumpPath=c:\Users\bappa\AppData\Roaming\Code\User\workspaceStorage\55f1f0157f34b30c8333bbaa32d77949\redhat.java -Daether.dependencyCollector.impl=bf 
java_command: c:\Users\bappa\.vscode\extensions\redhat.java-1.38.0-win32-x64\server\plugins\org.eclipse.equinox.launcher_1.6.900.v20240613-2009.jar -configuration c:\Users\bappa\AppData\Roaming\Code\User\globalStorage\redhat.java\1.38.0\config_win -data c:\Users\bappa\AppData\Roaming\Code\User\workspaceStorage\55f1f0157f34b30c8333bbaa32d77949\redhat.java\jdt_ws --pipe=\\.\pipe\lsp-b041cc5186d54fd5fd8b30c770adaf6d-sock
java_class_path (initial): c:\Users\bappa\.vscode\extensions\redhat.java-1.38.0-win32-x64\server\plugins\org.eclipse.equinox.launcher_1.6.900.v20240613-2009.jar
Launcher Type: SUN_STANDARD

[Global flags]
    uintx AdaptiveSizePolicyWeight                 = 90                                        {product} {command line}
     intx CICompilerCount                          = 4                                         {product} {ergonomic}
    uintx GCTimeRatio                              = 4                                         {product} {command line}
     bool HeapDumpOnOutOfMemoryError               = true                                   {manageable} {command line}
    ccstr HeapDumpPath                             = c:\Users\bappa\AppData\Roaming\Code\User\workspaceStorage\55f1f0157f34b30c8333bbaa32d77949\redhat.java         {manageable} {command line}
   size_t InitialHeapSize                          = 104857600                                 {product} {command line}
   size_t MaxHeapSize                              = 1073741824                                {product} {command line}
   size_t MaxNewSize                               = 357564416                                 {product} {ergonomic}
   size_t MinHeapDeltaBytes                        = 524288                                    {product} {ergonomic}
   size_t MinHeapSize                              = 104857600                                 {product} {command line}
   size_t NewSize                                  = 34603008                                  {product} {ergonomic}
    uintx NonNMethodCodeHeapSize                   = 5839372                                {pd product} {ergonomic}
    uintx NonProfiledCodeHeapSize                  = 122909434                              {pd product} {ergonomic}
   size_t OldSize                                  = 70254592                                  {product} {ergonomic}
    uintx ProfiledCodeHeapSize                     = 122909434                              {pd product} {ergonomic}
    uintx ReservedCodeCacheSize                    = 251658240                              {pd product} {ergonomic}
     bool SegmentedCodeCache                       = true                                      {product} {ergonomic}
   size_t SoftMaxHeapSize                          = 1073741824                             {manageable} {ergonomic}
     bool UseCompressedClassPointers               = true                           {product lp64_product} {ergonomic}
     bool UseCompressedOops                        = true                           {product lp64_product} {ergonomic}
     bool UseLargePagesIndividualAllocation        = false                                  {pd product} {ergonomic}
     bool UseParallelGC                            = true                                      {product} {command line}

Logging:
Log output configuration:
 #0: stdout all=off uptime,level,tags
 #1: stderr all=off uptime,level,tags

Environment Variables:
PATH=C:\Program Files\Common Files\Oracle\Java\javapath;C:\WINDOWS\system32;C:\WINDOWS;C:\WINDOWS\System32\Wbem;C:\WINDOWS\System32\WindowsPowerShell\v1.0\;C:\WINDOWS\System32\OpenSSH\;C:\MinGW\bin;C:\Program Files\Git\cmd;C:\Program Files\MongoDB\mongosh-2.3.1-win32-x64\bin;C:\Users\bappa\AppData\Roaming\nvm;C:\Program Files\nodejs;C:\Users\bappa\Downloads\apache-maven-3.9.9-bin\apache-maven-3.9.9\bin;C:\Users\bappa\AppData\Local\Microsoft\WindowsApps;C:\Users\bappa\AppData\Local\Programs\Microsoft VS Code\bin;C:\MinGW\bin;C:\Users\bappa\AppData\Roaming\npm;C:\Program Files\Java\jdk-23\bin;C:\Program Files\CMake\bin;C:\Users\bappa\AppData\Roaming\nvm;C:\Program Files\nodejs;;C:\Program Files\JetBrains\IntelliJ IDEA Community Edition 2024.3.1\bin;
USERNAME=bappa
OS=Windows_NT
PROCESSOR_IDENTIFIER=Intel64 Family 6 Model 126 Stepping 5, GenuineIntel
TMP=C:\Users\bappa\AppData\Local\Temp
TEMP=C:\Users\bappa\AppData\Local\Temp



Periodic native trim disabled


---------------  S Y S T E M  ---------------

OS:
 Windows 11 , 64 bit Build 26100 (10.0.26100.2454)
OS uptime: 1 days 1:00 hours

CPU: total 8 (initial active 8) (4 cores per cpu, 2 threads per core) family 6 model 126 stepping 5 microcode 0xa0, cx8, cmov, fxsr, ht, mmx, 3dnowpref, sse, sse2, sse3, ssse3, sse4.1, sse4.2, popcnt, lzcnt, tsc, tscinvbit, avx, avx2, aes, erms, clmul, bmi1, bmi2, adx, avx512f, avx512dq, avx512cd, avx512bw, avx512vl, sha, fma, vzeroupper, avx512_vpopcntdq, avx512_vpclmulqdq, avx512_vaes, avx512_vnni, clflush, clflushopt, avx512_vbmi2, avx512_vbmi
Processor Information for all 8 processors :
  Max Mhz: 1201, Current Mhz: 600, Mhz Limit: 1201

Memory: 4k page, system-wide physical 7997M (808M free)
TotalPageFile size 10045M (AvailPageFile size 6M)
current process WorkingSet (physical memory assigned to process): 585M, peak: 585M
current process commit charge ("private bytes"): 607M, peak: 954M

vm_info: OpenJDK 64-Bit Server VM (17.0.13+11) for windows-amd64 JRE (17.0.13+11), built on Oct 16 2024 00:10:08 by "admin" with MS VC++ 17.7 (VS2022)

END.
